2022-07-10 04:50:21,438 DEBUG Generating IR ...... (may take a while)
2022-07-10 04:50:23,485 DEBUG epoch [1/50], train_loss 0.0331 (0.0633), val_loss 0.0468 (0.0391)
2022-07-10 04:50:23,995 DEBUG epoch [2/50], train_loss 0.0306 (0.0485), val_loss 0.0232 (0.0329)
2022-07-10 04:50:24,501 DEBUG epoch [3/50], train_loss 0.0421 (0.0407), val_loss 0.0340 (0.0319)
2022-07-10 04:50:25,035 DEBUG epoch [4/50], train_loss 0.0434 (0.0363), val_loss 0.0302 (0.0300)
2022-07-10 04:50:25,595 DEBUG epoch [5/50], train_loss 0.0380 (0.0331), val_loss 0.0222 (0.0279)
2022-07-10 04:50:26,166 DEBUG epoch [6/50], train_loss 0.0244 (0.0307), val_loss 0.0174 (0.0262)
2022-07-10 04:50:26,736 DEBUG epoch [7/50], train_loss 0.0363 (0.0285), val_loss 0.0146 (0.0248)
2022-07-10 04:50:27,308 DEBUG epoch [8/50], train_loss 0.0347 (0.0267), val_loss 0.0162 (0.0237)
2022-07-10 04:50:27,837 DEBUG epoch [9/50], train_loss 0.0447 (0.0256), val_loss 0.0201 (0.0230)
2022-07-10 04:50:28,357 DEBUG epoch [10/50], train_loss 0.0193 (0.0245), val_loss 0.0195 (0.0223)
2022-07-10 04:50:28,879 DEBUG epoch [11/50], train_loss 0.0196 (0.0235), val_loss 0.0134 (0.0216)
2022-07-10 04:50:29,426 DEBUG epoch [12/50], train_loss 0.0148 (0.0224), val_loss 0.0133 (0.0209)
2022-07-10 04:50:29,962 DEBUG epoch [13/50], train_loss 0.0088 (0.0215), val_loss 0.0124 (0.0203)
2022-07-10 04:50:30,516 DEBUG epoch [14/50], train_loss 0.0161 (0.0207), val_loss 0.0182 (0.0199)
2022-07-10 04:50:31,087 DEBUG epoch [15/50], train_loss 0.0370 (0.0200), val_loss 0.0210 (0.0196)
2022-07-10 04:50:31,658 DEBUG epoch [16/50], train_loss 0.0219 (0.0195), val_loss 0.0115 (0.0194)
2022-07-10 04:50:32,233 DEBUG epoch [17/50], train_loss 0.0157 (0.0191), val_loss 0.0170 (0.0191)
2022-07-10 04:50:32,749 DEBUG epoch [18/50], train_loss 0.0252 (0.0186), val_loss 0.0118 (0.0187)
2022-07-10 04:50:33,259 DEBUG epoch [19/50], train_loss 0.0245 (0.0181), val_loss 0.0135 (0.0184)
2022-07-10 04:50:33,784 DEBUG epoch [20/50], train_loss 0.0118 (0.0176), val_loss 0.0125 (0.0181)
2022-07-10 04:50:34,317 DEBUG epoch [21/50], train_loss 0.0262 (0.0172), val_loss 0.0138 (0.0178)
2022-07-10 04:50:34,873 DEBUG epoch [22/50], train_loss 0.0420 (0.0168), val_loss 0.0138 (0.0177)
2022-07-10 04:50:35,417 DEBUG epoch [23/50], train_loss 0.0090 (0.0166), val_loss 0.0116 (0.0176)
2022-07-10 04:50:35,981 DEBUG epoch [24/50], train_loss 0.0184 (0.0163), val_loss 0.0161 (0.0174)
2022-07-10 04:50:36,581 DEBUG epoch [25/50], train_loss 0.0232 (0.0160), val_loss 0.0147 (0.0172)
2022-07-10 04:50:37,099 DEBUG epoch [26/50], train_loss 0.0079 (0.0157), val_loss 0.0117 (0.0170)
2022-07-10 04:50:37,627 DEBUG epoch [27/50], train_loss 0.0677 (0.0154), val_loss 0.0143 (0.0169)
2022-07-10 04:50:38,151 DEBUG epoch [28/50], train_loss 0.0571 (0.0152), val_loss 0.0151 (0.0167)
2022-07-10 04:50:38,675 DEBUG epoch [29/50], train_loss 0.0130 (0.0149), val_loss 0.0163 (0.0166)
2022-07-10 04:50:39,251 DEBUG epoch [30/50], train_loss 0.0174 (0.0147), val_loss 0.0113 (0.0164)
2022-07-10 04:50:39,829 DEBUG epoch [31/50], train_loss 0.0134 (0.0145), val_loss 0.0127 (0.0163)
2022-07-10 04:50:40,395 DEBUG epoch [32/50], train_loss 0.0100 (0.0142), val_loss 0.0134 (0.0162)
2022-07-10 04:50:40,889 DEBUG epoch [33/50], train_loss 0.0084 (0.0140), val_loss 0.0114 (0.0160)
2022-07-10 04:50:41,433 DEBUG epoch [34/50], train_loss 0.0240 (0.0137), val_loss 0.0098 (0.0158)
2022-07-10 04:50:41,936 DEBUG epoch [35/50], train_loss 0.0111 (0.0135), val_loss 0.0138 (0.0157)
2022-07-10 04:50:42,482 DEBUG epoch [36/50], train_loss 0.0979 (0.0134), val_loss 0.0165 (0.0157)
2022-07-10 04:50:43,019 DEBUG epoch [37/50], train_loss 0.0172 (0.0133), val_loss 0.0195 (0.0157)
2022-07-10 04:50:43,596 DEBUG epoch [38/50], train_loss 0.0155 (0.0132), val_loss 0.0141 (0.0156)
2022-07-10 04:50:44,163 DEBUG epoch [39/50], train_loss 0.0107 (0.0131), val_loss 0.0151 (0.0155)
2022-07-10 04:50:44,690 DEBUG epoch [40/50], train_loss 0.0342 (0.0129), val_loss 0.0094 (0.0154)
2022-07-10 04:50:45,207 DEBUG epoch [41/50], train_loss 0.0101 (0.0128), val_loss 0.0111 (0.0153)
2022-07-10 04:50:45,730 DEBUG epoch [42/50], train_loss 0.0155 (0.0127), val_loss 0.0096 (0.0152)
2022-07-10 04:50:46,271 DEBUG epoch [43/50], train_loss 0.0145 (0.0125), val_loss 0.0106 (0.0152)
2022-07-10 04:50:46,804 DEBUG epoch [44/50], train_loss 0.0148 (0.0124), val_loss 0.0128 (0.0151)
2022-07-10 04:50:47,364 DEBUG epoch [45/50], train_loss 0.0178 (0.0122), val_loss 0.0094 (0.0150)
2022-07-10 04:50:47,917 DEBUG epoch [46/50], train_loss 0.0211 (0.0121), val_loss 0.0121 (0.0149)
2022-07-10 04:50:48,463 DEBUG epoch [47/50], train_loss 0.0127 (0.0120), val_loss 0.0091 (0.0149)
2022-07-10 04:50:48,971 DEBUG epoch [48/50], train_loss 0.0154 (0.0118), val_loss 0.0137 (0.0148)
2022-07-10 04:50:49,482 DEBUG epoch [49/50], train_loss 0.0134 (0.0117), val_loss 0.0099 (0.0147)
2022-07-10 04:50:50,036 DEBUG epoch [50/50], train_loss 0.0128 (0.0116), val_loss 0.0108 (0.0146)
2022-07-10 04:50:50,037 DEBUG Using MIA arch res_normN4C64 Best Validation Loss is 0.009140756912529469
2022-07-10 04:50:50,778 DEBUG MSE Loss on ALL Image is 0.0080 (Real Attack Results on the Target Client)
2022-07-10 04:50:50,778 DEBUG SSIM Loss on ALL Image is 0.8468 (Real Attack Results on the Target Client)
2022-07-10 04:50:50,778 DEBUG PSNR Loss on ALL Image is 21.1484 (Real Attack Results on the Target Client)
