2022-07-09 19:10:53,622 DEBUG Enable ResSFL fine-tuning: arch-res_normN4C64-alpha-2.0-ssim-0.5, using cifar100 as auxiliary data
2022-07-09 19:10:54,189 DEBUG SFL-Moco (ResSFL-expert) Train on cifar10 with cutlayer 2: total epochs: 200
2022-07-09 19:13:42,353 DEBUG epoch:1, knn_val_accu: 12.40, contrast_loss: 14.78, contrast_acc: 33.51, gan_train_loss: 0.5699, gan_eval_loss: 0.5276
2022-07-09 19:16:31,267 DEBUG epoch:2, knn_val_accu: 21.85, contrast_loss: 15.22, contrast_acc: 27.41, gan_train_loss: 0.5245, gan_eval_loss: 0.5242
2022-07-09 19:19:20,324 DEBUG epoch:3, knn_val_accu: 27.13, contrast_loss: 14.91, contrast_acc: 14.05, gan_train_loss: 0.5208, gan_eval_loss: 0.5209
2022-07-09 19:22:13,877 DEBUG epoch:4, knn_val_accu: 31.28, contrast_loss: 14.74, contrast_acc: 11.07, gan_train_loss: 0.5217, gan_eval_loss: 0.5216
2022-07-09 19:25:03,190 DEBUG epoch:5, knn_val_accu: 34.99, contrast_loss: 14.59, contrast_acc: 7.37, gan_train_loss: 0.5206, gan_eval_loss: 0.5207
2022-07-09 19:27:56,281 DEBUG epoch:6, knn_val_accu: 36.54, contrast_loss: 14.19, contrast_acc: 10.16, gan_train_loss: 0.5226, gan_eval_loss: 0.5221
2022-07-09 19:30:45,729 DEBUG epoch:7, knn_val_accu: 38.64, contrast_loss: 14.09, contrast_acc: 9.54, gan_train_loss: 0.5248, gan_eval_loss: 0.5242
2022-07-09 19:33:35,395 DEBUG epoch:8, knn_val_accu: 39.77, contrast_loss: 13.86, contrast_acc: 9.87, gan_train_loss: 0.5289, gan_eval_loss: 0.5282
2022-07-09 19:36:28,580 DEBUG epoch:9, knn_val_accu: 41.06, contrast_loss: 13.73, contrast_acc: 9.43, gan_train_loss: 0.5303, gan_eval_loss: 0.5296
2022-07-09 19:39:17,600 DEBUG epoch:10, knn_val_accu: 41.99, contrast_loss: 13.58, contrast_acc: 8.93, gan_train_loss: 0.5303, gan_eval_loss: 0.5281
2022-07-09 19:42:10,871 DEBUG epoch:11, knn_val_accu: 44.77, contrast_loss: 13.26, contrast_acc: 9.38, gan_train_loss: 0.5325, gan_eval_loss: 0.5327
2022-07-09 19:45:00,112 DEBUG epoch:12, knn_val_accu: 46.89, contrast_loss: 12.95, contrast_acc: 9.92, gan_train_loss: 0.5343, gan_eval_loss: 0.5336
2022-07-09 19:47:49,836 DEBUG epoch:13, knn_val_accu: 48.29, contrast_loss: 12.65, contrast_acc: 10.41, gan_train_loss: 0.5363, gan_eval_loss: 0.5367
2022-07-09 19:50:42,658 DEBUG epoch:14, knn_val_accu: 49.63, contrast_loss: 12.38, contrast_acc: 10.92, gan_train_loss: 0.5380, gan_eval_loss: 0.5383
2022-07-09 19:53:31,820 DEBUG epoch:15, knn_val_accu: 52.23, contrast_loss: 12.00, contrast_acc: 11.78, gan_train_loss: 0.5405, gan_eval_loss: 0.5410
2022-07-09 19:56:24,935 DEBUG epoch:16, knn_val_accu: 52.88, contrast_loss: 11.65, contrast_acc: 12.50, gan_train_loss: 0.5456, gan_eval_loss: 0.5463
2022-07-09 19:59:13,923 DEBUG epoch:17, knn_val_accu: 53.67, contrast_loss: 11.28, contrast_acc: 13.13, gan_train_loss: 0.5501, gan_eval_loss: 0.5513
2022-07-09 20:01:59,978 DEBUG epoch:18, knn_val_accu: 53.95, contrast_loss: 11.13, contrast_acc: 12.68, gan_train_loss: 0.5588, gan_eval_loss: 0.5225
2022-07-09 20:04:52,330 DEBUG epoch:19, knn_val_accu: 55.36, contrast_loss: 10.53, contrast_acc: 15.35, gan_train_loss: 0.5414, gan_eval_loss: 0.5368
2022-07-09 20:07:40,924 DEBUG epoch:20, knn_val_accu: 55.76, contrast_loss: 10.21, contrast_acc: 16.36, gan_train_loss: 0.5357, gan_eval_loss: 0.5339
2022-07-09 20:10:32,627 DEBUG epoch:21, knn_val_accu: 55.87, contrast_loss: 9.91, contrast_acc: 17.31, gan_train_loss: 0.5372, gan_eval_loss: 0.5271
2022-07-09 20:13:22,292 DEBUG epoch:22, knn_val_accu: 56.05, contrast_loss: 9.62, contrast_acc: 18.16, gan_train_loss: 0.5485, gan_eval_loss: 0.5465
2022-07-09 20:16:11,418 DEBUG epoch:23, knn_val_accu: 56.80, contrast_loss: 9.43, contrast_acc: 18.78, gan_train_loss: 0.5499, gan_eval_loss: 0.5520
2022-07-09 20:19:04,598 DEBUG epoch:24, knn_val_accu: 56.81, contrast_loss: 9.23, contrast_acc: 19.13, gan_train_loss: 0.5578, gan_eval_loss: 0.5601
2022-07-09 20:21:54,391 DEBUG epoch:25, knn_val_accu: 56.62, contrast_loss: 9.06, contrast_acc: 19.69, gan_train_loss: 0.5610, gan_eval_loss: 0.5636
2022-07-09 20:24:48,364 DEBUG epoch:26, knn_val_accu: 56.86, contrast_loss: 8.97, contrast_acc: 19.62, gan_train_loss: 0.5599, gan_eval_loss: 0.5585
2022-07-09 20:27:36,546 DEBUG epoch:27, knn_val_accu: 56.38, contrast_loss: 8.98, contrast_acc: 19.94, gan_train_loss: 0.5509, gan_eval_loss: 0.5400
2022-07-09 20:30:25,445 DEBUG epoch:28, knn_val_accu: 56.87, contrast_loss: 8.84, contrast_acc: 20.21, gan_train_loss: 0.5554, gan_eval_loss: 0.5427
2022-07-09 20:33:16,095 DEBUG epoch:29, knn_val_accu: 57.13, contrast_loss: 9.24, contrast_acc: 18.00, gan_train_loss: 0.5524, gan_eval_loss: 0.5249
2022-07-09 20:36:05,501 DEBUG epoch:30, knn_val_accu: 56.97, contrast_loss: 8.59, contrast_acc: 22.00, gan_train_loss: 0.5514, gan_eval_loss: 0.5471
2022-07-09 20:38:54,849 DEBUG epoch:31, knn_val_accu: 56.64, contrast_loss: 8.49, contrast_acc: 21.72, gan_train_loss: 0.5625, gan_eval_loss: 0.5616
2022-07-09 20:41:47,505 DEBUG epoch:32, knn_val_accu: 58.12, contrast_loss: 8.49, contrast_acc: 21.46, gan_train_loss: 0.5654, gan_eval_loss: 0.5493
2022-07-09 20:44:34,085 DEBUG epoch:33, knn_val_accu: 57.74, contrast_loss: 8.62, contrast_acc: 21.25, gan_train_loss: 0.5677, gan_eval_loss: 0.5195
2022-07-09 20:47:26,760 DEBUG epoch:34, knn_val_accu: 57.16, contrast_loss: 8.33, contrast_acc: 22.14, gan_train_loss: 0.5603, gan_eval_loss: 0.5407
2022-07-09 20:50:12,695 DEBUG epoch:35, knn_val_accu: 59.03, contrast_loss: 8.20, contrast_acc: 22.80, gan_train_loss: 0.5539, gan_eval_loss: 0.5228
2022-07-09 20:53:01,036 DEBUG epoch:36, knn_val_accu: 59.16, contrast_loss: 8.06, contrast_acc: 23.23, gan_train_loss: 0.5435, gan_eval_loss: 0.5344
2022-07-09 20:55:53,587 DEBUG epoch:37, knn_val_accu: 57.72, contrast_loss: 8.00, contrast_acc: 24.19, gan_train_loss: 0.5488, gan_eval_loss: 0.5395
2022-07-09 20:58:40,972 DEBUG epoch:38, knn_val_accu: 59.06, contrast_loss: 8.27, contrast_acc: 23.21, gan_train_loss: 0.5518, gan_eval_loss: 0.5345
2022-07-09 21:01:31,136 DEBUG epoch:39, knn_val_accu: 59.52, contrast_loss: 8.01, contrast_acc: 23.59, gan_train_loss: 0.5680, gan_eval_loss: 0.5254
2022-07-09 21:04:18,220 DEBUG epoch:40, knn_val_accu: 58.40, contrast_loss: 8.00, contrast_acc: 24.54, gan_train_loss: 0.5707, gan_eval_loss: 0.5203
2022-07-09 21:07:03,659 DEBUG epoch:41, knn_val_accu: 59.51, contrast_loss: 7.90, contrast_acc: 24.53, gan_train_loss: 0.5545, gan_eval_loss: 0.5203
2022-07-09 21:09:54,525 DEBUG epoch:42, knn_val_accu: 58.94, contrast_loss: 8.16, contrast_acc: 23.13, gan_train_loss: 0.5473, gan_eval_loss: 0.5211
2022-07-09 21:12:42,772 DEBUG epoch:43, knn_val_accu: 58.81, contrast_loss: 7.81, contrast_acc: 24.17, gan_train_loss: 0.5445, gan_eval_loss: 0.5327
2022-07-09 21:15:34,005 DEBUG epoch:44, knn_val_accu: 59.65, contrast_loss: 7.92, contrast_acc: 24.92, gan_train_loss: 0.5613, gan_eval_loss: 0.5268
2022-07-09 21:18:21,390 DEBUG epoch:45, knn_val_accu: 59.51, contrast_loss: 7.81, contrast_acc: 24.25, gan_train_loss: 0.5740, gan_eval_loss: 0.5196
2022-07-09 21:21:07,412 DEBUG epoch:46, knn_val_accu: 59.63, contrast_loss: 7.64, contrast_acc: 25.33, gan_train_loss: 0.5616, gan_eval_loss: 0.5130
2022-07-09 21:23:51,071 DEBUG epoch:47, knn_val_accu: 59.65, contrast_loss: 7.66, contrast_acc: 26.07, gan_train_loss: 0.6000, gan_eval_loss: 0.4939
2022-07-09 21:26:30,309 DEBUG epoch:48, knn_val_accu: 60.03, contrast_loss: 7.75, contrast_acc: 25.55, gan_train_loss: 0.6405, gan_eval_loss: 0.4812
2022-07-09 21:29:18,721 DEBUG epoch:49, knn_val_accu: 60.96, contrast_loss: 7.58, contrast_acc: 25.97, gan_train_loss: 0.5648, gan_eval_loss: 0.5081
2022-07-09 21:31:59,940 DEBUG epoch:50, knn_val_accu: 59.83, contrast_loss: 7.50, contrast_acc: 26.19, gan_train_loss: 0.5780, gan_eval_loss: 0.4951
2022-07-09 21:34:41,458 DEBUG epoch:51, knn_val_accu: 60.61, contrast_loss: 7.47, contrast_acc: 26.00, gan_train_loss: 0.5767, gan_eval_loss: 0.4992
2022-07-09 21:37:30,526 DEBUG epoch:52, knn_val_accu: 60.14, contrast_loss: 7.45, contrast_acc: 26.13, gan_train_loss: 0.5442, gan_eval_loss: 0.5079
2022-07-09 21:40:16,596 DEBUG epoch:53, knn_val_accu: 61.25, contrast_loss: 7.42, contrast_acc: 26.70, gan_train_loss: 0.5435, gan_eval_loss: 0.5175
2022-07-09 21:42:58,458 DEBUG epoch:54, knn_val_accu: 60.68, contrast_loss: 7.40, contrast_acc: 26.97, gan_train_loss: 0.5768, gan_eval_loss: 0.5007
2022-07-09 21:45:47,399 DEBUG epoch:55, knn_val_accu: 60.84, contrast_loss: 7.44, contrast_acc: 26.30, gan_train_loss: 0.5673, gan_eval_loss: 0.5081
2022-07-09 21:48:30,423 DEBUG epoch:56, knn_val_accu: 60.67, contrast_loss: 7.29, contrast_acc: 27.55, gan_train_loss: 0.5536, gan_eval_loss: 0.5064
2022-07-09 21:51:20,065 DEBUG epoch:57, knn_val_accu: 60.96, contrast_loss: 7.36, contrast_acc: 26.65, gan_train_loss: 0.5413, gan_eval_loss: 0.5169
2022-07-09 21:54:03,544 DEBUG epoch:58, knn_val_accu: 59.67, contrast_loss: 7.28, contrast_acc: 28.21, gan_train_loss: 0.5584, gan_eval_loss: 0.5047
2022-07-09 21:56:47,253 DEBUG epoch:59, knn_val_accu: 60.66, contrast_loss: 7.30, contrast_acc: 27.31, gan_train_loss: 0.5446, gan_eval_loss: 0.5114
2022-07-09 21:59:33,520 DEBUG epoch:60, knn_val_accu: 62.27, contrast_loss: 7.31, contrast_acc: 27.45, gan_train_loss: 0.5686, gan_eval_loss: 0.5034
2022-07-09 22:02:17,176 DEBUG epoch:61, knn_val_accu: 61.75, contrast_loss: 7.15, contrast_acc: 28.22, gan_train_loss: 0.5329, gan_eval_loss: 0.5047
2022-07-09 22:05:03,718 DEBUG epoch:62, knn_val_accu: 61.19, contrast_loss: 7.15, contrast_acc: 28.29, gan_train_loss: 0.5272, gan_eval_loss: 0.5071
2022-07-09 22:07:50,794 DEBUG epoch:63, knn_val_accu: 61.01, contrast_loss: 7.15, contrast_acc: 27.86, gan_train_loss: 0.5325, gan_eval_loss: 0.5090
2022-07-09 22:10:36,509 DEBUG epoch:64, knn_val_accu: 62.06, contrast_loss: 7.24, contrast_acc: 27.66, gan_train_loss: 0.5384, gan_eval_loss: 0.5096
2022-07-09 22:13:25,358 DEBUG epoch:65, knn_val_accu: 62.26, contrast_loss: 7.12, contrast_acc: 28.08, gan_train_loss: 0.5360, gan_eval_loss: 0.5106
2022-07-09 22:16:08,476 DEBUG epoch:66, knn_val_accu: 61.78, contrast_loss: 7.09, contrast_acc: 28.31, gan_train_loss: 0.5455, gan_eval_loss: 0.5030
2022-07-09 22:18:50,709 DEBUG epoch:67, knn_val_accu: 61.73, contrast_loss: 7.12, contrast_acc: 28.06, gan_train_loss: 0.5446, gan_eval_loss: 0.4971
2022-07-09 22:21:37,038 DEBUG epoch:68, knn_val_accu: 62.41, contrast_loss: 7.13, contrast_acc: 28.31, gan_train_loss: 0.5327, gan_eval_loss: 0.5028
2022-07-09 22:24:24,550 DEBUG epoch:69, knn_val_accu: 62.11, contrast_loss: 6.97, contrast_acc: 28.81, gan_train_loss: 0.5246, gan_eval_loss: 0.5165
2022-07-09 22:27:14,520 DEBUG epoch:70, knn_val_accu: 62.04, contrast_loss: 7.04, contrast_acc: 28.57, gan_train_loss: 0.5294, gan_eval_loss: 0.5141
2022-07-09 22:29:58,769 DEBUG epoch:71, knn_val_accu: 63.12, contrast_loss: 7.21, contrast_acc: 28.10, gan_train_loss: 0.5403, gan_eval_loss: 0.5054
2022-07-09 22:32:42,492 DEBUG epoch:72, knn_val_accu: 62.82, contrast_loss: 7.00, contrast_acc: 28.92, gan_train_loss: 0.5676, gan_eval_loss: 0.5042
2022-07-09 22:35:25,745 DEBUG epoch:73, knn_val_accu: 62.58, contrast_loss: 7.16, contrast_acc: 28.46, gan_train_loss: 0.5610, gan_eval_loss: 0.4907
2022-07-09 22:38:07,950 DEBUG epoch:74, knn_val_accu: 63.08, contrast_loss: 6.90, contrast_acc: 29.49, gan_train_loss: 0.5524, gan_eval_loss: 0.5016
2022-07-09 22:40:56,092 DEBUG epoch:75, knn_val_accu: 61.57, contrast_loss: 7.27, contrast_acc: 26.97, gan_train_loss: 0.5299, gan_eval_loss: 0.5079
2022-07-09 22:43:42,002 DEBUG epoch:76, knn_val_accu: 61.90, contrast_loss: 7.29, contrast_acc: 29.13, gan_train_loss: 0.5376, gan_eval_loss: 0.5093
2022-07-09 22:46:24,240 DEBUG epoch:77, knn_val_accu: 62.42, contrast_loss: 7.08, contrast_acc: 29.64, gan_train_loss: 0.5554, gan_eval_loss: 0.5009
2022-07-09 22:49:06,876 DEBUG epoch:78, knn_val_accu: 62.89, contrast_loss: 6.93, contrast_acc: 29.63, gan_train_loss: 0.5706, gan_eval_loss: 0.4920
2022-07-09 22:51:50,853 DEBUG epoch:79, knn_val_accu: 61.99, contrast_loss: 6.99, contrast_acc: 29.31, gan_train_loss: 0.5418, gan_eval_loss: 0.5058
2022-07-09 22:54:30,717 DEBUG epoch:80, knn_val_accu: 62.52, contrast_loss: 6.85, contrast_acc: 29.48, gan_train_loss: 0.5650, gan_eval_loss: 0.4942
2022-07-09 22:57:18,087 DEBUG epoch:81, knn_val_accu: 62.44, contrast_loss: 6.94, contrast_acc: 29.37, gan_train_loss: 0.5357, gan_eval_loss: 0.5021
2022-07-09 23:00:00,578 DEBUG epoch:82, knn_val_accu: 62.75, contrast_loss: 7.64, contrast_acc: 25.58, gan_train_loss: 0.5886, gan_eval_loss: 0.5009
2022-07-09 23:02:45,438 DEBUG epoch:83, knn_val_accu: 61.92, contrast_loss: 6.89, contrast_acc: 30.64, gan_train_loss: 0.5721, gan_eval_loss: 0.4969
2022-07-09 23:05:30,357 DEBUG epoch:84, knn_val_accu: 61.86, contrast_loss: 6.79, contrast_acc: 29.76, gan_train_loss: 0.5130, gan_eval_loss: 0.5070
2022-07-09 23:08:15,721 DEBUG epoch:85, knn_val_accu: 62.60, contrast_loss: 6.74, contrast_acc: 30.55, gan_train_loss: 0.5248, gan_eval_loss: 0.5061
2022-07-09 23:11:04,334 DEBUG epoch:86, knn_val_accu: 62.44, contrast_loss: 6.72, contrast_acc: 30.17, gan_train_loss: 0.5321, gan_eval_loss: 0.5101
2022-07-09 23:13:46,015 DEBUG epoch:87, knn_val_accu: 63.10, contrast_loss: 6.77, contrast_acc: 30.40, gan_train_loss: 0.5636, gan_eval_loss: 0.4998
2022-07-09 23:16:29,283 DEBUG epoch:88, knn_val_accu: 62.60, contrast_loss: 6.80, contrast_acc: 29.46, gan_train_loss: 0.5536, gan_eval_loss: 0.5034
2022-07-09 23:19:14,175 DEBUG epoch:89, knn_val_accu: 61.83, contrast_loss: 6.84, contrast_acc: 29.60, gan_train_loss: 0.5912, gan_eval_loss: 0.4984
2022-07-09 23:21:54,192 DEBUG epoch:90, knn_val_accu: 62.78, contrast_loss: 6.81, contrast_acc: 30.41, gan_train_loss: 0.6232, gan_eval_loss: 0.4929
2022-07-09 23:24:35,645 DEBUG epoch:91, knn_val_accu: 62.64, contrast_loss: 6.99, contrast_acc: 28.64, gan_train_loss: 0.6389, gan_eval_loss: 0.4864
2022-07-09 23:27:12,844 DEBUG epoch:92, knn_val_accu: 62.76, contrast_loss: 6.69, contrast_acc: 30.42, gan_train_loss: 0.6775, gan_eval_loss: 0.4822
2022-07-09 23:29:48,973 DEBUG epoch:93, knn_val_accu: 62.25, contrast_loss: 7.09, contrast_acc: 29.18, gan_train_loss: 0.6897, gan_eval_loss: 0.4650
2022-07-09 23:32:30,335 DEBUG epoch:94, knn_val_accu: 64.23, contrast_loss: 6.67, contrast_acc: 31.40, gan_train_loss: 0.6561, gan_eval_loss: 0.4795
2022-07-09 23:35:08,311 DEBUG epoch:95, knn_val_accu: 62.60, contrast_loss: 6.83, contrast_acc: 29.38, gan_train_loss: 0.5761, gan_eval_loss: 0.4881
2022-07-09 23:37:48,190 DEBUG epoch:96, knn_val_accu: 62.93, contrast_loss: 6.70, contrast_acc: 30.22, gan_train_loss: 0.5431, gan_eval_loss: 0.4927
2022-07-09 23:40:34,486 DEBUG epoch:97, knn_val_accu: 63.77, contrast_loss: 6.45, contrast_acc: 32.02, gan_train_loss: 0.5180, gan_eval_loss: 0.5018
2022-07-09 23:43:20,275 DEBUG epoch:98, knn_val_accu: 63.73, contrast_loss: 6.39, contrast_acc: 32.64, gan_train_loss: 0.5208, gan_eval_loss: 0.5100
2022-07-09 23:46:07,985 DEBUG epoch:99, knn_val_accu: 63.94, contrast_loss: 6.40, contrast_acc: 32.56, gan_train_loss: 0.5317, gan_eval_loss: 0.5055
2022-07-09 23:48:51,052 DEBUG epoch:100, knn_val_accu: 63.58, contrast_loss: 6.49, contrast_acc: 31.89, gan_train_loss: 0.5352, gan_eval_loss: 0.5048
2022-07-09 23:51:34,230 DEBUG epoch:101, knn_val_accu: 63.27, contrast_loss: 6.48, contrast_acc: 32.12, gan_train_loss: 0.5284, gan_eval_loss: 0.5025
2022-07-09 23:54:18,197 DEBUG epoch:102, knn_val_accu: 63.08, contrast_loss: 6.72, contrast_acc: 30.67, gan_train_loss: 0.5612, gan_eval_loss: 0.4871
2022-07-09 23:56:56,926 DEBUG epoch:103, knn_val_accu: 63.80, contrast_loss: 7.27, contrast_acc: 26.89, gan_train_loss: 0.5997, gan_eval_loss: 0.4874
2022-07-09 23:59:37,747 DEBUG epoch:104, knn_val_accu: 64.30, contrast_loss: 6.58, contrast_acc: 31.70, gan_train_loss: 0.6528, gan_eval_loss: 0.4827
2022-07-10 00:02:18,954 DEBUG epoch:105, knn_val_accu: 61.92, contrast_loss: 6.76, contrast_acc: 30.41, gan_train_loss: 0.6969, gan_eval_loss: 0.4888
2022-07-10 00:04:56,726 DEBUG epoch:106, knn_val_accu: 63.67, contrast_loss: 6.87, contrast_acc: 30.26, gan_train_loss: 0.6943, gan_eval_loss: 0.4739
2022-07-10 00:07:41,670 DEBUG epoch:107, knn_val_accu: 35.23, contrast_loss: 7.46, contrast_acc: 28.29, gan_train_loss: 0.7241, gan_eval_loss: 0.4929
2022-07-10 00:10:25,984 DEBUG epoch:108, knn_val_accu: 60.77, contrast_loss: 9.71, contrast_acc: 20.42, gan_train_loss: 0.5406, gan_eval_loss: 0.5147
2022-07-10 00:13:13,025 DEBUG epoch:109, knn_val_accu: 63.74, contrast_loss: 7.06, contrast_acc: 27.95, gan_train_loss: 0.5335, gan_eval_loss: 0.5152
2022-07-10 00:16:04,110 DEBUG epoch:110, knn_val_accu: 63.05, contrast_loss: 6.69, contrast_acc: 30.33, gan_train_loss: 0.5327, gan_eval_loss: 0.5182
2022-07-10 00:18:49,702 DEBUG epoch:111, knn_val_accu: 63.66, contrast_loss: 6.66, contrast_acc: 31.12, gan_train_loss: 0.5355, gan_eval_loss: 0.5152
2022-07-10 00:21:41,344 DEBUG epoch:112, knn_val_accu: 63.19, contrast_loss: 6.54, contrast_acc: 31.55, gan_train_loss: 0.5351, gan_eval_loss: 0.5201
2022-07-10 00:24:26,288 DEBUG epoch:113, knn_val_accu: 62.77, contrast_loss: 6.85, contrast_acc: 30.48, gan_train_loss: 0.5618, gan_eval_loss: 0.5137
2022-07-10 00:27:10,537 DEBUG epoch:114, knn_val_accu: 61.41, contrast_loss: 7.35, contrast_acc: 29.24, gan_train_loss: 0.5954, gan_eval_loss: 0.5063
2022-07-10 00:29:57,607 DEBUG epoch:115, knn_val_accu: 63.42, contrast_loss: 6.91, contrast_acc: 27.80, gan_train_loss: 0.5497, gan_eval_loss: 0.5057
2022-07-10 00:32:42,648 DEBUG epoch:116, knn_val_accu: 62.53, contrast_loss: 6.70, contrast_acc: 30.01, gan_train_loss: 0.5528, gan_eval_loss: 0.5099
2022-07-10 00:35:30,140 DEBUG epoch:117, knn_val_accu: 61.79, contrast_loss: 6.66, contrast_acc: 30.12, gan_train_loss: 0.6136, gan_eval_loss: 0.5019
2022-07-10 00:38:10,294 DEBUG epoch:118, knn_val_accu: 63.58, contrast_loss: 6.87, contrast_acc: 29.73, gan_train_loss: 0.6730, gan_eval_loss: 0.4929
2022-07-10 00:40:49,610 DEBUG epoch:119, knn_val_accu: 62.93, contrast_loss: 6.62, contrast_acc: 31.07, gan_train_loss: 0.6840, gan_eval_loss: 0.4893
2022-07-10 00:43:35,550 DEBUG epoch:120, knn_val_accu: 62.43, contrast_loss: 6.87, contrast_acc: 28.79, gan_train_loss: 0.6241, gan_eval_loss: 0.5022
2022-07-10 00:46:14,449 DEBUG epoch:121, knn_val_accu: 63.06, contrast_loss: 6.40, contrast_acc: 31.96, gan_train_loss: 0.4965, gan_eval_loss: 0.4930
2022-07-10 00:48:57,249 DEBUG epoch:122, knn_val_accu: 64.69, contrast_loss: 6.21, contrast_acc: 33.61, gan_train_loss: 0.5047, gan_eval_loss: 0.5027
2022-07-10 00:51:43,931 DEBUG epoch:123, knn_val_accu: 64.17, contrast_loss: 6.12, contrast_acc: 34.53, gan_train_loss: 0.5026, gan_eval_loss: 0.5016
2022-07-10 00:54:29,422 DEBUG epoch:124, knn_val_accu: 65.18, contrast_loss: 6.10, contrast_acc: 34.60, gan_train_loss: 0.5077, gan_eval_loss: 0.5055
2022-07-10 00:57:19,350 DEBUG epoch:125, knn_val_accu: 65.17, contrast_loss: 6.07, contrast_acc: 34.90, gan_train_loss: 0.5114, gan_eval_loss: 0.5092
2022-07-10 01:00:04,455 DEBUG epoch:126, knn_val_accu: 64.91, contrast_loss: 6.05, contrast_acc: 35.33, gan_train_loss: 0.5130, gan_eval_loss: 0.5072
2022-07-10 01:02:50,603 DEBUG epoch:127, knn_val_accu: 65.11, contrast_loss: 6.05, contrast_acc: 35.33, gan_train_loss: 0.5141, gan_eval_loss: 0.5090
2022-07-10 01:05:41,800 DEBUG epoch:128, knn_val_accu: 65.15, contrast_loss: 5.99, contrast_acc: 35.75, gan_train_loss: 0.5150, gan_eval_loss: 0.5117
2022-07-10 01:08:29,820 DEBUG epoch:129, knn_val_accu: 64.76, contrast_loss: 5.98, contrast_acc: 35.60, gan_train_loss: 0.5147, gan_eval_loss: 0.5125
2022-07-10 01:11:21,714 DEBUG epoch:130, knn_val_accu: 65.57, contrast_loss: 5.96, contrast_acc: 35.84, gan_train_loss: 0.5163, gan_eval_loss: 0.5129
2022-07-10 01:14:09,087 DEBUG epoch:131, knn_val_accu: 65.28, contrast_loss: 5.94, contrast_acc: 36.05, gan_train_loss: 0.5220, gan_eval_loss: 0.5182
2022-07-10 01:16:56,285 DEBUG epoch:132, knn_val_accu: 64.60, contrast_loss: 5.97, contrast_acc: 35.45, gan_train_loss: 0.5258, gan_eval_loss: 0.5163
2022-07-10 01:19:44,662 DEBUG epoch:133, knn_val_accu: 66.00, contrast_loss: 5.97, contrast_acc: 35.44, gan_train_loss: 0.5111, gan_eval_loss: 0.5050
2022-07-10 01:22:32,430 DEBUG epoch:134, knn_val_accu: 65.75, contrast_loss: 5.92, contrast_acc: 35.70, gan_train_loss: 0.5249, gan_eval_loss: 0.5175
2022-07-10 01:25:16,988 DEBUG epoch:135, knn_val_accu: 66.06, contrast_loss: 5.89, contrast_acc: 36.05, gan_train_loss: 0.5164, gan_eval_loss: 0.5064
2022-07-10 01:28:06,560 DEBUG epoch:136, knn_val_accu: 65.68, contrast_loss: 5.92, contrast_acc: 35.87, gan_train_loss: 0.5192, gan_eval_loss: 0.5102
2022-07-10 01:30:52,059 DEBUG epoch:137, knn_val_accu: 65.31, contrast_loss: 5.89, contrast_acc: 36.25, gan_train_loss: 0.5228, gan_eval_loss: 0.5090
2022-07-10 01:33:42,327 DEBUG epoch:138, knn_val_accu: 65.78, contrast_loss: 5.88, contrast_acc: 36.21, gan_train_loss: 0.5222, gan_eval_loss: 0.5109
2022-07-10 01:36:29,759 DEBUG epoch:139, knn_val_accu: 65.83, contrast_loss: 5.84, contrast_acc: 36.51, gan_train_loss: 0.5144, gan_eval_loss: 0.5119
2022-07-10 01:39:16,198 DEBUG epoch:140, knn_val_accu: 66.18, contrast_loss: 5.85, contrast_acc: 36.67, gan_train_loss: 0.5189, gan_eval_loss: 0.5111
2022-07-10 01:42:08,482 DEBUG epoch:141, knn_val_accu: 66.04, contrast_loss: 5.84, contrast_acc: 36.50, gan_train_loss: 0.5262, gan_eval_loss: 0.5189
2022-07-10 01:44:54,511 DEBUG epoch:142, knn_val_accu: 65.47, contrast_loss: 5.91, contrast_acc: 36.02, gan_train_loss: 0.5226, gan_eval_loss: 0.5094
2022-07-10 01:47:46,326 DEBUG epoch:143, knn_val_accu: 65.14, contrast_loss: 5.94, contrast_acc: 34.95, gan_train_loss: 0.5212, gan_eval_loss: 0.5160
2022-07-10 01:50:31,055 DEBUG epoch:144, knn_val_accu: 66.09, contrast_loss: 5.89, contrast_acc: 36.19, gan_train_loss: 0.5233, gan_eval_loss: 0.5054
2022-07-10 01:53:17,603 DEBUG epoch:145, knn_val_accu: 65.70, contrast_loss: 5.97, contrast_acc: 35.58, gan_train_loss: 0.5302, gan_eval_loss: 0.5129
2022-07-10 01:56:05,028 DEBUG epoch:146, knn_val_accu: 65.79, contrast_loss: 5.99, contrast_acc: 35.26, gan_train_loss: 0.5253, gan_eval_loss: 0.5035
2022-07-10 01:58:51,679 DEBUG epoch:147, knn_val_accu: 66.63, contrast_loss: 5.85, contrast_acc: 35.59, gan_train_loss: 0.5190, gan_eval_loss: 0.5112
2022-07-10 02:01:38,760 DEBUG epoch:148, knn_val_accu: 65.84, contrast_loss: 5.80, contrast_acc: 36.13, gan_train_loss: 0.5127, gan_eval_loss: 0.5070
2022-07-10 02:04:25,459 DEBUG epoch:149, knn_val_accu: 66.24, contrast_loss: 5.71, contrast_acc: 37.20, gan_train_loss: 0.5132, gan_eval_loss: 0.5128
2022-07-10 02:07:14,056 DEBUG epoch:150, knn_val_accu: 66.15, contrast_loss: 5.65, contrast_acc: 37.82, gan_train_loss: 0.5185, gan_eval_loss: 0.5175
2022-07-10 02:10:05,251 DEBUG epoch:151, knn_val_accu: 65.92, contrast_loss: 5.64, contrast_acc: 37.70, gan_train_loss: 0.5201, gan_eval_loss: 0.5183
2022-07-10 02:12:51,170 DEBUG epoch:152, knn_val_accu: 66.28, contrast_loss: 5.67, contrast_acc: 37.15, gan_train_loss: 0.5251, gan_eval_loss: 0.5145
2022-07-10 02:15:41,073 DEBUG epoch:153, knn_val_accu: 65.96, contrast_loss: 5.79, contrast_acc: 35.84, gan_train_loss: 0.5157, gan_eval_loss: 0.5071
2022-07-10 02:18:27,340 DEBUG epoch:154, knn_val_accu: 66.27, contrast_loss: 5.78, contrast_acc: 36.06, gan_train_loss: 0.5224, gan_eval_loss: 0.5140
2022-07-10 02:21:09,952 DEBUG epoch:155, knn_val_accu: 65.64, contrast_loss: 6.55, contrast_acc: 29.25, gan_train_loss: 0.5109, gan_eval_loss: 0.5031
2022-07-10 02:23:56,599 DEBUG epoch:156, knn_val_accu: 66.67, contrast_loss: 5.83, contrast_acc: 34.20, gan_train_loss: 0.5046, gan_eval_loss: 0.5027
2022-07-10 02:26:45,248 DEBUG epoch:157, knn_val_accu: 67.04, contrast_loss: 5.58, contrast_acc: 38.16, gan_train_loss: 0.5105, gan_eval_loss: 0.5104
2022-07-10 02:29:33,069 DEBUG epoch:158, knn_val_accu: 66.30, contrast_loss: 5.54, contrast_acc: 38.43, gan_train_loss: 0.5130, gan_eval_loss: 0.5115
2022-07-10 02:32:23,443 DEBUG epoch:159, knn_val_accu: 66.85, contrast_loss: 5.68, contrast_acc: 37.57, gan_train_loss: 0.5168, gan_eval_loss: 0.5118
2022-07-10 02:35:10,514 DEBUG epoch:160, knn_val_accu: 66.40, contrast_loss: 5.57, contrast_acc: 37.63, gan_train_loss: 0.5156, gan_eval_loss: 0.5106
2022-07-10 02:37:58,876 DEBUG epoch:161, knn_val_accu: 66.44, contrast_loss: 5.91, contrast_acc: 34.11, gan_train_loss: 0.5066, gan_eval_loss: 0.5042
2022-07-10 02:40:45,832 DEBUG epoch:162, knn_val_accu: 67.17, contrast_loss: 5.46, contrast_acc: 39.35, gan_train_loss: 0.5093, gan_eval_loss: 0.5093
2022-07-10 02:43:33,146 DEBUG epoch:163, knn_val_accu: 67.24, contrast_loss: 5.44, contrast_acc: 39.17, gan_train_loss: 0.5102, gan_eval_loss: 0.5089
2022-07-10 02:46:23,114 DEBUG epoch:164, knn_val_accu: 65.86, contrast_loss: 6.62, contrast_acc: 29.69, gan_train_loss: 0.5155, gan_eval_loss: 0.5085
2022-07-10 02:49:10,628 DEBUG epoch:165, knn_val_accu: 67.04, contrast_loss: 6.23, contrast_acc: 34.29, gan_train_loss: 0.5125, gan_eval_loss: 0.5117
2022-07-10 02:51:58,702 DEBUG epoch:166, knn_val_accu: 67.46, contrast_loss: 5.43, contrast_acc: 38.92, gan_train_loss: 0.5044, gan_eval_loss: 0.5039
2022-07-10 02:54:45,581 DEBUG epoch:167, knn_val_accu: 67.70, contrast_loss: 5.41, contrast_acc: 39.00, gan_train_loss: 0.5102, gan_eval_loss: 0.5095
2022-07-10 02:57:32,182 DEBUG epoch:168, knn_val_accu: 67.45, contrast_loss: 5.39, contrast_acc: 39.52, gan_train_loss: 0.5086, gan_eval_loss: 0.5081
2022-07-10 03:00:23,568 DEBUG epoch:169, knn_val_accu: 67.39, contrast_loss: 5.37, contrast_acc: 39.48, gan_train_loss: 0.5087, gan_eval_loss: 0.5086
2022-07-10 03:03:11,170 DEBUG epoch:170, knn_val_accu: 67.42, contrast_loss: 5.34, contrast_acc: 39.89, gan_train_loss: 0.5127, gan_eval_loss: 0.5115
2022-07-10 03:06:02,206 DEBUG epoch:171, knn_val_accu: 67.45, contrast_loss: 5.34, contrast_acc: 39.65, gan_train_loss: 0.5101, gan_eval_loss: 0.5093
2022-07-10 03:08:49,655 DEBUG epoch:172, knn_val_accu: 67.45, contrast_loss: 5.33, contrast_acc: 39.74, gan_train_loss: 0.5121, gan_eval_loss: 0.5114
2022-07-10 03:11:38,207 DEBUG epoch:173, knn_val_accu: 66.10, contrast_loss: 5.52, contrast_acc: 38.25, gan_train_loss: 0.5146, gan_eval_loss: 0.5129
2022-07-10 03:14:30,347 DEBUG epoch:174, knn_val_accu: 66.87, contrast_loss: 6.40, contrast_acc: 31.89, gan_train_loss: 0.5157, gan_eval_loss: 0.5135
2022-07-10 03:17:17,590 DEBUG epoch:175, knn_val_accu: 67.43, contrast_loss: 5.51, contrast_acc: 38.09, gan_train_loss: 0.5106, gan_eval_loss: 0.5104
2022-07-10 03:20:09,423 DEBUG epoch:176, knn_val_accu: 67.55, contrast_loss: 5.31, contrast_acc: 39.48, gan_train_loss: 0.5125, gan_eval_loss: 0.5110
2022-07-10 03:22:58,363 DEBUG epoch:177, knn_val_accu: 66.80, contrast_loss: 5.41, contrast_acc: 37.78, gan_train_loss: 0.5289, gan_eval_loss: 0.5227
2022-07-10 03:25:47,719 DEBUG epoch:178, knn_val_accu: 67.44, contrast_loss: 5.44, contrast_acc: 37.98, gan_train_loss: 0.5195, gan_eval_loss: 0.5175
2022-07-10 03:28:38,076 DEBUG epoch:179, knn_val_accu: 67.13, contrast_loss: 5.33, contrast_acc: 39.15, gan_train_loss: 0.5140, gan_eval_loss: 0.5091
2022-07-10 03:31:24,864 DEBUG epoch:180, knn_val_accu: 67.34, contrast_loss: 5.32, contrast_acc: 39.65, gan_train_loss: 0.5120, gan_eval_loss: 0.5084
2022-07-10 03:34:12,897 DEBUG epoch:181, knn_val_accu: 67.38, contrast_loss: 5.28, contrast_acc: 39.87, gan_train_loss: 0.5121, gan_eval_loss: 0.5116
2022-07-10 03:37:04,166 DEBUG epoch:182, knn_val_accu: 67.51, contrast_loss: 5.24, contrast_acc: 40.01, gan_train_loss: 0.5128, gan_eval_loss: 0.5124
2022-07-10 03:39:50,478 DEBUG epoch:183, knn_val_accu: 67.65, contrast_loss: 5.22, contrast_acc: 40.44, gan_train_loss: 0.5080, gan_eval_loss: 0.5077
2022-07-10 03:42:43,031 DEBUG epoch:184, knn_val_accu: 67.74, contrast_loss: 5.21, contrast_acc: 40.21, gan_train_loss: 0.5150, gan_eval_loss: 0.5141
2022-07-10 03:45:31,986 DEBUG epoch:185, knn_val_accu: 67.96, contrast_loss: 5.20, contrast_acc: 40.25, gan_train_loss: 0.5209, gan_eval_loss: 0.5198
2022-07-10 03:48:21,034 DEBUG epoch:186, knn_val_accu: 67.46, contrast_loss: 5.24, contrast_acc: 39.59, gan_train_loss: 0.5246, gan_eval_loss: 0.5212
2022-07-10 03:51:13,221 DEBUG epoch:187, knn_val_accu: 67.68, contrast_loss: 5.27, contrast_acc: 39.27, gan_train_loss: 0.5220, gan_eval_loss: 0.5153
2022-07-10 03:54:01,140 DEBUG epoch:188, knn_val_accu: 67.53, contrast_loss: 5.28, contrast_acc: 38.88, gan_train_loss: 0.5242, gan_eval_loss: 0.5137
2022-07-10 03:56:50,898 DEBUG epoch:189, knn_val_accu: 67.51, contrast_loss: 5.26, contrast_acc: 39.51, gan_train_loss: 0.5162, gan_eval_loss: 0.5130
2022-07-10 03:59:39,090 DEBUG epoch:190, knn_val_accu: 67.69, contrast_loss: 5.25, contrast_acc: 39.45, gan_train_loss: 0.5222, gan_eval_loss: 0.5130
2022-07-10 04:02:28,599 DEBUG epoch:191, knn_val_accu: 67.11, contrast_loss: 5.33, contrast_acc: 38.11, gan_train_loss: 0.5213, gan_eval_loss: 0.5179
2022-07-10 04:05:21,270 DEBUG epoch:192, knn_val_accu: 67.34, contrast_loss: 5.23, contrast_acc: 39.87, gan_train_loss: 0.5167, gan_eval_loss: 0.5169
2022-07-10 04:08:10,328 DEBUG epoch:193, knn_val_accu: 67.31, contrast_loss: 5.21, contrast_acc: 40.04, gan_train_loss: 0.5184, gan_eval_loss: 0.5175
2022-07-10 04:11:03,797 DEBUG epoch:194, knn_val_accu: 67.34, contrast_loss: 5.20, contrast_acc: 40.07, gan_train_loss: 0.5324, gan_eval_loss: 0.5309
2022-07-10 04:13:53,059 DEBUG epoch:195, knn_val_accu: 67.33, contrast_loss: 5.23, contrast_acc: 39.87, gan_train_loss: 0.5390, gan_eval_loss: 0.5368
2022-07-10 04:16:42,758 DEBUG epoch:196, knn_val_accu: 67.43, contrast_loss: 5.25, contrast_acc: 39.63, gan_train_loss: 0.5275, gan_eval_loss: 0.5272
2022-07-10 04:19:34,453 DEBUG epoch:197, knn_val_accu: 67.57, contrast_loss: 5.25, contrast_acc: 39.64, gan_train_loss: 0.5116, gan_eval_loss: 0.5113
2022-07-10 04:22:23,886 DEBUG epoch:198, knn_val_accu: 67.72, contrast_loss: 5.23, contrast_acc: 39.70, gan_train_loss: 0.5200, gan_eval_loss: 0.5199
2022-07-10 04:25:17,038 DEBUG epoch:199, knn_val_accu: 67.53, contrast_loss: 5.22, contrast_acc: 39.77, gan_train_loss: 0.5387, gan_eval_loss: 0.5387
2022-07-10 04:28:06,199 DEBUG epoch:200, knn_val_accu: 67.51, contrast_loss: 5.22, contrast_acc: 39.95, gan_train_loss: 0.5584, gan_eval_loss: 0.5590
2022-07-10 04:28:14,816 DEBUG final knn evaluation accuracy is 67.51
2022-07-10 04:40:21,900 DEBUG final linear-probe evaluation accuracy is 70.46
2022-07-10 04:44:28,684 DEBUG final semi-supervised evaluation accuracy with 10% data is 69.04
2022-07-10 04:47:49,188 DEBUG final semi-supervised evaluation accuracy with 1% data is 58.27
2022-07-10 04:50:11,844 DEBUG Enable ResSFL fine-tuning: arch-res_normN4C64-alpha-2.0-ssim-0.5, using cifar100 as auxiliary data
2022-07-10 04:50:20,943 DEBUG final knn evaluation accuracy is 67.96
