2022-07-10 17:56:36,538 DEBUG Generating IR ...... (may take a while)
2022-07-10 17:56:38,256 DEBUG epoch [1/50], train_loss 0.0565 (0.0682), val_loss 0.0645 (0.0600)
2022-07-10 17:56:38,864 DEBUG epoch [2/50], train_loss 0.0993 (0.0642), val_loss 0.0646 (0.0591)
2022-07-10 17:56:39,485 DEBUG epoch [3/50], train_loss 0.0606 (0.0622), val_loss 0.0613 (0.0584)
2022-07-10 17:56:40,123 DEBUG epoch [4/50], train_loss 0.0817 (0.0610), val_loss 0.0655 (0.0583)
2022-07-10 17:56:40,698 DEBUG epoch [5/50], train_loss 0.1092 (0.0603), val_loss 0.0615 (0.0580)
2022-07-10 17:56:41,273 DEBUG epoch [6/50], train_loss 0.0683 (0.0597), val_loss 0.0647 (0.0577)
2022-07-10 17:56:41,815 DEBUG epoch [7/50], train_loss 0.1573 (0.0593), val_loss 0.0687 (0.0577)
2022-07-10 17:56:42,355 DEBUG epoch [8/50], train_loss 0.0582 (0.0590), val_loss 0.0606 (0.0576)
2022-07-10 17:56:42,920 DEBUG epoch [9/50], train_loss 0.0741 (0.0587), val_loss 0.0532 (0.0575)
2022-07-10 17:56:43,479 DEBUG epoch [10/50], train_loss 0.0582 (0.0584), val_loss 0.0533 (0.0574)
2022-07-10 17:56:44,024 DEBUG epoch [11/50], train_loss 0.0623 (0.0582), val_loss 0.0493 (0.0573)
2022-07-10 17:56:44,561 DEBUG epoch [12/50], train_loss 0.0417 (0.0580), val_loss 0.0525 (0.0571)
2022-07-10 17:56:45,147 DEBUG epoch [13/50], train_loss 0.0687 (0.0578), val_loss 0.0536 (0.0570)
2022-07-10 17:56:45,727 DEBUG epoch [14/50], train_loss 0.1029 (0.0576), val_loss 0.0559 (0.0569)
2022-07-10 17:56:46,284 DEBUG epoch [15/50], train_loss 0.0808 (0.0574), val_loss 0.0538 (0.0568)
2022-07-10 17:56:46,819 DEBUG epoch [16/50], train_loss 0.1548 (0.0572), val_loss 0.0533 (0.0568)
2022-07-10 17:56:47,368 DEBUG epoch [17/50], train_loss 0.0434 (0.0571), val_loss 0.0531 (0.0567)
2022-07-10 17:56:47,902 DEBUG epoch [18/50], train_loss 0.1101 (0.0569), val_loss 0.0571 (0.0567)
2022-07-10 17:56:48,462 DEBUG epoch [19/50], train_loss 0.0909 (0.0567), val_loss 0.0611 (0.0567)
2022-07-10 17:56:49,023 DEBUG epoch [20/50], train_loss 0.0541 (0.0566), val_loss 0.0567 (0.0566)
2022-07-10 17:56:49,609 DEBUG epoch [21/50], train_loss 0.0744 (0.0565), val_loss 0.0564 (0.0566)
2022-07-10 17:56:50,156 DEBUG epoch [22/50], train_loss 0.0406 (0.0563), val_loss 0.0596 (0.0567)
2022-07-10 17:56:50,672 DEBUG epoch [23/50], train_loss 0.0936 (0.0562), val_loss 0.0565 (0.0567)
2022-07-10 17:56:51,219 DEBUG epoch [24/50], train_loss 0.0530 (0.0560), val_loss 0.0521 (0.0566)
2022-07-10 17:56:51,743 DEBUG epoch [25/50], train_loss 0.0439 (0.0559), val_loss 0.0643 (0.0566)
2022-07-10 17:56:52,295 DEBUG epoch [26/50], train_loss 0.1374 (0.0558), val_loss 0.0610 (0.0567)
2022-07-10 17:56:52,850 DEBUG epoch [27/50], train_loss 0.0373 (0.0556), val_loss 0.0609 (0.0568)
2022-07-10 17:56:53,420 DEBUG epoch [28/50], train_loss 0.0635 (0.0555), val_loss 0.0580 (0.0568)
2022-07-10 17:56:54,006 DEBUG epoch [29/50], train_loss 0.0363 (0.0554), val_loss 0.0707 (0.0569)
2022-07-10 17:56:54,567 DEBUG epoch [30/50], train_loss 0.0775 (0.0552), val_loss 0.0544 (0.0570)
2022-07-10 17:56:55,123 DEBUG epoch [31/50], train_loss 0.0609 (0.0551), val_loss 0.0531 (0.0570)
2022-07-10 17:56:55,685 DEBUG epoch [32/50], train_loss 0.0385 (0.0550), val_loss 0.0698 (0.0570)
2022-07-10 17:56:56,256 DEBUG epoch [33/50], train_loss 0.0864 (0.0549), val_loss 0.0652 (0.0571)
2022-07-10 17:56:56,832 DEBUG epoch [34/50], train_loss 0.0498 (0.0547), val_loss 0.0635 (0.0571)
2022-07-10 17:56:57,367 DEBUG epoch [35/50], train_loss 0.0450 (0.0546), val_loss 0.0633 (0.0571)
2022-07-10 17:56:57,915 DEBUG epoch [36/50], train_loss 0.0440 (0.0545), val_loss 0.0721 (0.0571)
2022-07-10 17:56:58,499 DEBUG epoch [37/50], train_loss 0.1128 (0.0544), val_loss 0.0627 (0.0572)
2022-07-10 17:56:59,051 DEBUG epoch [38/50], train_loss 0.0747 (0.0542), val_loss 0.0568 (0.0573)
2022-07-10 17:56:59,598 DEBUG epoch [39/50], train_loss 0.0504 (0.0541), val_loss 0.0587 (0.0574)
2022-07-10 17:57:00,124 DEBUG epoch [40/50], train_loss 0.1037 (0.0540), val_loss 0.0620 (0.0576)
2022-07-10 17:57:00,664 DEBUG epoch [41/50], train_loss 0.0324 (0.0538), val_loss 0.0781 (0.0577)
2022-07-10 17:57:01,195 DEBUG epoch [42/50], train_loss 0.0571 (0.0537), val_loss 0.0587 (0.0578)
2022-07-10 17:57:01,761 DEBUG epoch [43/50], train_loss 0.0719 (0.0535), val_loss 0.0618 (0.0578)
2022-07-10 17:57:02,309 DEBUG epoch [44/50], train_loss 0.0703 (0.0533), val_loss 0.0679 (0.0580)
2022-07-10 17:57:02,966 DEBUG epoch [45/50], train_loss 0.0553 (0.0532), val_loss 0.0471 (0.0581)
2022-07-10 17:57:03,596 DEBUG epoch [46/50], train_loss 0.0169 (0.0531), val_loss 0.0513 (0.0581)
2022-07-10 17:57:04,157 DEBUG epoch [47/50], train_loss 0.0395 (0.0529), val_loss 0.0642 (0.0582)
2022-07-10 17:57:04,700 DEBUG epoch [48/50], train_loss 0.1242 (0.0529), val_loss 0.0697 (0.0583)
2022-07-10 17:57:05,222 DEBUG epoch [49/50], train_loss 0.1039 (0.0527), val_loss 0.0670 (0.0584)
2022-07-10 17:57:05,798 DEBUG epoch [50/50], train_loss 0.0950 (0.0526), val_loss 0.0778 (0.0585)
2022-07-10 17:57:05,798 DEBUG Using MIA arch res_normN4C64 Best Validation Loss is 0.047094233334064484
2022-07-10 17:57:06,463 DEBUG MSE Loss on ALL Image is 0.0430 (Real Attack Results on the Target Client)
2022-07-10 17:57:06,464 DEBUG SSIM Loss on ALL Image is 0.4172 (Real Attack Results on the Target Client)
2022-07-10 17:57:06,464 DEBUG PSNR Loss on ALL Image is 14.5241 (Real Attack Results on the Target Client)
2022-07-10 18:03:55,729 DEBUG Generating IR ...... (may take a while)
2022-07-10 18:03:57,272 DEBUG epoch [1/50], train_loss 0.0565 (0.0682), val_loss 0.0645 (0.0600)
2022-07-10 18:03:57,876 DEBUG epoch [2/50], train_loss 0.0993 (0.0642), val_loss 0.0646 (0.0591)
2022-07-10 18:03:58,539 DEBUG epoch [3/50], train_loss 0.0606 (0.0622), val_loss 0.0613 (0.0584)
2022-07-10 18:03:59,173 DEBUG epoch [4/50], train_loss 0.0817 (0.0610), val_loss 0.0655 (0.0583)
2022-07-10 18:03:59,728 DEBUG epoch [5/50], train_loss 0.1092 (0.0603), val_loss 0.0615 (0.0580)
2022-07-10 18:15:29,747 DEBUG Generating IR ...... (may take a while)
2022-07-10 18:15:31,274 DEBUG epoch [1/50], train_loss 0.0459 (0.0714), val_loss 0.0664 (0.0646)
2022-07-10 18:15:31,885 DEBUG epoch [2/50], train_loss 0.0518 (0.0663), val_loss 0.0629 (0.0630)
2022-07-10 18:15:32,513 DEBUG epoch [3/50], train_loss 0.0190 (0.0641), val_loss 0.0678 (0.0622)
2022-07-10 18:15:33,142 DEBUG epoch [4/50], train_loss 0.0380 (0.0626), val_loss 0.0598 (0.0616)
2022-07-10 18:15:33,794 DEBUG epoch [5/50], train_loss 0.0642 (0.0615), val_loss 0.0609 (0.0610)
2022-07-10 18:15:34,362 DEBUG epoch [6/50], train_loss 0.0452 (0.0608), val_loss 0.0529 (0.0606)
2022-07-10 18:15:34,927 DEBUG epoch [7/50], train_loss 0.0584 (0.0602), val_loss 0.0618 (0.0605)
2022-07-10 18:15:35,495 DEBUG epoch [8/50], train_loss 0.0570 (0.0597), val_loss 0.0512 (0.0602)
2022-07-10 18:15:36,064 DEBUG epoch [9/50], train_loss 0.0706 (0.0593), val_loss 0.0592 (0.0602)
2022-07-10 18:15:36,613 DEBUG epoch [10/50], train_loss 0.0496 (0.0590), val_loss 0.0540 (0.0600)
2022-07-10 18:15:37,168 DEBUG epoch [11/50], train_loss 0.0607 (0.0586), val_loss 0.0691 (0.0600)
2022-07-10 18:15:37,745 DEBUG epoch [12/50], train_loss 0.0434 (0.0584), val_loss 0.0542 (0.0599)
2022-07-10 18:15:38,328 DEBUG epoch [13/50], train_loss 0.0600 (0.0581), val_loss 0.0565 (0.0598)
2022-07-10 18:15:38,901 DEBUG epoch [14/50], train_loss 0.1016 (0.0579), val_loss 0.0701 (0.0596)
2022-07-10 18:15:39,441 DEBUG epoch [15/50], train_loss 0.0262 (0.0577), val_loss 0.0646 (0.0596)
2022-07-10 18:15:40,029 DEBUG epoch [16/50], train_loss 0.0289 (0.0574), val_loss 0.0534 (0.0595)
2022-07-10 18:15:40,595 DEBUG epoch [17/50], train_loss 0.0886 (0.0572), val_loss 0.0477 (0.0594)
2022-07-10 18:15:41,153 DEBUG epoch [18/50], train_loss 0.0282 (0.0570), val_loss 0.0679 (0.0596)
2022-07-10 18:15:41,681 DEBUG epoch [19/50], train_loss 0.0848 (0.0567), val_loss 0.0733 (0.0596)
2022-07-10 18:15:42,288 DEBUG epoch [20/50], train_loss 0.0586 (0.0565), val_loss 0.0677 (0.0596)
2022-07-10 18:15:42,874 DEBUG epoch [21/50], train_loss 0.0743 (0.0563), val_loss 0.0527 (0.0595)
2022-07-10 18:15:43,453 DEBUG epoch [22/50], train_loss 0.0195 (0.0562), val_loss 0.0541 (0.0594)
2022-07-10 18:15:44,025 DEBUG epoch [23/50], train_loss 0.0725 (0.0560), val_loss 0.0491 (0.0594)
2022-07-10 18:15:44,639 DEBUG epoch [24/50], train_loss 0.0802 (0.0558), val_loss 0.0602 (0.0593)
2022-07-10 18:15:45,209 DEBUG epoch [25/50], train_loss 0.0390 (0.0557), val_loss 0.0613 (0.0593)
2022-07-10 18:15:45,771 DEBUG epoch [26/50], train_loss 0.0729 (0.0556), val_loss 0.0477 (0.0592)
2022-07-10 18:15:46,308 DEBUG epoch [27/50], train_loss 0.0531 (0.0554), val_loss 0.0620 (0.0591)
2022-07-10 18:15:46,893 DEBUG epoch [28/50], train_loss 0.0708 (0.0552), val_loss 0.0760 (0.0592)
2022-07-10 18:15:47,441 DEBUG epoch [29/50], train_loss 0.0853 (0.0550), val_loss 0.0562 (0.0591)
2022-07-10 18:15:47,998 DEBUG epoch [30/50], train_loss 0.0708 (0.0549), val_loss 0.0721 (0.0591)
2022-07-10 18:15:48,546 DEBUG epoch [31/50], train_loss 0.0575 (0.0548), val_loss 0.0594 (0.0592)
2022-07-10 18:15:49,168 DEBUG epoch [32/50], train_loss 0.0306 (0.0546), val_loss 0.0449 (0.0591)
2022-07-10 18:15:49,724 DEBUG epoch [33/50], train_loss 0.0607 (0.0545), val_loss 0.0564 (0.0591)
2022-07-10 18:15:50,316 DEBUG epoch [34/50], train_loss 0.0703 (0.0544), val_loss 0.0498 (0.0591)
2022-07-10 18:15:50,906 DEBUG epoch [35/50], train_loss 0.0379 (0.0542), val_loss 0.0571 (0.0591)
2022-07-10 18:15:51,523 DEBUG epoch [36/50], train_loss 0.0276 (0.0540), val_loss 0.0461 (0.0591)
2022-07-10 18:15:52,162 DEBUG epoch [37/50], train_loss 0.0676 (0.0538), val_loss 0.0573 (0.0591)
2022-07-10 18:15:52,706 DEBUG epoch [38/50], train_loss 0.0711 (0.0537), val_loss 0.0696 (0.0591)
2022-07-10 18:15:53,291 DEBUG epoch [39/50], train_loss 0.0577 (0.0535), val_loss 0.0751 (0.0591)
2022-07-10 18:15:53,915 DEBUG epoch [40/50], train_loss 0.0500 (0.0533), val_loss 0.0613 (0.0591)
2022-07-10 18:15:54,541 DEBUG epoch [41/50], train_loss 0.0624 (0.0531), val_loss 0.0653 (0.0592)
2022-07-10 18:15:55,117 DEBUG epoch [42/50], train_loss 0.0279 (0.0530), val_loss 0.0627 (0.0592)
2022-07-10 18:15:55,692 DEBUG epoch [43/50], train_loss 0.0492 (0.0528), val_loss 0.0636 (0.0592)
2022-07-10 18:15:56,270 DEBUG epoch [44/50], train_loss 0.0575 (0.0526), val_loss 0.0469 (0.0592)
2022-07-10 18:15:56,848 DEBUG epoch [45/50], train_loss 0.0342 (0.0524), val_loss 0.0536 (0.0593)
2022-07-10 18:15:57,430 DEBUG epoch [46/50], train_loss 0.0823 (0.0523), val_loss 0.0541 (0.0593)
2022-07-10 18:15:58,011 DEBUG epoch [47/50], train_loss 0.1080 (0.0521), val_loss 0.0676 (0.0592)
2022-07-10 18:15:58,609 DEBUG epoch [48/50], train_loss 0.0705 (0.0519), val_loss 0.0582 (0.0592)
2022-07-10 18:15:59,233 DEBUG epoch [49/50], train_loss 0.0494 (0.0518), val_loss 0.0572 (0.0592)
2022-07-10 18:15:59,794 DEBUG epoch [50/50], train_loss 0.0670 (0.0516), val_loss 0.0578 (0.0592)
2022-07-10 18:15:59,794 DEBUG Using MIA arch res_normN4C64 Best Validation Loss is 0.044855114072561264
2022-07-10 18:16:00,511 DEBUG MSE Loss on ALL Image is 0.0461 (Real Attack Results on the Target Client)
2022-07-10 18:16:00,511 DEBUG SSIM Loss on ALL Image is 0.4109 (Real Attack Results on the Target Client)
2022-07-10 18:16:00,511 DEBUG PSNR Loss on ALL Image is 14.2713 (Real Attack Results on the Target Client)
2022-07-10 18:17:45,776 DEBUG Generating IR ...... (may take a while)
2022-07-10 18:17:47,423 DEBUG epoch [1/50], train_loss 0.0459 (0.0714), val_loss 0.0664 (0.0646)
2022-07-10 18:17:48,127 DEBUG epoch [2/50], train_loss 0.0518 (0.0663), val_loss 0.0629 (0.0630)
2022-07-10 18:17:48,862 DEBUG epoch [3/50], train_loss 0.0190 (0.0641), val_loss 0.0678 (0.0622)
2022-07-10 18:17:49,482 DEBUG epoch [4/50], train_loss 0.0380 (0.0626), val_loss 0.0598 (0.0616)
2022-07-10 18:17:50,068 DEBUG epoch [5/50], train_loss 0.0642 (0.0615), val_loss 0.0609 (0.0610)
2022-07-10 18:17:50,639 DEBUG epoch [6/50], train_loss 0.0452 (0.0608), val_loss 0.0529 (0.0606)
2022-07-10 18:17:51,203 DEBUG epoch [7/50], train_loss 0.0584 (0.0602), val_loss 0.0618 (0.0605)
2022-07-10 18:17:51,836 DEBUG epoch [8/50], train_loss 0.0570 (0.0597), val_loss 0.0512 (0.0602)
2022-07-10 18:17:52,438 DEBUG epoch [9/50], train_loss 0.0706 (0.0593), val_loss 0.0592 (0.0602)
2022-07-10 18:17:53,038 DEBUG epoch [10/50], train_loss 0.0496 (0.0590), val_loss 0.0540 (0.0600)
2022-07-10 18:17:53,617 DEBUG epoch [11/50], train_loss 0.0607 (0.0586), val_loss 0.0691 (0.0600)
2022-07-10 18:17:54,194 DEBUG epoch [12/50], train_loss 0.0434 (0.0584), val_loss 0.0542 (0.0599)
2022-07-10 18:17:54,767 DEBUG epoch [13/50], train_loss 0.0600 (0.0581), val_loss 0.0565 (0.0598)
2022-07-10 18:17:55,363 DEBUG epoch [14/50], train_loss 0.1016 (0.0579), val_loss 0.0701 (0.0596)
2022-07-10 18:17:55,986 DEBUG epoch [15/50], train_loss 0.0262 (0.0577), val_loss 0.0646 (0.0596)
2022-07-10 18:17:56,645 DEBUG epoch [16/50], train_loss 0.0289 (0.0574), val_loss 0.0534 (0.0595)
2022-07-10 18:17:57,311 DEBUG epoch [17/50], train_loss 0.0886 (0.0572), val_loss 0.0477 (0.0594)
2022-07-10 18:17:57,898 DEBUG epoch [18/50], train_loss 0.0282 (0.0570), val_loss 0.0679 (0.0596)
2022-07-10 18:17:58,490 DEBUG epoch [19/50], train_loss 0.0848 (0.0567), val_loss 0.0733 (0.0596)
2022-07-10 18:17:59,079 DEBUG epoch [20/50], train_loss 0.0586 (0.0565), val_loss 0.0677 (0.0596)
2022-07-10 18:17:59,683 DEBUG epoch [21/50], train_loss 0.0743 (0.0563), val_loss 0.0527 (0.0595)
2022-07-10 18:18:00,291 DEBUG epoch [22/50], train_loss 0.0195 (0.0562), val_loss 0.0541 (0.0594)
2022-07-10 18:18:00,882 DEBUG epoch [23/50], train_loss 0.0725 (0.0560), val_loss 0.0491 (0.0594)
2022-07-10 18:18:01,502 DEBUG epoch [24/50], train_loss 0.0802 (0.0558), val_loss 0.0602 (0.0593)
2022-07-10 18:18:02,070 DEBUG epoch [25/50], train_loss 0.0390 (0.0557), val_loss 0.0613 (0.0593)
2022-07-10 18:18:02,642 DEBUG epoch [26/50], train_loss 0.0729 (0.0556), val_loss 0.0477 (0.0592)
2022-07-10 18:18:03,231 DEBUG epoch [27/50], train_loss 0.0531 (0.0554), val_loss 0.0620 (0.0591)
2022-07-10 18:18:03,840 DEBUG epoch [28/50], train_loss 0.0708 (0.0552), val_loss 0.0760 (0.0592)
2022-07-10 18:18:04,513 DEBUG epoch [29/50], train_loss 0.0853 (0.0550), val_loss 0.0562 (0.0591)
2022-07-10 18:18:05,105 DEBUG epoch [30/50], train_loss 0.0708 (0.0549), val_loss 0.0721 (0.0591)
2022-07-10 18:18:05,701 DEBUG epoch [31/50], train_loss 0.0575 (0.0548), val_loss 0.0594 (0.0592)
2022-07-10 18:18:06,308 DEBUG epoch [32/50], train_loss 0.0306 (0.0546), val_loss 0.0449 (0.0591)
2022-07-10 18:18:06,917 DEBUG epoch [33/50], train_loss 0.0607 (0.0545), val_loss 0.0564 (0.0591)
2022-07-10 18:18:07,532 DEBUG epoch [34/50], train_loss 0.0703 (0.0544), val_loss 0.0498 (0.0591)
2022-07-10 18:18:08,191 DEBUG epoch [35/50], train_loss 0.0379 (0.0542), val_loss 0.0571 (0.0591)
2022-07-10 18:18:08,817 DEBUG epoch [36/50], train_loss 0.0276 (0.0540), val_loss 0.0461 (0.0591)
2022-07-10 18:18:09,468 DEBUG epoch [37/50], train_loss 0.0676 (0.0538), val_loss 0.0573 (0.0591)
2022-07-10 18:18:10,058 DEBUG epoch [38/50], train_loss 0.0711 (0.0537), val_loss 0.0696 (0.0591)
2022-07-10 18:18:10,651 DEBUG epoch [39/50], train_loss 0.0577 (0.0535), val_loss 0.0751 (0.0591)
2022-07-10 18:18:11,267 DEBUG epoch [40/50], train_loss 0.0500 (0.0533), val_loss 0.0613 (0.0591)
2022-07-10 18:18:11,854 DEBUG epoch [41/50], train_loss 0.0624 (0.0531), val_loss 0.0653 (0.0592)
2022-07-10 18:18:12,472 DEBUG epoch [42/50], train_loss 0.0279 (0.0530), val_loss 0.0627 (0.0592)
2022-07-10 18:18:13,129 DEBUG epoch [43/50], train_loss 0.0492 (0.0528), val_loss 0.0636 (0.0592)
2022-07-10 18:18:13,769 DEBUG epoch [44/50], train_loss 0.0575 (0.0526), val_loss 0.0469 (0.0592)
2022-07-10 18:18:14,375 DEBUG epoch [45/50], train_loss 0.0342 (0.0524), val_loss 0.0536 (0.0593)
2022-07-10 18:18:14,989 DEBUG epoch [46/50], train_loss 0.0823 (0.0523), val_loss 0.0541 (0.0593)
2022-07-10 18:18:15,616 DEBUG epoch [47/50], train_loss 0.1080 (0.0521), val_loss 0.0676 (0.0592)
2022-07-10 18:18:16,271 DEBUG epoch [48/50], train_loss 0.0705 (0.0519), val_loss 0.0582 (0.0592)
2022-07-10 18:18:16,892 DEBUG epoch [49/50], train_loss 0.0494 (0.0518), val_loss 0.0572 (0.0592)
2022-07-10 18:18:17,515 DEBUG epoch [50/50], train_loss 0.0670 (0.0516), val_loss 0.0578 (0.0592)
2022-07-10 18:18:17,515 DEBUG Using MIA arch res_normN4C64 Best Validation Loss is 0.044855114072561264
2022-07-10 18:18:18,363 DEBUG MSE Loss on ALL Image is 0.0461 (Real Attack Results on the Target Client)
2022-07-10 18:18:18,363 DEBUG SSIM Loss on ALL Image is 0.4109 (Real Attack Results on the Target Client)
2022-07-10 18:18:18,363 DEBUG PSNR Loss on ALL Image is 14.2713 (Real Attack Results on the Target Client)
2022-07-10 18:19:28,142 DEBUG Generating IR ...... (may take a while)
2022-07-10 18:19:29,983 DEBUG epoch [1/50], train_loss 0.0347 (0.0708), val_loss 0.0557 (0.0599)
2022-07-10 18:19:30,709 DEBUG epoch [2/50], train_loss 0.0729 (0.0658), val_loss 0.0575 (0.0592)
2022-07-10 18:19:31,502 DEBUG epoch [3/50], train_loss 0.0524 (0.0640), val_loss 0.0556 (0.0588)
2022-07-10 18:19:32,328 DEBUG epoch [4/50], train_loss 0.0385 (0.0630), val_loss 0.0576 (0.0586)
2022-07-10 18:19:33,046 DEBUG epoch [5/50], train_loss 0.0721 (0.0622), val_loss 0.0599 (0.0585)
2022-07-10 18:19:33,725 DEBUG epoch [6/50], train_loss 0.0569 (0.0616), val_loss 0.0666 (0.0588)
2022-07-10 18:19:34,370 DEBUG epoch [7/50], train_loss 0.0885 (0.0613), val_loss 0.0600 (0.0585)
2022-07-10 18:19:35,010 DEBUG epoch [8/50], train_loss 0.0340 (0.0611), val_loss 0.0489 (0.0583)
2022-07-10 18:19:35,641 DEBUG epoch [9/50], train_loss 0.0484 (0.0607), val_loss 0.0539 (0.0582)
2022-07-10 18:22:10,424 DEBUG Generating IR ...... (may take a while)
2022-07-10 18:22:12,165 DEBUG epoch [1/50], train_loss 0.0347 (0.0708), val_loss 0.0557 (0.0599)
2022-07-10 18:22:12,826 DEBUG epoch [2/50], train_loss 0.0729 (0.0658), val_loss 0.0575 (0.0592)
2022-07-10 18:22:13,560 DEBUG epoch [3/50], train_loss 0.0524 (0.0640), val_loss 0.0556 (0.0588)
2022-07-10 18:22:14,340 DEBUG epoch [4/50], train_loss 0.0385 (0.0630), val_loss 0.0576 (0.0586)
2022-07-10 18:22:15,029 DEBUG epoch [5/50], train_loss 0.0721 (0.0622), val_loss 0.0599 (0.0585)
2022-07-10 18:22:15,743 DEBUG epoch [6/50], train_loss 0.0569 (0.0616), val_loss 0.0666 (0.0588)
2022-07-10 18:22:16,377 DEBUG epoch [7/50], train_loss 0.0885 (0.0613), val_loss 0.0600 (0.0585)
2022-07-10 18:22:17,003 DEBUG epoch [8/50], train_loss 0.0340 (0.0611), val_loss 0.0489 (0.0583)
2022-07-10 18:22:17,644 DEBUG epoch [9/50], train_loss 0.0484 (0.0607), val_loss 0.0539 (0.0582)
2022-07-10 18:22:18,269 DEBUG epoch [10/50], train_loss 0.0394 (0.0604), val_loss 0.0562 (0.0582)
2022-07-10 18:22:18,902 DEBUG epoch [11/50], train_loss 0.0481 (0.0602), val_loss 0.0621 (0.0581)
2022-07-10 18:22:19,528 DEBUG epoch [12/50], train_loss 0.0677 (0.0600), val_loss 0.0545 (0.0581)
2022-07-10 18:22:20,150 DEBUG epoch [13/50], train_loss 0.0685 (0.0598), val_loss 0.0555 (0.0581)
2022-07-10 18:22:20,851 DEBUG epoch [14/50], train_loss 0.0271 (0.0596), val_loss 0.0559 (0.0581)
2022-07-10 18:22:21,447 DEBUG epoch [15/50], train_loss 0.0759 (0.0595), val_loss 0.0686 (0.0582)
2022-07-10 18:22:22,124 DEBUG epoch [16/50], train_loss 0.0376 (0.0594), val_loss 0.0588 (0.0581)
2022-07-10 18:22:22,720 DEBUG epoch [17/50], train_loss 0.0332 (0.0592), val_loss 0.0678 (0.0581)
2022-07-10 18:22:23,345 DEBUG epoch [18/50], train_loss 0.1010 (0.0590), val_loss 0.0538 (0.0581)
2022-07-10 18:22:23,971 DEBUG epoch [19/50], train_loss 0.1098 (0.0589), val_loss 0.0584 (0.0581)
2022-07-10 18:22:24,620 DEBUG epoch [20/50], train_loss 0.0445 (0.0587), val_loss 0.0487 (0.0581)
2022-07-10 18:22:25,223 DEBUG epoch [21/50], train_loss 0.1288 (0.0586), val_loss 0.0619 (0.0582)
2022-07-10 18:22:25,826 DEBUG epoch [22/50], train_loss 0.0930 (0.0584), val_loss 0.0527 (0.0582)
2022-07-10 18:22:26,442 DEBUG epoch [23/50], train_loss 0.1011 (0.0584), val_loss 0.0716 (0.0583)
2022-07-10 18:22:27,104 DEBUG epoch [24/50], train_loss 0.0703 (0.0583), val_loss 0.0614 (0.0583)
2022-07-10 18:22:27,713 DEBUG epoch [25/50], train_loss 0.0389 (0.0582), val_loss 0.0563 (0.0583)
2022-07-10 18:22:28,335 DEBUG epoch [26/50], train_loss 0.0817 (0.0581), val_loss 0.0586 (0.0584)
2022-07-10 18:22:28,963 DEBUG epoch [27/50], train_loss 0.0352 (0.0580), val_loss 0.0704 (0.0585)
2022-07-10 18:22:29,604 DEBUG epoch [28/50], train_loss 0.0561 (0.0579), val_loss 0.0543 (0.0586)
2022-07-10 18:22:30,252 DEBUG epoch [29/50], train_loss 0.0431 (0.0577), val_loss 0.0669 (0.0587)
2022-07-10 18:22:30,875 DEBUG epoch [30/50], train_loss 0.0515 (0.0576), val_loss 0.0606 (0.0587)
2022-07-10 18:22:31,579 DEBUG epoch [31/50], train_loss 0.0720 (0.0575), val_loss 0.0510 (0.0587)
2022-07-10 18:22:32,212 DEBUG epoch [32/50], train_loss 0.0449 (0.0574), val_loss 0.0643 (0.0587)
2022-07-10 18:22:32,842 DEBUG epoch [33/50], train_loss 0.0362 (0.0573), val_loss 0.0517 (0.0586)
2022-07-10 18:22:33,515 DEBUG epoch [34/50], train_loss 0.1510 (0.0571), val_loss 0.0666 (0.0587)
2022-07-10 18:22:34,167 DEBUG epoch [35/50], train_loss 0.0709 (0.0570), val_loss 0.0611 (0.0587)
2022-07-10 18:22:34,800 DEBUG epoch [36/50], train_loss 0.0342 (0.0569), val_loss 0.0651 (0.0589)
2022-07-10 18:22:35,444 DEBUG epoch [37/50], train_loss 0.0657 (0.0567), val_loss 0.0671 (0.0590)
2022-07-10 18:22:36,103 DEBUG epoch [38/50], train_loss 0.0861 (0.0565), val_loss 0.0751 (0.0591)
2022-07-10 18:22:36,700 DEBUG epoch [39/50], train_loss 0.0387 (0.0564), val_loss 0.0589 (0.0590)
2022-07-10 18:22:37,337 DEBUG epoch [40/50], train_loss 0.0408 (0.0563), val_loss 0.0612 (0.0590)
2022-07-10 18:22:37,977 DEBUG epoch [41/50], train_loss 0.0276 (0.0562), val_loss 0.0780 (0.0592)
2022-07-10 18:22:38,616 DEBUG epoch [42/50], train_loss 0.1309 (0.0560), val_loss 0.0643 (0.0593)
2022-07-10 18:22:39,313 DEBUG epoch [43/50], train_loss 0.0221 (0.0559), val_loss 0.0674 (0.0594)
2022-07-10 18:22:39,994 DEBUG epoch [44/50], train_loss 0.0535 (0.0558), val_loss 0.0728 (0.0595)
2022-07-10 18:22:40,669 DEBUG epoch [45/50], train_loss 0.0674 (0.0557), val_loss 0.0731 (0.0596)
2022-07-10 18:22:41,328 DEBUG epoch [46/50], train_loss 0.0953 (0.0556), val_loss 0.0564 (0.0596)
2022-07-10 18:22:41,983 DEBUG epoch [47/50], train_loss 0.0441 (0.0554), val_loss 0.0648 (0.0597)
2022-07-10 18:22:42,628 DEBUG epoch [48/50], train_loss 0.0388 (0.0552), val_loss 0.0660 (0.0597)
2022-07-10 18:22:43,269 DEBUG epoch [49/50], train_loss 0.0706 (0.0550), val_loss 0.0675 (0.0598)
2022-07-10 18:22:43,894 DEBUG epoch [50/50], train_loss 0.0751 (0.0549), val_loss 0.0864 (0.0600)
2022-07-10 18:22:43,894 DEBUG Using MIA arch res_normN4C64 Best Validation Loss is 0.04872754216194153
2022-07-10 18:22:44,626 DEBUG MSE Loss on ALL Image is 0.0410 (Real Attack Results on the Target Client)
2022-07-10 18:22:44,626 DEBUG SSIM Loss on ALL Image is 0.4099 (Real Attack Results on the Target Client)
2022-07-10 18:22:44,626 DEBUG PSNR Loss on ALL Image is 14.5152 (Real Attack Results on the Target Client)
2022-07-10 18:26:09,408 DEBUG Generating IR ...... (may take a while)
2022-07-10 18:26:11,093 DEBUG epoch [1/50], train_loss 0.0347 (0.0708), val_loss 0.0557 (0.0599)
2022-07-10 18:26:11,804 DEBUG epoch [2/50], train_loss 0.0729 (0.0658), val_loss 0.0575 (0.0592)
2022-07-10 18:56:16,659 DEBUG Generating IR ...... (may take a while)
2022-07-10 18:56:18,547 DEBUG epoch [1/50], train_loss 0.0528 (0.0719), val_loss 0.0790 (0.0655)
2022-07-10 18:56:19,405 DEBUG epoch [2/50], train_loss 0.0553 (0.0663), val_loss 0.0642 (0.0653)
2022-07-10 18:56:20,313 DEBUG epoch [3/50], train_loss 0.0938 (0.0642), val_loss 0.0738 (0.0655)
2022-07-10 18:56:21,204 DEBUG epoch [4/50], train_loss 0.0822 (0.0630), val_loss 0.0770 (0.0652)
2022-07-10 18:56:21,986 DEBUG epoch [5/50], train_loss 0.0491 (0.0623), val_loss 0.0560 (0.0648)
2022-07-10 18:56:22,841 DEBUG epoch [6/50], train_loss 0.0424 (0.0616), val_loss 0.0769 (0.0648)
2022-07-10 18:56:23,618 DEBUG epoch [7/50], train_loss 0.0655 (0.0611), val_loss 0.0535 (0.0645)
2022-07-10 18:56:24,382 DEBUG epoch [8/50], train_loss 0.0406 (0.0607), val_loss 0.0554 (0.0643)
2022-07-10 18:56:25,154 DEBUG epoch [9/50], train_loss 0.0810 (0.0603), val_loss 0.0549 (0.0643)
2022-07-10 18:56:25,978 DEBUG epoch [10/50], train_loss 0.0655 (0.0601), val_loss 0.0760 (0.0643)
2022-07-10 18:56:26,948 DEBUG epoch [11/50], train_loss 0.0673 (0.0598), val_loss 0.0635 (0.0643)
2022-07-10 18:56:27,828 DEBUG epoch [12/50], train_loss 0.0299 (0.0595), val_loss 0.0754 (0.0645)
2022-07-10 18:56:28,853 DEBUG epoch [13/50], train_loss 0.0690 (0.0592), val_loss 0.0677 (0.0645)
2022-07-10 18:56:30,123 DEBUG epoch [14/50], train_loss 0.0362 (0.0589), val_loss 0.0562 (0.0645)
2022-07-10 18:56:31,244 DEBUG epoch [15/50], train_loss 0.0522 (0.0588), val_loss 0.0787 (0.0647)
2022-07-10 18:56:32,285 DEBUG epoch [16/50], train_loss 0.0550 (0.0587), val_loss 0.0625 (0.0648)
2022-07-10 18:56:33,399 DEBUG epoch [17/50], train_loss 0.0728 (0.0585), val_loss 0.0696 (0.0648)
2022-07-10 18:56:34,527 DEBUG epoch [18/50], train_loss 0.0767 (0.0583), val_loss 0.0502 (0.0649)
2022-07-10 18:56:35,674 DEBUG epoch [19/50], train_loss 0.0478 (0.0581), val_loss 0.0640 (0.0649)
2022-07-10 18:56:36,855 DEBUG epoch [20/50], train_loss 0.0868 (0.0579), val_loss 0.0505 (0.0649)
2022-07-10 18:56:38,047 DEBUG epoch [21/50], train_loss 0.0382 (0.0579), val_loss 0.0777 (0.0648)
2022-07-10 18:56:39,176 DEBUG epoch [22/50], train_loss 0.1211 (0.0577), val_loss 0.0646 (0.0649)
2022-07-10 18:56:40,291 DEBUG epoch [23/50], train_loss 0.0412 (0.0576), val_loss 0.0743 (0.0648)
2022-07-10 18:56:41,318 DEBUG epoch [24/50], train_loss 0.0918 (0.0576), val_loss 0.0557 (0.0648)
2022-07-10 18:56:42,381 DEBUG epoch [25/50], train_loss 0.0849 (0.0575), val_loss 0.0688 (0.0649)
2022-07-10 18:56:43,572 DEBUG epoch [26/50], train_loss 0.0935 (0.0574), val_loss 0.0721 (0.0649)
2022-07-10 18:56:44,780 DEBUG epoch [27/50], train_loss 0.0559 (0.0574), val_loss 0.0728 (0.0649)
2022-07-10 18:56:45,883 DEBUG epoch [28/50], train_loss 0.1166 (0.0573), val_loss 0.0720 (0.0650)
2022-07-10 18:56:46,973 DEBUG epoch [29/50], train_loss 0.0453 (0.0572), val_loss 0.0695 (0.0650)
2022-07-10 18:56:48,090 DEBUG epoch [30/50], train_loss 0.0337 (0.0570), val_loss 0.0652 (0.0651)
2022-07-10 18:56:49,227 DEBUG epoch [31/50], train_loss 0.0385 (0.0569), val_loss 0.0670 (0.0651)
2022-07-10 18:56:50,335 DEBUG epoch [32/50], train_loss 0.0526 (0.0568), val_loss 0.0686 (0.0652)
2022-07-10 18:56:51,500 DEBUG epoch [33/50], train_loss 0.0597 (0.0567), val_loss 0.0764 (0.0653)
2022-07-10 18:56:52,695 DEBUG epoch [34/50], train_loss 0.0318 (0.0565), val_loss 0.0656 (0.0653)
2022-07-10 18:56:53,828 DEBUG epoch [35/50], train_loss 0.1005 (0.0564), val_loss 0.0683 (0.0653)
2022-07-10 18:56:55,063 DEBUG epoch [36/50], train_loss 0.0367 (0.0563), val_loss 0.0617 (0.0653)
2022-07-10 18:56:56,252 DEBUG epoch [37/50], train_loss 0.0497 (0.0562), val_loss 0.0699 (0.0654)
2022-07-10 18:56:57,383 DEBUG epoch [38/50], train_loss 0.0565 (0.0561), val_loss 0.0662 (0.0653)
2022-07-10 18:56:58,538 DEBUG epoch [39/50], train_loss 0.0454 (0.0560), val_loss 0.0729 (0.0654)
2022-07-10 18:56:59,723 DEBUG epoch [40/50], train_loss 0.0437 (0.0558), val_loss 0.0759 (0.0656)
2022-07-10 18:57:00,868 DEBUG epoch [41/50], train_loss 0.0410 (0.0557), val_loss 0.0707 (0.0656)
2022-07-10 18:57:02,028 DEBUG epoch [42/50], train_loss 0.0730 (0.0555), val_loss 0.0629 (0.0657)
2022-07-10 18:57:03,169 DEBUG epoch [43/50], train_loss 0.0364 (0.0554), val_loss 0.0776 (0.0657)
2022-07-10 18:57:04,380 DEBUG epoch [44/50], train_loss 0.0530 (0.0553), val_loss 0.0600 (0.0658)
2022-07-10 18:57:05,558 DEBUG epoch [45/50], train_loss 0.0748 (0.0551), val_loss 0.0875 (0.0658)
2022-07-10 18:57:06,624 DEBUG epoch [46/50], train_loss 0.0765 (0.0549), val_loss 0.0614 (0.0659)
2022-07-10 18:57:07,785 DEBUG epoch [47/50], train_loss 0.0562 (0.0548), val_loss 0.0774 (0.0660)
2022-07-10 18:57:08,909 DEBUG epoch [48/50], train_loss 0.0779 (0.0546), val_loss 0.0666 (0.0661)
2022-07-10 18:57:10,099 DEBUG epoch [49/50], train_loss 0.0802 (0.0545), val_loss 0.0563 (0.0661)
2022-07-10 18:57:11,301 DEBUG epoch [50/50], train_loss 0.0660 (0.0544), val_loss 0.0690 (0.0661)
2022-07-10 18:57:11,301 DEBUG Using MIA arch res_normN4C64 Best Validation Loss is 0.05023645609617233
2022-07-10 18:57:12,692 DEBUG MSE Loss on ALL Image is 0.0410 (Real Attack Results on the Target Client)
2022-07-10 18:57:12,692 DEBUG SSIM Loss on ALL Image is 0.4197 (Real Attack Results on the Target Client)
2022-07-10 18:57:12,692 DEBUG PSNR Loss on ALL Image is 14.6605 (Real Attack Results on the Target Client)
