2022-07-06 04:47:37,587 DEBUG Enable ResSFL fine-tuning: arch-res_normN4C64-alpha-2.0-ssim-0.6, using cifar100 as auxiliary data
2022-07-06 04:47:38,346 DEBUG SFL-Moco (ResSFL-expert) Train on cifar10 with cutlayer 1: total epochs: 200
2022-07-06 04:51:48,476 DEBUG epoch:1, knn_val_accu: 36.91, contrast_loss: 14.26, contrast_acc: 11.97, gan_train_loss: 0.8173, gan_eval_loss: 0.4411
2022-07-06 04:56:03,777 DEBUG epoch:2, knn_val_accu: 45.48, contrast_loss: 13.48, contrast_acc: 10.32, gan_train_loss: 0.9002, gan_eval_loss: 0.4359
2022-07-06 05:00:17,658 DEBUG epoch:3, knn_val_accu: 49.52, contrast_loss: 12.01, contrast_acc: 11.96, gan_train_loss: 0.9302, gan_eval_loss: 0.4331
2022-07-06 05:04:32,212 DEBUG epoch:4, knn_val_accu: 53.05, contrast_loss: 10.82, contrast_acc: 13.32, gan_train_loss: 0.9431, gan_eval_loss: 0.4330
2022-07-06 05:08:48,018 DEBUG epoch:5, knn_val_accu: 55.53, contrast_loss: 9.78, contrast_acc: 15.73, gan_train_loss: 0.9500, gan_eval_loss: 0.4336
2022-07-06 05:13:01,918 DEBUG epoch:6, knn_val_accu: 56.96, contrast_loss: 9.01, contrast_acc: 18.21, gan_train_loss: 0.9544, gan_eval_loss: 0.4339
2022-07-06 05:17:17,455 DEBUG epoch:7, knn_val_accu: 58.69, contrast_loss: 8.47, contrast_acc: 20.66, gan_train_loss: 0.9582, gan_eval_loss: 0.4346
2022-07-06 05:21:32,177 DEBUG epoch:8, knn_val_accu: 59.92, contrast_loss: 8.08, contrast_acc: 22.17, gan_train_loss: 0.9607, gan_eval_loss: 0.4338
2022-07-06 05:25:48,427 DEBUG epoch:9, knn_val_accu: 60.26, contrast_loss: 7.79, contrast_acc: 23.58, gan_train_loss: 0.9620, gan_eval_loss: 0.4328
2022-07-06 05:30:02,712 DEBUG epoch:10, knn_val_accu: 60.36, contrast_loss: 7.57, contrast_acc: 24.92, gan_train_loss: 0.9635, gan_eval_loss: 0.4343
2022-07-06 05:34:16,551 DEBUG epoch:11, knn_val_accu: 61.27, contrast_loss: 7.42, contrast_acc: 25.44, gan_train_loss: 0.9654, gan_eval_loss: 0.4345
2022-07-06 05:38:33,238 DEBUG epoch:12, knn_val_accu: 61.30, contrast_loss: 7.27, contrast_acc: 26.62, gan_train_loss: 0.9660, gan_eval_loss: 0.4340
2022-07-06 05:42:47,409 DEBUG epoch:13, knn_val_accu: 61.71, contrast_loss: 7.14, contrast_acc: 27.34, gan_train_loss: 0.9668, gan_eval_loss: 0.4339
2022-07-06 05:47:03,601 DEBUG epoch:14, knn_val_accu: 62.34, contrast_loss: 7.05, contrast_acc: 27.59, gan_train_loss: 0.9671, gan_eval_loss: 0.4339
2022-07-06 05:51:17,540 DEBUG epoch:15, knn_val_accu: 61.88, contrast_loss: 6.96, contrast_acc: 28.50, gan_train_loss: 0.9680, gan_eval_loss: 0.4343
2022-07-06 05:55:33,202 DEBUG epoch:16, knn_val_accu: 62.99, contrast_loss: 6.88, contrast_acc: 28.86, gan_train_loss: 0.9683, gan_eval_loss: 0.4339
2022-07-06 05:59:47,280 DEBUG epoch:17, knn_val_accu: 63.31, contrast_loss: 6.83, contrast_acc: 29.18, gan_train_loss: 0.9675, gan_eval_loss: 0.4346
2022-07-06 06:04:01,907 DEBUG epoch:18, knn_val_accu: 63.20, contrast_loss: 6.75, contrast_acc: 29.81, gan_train_loss: 0.9692, gan_eval_loss: 0.4339
2022-07-06 06:08:18,674 DEBUG epoch:19, knn_val_accu: 63.82, contrast_loss: 6.71, contrast_acc: 30.14, gan_train_loss: 0.9696, gan_eval_loss: 0.4342
2022-07-06 06:12:33,654 DEBUG epoch:20, knn_val_accu: 63.38, contrast_loss: 6.67, contrast_acc: 30.35, gan_train_loss: 0.9702, gan_eval_loss: 0.4345
2022-07-06 06:16:51,233 DEBUG epoch:21, knn_val_accu: 64.11, contrast_loss: 6.62, contrast_acc: 30.92, gan_train_loss: 0.9706, gan_eval_loss: 0.4342
2022-07-06 06:21:06,072 DEBUG epoch:22, knn_val_accu: 63.72, contrast_loss: 6.60, contrast_acc: 31.03, gan_train_loss: 0.9709, gan_eval_loss: 0.4340
2022-07-06 06:25:23,592 DEBUG epoch:23, knn_val_accu: 64.18, contrast_loss: 6.54, contrast_acc: 31.53, gan_train_loss: 0.9711, gan_eval_loss: 0.4345
2022-07-06 06:29:38,239 DEBUG epoch:24, knn_val_accu: 64.73, contrast_loss: 6.53, contrast_acc: 31.68, gan_train_loss: 0.9712, gan_eval_loss: 0.4336
2022-07-06 06:33:52,890 DEBUG epoch:25, knn_val_accu: 64.30, contrast_loss: 6.48, contrast_acc: 32.09, gan_train_loss: 0.9717, gan_eval_loss: 0.4341
2022-07-06 06:38:09,523 DEBUG epoch:26, knn_val_accu: 65.16, contrast_loss: 6.49, contrast_acc: 32.20, gan_train_loss: 0.9722, gan_eval_loss: 0.4351
2022-07-06 06:42:24,255 DEBUG epoch:27, knn_val_accu: 65.30, contrast_loss: 6.44, contrast_acc: 32.54, gan_train_loss: 0.9720, gan_eval_loss: 0.4339
2022-07-06 06:46:40,482 DEBUG epoch:28, knn_val_accu: 64.81, contrast_loss: 6.40, contrast_acc: 33.07, gan_train_loss: 0.9723, gan_eval_loss: 0.4343
2022-07-06 06:50:55,061 DEBUG epoch:29, knn_val_accu: 65.16, contrast_loss: 6.39, contrast_acc: 33.07, gan_train_loss: 0.9727, gan_eval_loss: 0.4346
2022-07-06 06:55:11,234 DEBUG epoch:30, knn_val_accu: 64.81, contrast_loss: 6.38, contrast_acc: 33.03, gan_train_loss: 0.9727, gan_eval_loss: 0.4344
2022-07-06 06:59:25,418 DEBUG epoch:31, knn_val_accu: 64.75, contrast_loss: 6.35, contrast_acc: 33.43, gan_train_loss: 0.9712, gan_eval_loss: 0.4335
2022-07-06 07:03:40,595 DEBUG epoch:32, knn_val_accu: 64.02, contrast_loss: 6.34, contrast_acc: 33.68, gan_train_loss: 0.9726, gan_eval_loss: 0.4344
2022-07-06 07:07:57,183 DEBUG epoch:33, knn_val_accu: 64.86, contrast_loss: 6.33, contrast_acc: 33.68, gan_train_loss: 0.9727, gan_eval_loss: 0.4334
2022-07-06 07:12:11,845 DEBUG epoch:34, knn_val_accu: 66.50, contrast_loss: 6.31, contrast_acc: 33.98, gan_train_loss: 0.9734, gan_eval_loss: 0.4338
2022-07-06 07:16:28,184 DEBUG epoch:35, knn_val_accu: 65.34, contrast_loss: 6.31, contrast_acc: 33.91, gan_train_loss: 0.9735, gan_eval_loss: 0.4349
2022-07-06 07:20:43,579 DEBUG epoch:36, knn_val_accu: 65.53, contrast_loss: 6.29, contrast_acc: 33.76, gan_train_loss: 0.9738, gan_eval_loss: 0.4342
2022-07-06 07:25:00,562 DEBUG epoch:37, knn_val_accu: 65.85, contrast_loss: 6.27, contrast_acc: 34.22, gan_train_loss: 0.9737, gan_eval_loss: 0.4339
2022-07-06 07:29:15,855 DEBUG epoch:38, knn_val_accu: 65.40, contrast_loss: 6.27, contrast_acc: 34.24, gan_train_loss: 0.9740, gan_eval_loss: 0.4345
2022-07-06 07:33:30,966 DEBUG epoch:39, knn_val_accu: 65.91, contrast_loss: 6.25, contrast_acc: 34.60, gan_train_loss: 0.9739, gan_eval_loss: 0.4345
2022-07-06 07:37:47,449 DEBUG epoch:40, knn_val_accu: 65.25, contrast_loss: 6.25, contrast_acc: 34.65, gan_train_loss: 0.9744, gan_eval_loss: 0.4340
2022-07-06 07:42:01,860 DEBUG epoch:41, knn_val_accu: 65.74, contrast_loss: 6.23, contrast_acc: 34.53, gan_train_loss: 0.9742, gan_eval_loss: 0.4338
2022-07-06 07:46:18,288 DEBUG epoch:42, knn_val_accu: 66.04, contrast_loss: 6.21, contrast_acc: 34.80, gan_train_loss: 0.9744, gan_eval_loss: 0.4341
2022-07-06 07:50:33,547 DEBUG epoch:43, knn_val_accu: 65.89, contrast_loss: 6.20, contrast_acc: 34.87, gan_train_loss: 0.9746, gan_eval_loss: 0.4342
2022-07-06 07:54:50,088 DEBUG epoch:44, knn_val_accu: 66.26, contrast_loss: 6.19, contrast_acc: 34.96, gan_train_loss: 0.9740, gan_eval_loss: 0.4345
2022-07-06 07:59:04,386 DEBUG epoch:45, knn_val_accu: 66.20, contrast_loss: 6.19, contrast_acc: 35.28, gan_train_loss: 0.9749, gan_eval_loss: 0.4349
2022-07-06 08:03:18,874 DEBUG epoch:46, knn_val_accu: 67.12, contrast_loss: 6.16, contrast_acc: 35.43, gan_train_loss: 0.9748, gan_eval_loss: 0.4347
2022-07-06 08:07:35,179 DEBUG epoch:47, knn_val_accu: 65.72, contrast_loss: 6.17, contrast_acc: 35.25, gan_train_loss: 0.9750, gan_eval_loss: 0.4338
2022-07-06 08:11:49,332 DEBUG epoch:48, knn_val_accu: 66.55, contrast_loss: 6.16, contrast_acc: 35.65, gan_train_loss: 0.9751, gan_eval_loss: 0.4339
2022-07-06 08:16:06,315 DEBUG epoch:49, knn_val_accu: 66.35, contrast_loss: 6.16, contrast_acc: 35.54, gan_train_loss: 0.9753, gan_eval_loss: 0.4340
2022-07-06 08:20:20,062 DEBUG epoch:50, knn_val_accu: 66.05, contrast_loss: 6.14, contrast_acc: 35.73, gan_train_loss: 0.9756, gan_eval_loss: 0.4352
2022-07-06 08:24:36,803 DEBUG epoch:51, knn_val_accu: 66.15, contrast_loss: 6.12, contrast_acc: 35.66, gan_train_loss: 0.9756, gan_eval_loss: 0.4342
2022-07-06 08:28:51,051 DEBUG epoch:52, knn_val_accu: 65.82, contrast_loss: 6.16, contrast_acc: 35.56, gan_train_loss: 0.9753, gan_eval_loss: 0.4342
2022-07-06 08:33:06,123 DEBUG epoch:53, knn_val_accu: 66.62, contrast_loss: 6.12, contrast_acc: 36.06, gan_train_loss: 0.9754, gan_eval_loss: 0.4348
2022-07-06 08:37:33,474 DEBUG epoch:54, knn_val_accu: 65.63, contrast_loss: 6.09, contrast_acc: 36.07, gan_train_loss: 0.9755, gan_eval_loss: 0.4350
2022-07-06 08:41:56,557 DEBUG epoch:55, knn_val_accu: 66.73, contrast_loss: 6.09, contrast_acc: 36.06, gan_train_loss: 0.9758, gan_eval_loss: 0.4347
2022-07-06 08:46:20,619 DEBUG epoch:56, knn_val_accu: 66.39, contrast_loss: 6.07, contrast_acc: 36.52, gan_train_loss: 0.9761, gan_eval_loss: 0.4347
2022-07-06 08:50:43,210 DEBUG epoch:57, knn_val_accu: 66.75, contrast_loss: 6.07, contrast_acc: 36.61, gan_train_loss: 0.9759, gan_eval_loss: 0.4338
2022-07-06 08:55:07,868 DEBUG epoch:58, knn_val_accu: 66.62, contrast_loss: 6.09, contrast_acc: 36.28, gan_train_loss: 0.9759, gan_eval_loss: 0.4345
2022-07-06 08:59:30,486 DEBUG epoch:59, knn_val_accu: 66.15, contrast_loss: 6.07, contrast_acc: 36.77, gan_train_loss: 0.9760, gan_eval_loss: 0.4351
2022-07-06 09:03:53,195 DEBUG epoch:60, knn_val_accu: 66.18, contrast_loss: 6.07, contrast_acc: 36.38, gan_train_loss: 0.9761, gan_eval_loss: 0.4348
2022-07-06 09:08:17,510 DEBUG epoch:61, knn_val_accu: 67.03, contrast_loss: 6.04, contrast_acc: 36.93, gan_train_loss: 0.9772, gan_eval_loss: 0.4348
2022-07-06 09:12:39,903 DEBUG epoch:62, knn_val_accu: 67.12, contrast_loss: 6.03, contrast_acc: 36.98, gan_train_loss: 0.9778, gan_eval_loss: 0.4354
2022-07-06 09:17:04,224 DEBUG epoch:63, knn_val_accu: 66.50, contrast_loss: 6.03, contrast_acc: 37.05, gan_train_loss: 0.9776, gan_eval_loss: 0.4353
2022-07-06 09:21:26,690 DEBUG epoch:64, knn_val_accu: 67.38, contrast_loss: 6.04, contrast_acc: 36.98, gan_train_loss: 0.9780, gan_eval_loss: 0.4347
2022-07-06 09:25:50,888 DEBUG epoch:65, knn_val_accu: 66.31, contrast_loss: 6.00, contrast_acc: 37.18, gan_train_loss: 0.9779, gan_eval_loss: 0.4343
2022-07-06 09:30:13,380 DEBUG epoch:66, knn_val_accu: 67.14, contrast_loss: 6.01, contrast_acc: 37.20, gan_train_loss: 0.9780, gan_eval_loss: 0.4347
2022-07-06 09:34:37,709 DEBUG epoch:67, knn_val_accu: 67.44, contrast_loss: 6.01, contrast_acc: 37.13, gan_train_loss: 0.9781, gan_eval_loss: 0.4351
2022-07-06 09:39:00,173 DEBUG epoch:68, knn_val_accu: 66.41, contrast_loss: 6.01, contrast_acc: 37.40, gan_train_loss: 0.9779, gan_eval_loss: 0.4342
2022-07-06 09:43:21,889 DEBUG epoch:69, knn_val_accu: 66.28, contrast_loss: 5.99, contrast_acc: 37.69, gan_train_loss: 0.9781, gan_eval_loss: 0.4351
2022-07-06 09:47:46,626 DEBUG epoch:70, knn_val_accu: 66.82, contrast_loss: 5.97, contrast_acc: 37.48, gan_train_loss: 0.9782, gan_eval_loss: 0.4343
2022-07-06 09:52:08,964 DEBUG epoch:71, knn_val_accu: 66.93, contrast_loss: 5.97, contrast_acc: 37.57, gan_train_loss: 0.9781, gan_eval_loss: 0.4346
2022-07-06 09:56:32,958 DEBUG epoch:72, knn_val_accu: 67.55, contrast_loss: 5.97, contrast_acc: 37.68, gan_train_loss: 0.9784, gan_eval_loss: 0.4348
2022-07-06 10:00:56,184 DEBUG epoch:73, knn_val_accu: 66.73, contrast_loss: 5.96, contrast_acc: 37.79, gan_train_loss: 0.9785, gan_eval_loss: 0.4342
2022-07-06 10:05:20,581 DEBUG epoch:74, knn_val_accu: 67.36, contrast_loss: 5.94, contrast_acc: 37.75, gan_train_loss: 0.9784, gan_eval_loss: 0.4343
2022-07-06 10:09:43,638 DEBUG epoch:75, knn_val_accu: 67.59, contrast_loss: 5.96, contrast_acc: 37.86, gan_train_loss: 0.9783, gan_eval_loss: 0.4346
2022-07-06 10:14:07,638 DEBUG epoch:76, knn_val_accu: 66.72, contrast_loss: 5.94, contrast_acc: 37.78, gan_train_loss: 0.9783, gan_eval_loss: 0.4353
2022-07-06 10:18:30,591 DEBUG epoch:77, knn_val_accu: 67.33, contrast_loss: 5.95, contrast_acc: 37.86, gan_train_loss: 0.9783, gan_eval_loss: 0.4350
2022-07-06 10:22:53,234 DEBUG epoch:78, knn_val_accu: 67.04, contrast_loss: 5.95, contrast_acc: 37.93, gan_train_loss: 0.9782, gan_eval_loss: 0.4352
2022-07-06 10:27:18,130 DEBUG epoch:79, knn_val_accu: 67.95, contrast_loss: 5.92, contrast_acc: 38.17, gan_train_loss: 0.9783, gan_eval_loss: 0.4345
2022-07-06 10:31:40,669 DEBUG epoch:80, knn_val_accu: 66.44, contrast_loss: 5.90, contrast_acc: 38.16, gan_train_loss: 0.9784, gan_eval_loss: 0.4350
2022-07-06 10:36:05,342 DEBUG epoch:81, knn_val_accu: 67.33, contrast_loss: 5.92, contrast_acc: 38.38, gan_train_loss: 0.9784, gan_eval_loss: 0.4343
2022-07-06 10:40:28,031 DEBUG epoch:82, knn_val_accu: 67.32, contrast_loss: 5.89, contrast_acc: 38.47, gan_train_loss: 0.9787, gan_eval_loss: 0.4348
2022-07-06 10:44:53,479 DEBUG epoch:83, knn_val_accu: 67.62, contrast_loss: 5.90, contrast_acc: 38.23, gan_train_loss: 0.9785, gan_eval_loss: 0.4352
2022-07-06 10:49:16,022 DEBUG epoch:84, knn_val_accu: 67.69, contrast_loss: 5.88, contrast_acc: 38.52, gan_train_loss: 0.9786, gan_eval_loss: 0.4348
2022-07-06 10:53:40,730 DEBUG epoch:85, knn_val_accu: 67.11, contrast_loss: 5.87, contrast_acc: 38.68, gan_train_loss: 0.9786, gan_eval_loss: 0.4350
2022-07-06 10:58:03,182 DEBUG epoch:86, knn_val_accu: 67.46, contrast_loss: 5.88, contrast_acc: 38.72, gan_train_loss: 0.9787, gan_eval_loss: 0.4353
2022-07-06 11:02:25,455 DEBUG epoch:87, knn_val_accu: 67.97, contrast_loss: 5.85, contrast_acc: 39.02, gan_train_loss: 0.9788, gan_eval_loss: 0.4351
2022-07-06 11:06:50,125 DEBUG epoch:88, knn_val_accu: 67.82, contrast_loss: 5.86, contrast_acc: 39.26, gan_train_loss: 0.9788, gan_eval_loss: 0.4342
2022-07-06 11:11:12,402 DEBUG epoch:89, knn_val_accu: 68.08, contrast_loss: 5.85, contrast_acc: 39.08, gan_train_loss: 0.9789, gan_eval_loss: 0.4349
2022-07-06 11:15:36,386 DEBUG epoch:90, knn_val_accu: 67.60, contrast_loss: 5.83, contrast_acc: 39.29, gan_train_loss: 0.9789, gan_eval_loss: 0.4346
2022-07-06 11:19:58,486 DEBUG epoch:91, knn_val_accu: 67.43, contrast_loss: 5.84, contrast_acc: 39.13, gan_train_loss: 0.9788, gan_eval_loss: 0.4346
2022-07-06 11:24:22,923 DEBUG epoch:92, knn_val_accu: 67.73, contrast_loss: 5.82, contrast_acc: 39.23, gan_train_loss: 0.9783, gan_eval_loss: 0.4349
2022-07-06 11:28:45,772 DEBUG epoch:93, knn_val_accu: 67.94, contrast_loss: 5.82, contrast_acc: 39.39, gan_train_loss: 0.9787, gan_eval_loss: 0.4344
2022-07-06 11:33:10,440 DEBUG epoch:94, knn_val_accu: 68.49, contrast_loss: 5.83, contrast_acc: 39.31, gan_train_loss: 0.9789, gan_eval_loss: 0.4345
2022-07-06 11:37:33,397 DEBUG epoch:95, knn_val_accu: 68.56, contrast_loss: 5.79, contrast_acc: 39.66, gan_train_loss: 0.9790, gan_eval_loss: 0.4342
2022-07-06 11:41:56,339 DEBUG epoch:96, knn_val_accu: 68.13, contrast_loss: 5.81, contrast_acc: 39.54, gan_train_loss: 0.9789, gan_eval_loss: 0.4346
2022-07-06 11:46:21,085 DEBUG epoch:97, knn_val_accu: 68.14, contrast_loss: 5.78, contrast_acc: 39.60, gan_train_loss: 0.9792, gan_eval_loss: 0.4341
2022-07-06 11:50:43,877 DEBUG epoch:98, knn_val_accu: 68.39, contrast_loss: 5.78, contrast_acc: 39.54, gan_train_loss: 0.9791, gan_eval_loss: 0.4354
2022-07-06 11:55:08,770 DEBUG epoch:99, knn_val_accu: 67.78, contrast_loss: 5.76, contrast_acc: 40.04, gan_train_loss: 0.9791, gan_eval_loss: 0.4348
2022-07-06 11:59:30,581 DEBUG epoch:100, knn_val_accu: 68.61, contrast_loss: 5.76, contrast_acc: 40.22, gan_train_loss: 0.9794, gan_eval_loss: 0.4352
2022-07-06 12:03:54,925 DEBUG epoch:101, knn_val_accu: 68.89, contrast_loss: 5.76, contrast_acc: 40.24, gan_train_loss: 0.9796, gan_eval_loss: 0.4345
2022-07-06 12:08:18,134 DEBUG epoch:102, knn_val_accu: 68.48, contrast_loss: 5.76, contrast_acc: 40.22, gan_train_loss: 0.9793, gan_eval_loss: 0.4342
2022-07-06 12:12:41,915 DEBUG epoch:103, knn_val_accu: 68.71, contrast_loss: 5.75, contrast_acc: 40.25, gan_train_loss: 0.9791, gan_eval_loss: 0.4345
2022-07-06 12:17:04,094 DEBUG epoch:104, knn_val_accu: 68.55, contrast_loss: 5.73, contrast_acc: 40.30, gan_train_loss: 0.9795, gan_eval_loss: 0.4349
2022-07-06 12:21:26,420 DEBUG epoch:105, knn_val_accu: 68.37, contrast_loss: 5.73, contrast_acc: 40.43, gan_train_loss: 0.9794, gan_eval_loss: 0.4342
2022-07-06 12:25:50,879 DEBUG epoch:106, knn_val_accu: 68.35, contrast_loss: 5.72, contrast_acc: 40.35, gan_train_loss: 0.9795, gan_eval_loss: 0.4347
2022-07-06 12:30:13,555 DEBUG epoch:107, knn_val_accu: 68.68, contrast_loss: 5.71, contrast_acc: 40.69, gan_train_loss: 0.9796, gan_eval_loss: 0.4345
2022-07-06 12:34:38,105 DEBUG epoch:108, knn_val_accu: 68.20, contrast_loss: 5.69, contrast_acc: 40.73, gan_train_loss: 0.9796, gan_eval_loss: 0.4350
2022-07-06 12:39:01,665 DEBUG epoch:109, knn_val_accu: 69.01, contrast_loss: 5.69, contrast_acc: 41.09, gan_train_loss: 0.9795, gan_eval_loss: 0.4348
2022-07-06 12:43:26,381 DEBUG epoch:110, knn_val_accu: 68.28, contrast_loss: 5.67, contrast_acc: 41.14, gan_train_loss: 0.9795, gan_eval_loss: 0.4353
2022-07-06 12:47:49,481 DEBUG epoch:111, knn_val_accu: 69.13, contrast_loss: 5.68, contrast_acc: 40.71, gan_train_loss: 0.9796, gan_eval_loss: 0.4353
2022-07-06 12:52:13,906 DEBUG epoch:112, knn_val_accu: 68.46, contrast_loss: 5.68, contrast_acc: 40.71, gan_train_loss: 0.9794, gan_eval_loss: 0.4342
2022-07-06 12:56:36,536 DEBUG epoch:113, knn_val_accu: 69.03, contrast_loss: 5.66, contrast_acc: 41.41, gan_train_loss: 0.9796, gan_eval_loss: 0.4344
2022-07-06 13:00:59,567 DEBUG epoch:114, knn_val_accu: 69.01, contrast_loss: 5.67, contrast_acc: 41.23, gan_train_loss: 0.9797, gan_eval_loss: 0.4346
2022-07-06 13:05:24,571 DEBUG epoch:115, knn_val_accu: 69.32, contrast_loss: 5.67, contrast_acc: 41.30, gan_train_loss: 0.9796, gan_eval_loss: 0.4343
2022-07-06 13:09:47,560 DEBUG epoch:116, knn_val_accu: 68.75, contrast_loss: 5.65, contrast_acc: 41.49, gan_train_loss: 0.9797, gan_eval_loss: 0.4352
2022-07-06 13:14:12,104 DEBUG epoch:117, knn_val_accu: 69.28, contrast_loss: 5.63, contrast_acc: 41.69, gan_train_loss: 0.9799, gan_eval_loss: 0.4340
2022-07-06 13:18:34,181 DEBUG epoch:118, knn_val_accu: 70.05, contrast_loss: 5.64, contrast_acc: 41.73, gan_train_loss: 0.9798, gan_eval_loss: 0.4350
2022-07-06 13:22:58,601 DEBUG epoch:119, knn_val_accu: 68.89, contrast_loss: 5.62, contrast_acc: 41.60, gan_train_loss: 0.9798, gan_eval_loss: 0.4351
2022-07-06 13:27:21,377 DEBUG epoch:120, knn_val_accu: 69.17, contrast_loss: 5.63, contrast_acc: 41.79, gan_train_loss: 0.9800, gan_eval_loss: 0.4339
2022-07-06 13:31:46,009 DEBUG epoch:121, knn_val_accu: 69.35, contrast_loss: 5.60, contrast_acc: 42.26, gan_train_loss: 0.9804, gan_eval_loss: 0.4342
2022-07-06 13:36:08,550 DEBUG epoch:122, knn_val_accu: 69.31, contrast_loss: 5.59, contrast_acc: 42.13, gan_train_loss: 0.9803, gan_eval_loss: 0.4349
2022-07-06 13:40:31,947 DEBUG epoch:123, knn_val_accu: 69.09, contrast_loss: 5.58, contrast_acc: 42.46, gan_train_loss: 0.9803, gan_eval_loss: 0.4349
2022-07-06 13:44:56,889 DEBUG epoch:124, knn_val_accu: 69.22, contrast_loss: 5.56, contrast_acc: 42.31, gan_train_loss: 0.9802, gan_eval_loss: 0.4347
2022-07-06 13:49:19,660 DEBUG epoch:125, knn_val_accu: 69.37, contrast_loss: 5.55, contrast_acc: 43.00, gan_train_loss: 0.9805, gan_eval_loss: 0.4351
2022-07-06 13:53:44,094 DEBUG epoch:126, knn_val_accu: 69.27, contrast_loss: 5.57, contrast_acc: 42.50, gan_train_loss: 0.9805, gan_eval_loss: 0.4346
2022-07-06 13:58:06,892 DEBUG epoch:127, knn_val_accu: 69.38, contrast_loss: 5.55, contrast_acc: 42.83, gan_train_loss: 0.9805, gan_eval_loss: 0.4349
2022-07-06 14:02:31,477 DEBUG epoch:128, knn_val_accu: 69.19, contrast_loss: 5.54, contrast_acc: 42.81, gan_train_loss: 0.9806, gan_eval_loss: 0.4354
2022-07-06 14:06:55,093 DEBUG epoch:129, knn_val_accu: 69.48, contrast_loss: 5.52, contrast_acc: 43.36, gan_train_loss: 0.9804, gan_eval_loss: 0.4347
2022-07-06 14:11:19,265 DEBUG epoch:130, knn_val_accu: 69.69, contrast_loss: 5.51, contrast_acc: 43.10, gan_train_loss: 0.9805, gan_eval_loss: 0.4339
2022-07-06 14:15:41,734 DEBUG epoch:131, knn_val_accu: 69.46, contrast_loss: 5.50, contrast_acc: 43.79, gan_train_loss: 0.9806, gan_eval_loss: 0.4342
2022-07-06 14:20:05,565 DEBUG epoch:132, knn_val_accu: 69.94, contrast_loss: 5.51, contrast_acc: 43.84, gan_train_loss: 0.9806, gan_eval_loss: 0.4344
2022-07-06 14:24:30,612 DEBUG epoch:133, knn_val_accu: 69.30, contrast_loss: 5.50, contrast_acc: 43.97, gan_train_loss: 0.9806, gan_eval_loss: 0.4345
2022-07-06 14:28:53,897 DEBUG epoch:134, knn_val_accu: 69.64, contrast_loss: 5.47, contrast_acc: 44.08, gan_train_loss: 0.9807, gan_eval_loss: 0.4345
2022-07-06 14:33:18,661 DEBUG epoch:135, knn_val_accu: 69.22, contrast_loss: 5.48, contrast_acc: 44.19, gan_train_loss: 0.9807, gan_eval_loss: 0.4346
2022-07-06 14:37:41,673 DEBUG epoch:136, knn_val_accu: 70.08, contrast_loss: 5.47, contrast_acc: 44.34, gan_train_loss: 0.9807, gan_eval_loss: 0.4345
2022-07-06 14:42:06,536 DEBUG epoch:137, knn_val_accu: 69.82, contrast_loss: 5.45, contrast_acc: 44.90, gan_train_loss: 0.9808, gan_eval_loss: 0.4345
2022-07-06 14:46:29,329 DEBUG epoch:138, knn_val_accu: 69.60, contrast_loss: 5.44, contrast_acc: 44.92, gan_train_loss: 0.9807, gan_eval_loss: 0.4342
2022-07-06 14:50:54,268 DEBUG epoch:139, knn_val_accu: 70.03, contrast_loss: 5.43, contrast_acc: 44.88, gan_train_loss: 0.9807, gan_eval_loss: 0.4347
2022-07-06 14:55:17,336 DEBUG epoch:140, knn_val_accu: 69.93, contrast_loss: 5.42, contrast_acc: 45.63, gan_train_loss: 0.9807, gan_eval_loss: 0.4342
2022-07-06 14:59:42,726 DEBUG epoch:141, knn_val_accu: 70.08, contrast_loss: 5.41, contrast_acc: 45.08, gan_train_loss: 0.9808, gan_eval_loss: 0.4341
2022-07-06 15:04:05,944 DEBUG epoch:142, knn_val_accu: 70.33, contrast_loss: 5.41, contrast_acc: 45.33, gan_train_loss: 0.9808, gan_eval_loss: 0.4346
2022-07-06 15:08:29,326 DEBUG epoch:143, knn_val_accu: 70.35, contrast_loss: 5.40, contrast_acc: 45.89, gan_train_loss: 0.9809, gan_eval_loss: 0.4348
2022-07-06 15:12:55,348 DEBUG epoch:144, knn_val_accu: 69.74, contrast_loss: 5.38, contrast_acc: 46.44, gan_train_loss: 0.9810, gan_eval_loss: 0.4343
2022-07-06 15:17:21,221 DEBUG epoch:145, knn_val_accu: 70.34, contrast_loss: 5.39, contrast_acc: 45.88, gan_train_loss: 0.9810, gan_eval_loss: 0.4347
2022-07-06 15:21:48,243 DEBUG epoch:146, knn_val_accu: 70.33, contrast_loss: 5.37, contrast_acc: 46.44, gan_train_loss: 0.9810, gan_eval_loss: 0.4340
2022-07-06 15:26:14,102 DEBUG epoch:147, knn_val_accu: 70.53, contrast_loss: 5.38, contrast_acc: 46.92, gan_train_loss: 0.9810, gan_eval_loss: 0.4348
2022-07-06 15:30:41,848 DEBUG epoch:148, knn_val_accu: 70.34, contrast_loss: 5.35, contrast_acc: 47.15, gan_train_loss: 0.9810, gan_eval_loss: 0.4343
2022-07-06 15:35:08,715 DEBUG epoch:149, knn_val_accu: 70.29, contrast_loss: 5.34, contrast_acc: 47.51, gan_train_loss: 0.9810, gan_eval_loss: 0.4348
2022-07-06 15:39:34,316 DEBUG epoch:150, knn_val_accu: 70.24, contrast_loss: 5.32, contrast_acc: 48.29, gan_train_loss: 0.9812, gan_eval_loss: 0.4345
2022-07-06 15:44:01,635 DEBUG epoch:151, knn_val_accu: 70.82, contrast_loss: 5.31, contrast_acc: 48.10, gan_train_loss: 0.9811, gan_eval_loss: 0.4350
2022-07-06 15:48:27,185 DEBUG epoch:152, knn_val_accu: 70.52, contrast_loss: 5.31, contrast_acc: 48.82, gan_train_loss: 0.9812, gan_eval_loss: 0.4340
2022-07-06 15:52:53,997 DEBUG epoch:153, knn_val_accu: 70.69, contrast_loss: 5.29, contrast_acc: 48.54, gan_train_loss: 0.9811, gan_eval_loss: 0.4347
2022-07-06 15:57:19,741 DEBUG epoch:154, knn_val_accu: 70.65, contrast_loss: 5.28, contrast_acc: 49.09, gan_train_loss: 0.9814, gan_eval_loss: 0.4344
2022-07-06 16:01:47,246 DEBUG epoch:155, knn_val_accu: 70.71, contrast_loss: 5.28, contrast_acc: 49.43, gan_train_loss: 0.9812, gan_eval_loss: 0.4348
2022-07-06 16:06:12,855 DEBUG epoch:156, knn_val_accu: 70.21, contrast_loss: 5.26, contrast_acc: 50.12, gan_train_loss: 0.9813, gan_eval_loss: 0.4346
2022-07-06 16:10:40,105 DEBUG epoch:157, knn_val_accu: 70.38, contrast_loss: 5.26, contrast_acc: 49.84, gan_train_loss: 0.9813, gan_eval_loss: 0.4346
2022-07-06 16:15:05,075 DEBUG epoch:158, knn_val_accu: 70.74, contrast_loss: 5.25, contrast_acc: 49.96, gan_train_loss: 0.9813, gan_eval_loss: 0.4345
2022-07-06 16:19:30,736 DEBUG epoch:159, knn_val_accu: 70.29, contrast_loss: 5.24, contrast_acc: 50.27, gan_train_loss: 0.9812, gan_eval_loss: 0.4342
2022-07-06 16:23:58,335 DEBUG epoch:160, knn_val_accu: 70.58, contrast_loss: 5.23, contrast_acc: 51.34, gan_train_loss: 0.9813, gan_eval_loss: 0.4343
2022-07-06 16:28:23,818 DEBUG epoch:161, knn_val_accu: 70.98, contrast_loss: 5.22, contrast_acc: 51.78, gan_train_loss: 0.9815, gan_eval_loss: 0.4338
2022-07-06 16:32:51,256 DEBUG epoch:162, knn_val_accu: 70.98, contrast_loss: 5.20, contrast_acc: 52.45, gan_train_loss: 0.9815, gan_eval_loss: 0.4349
2022-07-06 16:37:17,567 DEBUG epoch:163, knn_val_accu: 71.12, contrast_loss: 5.19, contrast_acc: 52.18, gan_train_loss: 0.9814, gan_eval_loss: 0.4340
2022-07-06 16:41:44,604 DEBUG epoch:164, knn_val_accu: 71.30, contrast_loss: 5.18, contrast_acc: 53.12, gan_train_loss: 0.9813, gan_eval_loss: 0.4353
2022-07-06 16:46:10,509 DEBUG epoch:165, knn_val_accu: 71.42, contrast_loss: 5.18, contrast_acc: 53.26, gan_train_loss: 0.9813, gan_eval_loss: 0.4335
2022-07-06 16:50:37,665 DEBUG epoch:166, knn_val_accu: 71.29, contrast_loss: 5.16, contrast_acc: 54.01, gan_train_loss: 0.9813, gan_eval_loss: 0.4344
2022-07-06 16:55:02,621 DEBUG epoch:167, knn_val_accu: 71.20, contrast_loss: 5.17, contrast_acc: 53.78, gan_train_loss: 0.9814, gan_eval_loss: 0.4334
2022-07-06 16:59:27,894 DEBUG epoch:168, knn_val_accu: 71.26, contrast_loss: 5.15, contrast_acc: 54.57, gan_train_loss: 0.9814, gan_eval_loss: 0.4344
2022-07-06 17:03:55,496 DEBUG epoch:169, knn_val_accu: 71.43, contrast_loss: 5.14, contrast_acc: 55.32, gan_train_loss: 0.9813, gan_eval_loss: 0.4338
2022-07-06 17:08:21,769 DEBUG epoch:170, knn_val_accu: 71.60, contrast_loss: 5.13, contrast_acc: 55.09, gan_train_loss: 0.9813, gan_eval_loss: 0.4343
2022-07-06 17:12:49,330 DEBUG epoch:171, knn_val_accu: 71.49, contrast_loss: 5.12, contrast_acc: 55.31, gan_train_loss: 0.9814, gan_eval_loss: 0.4339
2022-07-06 17:17:14,949 DEBUG epoch:172, knn_val_accu: 71.71, contrast_loss: 5.12, contrast_acc: 55.91, gan_train_loss: 0.9814, gan_eval_loss: 0.4345
2022-07-06 17:21:41,976 DEBUG epoch:173, knn_val_accu: 71.71, contrast_loss: 5.09, contrast_acc: 55.89, gan_train_loss: 0.9816, gan_eval_loss: 0.4345
2022-07-06 17:26:08,240 DEBUG epoch:174, knn_val_accu: 71.74, contrast_loss: 5.10, contrast_acc: 56.17, gan_train_loss: 0.9814, gan_eval_loss: 0.4348
2022-07-06 17:30:35,754 DEBUG epoch:175, knn_val_accu: 71.66, contrast_loss: 5.08, contrast_acc: 56.57, gan_train_loss: 0.9816, gan_eval_loss: 0.4349
2022-07-06 17:35:01,703 DEBUG epoch:176, knn_val_accu: 71.67, contrast_loss: 5.08, contrast_acc: 56.95, gan_train_loss: 0.9815, gan_eval_loss: 0.4339
2022-07-06 17:39:27,547 DEBUG epoch:177, knn_val_accu: 71.65, contrast_loss: 5.10, contrast_acc: 56.84, gan_train_loss: 0.9813, gan_eval_loss: 0.4338
2022-07-06 17:43:55,094 DEBUG epoch:178, knn_val_accu: 71.72, contrast_loss: 5.06, contrast_acc: 57.13, gan_train_loss: 0.9814, gan_eval_loss: 0.4347
2022-07-06 17:48:20,890 DEBUG epoch:179, knn_val_accu: 71.72, contrast_loss: 5.05, contrast_acc: 57.60, gan_train_loss: 0.9816, gan_eval_loss: 0.4340
2022-07-06 17:52:47,864 DEBUG epoch:180, knn_val_accu: 72.05, contrast_loss: 5.07, contrast_acc: 56.95, gan_train_loss: 0.9816, gan_eval_loss: 0.4339
2022-07-06 17:57:12,935 DEBUG epoch:181, knn_val_accu: 71.91, contrast_loss: 5.05, contrast_acc: 56.86, gan_train_loss: 0.9815, gan_eval_loss: 0.4340
2022-07-06 18:01:40,133 DEBUG epoch:182, knn_val_accu: 71.97, contrast_loss: 5.03, contrast_acc: 56.84, gan_train_loss: 0.9815, gan_eval_loss: 0.4337
2022-07-06 18:06:05,014 DEBUG epoch:183, knn_val_accu: 72.00, contrast_loss: 5.04, contrast_acc: 56.92, gan_train_loss: 0.9817, gan_eval_loss: 0.4348
2022-07-06 18:10:30,399 DEBUG epoch:184, knn_val_accu: 71.88, contrast_loss: 5.04, contrast_acc: 56.26, gan_train_loss: 0.9816, gan_eval_loss: 0.4329
2022-07-06 18:14:58,173 DEBUG epoch:185, knn_val_accu: 71.76, contrast_loss: 5.03, contrast_acc: 55.74, gan_train_loss: 0.9817, gan_eval_loss: 0.4343
2022-07-06 18:19:24,163 DEBUG epoch:186, knn_val_accu: 71.79, contrast_loss: 5.03, contrast_acc: 55.58, gan_train_loss: 0.9816, gan_eval_loss: 0.4337
2022-07-06 18:23:51,809 DEBUG epoch:187, knn_val_accu: 71.82, contrast_loss: 5.02, contrast_acc: 54.82, gan_train_loss: 0.9816, gan_eval_loss: 0.4346
2022-07-06 18:28:17,104 DEBUG epoch:188, knn_val_accu: 71.76, contrast_loss: 5.02, contrast_acc: 53.36, gan_train_loss: 0.9817, gan_eval_loss: 0.4347
2022-07-06 18:32:44,728 DEBUG epoch:189, knn_val_accu: 71.89, contrast_loss: 5.01, contrast_acc: 51.81, gan_train_loss: 0.9816, gan_eval_loss: 0.4343
2022-07-06 18:37:10,926 DEBUG epoch:190, knn_val_accu: 71.91, contrast_loss: 5.01, contrast_acc: 50.29, gan_train_loss: 0.9817, gan_eval_loss: 0.4343
2022-07-06 18:41:38,272 DEBUG epoch:191, knn_val_accu: 72.01, contrast_loss: 5.03, contrast_acc: 47.99, gan_train_loss: 0.9818, gan_eval_loss: 0.4348
2022-07-06 18:46:03,592 DEBUG epoch:192, knn_val_accu: 71.98, contrast_loss: 5.01, contrast_acc: 45.48, gan_train_loss: 0.9818, gan_eval_loss: 0.4346
2022-07-06 18:50:29,021 DEBUG epoch:193, knn_val_accu: 72.07, contrast_loss: 5.01, contrast_acc: 43.84, gan_train_loss: 0.9817, gan_eval_loss: 0.4347
2022-07-06 18:54:56,615 DEBUG epoch:194, knn_val_accu: 72.10, contrast_loss: 5.01, contrast_acc: 43.26, gan_train_loss: 0.9817, gan_eval_loss: 0.4343
2022-07-06 18:59:22,011 DEBUG epoch:195, knn_val_accu: 72.15, contrast_loss: 5.01, contrast_acc: 43.09, gan_train_loss: 0.9816, gan_eval_loss: 0.4344
2022-07-06 19:03:49,801 DEBUG epoch:196, knn_val_accu: 72.06, contrast_loss: 5.00, contrast_acc: 42.67, gan_train_loss: 0.9816, gan_eval_loss: 0.4337
2022-07-06 19:08:15,876 DEBUG epoch:197, knn_val_accu: 72.00, contrast_loss: 5.00, contrast_acc: 42.65, gan_train_loss: 0.9817, gan_eval_loss: 0.4337
2022-07-06 19:12:43,831 DEBUG epoch:198, knn_val_accu: 72.02, contrast_loss: 5.02, contrast_acc: 42.17, gan_train_loss: 0.9818, gan_eval_loss: 0.4340
2022-07-06 19:17:10,172 DEBUG epoch:199, knn_val_accu: 71.97, contrast_loss: 5.00, contrast_acc: 42.58, gan_train_loss: 0.9818, gan_eval_loss: 0.4349
2022-07-06 19:21:38,928 DEBUG epoch:200, knn_val_accu: 71.99, contrast_loss: 5.01, contrast_acc: 42.54, gan_train_loss: 0.9819, gan_eval_loss: 0.4337
2022-07-06 19:21:46,591 DEBUG final knn evaluation accuracy is 71.99
2022-07-06 19:33:18,365 DEBUG final linear-probe evaluation accuracy is 74.91
2022-07-06 19:37:27,755 DEBUG final semi-supervised evaluation accuracy with 10% data is 73.40
2022-07-06 19:40:41,242 DEBUG final semi-supervised evaluation accuracy with 1% data is 61.29
2022-07-07 21:28:46,248 DEBUG Enable ResSFL fine-tuning: arch-res_normN4C64-alpha-2.0-ssim-0.6, using cifar100 as auxiliary data
2022-07-07 21:28:46,975 DEBUG SFL-Moco (ResSFL-expert) Train on cifar10 with cutlayer 1: total epochs: 200
2022-07-07 21:32:48,556 DEBUG epoch:1, knn_val_accu: 33.84, contrast_loss: 14.32, contrast_acc: 15.49, gan_train_loss: 0.5855, gan_eval_loss: 0.5693
2022-07-07 21:36:49,866 DEBUG epoch:2, knn_val_accu: 41.57, contrast_loss: 13.77, contrast_acc: 11.12, gan_train_loss: 0.5886, gan_eval_loss: 0.5880
2022-07-07 21:40:58,049 DEBUG epoch:3, knn_val_accu: 43.84, contrast_loss: 12.99, contrast_acc: 10.92, gan_train_loss: 0.5973, gan_eval_loss: 0.5982
2022-07-07 21:45:07,680 DEBUG epoch:4, knn_val_accu: 46.94, contrast_loss: 12.38, contrast_acc: 10.92, gan_train_loss: 0.6022, gan_eval_loss: 0.6040
2022-07-07 21:49:19,336 DEBUG epoch:5, knn_val_accu: 49.20, contrast_loss: 11.79, contrast_acc: 11.30, gan_train_loss: 0.6075, gan_eval_loss: 0.6088
2022-07-07 21:53:34,214 DEBUG epoch:6, knn_val_accu: 50.72, contrast_loss: 11.16, contrast_acc: 12.17, gan_train_loss: 0.6099, gan_eval_loss: 0.6105
2022-07-07 21:57:46,327 DEBUG epoch:7, knn_val_accu: 52.87, contrast_loss: 10.60, contrast_acc: 13.20, gan_train_loss: 0.6094, gan_eval_loss: 0.6103
2022-07-07 22:02:01,263 DEBUG epoch:8, knn_val_accu: 53.49, contrast_loss: 10.11, contrast_acc: 14.02, gan_train_loss: 0.6149, gan_eval_loss: 0.6140
2022-07-07 22:06:15,354 DEBUG epoch:9, knn_val_accu: 54.73, contrast_loss: 9.72, contrast_acc: 14.83, gan_train_loss: 0.6175, gan_eval_loss: 0.6168
2022-07-07 22:10:31,550 DEBUG epoch:10, knn_val_accu: 54.01, contrast_loss: 9.43, contrast_acc: 15.60, gan_train_loss: 0.6224, gan_eval_loss: 0.6215
2022-07-07 22:14:47,505 DEBUG epoch:11, knn_val_accu: 54.89, contrast_loss: 9.20, contrast_acc: 16.12, gan_train_loss: 0.6270, gan_eval_loss: 0.6251
2022-07-07 22:19:02,091 DEBUG epoch:12, knn_val_accu: 56.19, contrast_loss: 9.00, contrast_acc: 16.80, gan_train_loss: 0.6249, gan_eval_loss: 0.6220
2022-07-07 22:23:19,368 DEBUG epoch:13, knn_val_accu: 56.08, contrast_loss: 8.81, contrast_acc: 17.32, gan_train_loss: 0.6268, gan_eval_loss: 0.6268
2022-07-07 22:27:35,963 DEBUG epoch:14, knn_val_accu: 56.42, contrast_loss: 8.68, contrast_acc: 17.81, gan_train_loss: 0.6344, gan_eval_loss: 0.6331
2022-07-07 22:31:53,255 DEBUG epoch:15, knn_val_accu: 56.39, contrast_loss: 8.58, contrast_acc: 17.98, gan_train_loss: 0.6383, gan_eval_loss: 0.6338
2022-07-07 22:36:09,723 DEBUG epoch:16, knn_val_accu: 57.38, contrast_loss: 8.49, contrast_acc: 18.55, gan_train_loss: 0.6367, gan_eval_loss: 0.6329
2022-07-07 22:40:25,138 DEBUG epoch:17, knn_val_accu: 57.57, contrast_loss: 8.43, contrast_acc: 18.52, gan_train_loss: 0.6403, gan_eval_loss: 0.6362
2022-07-07 22:44:42,476 DEBUG epoch:18, knn_val_accu: 57.47, contrast_loss: 8.32, contrast_acc: 19.09, gan_train_loss: 0.6369, gan_eval_loss: 0.6339
2022-07-07 22:48:58,834 DEBUG epoch:19, knn_val_accu: 58.00, contrast_loss: 8.29, contrast_acc: 19.29, gan_train_loss: 0.6366, gan_eval_loss: 0.6332
2022-07-07 22:53:17,246 DEBUG epoch:20, knn_val_accu: 58.33, contrast_loss: 8.21, contrast_acc: 19.49, gan_train_loss: 0.6388, gan_eval_loss: 0.6373
2022-07-07 22:57:32,511 DEBUG epoch:21, knn_val_accu: 58.87, contrast_loss: 8.12, contrast_acc: 20.18, gan_train_loss: 0.6309, gan_eval_loss: 0.6308
2022-07-07 23:01:45,846 DEBUG epoch:22, knn_val_accu: 58.11, contrast_loss: 8.43, contrast_acc: 19.01, gan_train_loss: 0.6459, gan_eval_loss: 0.6251
2022-07-07 23:06:00,904 DEBUG epoch:23, knn_val_accu: 57.19, contrast_loss: 8.47, contrast_acc: 19.44, gan_train_loss: 0.6449, gan_eval_loss: 0.6243
2022-07-07 23:10:13,996 DEBUG epoch:24, knn_val_accu: 58.98, contrast_loss: 8.34, contrast_acc: 19.76, gan_train_loss: 0.6371, gan_eval_loss: 0.6204
2022-07-07 23:14:32,692 DEBUG epoch:25, knn_val_accu: 58.03, contrast_loss: 8.26, contrast_acc: 19.91, gan_train_loss: 0.6474, gan_eval_loss: 0.6335
2022-07-07 23:18:47,107 DEBUG epoch:26, knn_val_accu: 59.46, contrast_loss: 8.31, contrast_acc: 20.10, gan_train_loss: 0.6465, gan_eval_loss: 0.6272
2022-07-07 23:23:03,250 DEBUG epoch:27, knn_val_accu: 59.30, contrast_loss: 8.17, contrast_acc: 20.82, gan_train_loss: 0.6383, gan_eval_loss: 0.6251
2022-07-07 23:27:19,546 DEBUG epoch:28, knn_val_accu: 58.46, contrast_loss: 8.20, contrast_acc: 20.47, gan_train_loss: 0.6570, gan_eval_loss: 0.6360
2022-07-07 23:31:34,363 DEBUG epoch:29, knn_val_accu: 59.15, contrast_loss: 8.20, contrast_acc: 20.92, gan_train_loss: 0.6535, gan_eval_loss: 0.6252
2022-07-07 23:35:50,832 DEBUG epoch:30, knn_val_accu: 59.25, contrast_loss: 8.17, contrast_acc: 20.55, gan_train_loss: 0.6534, gan_eval_loss: 0.6280
2022-07-07 23:40:05,134 DEBUG epoch:31, knn_val_accu: 59.71, contrast_loss: 8.09, contrast_acc: 20.93, gan_train_loss: 0.6354, gan_eval_loss: 0.6205
2022-07-07 23:44:20,616 DEBUG epoch:32, knn_val_accu: 59.12, contrast_loss: 8.24, contrast_acc: 20.54, gan_train_loss: 0.6642, gan_eval_loss: 0.6236
2022-07-07 23:48:34,553 DEBUG epoch:33, knn_val_accu: 59.10, contrast_loss: 8.25, contrast_acc: 20.09, gan_train_loss: 0.6626, gan_eval_loss: 0.6254
2022-07-07 23:52:48,644 DEBUG epoch:34, knn_val_accu: 59.81, contrast_loss: 8.06, contrast_acc: 21.71, gan_train_loss: 0.6528, gan_eval_loss: 0.6255
2022-07-07 23:57:07,208 DEBUG epoch:35, knn_val_accu: 59.67, contrast_loss: 7.85, contrast_acc: 21.79, gan_train_loss: 0.6437, gan_eval_loss: 0.6293
2022-07-08 00:01:21,644 DEBUG epoch:36, knn_val_accu: 59.35, contrast_loss: 8.08, contrast_acc: 20.88, gan_train_loss: 0.6664, gan_eval_loss: 0.6225
2022-07-08 00:05:37,787 DEBUG epoch:37, knn_val_accu: 59.64, contrast_loss: 8.18, contrast_acc: 20.47, gan_train_loss: 0.6615, gan_eval_loss: 0.6222
2022-07-08 00:09:52,337 DEBUG epoch:38, knn_val_accu: 59.98, contrast_loss: 7.96, contrast_acc: 21.09, gan_train_loss: 0.6391, gan_eval_loss: 0.6305
2022-07-08 00:14:07,779 DEBUG epoch:39, knn_val_accu: 60.15, contrast_loss: 7.75, contrast_acc: 22.39, gan_train_loss: 0.6497, gan_eval_loss: 0.6353
2022-07-08 00:18:22,996 DEBUG epoch:40, knn_val_accu: 59.76, contrast_loss: 8.29, contrast_acc: 19.37, gan_train_loss: 0.6645, gan_eval_loss: 0.6193
2022-07-08 00:22:36,197 DEBUG epoch:41, knn_val_accu: 60.05, contrast_loss: 8.11, contrast_acc: 21.25, gan_train_loss: 0.6589, gan_eval_loss: 0.6216
2022-07-08 00:26:53,183 DEBUG epoch:42, knn_val_accu: 60.06, contrast_loss: 8.09, contrast_acc: 20.53, gan_train_loss: 0.6559, gan_eval_loss: 0.6236
2022-07-08 00:31:07,602 DEBUG epoch:43, knn_val_accu: 60.86, contrast_loss: 7.97, contrast_acc: 21.94, gan_train_loss: 0.6616, gan_eval_loss: 0.6249
2022-07-08 00:35:25,797 DEBUG epoch:44, knn_val_accu: 60.48, contrast_loss: 7.68, contrast_acc: 22.97, gan_train_loss: 0.6563, gan_eval_loss: 0.6425
2022-07-08 00:39:40,664 DEBUG epoch:45, knn_val_accu: 59.66, contrast_loss: 7.91, contrast_acc: 21.13, gan_train_loss: 0.6626, gan_eval_loss: 0.6283
2022-07-08 00:43:54,179 DEBUG epoch:46, knn_val_accu: 59.47, contrast_loss: 8.20, contrast_acc: 20.56, gan_train_loss: 0.6717, gan_eval_loss: 0.6264
2022-07-08 00:48:11,584 DEBUG epoch:47, knn_val_accu: 60.72, contrast_loss: 7.72, contrast_acc: 22.75, gan_train_loss: 0.6485, gan_eval_loss: 0.6393
2022-07-08 00:52:27,772 DEBUG epoch:48, knn_val_accu: 61.82, contrast_loss: 7.62, contrast_acc: 23.15, gan_train_loss: 0.6449, gan_eval_loss: 0.6405
2022-07-08 00:56:45,547 DEBUG epoch:49, knn_val_accu: 60.89, contrast_loss: 7.59, contrast_acc: 23.63, gan_train_loss: 0.6610, gan_eval_loss: 0.6522
2022-07-08 01:01:00,175 DEBUG epoch:50, knn_val_accu: 60.28, contrast_loss: 7.58, contrast_acc: 23.52, gan_train_loss: 0.6554, gan_eval_loss: 0.6388
2022-07-08 01:05:14,232 DEBUG epoch:51, knn_val_accu: 60.85, contrast_loss: 7.67, contrast_acc: 23.70, gan_train_loss: 0.6717, gan_eval_loss: 0.6392
2022-07-08 01:09:31,929 DEBUG epoch:52, knn_val_accu: 59.81, contrast_loss: 7.54, contrast_acc: 23.75, gan_train_loss: 0.6631, gan_eval_loss: 0.6418
2022-07-08 01:13:44,212 DEBUG epoch:53, knn_val_accu: 60.19, contrast_loss: 8.29, contrast_acc: 19.30, gan_train_loss: 0.6810, gan_eval_loss: 0.6139
2022-07-08 01:18:01,095 DEBUG epoch:54, knn_val_accu: 61.12, contrast_loss: 7.78, contrast_acc: 23.12, gan_train_loss: 0.6560, gan_eval_loss: 0.6378
2022-07-08 01:22:18,812 DEBUG epoch:55, knn_val_accu: 61.35, contrast_loss: 7.51, contrast_acc: 23.98, gan_train_loss: 0.6642, gan_eval_loss: 0.6612
2022-07-08 01:26:35,373 DEBUG epoch:56, knn_val_accu: 61.22, contrast_loss: 7.48, contrast_acc: 24.20, gan_train_loss: 0.6703, gan_eval_loss: 0.6660
2022-07-08 01:30:53,624 DEBUG epoch:57, knn_val_accu: 61.39, contrast_loss: 7.59, contrast_acc: 23.94, gan_train_loss: 0.6650, gan_eval_loss: 0.6370
2022-07-08 01:35:10,880 DEBUG epoch:58, knn_val_accu: 60.87, contrast_loss: 7.72, contrast_acc: 23.76, gan_train_loss: 0.6752, gan_eval_loss: 0.6665
2022-07-08 01:39:30,972 DEBUG epoch:59, knn_val_accu: 60.89, contrast_loss: 7.45, contrast_acc: 24.56, gan_train_loss: 0.6712, gan_eval_loss: 0.6587
2022-07-08 01:43:52,405 DEBUG epoch:60, knn_val_accu: 60.56, contrast_loss: 7.46, contrast_acc: 24.15, gan_train_loss: 0.6678, gan_eval_loss: 0.6534
2022-07-08 01:48:13,193 DEBUG epoch:61, knn_val_accu: 60.75, contrast_loss: 7.66, contrast_acc: 23.98, gan_train_loss: 0.6517, gan_eval_loss: 0.6358
2022-07-08 01:52:37,472 DEBUG epoch:62, knn_val_accu: 59.71, contrast_loss: 7.71, contrast_acc: 23.65, gan_train_loss: 0.6589, gan_eval_loss: 0.6348
2022-07-08 01:56:59,150 DEBUG epoch:63, knn_val_accu: 60.40, contrast_loss: 8.04, contrast_acc: 21.58, gan_train_loss: 0.6638, gan_eval_loss: 0.6312
2022-07-08 02:01:23,169 DEBUG epoch:64, knn_val_accu: 60.43, contrast_loss: 7.63, contrast_acc: 24.07, gan_train_loss: 0.6586, gan_eval_loss: 0.6448
2022-07-08 02:05:40,664 DEBUG epoch:65, knn_val_accu: 60.06, contrast_loss: 7.95, contrast_acc: 22.06, gan_train_loss: 0.6592, gan_eval_loss: 0.6322
2022-07-08 02:09:56,308 DEBUG epoch:66, knn_val_accu: 61.59, contrast_loss: 7.57, contrast_acc: 23.82, gan_train_loss: 0.6225, gan_eval_loss: 0.6127
2022-07-08 02:14:09,459 DEBUG epoch:67, knn_val_accu: 60.97, contrast_loss: 7.36, contrast_acc: 24.78, gan_train_loss: 0.6239, gan_eval_loss: 0.6266
2022-07-08 02:18:24,065 DEBUG epoch:68, knn_val_accu: 60.98, contrast_loss: 7.34, contrast_acc: 25.08, gan_train_loss: 0.6278, gan_eval_loss: 0.6307
2022-07-08 02:22:41,141 DEBUG epoch:69, knn_val_accu: 61.70, contrast_loss: 7.57, contrast_acc: 24.97, gan_train_loss: 0.6392, gan_eval_loss: 0.6181
2022-07-08 02:26:58,118 DEBUG epoch:70, knn_val_accu: 61.85, contrast_loss: 7.44, contrast_acc: 25.11, gan_train_loss: 0.6378, gan_eval_loss: 0.6306
2022-07-08 02:31:13,118 DEBUG epoch:71, knn_val_accu: 60.71, contrast_loss: 7.48, contrast_acc: 26.04, gan_train_loss: 0.6415, gan_eval_loss: 0.6066
2022-07-08 02:35:24,009 DEBUG epoch:72, knn_val_accu: 59.63, contrast_loss: 7.97, contrast_acc: 22.79, gan_train_loss: 0.6413, gan_eval_loss: 0.6016
2022-07-08 02:39:33,154 DEBUG epoch:73, knn_val_accu: 60.22, contrast_loss: 8.16, contrast_acc: 20.81, gan_train_loss: 0.6567, gan_eval_loss: 0.5978
2022-07-08 02:43:46,444 DEBUG epoch:74, knn_val_accu: 60.45, contrast_loss: 7.90, contrast_acc: 22.91, gan_train_loss: 0.6496, gan_eval_loss: 0.6024
2022-07-08 02:47:55,092 DEBUG epoch:75, knn_val_accu: 61.61, contrast_loss: 7.76, contrast_acc: 23.07, gan_train_loss: 0.6350, gan_eval_loss: 0.5972
2022-07-08 02:52:04,884 DEBUG epoch:76, knn_val_accu: 62.11, contrast_loss: 7.75, contrast_acc: 25.46, gan_train_loss: 0.6494, gan_eval_loss: 0.5941
2022-07-08 02:56:16,467 DEBUG epoch:77, knn_val_accu: 62.59, contrast_loss: 7.60, contrast_acc: 23.68, gan_train_loss: 0.6281, gan_eval_loss: 0.6020
2022-07-08 03:00:26,357 DEBUG epoch:78, knn_val_accu: 62.41, contrast_loss: 7.81, contrast_acc: 23.70, gan_train_loss: 0.6442, gan_eval_loss: 0.5951
2022-07-08 03:04:37,372 DEBUG epoch:79, knn_val_accu: 61.72, contrast_loss: 7.61, contrast_acc: 24.57, gan_train_loss: 0.6374, gan_eval_loss: 0.5997
2022-07-08 03:08:48,553 DEBUG epoch:80, knn_val_accu: 61.77, contrast_loss: 7.56, contrast_acc: 25.41, gan_train_loss: 0.6412, gan_eval_loss: 0.6017
2022-07-08 03:12:58,407 DEBUG epoch:81, knn_val_accu: 61.31, contrast_loss: 7.76, contrast_acc: 23.79, gan_train_loss: 0.6494, gan_eval_loss: 0.5962
2022-07-08 03:17:05,982 DEBUG epoch:82, knn_val_accu: 61.75, contrast_loss: 7.56, contrast_acc: 24.95, gan_train_loss: 0.6665, gan_eval_loss: 0.5952
2022-07-08 03:21:11,425 DEBUG epoch:83, knn_val_accu: 62.39, contrast_loss: 7.51, contrast_acc: 25.16, gan_train_loss: 0.6743, gan_eval_loss: 0.5851
2022-07-08 03:25:15,366 DEBUG epoch:84, knn_val_accu: 62.19, contrast_loss: 7.58, contrast_acc: 25.24, gan_train_loss: 0.6696, gan_eval_loss: 0.5826
2022-07-08 03:29:20,043 DEBUG epoch:85, knn_val_accu: 62.21, contrast_loss: 7.42, contrast_acc: 25.73, gan_train_loss: 0.6769, gan_eval_loss: 0.5853
2022-07-08 03:33:25,950 DEBUG epoch:86, knn_val_accu: 61.71, contrast_loss: 8.18, contrast_acc: 19.92, gan_train_loss: 0.6862, gan_eval_loss: 0.5811
2022-07-08 03:37:32,522 DEBUG epoch:87, knn_val_accu: 62.11, contrast_loss: 7.49, contrast_acc: 26.94, gan_train_loss: 0.6616, gan_eval_loss: 0.5918
2022-07-08 03:41:37,859 DEBUG epoch:88, knn_val_accu: 62.39, contrast_loss: 7.42, contrast_acc: 26.94, gan_train_loss: 0.6581, gan_eval_loss: 0.5859
2022-07-08 03:45:43,163 DEBUG epoch:89, knn_val_accu: 62.15, contrast_loss: 7.45, contrast_acc: 24.32, gan_train_loss: 0.6260, gan_eval_loss: 0.5908
2022-07-08 03:49:53,602 DEBUG epoch:90, knn_val_accu: 62.04, contrast_loss: 7.40, contrast_acc: 25.27, gan_train_loss: 0.6286, gan_eval_loss: 0.6019
2022-07-08 03:53:59,575 DEBUG epoch:91, knn_val_accu: 62.52, contrast_loss: 7.82, contrast_acc: 23.30, gan_train_loss: 0.6647, gan_eval_loss: 0.5840
2022-07-08 03:58:10,019 DEBUG epoch:92, knn_val_accu: 62.51, contrast_loss: 7.44, contrast_acc: 25.29, gan_train_loss: 0.6642, gan_eval_loss: 0.5987
2022-07-08 04:02:18,630 DEBUG epoch:93, knn_val_accu: 62.78, contrast_loss: 7.57, contrast_acc: 24.60, gan_train_loss: 0.6844, gan_eval_loss: 0.5930
2022-07-08 04:06:25,405 DEBUG epoch:94, knn_val_accu: 61.50, contrast_loss: 7.69, contrast_acc: 23.50, gan_train_loss: 0.6896, gan_eval_loss: 0.5953
2022-07-08 04:10:34,028 DEBUG epoch:95, knn_val_accu: 61.00, contrast_loss: 7.57, contrast_acc: 25.04, gan_train_loss: 0.7010, gan_eval_loss: 0.5873
2022-07-08 04:14:42,359 DEBUG epoch:96, knn_val_accu: 60.61, contrast_loss: 7.52, contrast_acc: 25.89, gan_train_loss: 0.6806, gan_eval_loss: 0.5962
2022-07-08 04:18:47,384 DEBUG epoch:97, knn_val_accu: 54.52, contrast_loss: 9.37, contrast_acc: 16.44, gan_train_loss: 0.6516, gan_eval_loss: 0.5873
2022-07-08 04:23:00,064 DEBUG epoch:98, knn_val_accu: 55.62, contrast_loss: 8.32, contrast_acc: 19.44, gan_train_loss: 0.6060, gan_eval_loss: 0.6008
2022-07-08 04:27:16,302 DEBUG epoch:99, knn_val_accu: 55.93, contrast_loss: 8.06, contrast_acc: 20.40, gan_train_loss: 0.6114, gan_eval_loss: 0.6118
2022-07-08 04:31:27,427 DEBUG epoch:100, knn_val_accu: 56.95, contrast_loss: 8.05, contrast_acc: 20.28, gan_train_loss: 0.6182, gan_eval_loss: 0.5985
2022-07-08 04:35:37,434 DEBUG epoch:101, knn_val_accu: 57.04, contrast_loss: 7.92, contrast_acc: 20.96, gan_train_loss: 0.6083, gan_eval_loss: 0.6028
2022-07-08 04:39:47,089 DEBUG epoch:102, knn_val_accu: 56.85, contrast_loss: 7.81, contrast_acc: 21.81, gan_train_loss: 0.6010, gan_eval_loss: 0.5988
2022-07-08 04:43:58,311 DEBUG epoch:103, knn_val_accu: 57.24, contrast_loss: 7.75, contrast_acc: 22.11, gan_train_loss: 0.6282, gan_eval_loss: 0.6053
2022-07-08 04:48:03,959 DEBUG epoch:104, knn_val_accu: 56.71, contrast_loss: 8.21, contrast_acc: 19.68, gan_train_loss: 0.6209, gan_eval_loss: 0.5914
2022-07-08 04:52:14,164 DEBUG epoch:105, knn_val_accu: 58.97, contrast_loss: 7.62, contrast_acc: 22.57, gan_train_loss: 0.6541, gan_eval_loss: 0.5993
2022-07-08 04:56:21,570 DEBUG epoch:106, knn_val_accu: 58.71, contrast_loss: 8.42, contrast_acc: 19.93, gan_train_loss: 0.6645, gan_eval_loss: 0.5931
2022-07-08 05:00:26,023 DEBUG epoch:107, knn_val_accu: 60.19, contrast_loss: 8.09, contrast_acc: 21.51, gan_train_loss: 0.6897, gan_eval_loss: 0.5858
2022-07-08 05:04:30,943 DEBUG epoch:108, knn_val_accu: 59.46, contrast_loss: 7.73, contrast_acc: 24.84, gan_train_loss: 0.7079, gan_eval_loss: 0.5582
2022-07-08 05:08:41,311 DEBUG epoch:109, knn_val_accu: 58.93, contrast_loss: 8.95, contrast_acc: 19.40, gan_train_loss: 0.6663, gan_eval_loss: 0.5971
2022-07-08 05:12:53,266 DEBUG epoch:110, knn_val_accu: 59.55, contrast_loss: 8.04, contrast_acc: 21.66, gan_train_loss: 0.6651, gan_eval_loss: 0.5977
2022-07-08 05:16:58,833 DEBUG epoch:111, knn_val_accu: 59.69, contrast_loss: 7.73, contrast_acc: 24.61, gan_train_loss: 0.7025, gan_eval_loss: 0.5932
2022-07-08 05:21:04,511 DEBUG epoch:112, knn_val_accu: 60.96, contrast_loss: 7.55, contrast_acc: 25.60, gan_train_loss: 0.7040, gan_eval_loss: 0.5783
2022-07-08 05:25:07,474 DEBUG epoch:113, knn_val_accu: 61.44, contrast_loss: 7.76, contrast_acc: 24.24, gan_train_loss: 0.7140, gan_eval_loss: 0.5841
2022-07-08 05:29:11,568 DEBUG epoch:114, knn_val_accu: 61.96, contrast_loss: 7.64, contrast_acc: 24.85, gan_train_loss: 0.7155, gan_eval_loss: 0.5854
2022-07-08 05:33:16,164 DEBUG epoch:115, knn_val_accu: 61.00, contrast_loss: 7.68, contrast_acc: 23.15, gan_train_loss: 0.7399, gan_eval_loss: 0.5696
2022-07-08 05:37:18,958 DEBUG epoch:116, knn_val_accu: 61.68, contrast_loss: 7.45, contrast_acc: 25.49, gan_train_loss: 0.7252, gan_eval_loss: 0.5764
2022-07-08 05:41:24,038 DEBUG epoch:117, knn_val_accu: 62.55, contrast_loss: 7.58, contrast_acc: 25.19, gan_train_loss: 0.7278, gan_eval_loss: 0.5856
2022-07-08 05:45:26,558 DEBUG epoch:118, knn_val_accu: 61.51, contrast_loss: 7.46, contrast_acc: 24.90, gan_train_loss: 0.7455, gan_eval_loss: 0.5727
2022-07-08 05:49:29,143 DEBUG epoch:119, knn_val_accu: 59.31, contrast_loss: 8.54, contrast_acc: 20.43, gan_train_loss: 0.7155, gan_eval_loss: 0.5762
2022-07-08 05:53:33,944 DEBUG epoch:120, knn_val_accu: 61.31, contrast_loss: 8.34, contrast_acc: 20.47, gan_train_loss: 0.7335, gan_eval_loss: 0.5776
2022-07-08 05:57:36,135 DEBUG epoch:121, knn_val_accu: 61.16, contrast_loss: 7.60, contrast_acc: 23.31, gan_train_loss: 0.7255, gan_eval_loss: 0.5718
2022-07-08 06:01:41,339 DEBUG epoch:122, knn_val_accu: 62.28, contrast_loss: 7.34, contrast_acc: 25.98, gan_train_loss: 0.7016, gan_eval_loss: 0.5836
2022-07-08 06:05:44,621 DEBUG epoch:123, knn_val_accu: 59.89, contrast_loss: 8.47, contrast_acc: 17.12, gan_train_loss: 0.7287, gan_eval_loss: 0.5832
2022-07-08 06:09:46,443 DEBUG epoch:124, knn_val_accu: 62.16, contrast_loss: 7.25, contrast_acc: 27.60, gan_train_loss: 0.7250, gan_eval_loss: 0.5789
2022-07-08 06:13:52,267 DEBUG epoch:125, knn_val_accu: 62.02, contrast_loss: 7.44, contrast_acc: 26.69, gan_train_loss: 0.7211, gan_eval_loss: 0.5787
2022-07-08 06:17:55,087 DEBUG epoch:126, knn_val_accu: 61.97, contrast_loss: 7.78, contrast_acc: 22.49, gan_train_loss: 0.7342, gan_eval_loss: 0.5825
2022-07-08 06:22:00,804 DEBUG epoch:127, knn_val_accu: 60.87, contrast_loss: 8.87, contrast_acc: 19.70, gan_train_loss: 0.6878, gan_eval_loss: 0.5860
2022-07-08 06:26:05,875 DEBUG epoch:128, knn_val_accu: 61.23, contrast_loss: 7.48, contrast_acc: 24.29, gan_train_loss: 0.6930, gan_eval_loss: 0.5885
2022-07-08 06:30:08,387 DEBUG epoch:129, knn_val_accu: 62.97, contrast_loss: 7.44, contrast_acc: 24.90, gan_train_loss: 0.7026, gan_eval_loss: 0.5828
2022-07-08 06:34:15,295 DEBUG epoch:130, knn_val_accu: 60.87, contrast_loss: 8.10, contrast_acc: 21.15, gan_train_loss: 0.6962, gan_eval_loss: 0.5870
2022-07-08 06:38:22,502 DEBUG epoch:131, knn_val_accu: 61.39, contrast_loss: 7.85, contrast_acc: 22.90, gan_train_loss: 0.6568, gan_eval_loss: 0.5971
2022-07-08 06:42:31,276 DEBUG epoch:132, knn_val_accu: 61.81, contrast_loss: 6.83, contrast_acc: 28.59, gan_train_loss: 0.6901, gan_eval_loss: 0.5931
2022-07-08 06:46:35,949 DEBUG epoch:133, knn_val_accu: 63.17, contrast_loss: 7.40, contrast_acc: 27.61, gan_train_loss: 0.6859, gan_eval_loss: 0.5925
2022-07-08 06:50:45,424 DEBUG epoch:134, knn_val_accu: 62.16, contrast_loss: 7.97, contrast_acc: 21.31, gan_train_loss: 0.6804, gan_eval_loss: 0.5998
2022-07-08 06:54:57,171 DEBUG epoch:135, knn_val_accu: 61.61, contrast_loss: 7.11, contrast_acc: 28.49, gan_train_loss: 0.6681, gan_eval_loss: 0.5978
2022-07-08 06:59:06,861 DEBUG epoch:136, knn_val_accu: 62.30, contrast_loss: 7.36, contrast_acc: 26.64, gan_train_loss: 0.6755, gan_eval_loss: 0.5998
2022-07-08 07:03:22,502 DEBUG epoch:137, knn_val_accu: 62.82, contrast_loss: 7.21, contrast_acc: 26.84, gan_train_loss: 0.6431, gan_eval_loss: 0.6105
2022-07-08 07:07:36,554 DEBUG epoch:138, knn_val_accu: 63.27, contrast_loss: 7.05, contrast_acc: 29.12, gan_train_loss: 0.6379, gan_eval_loss: 0.6074
2022-07-08 07:11:48,499 DEBUG epoch:139, knn_val_accu: 62.83, contrast_loss: 7.03, contrast_acc: 26.86, gan_train_loss: 0.6367, gan_eval_loss: 0.6049
2022-07-08 07:15:58,693 DEBUG epoch:140, knn_val_accu: 63.09, contrast_loss: 7.22, contrast_acc: 24.74, gan_train_loss: 0.6275, gan_eval_loss: 0.5956
2022-07-08 07:20:07,999 DEBUG epoch:141, knn_val_accu: 62.86, contrast_loss: 7.00, contrast_acc: 26.62, gan_train_loss: 0.6367, gan_eval_loss: 0.5954
2022-07-08 07:24:20,048 DEBUG epoch:142, knn_val_accu: 63.08, contrast_loss: 7.00, contrast_acc: 26.51, gan_train_loss: 0.6393, gan_eval_loss: 0.6013
2022-07-08 07:28:30,757 DEBUG epoch:143, knn_val_accu: 63.23, contrast_loss: 7.35, contrast_acc: 24.17, gan_train_loss: 0.6181, gan_eval_loss: 0.6016
2022-07-08 07:32:39,819 DEBUG epoch:144, knn_val_accu: 63.51, contrast_loss: 6.90, contrast_acc: 27.48, gan_train_loss: 0.6291, gan_eval_loss: 0.5971
2022-07-08 07:36:49,289 DEBUG epoch:145, knn_val_accu: 63.36, contrast_loss: 6.94, contrast_acc: 27.66, gan_train_loss: 0.6337, gan_eval_loss: 0.6007
2022-07-08 07:41:00,885 DEBUG epoch:146, knn_val_accu: 63.48, contrast_loss: 6.98, contrast_acc: 26.94, gan_train_loss: 0.6293, gan_eval_loss: 0.6042
2022-07-08 07:45:18,296 DEBUG epoch:147, knn_val_accu: 64.37, contrast_loss: 6.98, contrast_acc: 27.04, gan_train_loss: 0.6124, gan_eval_loss: 0.6099
2022-07-08 07:49:33,044 DEBUG epoch:148, knn_val_accu: 64.43, contrast_loss: 6.89, contrast_acc: 27.71, gan_train_loss: 0.6101, gan_eval_loss: 0.6092
2022-07-08 07:53:47,945 DEBUG epoch:149, knn_val_accu: 63.46, contrast_loss: 6.84, contrast_acc: 28.27, gan_train_loss: 0.6040, gan_eval_loss: 0.6042
2022-07-08 07:58:00,534 DEBUG epoch:150, knn_val_accu: 64.19, contrast_loss: 6.80, contrast_acc: 28.37, gan_train_loss: 0.6029, gan_eval_loss: 0.6032
2022-07-08 08:02:15,849 DEBUG epoch:151, knn_val_accu: 64.34, contrast_loss: 6.78, contrast_acc: 28.67, gan_train_loss: 0.6041, gan_eval_loss: 0.6040
2022-07-08 08:06:27,747 DEBUG epoch:152, knn_val_accu: 64.37, contrast_loss: 6.76, contrast_acc: 28.50, gan_train_loss: 0.6042, gan_eval_loss: 0.6039
2022-07-08 08:10:38,537 DEBUG epoch:153, knn_val_accu: 64.42, contrast_loss: 6.74, contrast_acc: 28.46, gan_train_loss: 0.6041, gan_eval_loss: 0.6026
2022-07-08 08:14:50,449 DEBUG epoch:154, knn_val_accu: 64.34, contrast_loss: 6.72, contrast_acc: 29.03, gan_train_loss: 0.5996, gan_eval_loss: 0.5999
2022-07-08 08:19:01,223 DEBUG epoch:155, knn_val_accu: 64.30, contrast_loss: 6.68, contrast_acc: 29.27, gan_train_loss: 0.5997, gan_eval_loss: 0.6004
2022-07-08 08:23:15,858 DEBUG epoch:156, knn_val_accu: 64.22, contrast_loss: 6.66, contrast_acc: 29.33, gan_train_loss: 0.6034, gan_eval_loss: 0.6041
2022-07-08 08:27:29,087 DEBUG epoch:157, knn_val_accu: 64.09, contrast_loss: 6.66, contrast_acc: 29.12, gan_train_loss: 0.6050, gan_eval_loss: 0.6056
2022-07-08 08:31:42,786 DEBUG epoch:158, knn_val_accu: 64.64, contrast_loss: 6.64, contrast_acc: 29.47, gan_train_loss: 0.6063, gan_eval_loss: 0.6070
2022-07-08 08:35:58,477 DEBUG epoch:159, knn_val_accu: 64.45, contrast_loss: 6.64, contrast_acc: 29.44, gan_train_loss: 0.6067, gan_eval_loss: 0.6074
2022-07-08 08:40:12,282 DEBUG epoch:160, knn_val_accu: 64.64, contrast_loss: 6.62, contrast_acc: 29.62, gan_train_loss: 0.6060, gan_eval_loss: 0.6068
2022-07-08 08:44:26,194 DEBUG epoch:161, knn_val_accu: 64.51, contrast_loss: 6.62, contrast_acc: 29.52, gan_train_loss: 0.6033, gan_eval_loss: 0.6039
2022-07-08 08:48:36,308 DEBUG epoch:162, knn_val_accu: 64.85, contrast_loss: 6.58, contrast_acc: 29.83, gan_train_loss: 0.5986, gan_eval_loss: 0.5992
2022-07-08 08:52:47,385 DEBUG epoch:163, knn_val_accu: 65.15, contrast_loss: 6.54, contrast_acc: 30.19, gan_train_loss: 0.5969, gan_eval_loss: 0.5974
2022-07-08 08:56:54,316 DEBUG epoch:164, knn_val_accu: 65.34, contrast_loss: 6.52, contrast_acc: 30.41, gan_train_loss: 0.5961, gan_eval_loss: 0.5967
2022-07-08 09:01:01,926 DEBUG epoch:165, knn_val_accu: 65.44, contrast_loss: 6.51, contrast_acc: 30.45, gan_train_loss: 0.5946, gan_eval_loss: 0.5952
2022-07-08 09:05:10,923 DEBUG epoch:166, knn_val_accu: 64.98, contrast_loss: 6.48, contrast_acc: 30.60, gan_train_loss: 0.5940, gan_eval_loss: 0.5947
2022-07-08 09:09:17,113 DEBUG epoch:167, knn_val_accu: 65.22, contrast_loss: 6.47, contrast_acc: 30.63, gan_train_loss: 0.5939, gan_eval_loss: 0.5945
2022-07-08 09:13:23,826 DEBUG epoch:168, knn_val_accu: 65.44, contrast_loss: 6.43, contrast_acc: 30.84, gan_train_loss: 0.5924, gan_eval_loss: 0.5930
2022-07-08 09:17:27,848 DEBUG epoch:169, knn_val_accu: 65.77, contrast_loss: 6.42, contrast_acc: 31.06, gan_train_loss: 0.5921, gan_eval_loss: 0.5926
2022-07-08 09:21:31,969 DEBUG epoch:170, knn_val_accu: 65.16, contrast_loss: 6.39, contrast_acc: 31.04, gan_train_loss: 0.5919, gan_eval_loss: 0.5925
2022-07-08 09:25:38,048 DEBUG epoch:171, knn_val_accu: 65.31, contrast_loss: 6.39, contrast_acc: 31.06, gan_train_loss: 0.5920, gan_eval_loss: 0.5925
2022-07-08 09:29:42,079 DEBUG epoch:172, knn_val_accu: 66.08, contrast_loss: 6.37, contrast_acc: 31.26, gan_train_loss: 0.5919, gan_eval_loss: 0.5925
2022-07-08 09:33:48,048 DEBUG epoch:173, knn_val_accu: 65.80, contrast_loss: 6.35, contrast_acc: 31.35, gan_train_loss: 0.5919, gan_eval_loss: 0.5925
2022-07-08 09:37:53,421 DEBUG epoch:174, knn_val_accu: 65.72, contrast_loss: 6.34, contrast_acc: 31.43, gan_train_loss: 0.5927, gan_eval_loss: 0.5933
2022-07-08 09:41:59,313 DEBUG epoch:175, knn_val_accu: 65.64, contrast_loss: 6.33, contrast_acc: 31.52, gan_train_loss: 0.5925, gan_eval_loss: 0.5931
2022-07-08 09:46:05,875 DEBUG epoch:176, knn_val_accu: 65.63, contrast_loss: 6.32, contrast_acc: 31.60, gan_train_loss: 0.5922, gan_eval_loss: 0.5928
2022-07-08 09:50:10,947 DEBUG epoch:177, knn_val_accu: 65.81, contrast_loss: 6.34, contrast_acc: 31.16, gan_train_loss: 0.5924, gan_eval_loss: 0.5930
2022-07-08 09:54:18,515 DEBUG epoch:178, knn_val_accu: 65.57, contrast_loss: 6.29, contrast_acc: 31.40, gan_train_loss: 0.5937, gan_eval_loss: 0.5944
2022-07-08 09:58:24,800 DEBUG epoch:179, knn_val_accu: 65.45, contrast_loss: 6.28, contrast_acc: 31.67, gan_train_loss: 0.5933, gan_eval_loss: 0.5940
2022-07-08 10:02:31,418 DEBUG epoch:180, knn_val_accu: 65.81, contrast_loss: 6.31, contrast_acc: 31.30, gan_train_loss: 0.5935, gan_eval_loss: 0.5941
2022-07-08 10:06:39,695 DEBUG epoch:181, knn_val_accu: 65.90, contrast_loss: 6.28, contrast_acc: 31.38, gan_train_loss: 0.5942, gan_eval_loss: 0.5949
2022-07-08 10:10:44,693 DEBUG epoch:182, knn_val_accu: 66.02, contrast_loss: 6.25, contrast_acc: 31.72, gan_train_loss: 0.5933, gan_eval_loss: 0.5940
2022-07-08 10:14:53,017 DEBUG epoch:183, knn_val_accu: 65.88, contrast_loss: 6.26, contrast_acc: 31.48, gan_train_loss: 0.5951, gan_eval_loss: 0.5958
2022-07-08 10:18:59,577 DEBUG epoch:184, knn_val_accu: 66.04, contrast_loss: 6.27, contrast_acc: 31.38, gan_train_loss: 0.5941, gan_eval_loss: 0.5947
2022-07-08 10:23:06,820 DEBUG epoch:185, knn_val_accu: 66.01, contrast_loss: 6.25, contrast_acc: 31.58, gan_train_loss: 0.5951, gan_eval_loss: 0.5957
2022-07-08 10:27:15,793 DEBUG epoch:186, knn_val_accu: 66.00, contrast_loss: 6.24, contrast_acc: 31.46, gan_train_loss: 0.5953, gan_eval_loss: 0.5960
2022-07-08 10:31:23,264 DEBUG epoch:187, knn_val_accu: 66.08, contrast_loss: 6.23, contrast_acc: 31.68, gan_train_loss: 0.5958, gan_eval_loss: 0.5963
2022-07-08 10:35:34,751 DEBUG epoch:188, knn_val_accu: 65.70, contrast_loss: 6.23, contrast_acc: 31.53, gan_train_loss: 0.5971, gan_eval_loss: 0.5977
2022-07-08 10:39:42,125 DEBUG epoch:189, knn_val_accu: 65.92, contrast_loss: 6.22, contrast_acc: 31.63, gan_train_loss: 0.5967, gan_eval_loss: 0.5974
2022-07-08 10:43:52,761 DEBUG epoch:190, knn_val_accu: 65.82, contrast_loss: 6.21, contrast_acc: 31.56, gan_train_loss: 0.5970, gan_eval_loss: 0.5977
2022-07-08 10:48:01,659 DEBUG epoch:191, knn_val_accu: 65.93, contrast_loss: 6.24, contrast_acc: 31.38, gan_train_loss: 0.5982, gan_eval_loss: 0.5989
2022-07-08 10:52:11,077 DEBUG epoch:192, knn_val_accu: 65.84, contrast_loss: 6.22, contrast_acc: 31.60, gan_train_loss: 0.5994, gan_eval_loss: 0.6002
2022-07-08 10:56:23,504 DEBUG epoch:193, knn_val_accu: 65.87, contrast_loss: 6.22, contrast_acc: 31.59, gan_train_loss: 0.5994, gan_eval_loss: 0.6001
2022-07-08 11:00:34,065 DEBUG epoch:194, knn_val_accu: 65.84, contrast_loss: 6.22, contrast_acc: 31.67, gan_train_loss: 0.6004, gan_eval_loss: 0.6012
2022-07-08 11:04:47,412 DEBUG epoch:195, knn_val_accu: 65.91, contrast_loss: 6.22, contrast_acc: 31.60, gan_train_loss: 0.6006, gan_eval_loss: 0.6014
2022-07-08 11:08:59,173 DEBUG epoch:196, knn_val_accu: 65.98, contrast_loss: 6.21, contrast_acc: 31.28, gan_train_loss: 0.6016, gan_eval_loss: 0.6024
2022-07-08 11:13:11,278 DEBUG epoch:197, knn_val_accu: 65.97, contrast_loss: 6.22, contrast_acc: 31.58, gan_train_loss: 0.6024, gan_eval_loss: 0.6032
2022-07-08 11:17:25,731 DEBUG epoch:198, knn_val_accu: 65.93, contrast_loss: 6.23, contrast_acc: 31.11, gan_train_loss: 0.6040, gan_eval_loss: 0.6047
2022-07-08 11:21:38,934 DEBUG epoch:199, knn_val_accu: 65.99, contrast_loss: 6.22, contrast_acc: 31.41, gan_train_loss: 0.6049, gan_eval_loss: 0.6057
2022-07-08 11:25:54,935 DEBUG epoch:200, knn_val_accu: 65.91, contrast_loss: 6.22, contrast_acc: 31.37, gan_train_loss: 0.6057, gan_eval_loss: 0.6065
2022-07-10 18:18:33,449 DEBUG final knn evaluation accuracy is 66.08

2022-07-10 18:36:32,754 DEBUG Enable ResSFL fine-tuning: arch-res_normN4C64-alpha-2.0-ssim-0.6, using cifar100 as auxiliary data
2022-07-10 18:36:39,219 DEBUG final knn evaluation accuracy is 66.08
2022-07-10 18:48:15,235 DEBUG final linear-probe evaluation accuracy is 68.15
2022-07-10 18:52:41,517 DEBUG final semi-supervised evaluation accuracy with 10% data is 67.22
2022-07-10 18:56:09,309 DEBUG final semi-supervised evaluation accuracy with 1% data is 55.27
2022-07-10 18:56:16,117 DEBUG final knn evaluation accuracy is 66.08
