2022-07-17 02:17:14,240 DEBUG Generating IR ...... (may take a while)
2022-07-17 02:17:17,636 DEBUG epoch [1/50], train_loss 0.0434 (0.0666), val_loss 0.0660 (0.0648)
2022-07-17 02:17:19,128 DEBUG epoch [2/50], train_loss 0.0341 (0.0633), val_loss 0.0508 (0.0656)
2022-07-17 02:17:20,414 DEBUG epoch [3/50], train_loss 0.0522 (0.0612), val_loss 0.0614 (0.0647)
2022-07-17 02:17:21,795 DEBUG epoch [4/50], train_loss 0.0387 (0.0597), val_loss 0.0700 (0.0634)
2022-07-17 02:17:23,156 DEBUG epoch [5/50], train_loss 0.0624 (0.0586), val_loss 0.0572 (0.0629)
2022-07-17 02:17:24,439 DEBUG epoch [6/50], train_loss 0.0636 (0.0578), val_loss 0.0650 (0.0625)
2022-07-17 02:17:25,825 DEBUG epoch [7/50], train_loss 0.0364 (0.0572), val_loss 0.0582 (0.0618)
2022-07-17 02:17:27,182 DEBUG epoch [8/50], train_loss 0.0364 (0.0567), val_loss 0.0544 (0.0620)
2022-07-17 02:17:28,462 DEBUG epoch [9/50], train_loss 0.0436 (0.0561), val_loss 0.0604 (0.0618)
2022-07-17 02:17:29,855 DEBUG epoch [10/50], train_loss 0.0444 (0.0556), val_loss 0.0543 (0.0614)
2022-07-17 02:17:31,320 DEBUG epoch [11/50], train_loss 0.0378 (0.0552), val_loss 0.0599 (0.0612)
2022-07-17 02:17:32,618 DEBUG epoch [12/50], train_loss 0.0328 (0.0548), val_loss 0.0641 (0.0611)
2022-07-17 02:17:33,929 DEBUG epoch [13/50], train_loss 0.0436 (0.0544), val_loss 0.0542 (0.0608)
2022-07-17 02:17:35,356 DEBUG epoch [14/50], train_loss 0.0374 (0.0539), val_loss 0.0561 (0.0605)
2022-07-17 02:17:36,800 DEBUG epoch [15/50], train_loss 0.0581 (0.0535), val_loss 0.0672 (0.0604)
2022-07-17 02:17:38,133 DEBUG epoch [16/50], train_loss 0.0839 (0.0531), val_loss 0.0554 (0.0601)
2022-07-17 02:17:39,510 DEBUG epoch [17/50], train_loss 0.0464 (0.0528), val_loss 0.0615 (0.0600)
2022-07-17 02:17:40,909 DEBUG epoch [18/50], train_loss 0.0642 (0.0524), val_loss 0.0648 (0.0600)
2022-07-17 02:17:42,254 DEBUG epoch [19/50], train_loss 0.0480 (0.0520), val_loss 0.0615 (0.0600)
2022-07-17 02:17:43,557 DEBUG epoch [20/50], train_loss 0.0388 (0.0518), val_loss 0.0777 (0.0603)
2022-07-17 02:17:44,941 DEBUG epoch [21/50], train_loss 0.0601 (0.0517), val_loss 0.0610 (0.0601)
2022-07-17 02:17:46,421 DEBUG epoch [22/50], train_loss 0.0559 (0.0514), val_loss 0.0550 (0.0599)
2022-07-17 02:17:47,738 DEBUG epoch [23/50], train_loss 0.0429 (0.0514), val_loss 0.0653 (0.0599)
2022-07-17 02:17:49,102 DEBUG epoch [24/50], train_loss 0.0561 (0.0512), val_loss 0.0547 (0.0599)
2022-07-17 02:17:50,420 DEBUG epoch [25/50], train_loss 0.0993 (0.0510), val_loss 0.0723 (0.0600)
2022-07-17 02:17:51,733 DEBUG epoch [26/50], train_loss 0.0524 (0.0508), val_loss 0.0547 (0.0599)
2022-07-17 02:17:53,102 DEBUG epoch [27/50], train_loss 0.0826 (0.0506), val_loss 0.0591 (0.0599)
2022-07-17 02:17:54,431 DEBUG epoch [28/50], train_loss 0.0602 (0.0503), val_loss 0.0676 (0.0599)
2022-07-17 02:17:55,848 DEBUG epoch [29/50], train_loss 0.1174 (0.0501), val_loss 0.0622 (0.0597)
2022-07-17 02:17:57,356 DEBUG epoch [30/50], train_loss 0.0907 (0.0499), val_loss 0.0550 (0.0596)
2022-07-17 02:17:58,921 DEBUG epoch [31/50], train_loss 0.0554 (0.0498), val_loss 0.0532 (0.0597)
2022-07-17 02:18:00,316 DEBUG epoch [32/50], train_loss 0.0347 (0.0496), val_loss 0.0676 (0.0596)
2022-07-17 02:18:01,673 DEBUG epoch [33/50], train_loss 0.0540 (0.0493), val_loss 0.0600 (0.0596)
2022-07-17 02:18:03,017 DEBUG epoch [34/50], train_loss 0.0373 (0.0490), val_loss 0.0493 (0.0594)
2022-07-17 02:18:04,380 DEBUG epoch [35/50], train_loss 0.0513 (0.0488), val_loss 0.0673 (0.0594)
2022-07-17 02:18:05,757 DEBUG epoch [36/50], train_loss 0.0468 (0.0485), val_loss 0.0602 (0.0593)
2022-07-17 02:18:07,013 DEBUG epoch [37/50], train_loss 0.0578 (0.0483), val_loss 0.0603 (0.0592)
2022-07-17 02:18:08,431 DEBUG epoch [38/50], train_loss 0.0291 (0.0481), val_loss 0.0458 (0.0590)
2022-07-17 02:18:09,779 DEBUG epoch [39/50], train_loss 0.0625 (0.0478), val_loss 0.0497 (0.0591)
2022-07-17 02:18:11,111 DEBUG epoch [40/50], train_loss 0.0705 (0.0476), val_loss 0.0565 (0.0590)
2022-07-17 02:18:12,524 DEBUG epoch [41/50], train_loss 0.0441 (0.0474), val_loss 0.0593 (0.0588)
2022-07-17 02:18:13,936 DEBUG epoch [42/50], train_loss 0.0341 (0.0472), val_loss 0.0647 (0.0588)
2022-07-17 02:18:15,324 DEBUG epoch [43/50], train_loss 0.0419 (0.0469), val_loss 0.0601 (0.0588)
2022-07-17 02:18:16,694 DEBUG epoch [44/50], train_loss 0.0823 (0.0467), val_loss 0.0455 (0.0587)
2022-07-17 02:18:18,027 DEBUG epoch [45/50], train_loss 0.0324 (0.0464), val_loss 0.0539 (0.0586)
2022-07-17 02:18:19,363 DEBUG epoch [46/50], train_loss 0.0431 (0.0462), val_loss 0.0595 (0.0585)
2022-07-17 02:18:20,732 DEBUG epoch [47/50], train_loss 0.0261 (0.0459), val_loss 0.0634 (0.0585)
2022-07-17 02:18:22,145 DEBUG epoch [48/50], train_loss 0.0909 (0.0457), val_loss 0.0484 (0.0584)
2022-07-17 02:18:23,577 DEBUG epoch [49/50], train_loss 0.1123 (0.0455), val_loss 0.0467 (0.0582)
2022-07-17 02:18:24,919 DEBUG epoch [50/50], train_loss 0.0543 (0.0455), val_loss 0.0497 (0.0581)
2022-07-17 02:18:24,920 DEBUG Using MIA arch res_normN4C64 Best Validation Loss is 0.04554850235581398
2022-07-17 02:18:26,100 DEBUG MSE Loss on ALL Image is 0.0345 (Real Attack Results on the Target Client)
2022-07-17 02:18:26,100 DEBUG SSIM Loss on ALL Image is 0.4689 (Real Attack Results on the Target Client)
2022-07-17 02:18:26,100 DEBUG PSNR Loss on ALL Image is 15.4154 (Real Attack Results on the Target Client)
