2022-07-13 06:23:08,553 DEBUG Enable ResSFL fine-tuning: arch-res_normN4C64-alpha-2.0-ssim-0.6, using cifar100 as auxiliary data
2022-07-13 06:23:08,924 DEBUG SFL-Moco (ResSFL-expert) Train on cifar10 with cutlayer 2: total epochs: 200
2022-07-13 06:24:39,201 DEBUG epoch:1, knn_val_accu: 36.82, contrast_loss: 13.37, contrast_acc: 10.36, gan_train_loss: 0.6255, gan_eval_loss: 0.6014
2022-07-13 06:26:10,738 DEBUG epoch:2, knn_val_accu: 39.74, contrast_loss: 13.03, contrast_acc: 13.05, gan_train_loss: 0.6228, gan_eval_loss: 0.6034
2022-07-13 06:27:43,993 DEBUG epoch:3, knn_val_accu: 42.15, contrast_loss: 12.85, contrast_acc: 13.24, gan_train_loss: 0.6196, gan_eval_loss: 0.6147
2022-07-13 06:29:18,036 DEBUG epoch:4, knn_val_accu: 43.45, contrast_loss: 12.57, contrast_acc: 16.43, gan_train_loss: 0.6178, gan_eval_loss: 0.6182
2022-07-13 06:30:52,102 DEBUG epoch:5, knn_val_accu: 44.42, contrast_loss: 12.36, contrast_acc: 17.46, gan_train_loss: 0.6218, gan_eval_loss: 0.6219
2022-07-13 06:32:26,236 DEBUG epoch:6, knn_val_accu: 45.27, contrast_loss: 12.20, contrast_acc: 18.43, gan_train_loss: 0.6217, gan_eval_loss: 0.6227
2022-07-13 06:34:00,053 DEBUG epoch:7, knn_val_accu: 45.53, contrast_loss: 12.03, contrast_acc: 19.09, gan_train_loss: 0.6259, gan_eval_loss: 0.6266
2022-07-13 06:35:33,743 DEBUG epoch:8, knn_val_accu: 47.16, contrast_loss: 11.93, contrast_acc: 20.11, gan_train_loss: 0.6287, gan_eval_loss: 0.6303
2022-07-13 06:37:07,380 DEBUG epoch:9, knn_val_accu: 48.26, contrast_loss: 11.82, contrast_acc: 20.60, gan_train_loss: 0.6292, gan_eval_loss: 0.6311
2022-07-13 06:38:41,260 DEBUG epoch:10, knn_val_accu: 49.57, contrast_loss: 11.62, contrast_acc: 21.83, gan_train_loss: 0.6300, gan_eval_loss: 0.6317
2022-07-13 06:40:14,882 DEBUG epoch:11, knn_val_accu: 50.75, contrast_loss: 11.51, contrast_acc: 22.61, gan_train_loss: 0.6289, gan_eval_loss: 0.6310
2022-07-13 06:41:48,547 DEBUG epoch:12, knn_val_accu: 52.02, contrast_loss: 11.37, contrast_acc: 23.47, gan_train_loss: 0.6287, gan_eval_loss: 0.6308
2022-07-13 06:43:22,155 DEBUG epoch:13, knn_val_accu: 51.84, contrast_loss: 11.28, contrast_acc: 23.78, gan_train_loss: 0.6274, gan_eval_loss: 0.6295
2022-07-13 06:44:55,868 DEBUG epoch:14, knn_val_accu: 53.46, contrast_loss: 11.21, contrast_acc: 24.53, gan_train_loss: 0.6239, gan_eval_loss: 0.6257
2022-07-13 06:46:29,479 DEBUG epoch:15, knn_val_accu: 54.66, contrast_loss: 11.08, contrast_acc: 25.29, gan_train_loss: 0.6211, gan_eval_loss: 0.6239
2022-07-13 06:48:03,208 DEBUG epoch:16, knn_val_accu: 54.16, contrast_loss: 11.01, contrast_acc: 25.36, gan_train_loss: 0.6237, gan_eval_loss: 0.6262
2022-07-13 06:49:37,015 DEBUG epoch:17, knn_val_accu: 54.17, contrast_loss: 10.90, contrast_acc: 25.91, gan_train_loss: 0.6254, gan_eval_loss: 0.6281
2022-07-13 06:51:11,061 DEBUG epoch:18, knn_val_accu: 55.68, contrast_loss: 10.78, contrast_acc: 26.62, gan_train_loss: 0.6236, gan_eval_loss: 0.6265
2022-07-13 06:52:44,801 DEBUG epoch:19, knn_val_accu: 55.61, contrast_loss: 10.68, contrast_acc: 27.06, gan_train_loss: 0.6246, gan_eval_loss: 0.6271
2022-07-13 06:54:18,770 DEBUG epoch:20, knn_val_accu: 56.13, contrast_loss: 10.56, contrast_acc: 27.99, gan_train_loss: 0.6233, gan_eval_loss: 0.6255
2022-07-13 06:55:52,693 DEBUG epoch:21, knn_val_accu: 56.59, contrast_loss: 10.50, contrast_acc: 28.12, gan_train_loss: 0.6261, gan_eval_loss: 0.6288
2022-07-13 06:57:26,497 DEBUG epoch:22, knn_val_accu: 56.98, contrast_loss: 10.40, contrast_acc: 28.58, gan_train_loss: 0.6262, gan_eval_loss: 0.6288
2022-07-13 06:58:59,941 DEBUG epoch:23, knn_val_accu: 57.60, contrast_loss: 10.33, contrast_acc: 29.26, gan_train_loss: 0.6243, gan_eval_loss: 0.6270
2022-07-13 07:00:33,282 DEBUG epoch:24, knn_val_accu: 58.17, contrast_loss: 10.29, contrast_acc: 29.12, gan_train_loss: 0.6229, gan_eval_loss: 0.6256
2022-07-13 07:02:06,502 DEBUG epoch:25, knn_val_accu: 58.99, contrast_loss: 10.23, contrast_acc: 29.54, gan_train_loss: 0.6237, gan_eval_loss: 0.6260
2022-07-13 07:03:39,904 DEBUG epoch:26, knn_val_accu: 59.10, contrast_loss: 10.17, contrast_acc: 30.18, gan_train_loss: 0.6232, gan_eval_loss: 0.6249
2022-07-13 07:05:12,770 DEBUG epoch:27, knn_val_accu: 58.92, contrast_loss: 10.07, contrast_acc: 30.68, gan_train_loss: 0.6215, gan_eval_loss: 0.6231
2022-07-13 07:06:45,882 DEBUG epoch:28, knn_val_accu: 59.86, contrast_loss: 10.02, contrast_acc: 30.87, gan_train_loss: 0.6215, gan_eval_loss: 0.6237
2022-07-13 07:08:18,932 DEBUG epoch:29, knn_val_accu: 59.79, contrast_loss: 9.96, contrast_acc: 31.51, gan_train_loss: 0.6236, gan_eval_loss: 0.6254
2022-07-13 07:09:52,206 DEBUG epoch:30, knn_val_accu: 60.15, contrast_loss: 9.82, contrast_acc: 32.63, gan_train_loss: 0.6221, gan_eval_loss: 0.6239
2022-07-13 07:11:25,838 DEBUG epoch:31, knn_val_accu: 60.77, contrast_loss: 9.79, contrast_acc: 32.97, gan_train_loss: 0.6230, gan_eval_loss: 0.6245
2022-07-13 07:12:59,457 DEBUG epoch:32, knn_val_accu: 60.96, contrast_loss: 9.70, contrast_acc: 33.81, gan_train_loss: 0.6240, gan_eval_loss: 0.6266
2022-07-13 07:14:33,044 DEBUG epoch:33, knn_val_accu: 60.74, contrast_loss: 9.64, contrast_acc: 34.12, gan_train_loss: 0.6247, gan_eval_loss: 0.6271
2022-07-13 07:16:06,518 DEBUG epoch:34, knn_val_accu: 61.24, contrast_loss: 9.60, contrast_acc: 34.47, gan_train_loss: 0.6244, gan_eval_loss: 0.6264
2022-07-13 07:17:40,004 DEBUG epoch:35, knn_val_accu: 61.36, contrast_loss: 9.52, contrast_acc: 35.21, gan_train_loss: 0.6255, gan_eval_loss: 0.6283
2022-07-13 07:19:13,155 DEBUG epoch:36, knn_val_accu: 61.36, contrast_loss: 9.48, contrast_acc: 35.25, gan_train_loss: 0.6246, gan_eval_loss: 0.6267
2022-07-13 07:20:46,488 DEBUG epoch:37, knn_val_accu: 61.89, contrast_loss: 9.42, contrast_acc: 35.80, gan_train_loss: 0.6262, gan_eval_loss: 0.6292
2022-07-13 07:22:19,626 DEBUG epoch:38, knn_val_accu: 61.51, contrast_loss: 9.37, contrast_acc: 36.54, gan_train_loss: 0.6249, gan_eval_loss: 0.6272
2022-07-13 07:23:53,141 DEBUG epoch:39, knn_val_accu: 62.06, contrast_loss: 9.32, contrast_acc: 36.65, gan_train_loss: 0.6233, gan_eval_loss: 0.6260
2022-07-13 07:25:26,238 DEBUG epoch:40, knn_val_accu: 61.99, contrast_loss: 9.29, contrast_acc: 36.95, gan_train_loss: 0.6273, gan_eval_loss: 0.6305
2022-07-13 07:26:59,709 DEBUG epoch:41, knn_val_accu: 62.30, contrast_loss: 9.22, contrast_acc: 37.47, gan_train_loss: 0.6245, gan_eval_loss: 0.6261
2022-07-13 07:28:33,064 DEBUG epoch:42, knn_val_accu: 63.05, contrast_loss: 9.23, contrast_acc: 37.88, gan_train_loss: 0.6243, gan_eval_loss: 0.6268
2022-07-13 07:30:06,451 DEBUG epoch:43, knn_val_accu: 62.37, contrast_loss: 9.16, contrast_acc: 38.13, gan_train_loss: 0.6254, gan_eval_loss: 0.6276
2022-07-13 07:31:39,634 DEBUG epoch:44, knn_val_accu: 62.60, contrast_loss: 9.12, contrast_acc: 38.34, gan_train_loss: 0.6252, gan_eval_loss: 0.6277
2022-07-13 07:33:13,270 DEBUG epoch:45, knn_val_accu: 61.96, contrast_loss: 9.09, contrast_acc: 38.56, gan_train_loss: 0.6287, gan_eval_loss: 0.6298
2022-07-13 07:34:47,201 DEBUG epoch:46, knn_val_accu: 63.17, contrast_loss: 9.10, contrast_acc: 38.85, gan_train_loss: 0.6262, gan_eval_loss: 0.6271
2022-07-13 07:36:21,377 DEBUG epoch:47, knn_val_accu: 63.20, contrast_loss: 9.03, contrast_acc: 39.26, gan_train_loss: 0.6284, gan_eval_loss: 0.6308
2022-07-13 07:37:55,266 DEBUG epoch:48, knn_val_accu: 63.47, contrast_loss: 9.02, contrast_acc: 39.47, gan_train_loss: 0.6243, gan_eval_loss: 0.6272
2022-07-13 07:39:28,827 DEBUG epoch:49, knn_val_accu: 63.38, contrast_loss: 8.94, contrast_acc: 40.24, gan_train_loss: 0.6264, gan_eval_loss: 0.6291
2022-07-13 07:41:02,474 DEBUG epoch:50, knn_val_accu: 64.15, contrast_loss: 8.94, contrast_acc: 40.65, gan_train_loss: 0.6274, gan_eval_loss: 0.6298
2022-07-13 07:42:36,153 DEBUG epoch:51, knn_val_accu: 64.32, contrast_loss: 8.90, contrast_acc: 40.58, gan_train_loss: 0.6277, gan_eval_loss: 0.6302
2022-07-13 07:44:09,534 DEBUG epoch:52, knn_val_accu: 64.31, contrast_loss: 8.92, contrast_acc: 40.17, gan_train_loss: 0.6263, gan_eval_loss: 0.6290
2022-07-13 07:45:42,992 DEBUG epoch:53, knn_val_accu: 63.83, contrast_loss: 8.87, contrast_acc: 40.72, gan_train_loss: 0.6271, gan_eval_loss: 0.6293
2022-07-13 07:47:16,284 DEBUG epoch:54, knn_val_accu: 63.87, contrast_loss: 8.86, contrast_acc: 41.01, gan_train_loss: 0.6260, gan_eval_loss: 0.6274
2022-07-13 07:48:49,843 DEBUG epoch:55, knn_val_accu: 64.47, contrast_loss: 8.83, contrast_acc: 41.36, gan_train_loss: 0.6262, gan_eval_loss: 0.6279
2022-07-13 07:50:23,246 DEBUG epoch:56, knn_val_accu: 64.00, contrast_loss: 8.80, contrast_acc: 41.65, gan_train_loss: 0.6275, gan_eval_loss: 0.6291
2022-07-13 07:51:56,588 DEBUG epoch:57, knn_val_accu: 63.98, contrast_loss: 8.78, contrast_acc: 41.67, gan_train_loss: 0.6291, gan_eval_loss: 0.6311
2022-07-13 07:53:30,013 DEBUG epoch:58, knn_val_accu: 64.17, contrast_loss: 8.76, contrast_acc: 42.20, gan_train_loss: 0.6275, gan_eval_loss: 0.6293
2022-07-13 07:55:03,825 DEBUG epoch:59, knn_val_accu: 64.61, contrast_loss: 8.69, contrast_acc: 42.68, gan_train_loss: 0.6276, gan_eval_loss: 0.6305
2022-07-13 07:56:37,660 DEBUG epoch:60, knn_val_accu: 64.81, contrast_loss: 8.72, contrast_acc: 42.16, gan_train_loss: 0.6277, gan_eval_loss: 0.6292
2022-07-13 07:58:11,242 DEBUG epoch:61, knn_val_accu: 64.66, contrast_loss: 8.71, contrast_acc: 42.63, gan_train_loss: 0.6245, gan_eval_loss: 0.6252
2022-07-13 07:59:45,312 DEBUG epoch:62, knn_val_accu: 65.13, contrast_loss: 8.61, contrast_acc: 43.27, gan_train_loss: 0.6275, gan_eval_loss: 0.6290
2022-07-13 08:01:19,287 DEBUG epoch:63, knn_val_accu: 64.90, contrast_loss: 8.61, contrast_acc: 43.44, gan_train_loss: 0.6306, gan_eval_loss: 0.6320
2022-07-13 08:02:52,923 DEBUG epoch:64, knn_val_accu: 65.00, contrast_loss: 8.59, contrast_acc: 43.82, gan_train_loss: 0.6271, gan_eval_loss: 0.6286
2022-07-13 08:04:26,511 DEBUG epoch:65, knn_val_accu: 65.13, contrast_loss: 8.56, contrast_acc: 44.20, gan_train_loss: 0.6255, gan_eval_loss: 0.6270
2022-07-13 08:06:00,086 DEBUG epoch:66, knn_val_accu: 65.03, contrast_loss: 8.49, contrast_acc: 44.82, gan_train_loss: 0.6274, gan_eval_loss: 0.6289
2022-07-13 08:07:33,231 DEBUG epoch:67, knn_val_accu: 64.51, contrast_loss: 8.53, contrast_acc: 44.33, gan_train_loss: 0.6233, gan_eval_loss: 0.6248
2022-07-13 08:09:06,555 DEBUG epoch:68, knn_val_accu: 65.00, contrast_loss: 8.47, contrast_acc: 44.93, gan_train_loss: 0.6266, gan_eval_loss: 0.6279
2022-07-13 08:10:40,077 DEBUG epoch:69, knn_val_accu: 64.88, contrast_loss: 8.46, contrast_acc: 44.94, gan_train_loss: 0.6258, gan_eval_loss: 0.6274
2022-07-13 08:12:13,414 DEBUG epoch:70, knn_val_accu: 65.25, contrast_loss: 8.43, contrast_acc: 45.24, gan_train_loss: 0.6260, gan_eval_loss: 0.6270
2022-07-13 08:13:46,754 DEBUG epoch:71, knn_val_accu: 65.31, contrast_loss: 8.48, contrast_acc: 44.89, gan_train_loss: 0.6247, gan_eval_loss: 0.6260
2022-07-13 08:15:20,003 DEBUG epoch:72, knn_val_accu: 65.08, contrast_loss: 8.36, contrast_acc: 45.82, gan_train_loss: 0.6241, gan_eval_loss: 0.6254
2022-07-13 08:16:53,290 DEBUG epoch:73, knn_val_accu: 65.10, contrast_loss: 8.36, contrast_acc: 45.82, gan_train_loss: 0.6268, gan_eval_loss: 0.6283
2022-07-13 08:18:26,725 DEBUG epoch:74, knn_val_accu: 64.86, contrast_loss: 8.38, contrast_acc: 45.84, gan_train_loss: 0.6267, gan_eval_loss: 0.6282
2022-07-13 08:20:00,391 DEBUG epoch:75, knn_val_accu: 65.85, contrast_loss: 8.34, contrast_acc: 46.12, gan_train_loss: 0.6273, gan_eval_loss: 0.6289
2022-07-13 08:21:34,023 DEBUG epoch:76, knn_val_accu: 65.54, contrast_loss: 8.31, contrast_acc: 46.52, gan_train_loss: 0.6267, gan_eval_loss: 0.6281
2022-07-13 08:23:07,643 DEBUG epoch:77, knn_val_accu: 65.80, contrast_loss: 8.29, contrast_acc: 46.62, gan_train_loss: 0.6260, gan_eval_loss: 0.6274
2022-07-13 08:24:41,505 DEBUG epoch:78, knn_val_accu: 65.51, contrast_loss: 8.27, contrast_acc: 46.76, gan_train_loss: 0.6283, gan_eval_loss: 0.6299
2022-07-13 08:26:15,485 DEBUG epoch:79, knn_val_accu: 65.99, contrast_loss: 8.23, contrast_acc: 47.15, gan_train_loss: 0.6255, gan_eval_loss: 0.6273
2022-07-13 08:27:49,176 DEBUG epoch:80, knn_val_accu: 65.37, contrast_loss: 8.18, contrast_acc: 47.80, gan_train_loss: 0.6269, gan_eval_loss: 0.6286
2022-07-13 08:29:22,952 DEBUG epoch:81, knn_val_accu: 66.02, contrast_loss: 8.20, contrast_acc: 47.70, gan_train_loss: 0.6265, gan_eval_loss: 0.6281
2022-07-13 08:30:56,513 DEBUG epoch:82, knn_val_accu: 65.94, contrast_loss: 8.18, contrast_acc: 47.71, gan_train_loss: 0.6287, gan_eval_loss: 0.6299
2022-07-13 08:32:30,041 DEBUG epoch:83, knn_val_accu: 66.62, contrast_loss: 8.13, contrast_acc: 48.18, gan_train_loss: 0.6277, gan_eval_loss: 0.6290
2022-07-13 08:34:03,616 DEBUG epoch:84, knn_val_accu: 65.79, contrast_loss: 8.18, contrast_acc: 47.87, gan_train_loss: 0.6278, gan_eval_loss: 0.6291
2022-07-13 08:35:37,102 DEBUG epoch:85, knn_val_accu: 66.28, contrast_loss: 8.14, contrast_acc: 48.06, gan_train_loss: 0.6282, gan_eval_loss: 0.6295
2022-07-13 08:37:10,530 DEBUG epoch:86, knn_val_accu: 66.84, contrast_loss: 8.14, contrast_acc: 48.20, gan_train_loss: 0.6267, gan_eval_loss: 0.6278
2022-07-13 08:38:44,081 DEBUG epoch:87, knn_val_accu: 65.77, contrast_loss: 8.08, contrast_acc: 48.54, gan_train_loss: 0.6260, gan_eval_loss: 0.6273
2022-07-13 08:40:17,558 DEBUG epoch:88, knn_val_accu: 65.81, contrast_loss: 8.08, contrast_acc: 48.92, gan_train_loss: 0.6284, gan_eval_loss: 0.6299
2022-07-13 08:41:50,861 DEBUG epoch:89, knn_val_accu: 65.71, contrast_loss: 8.04, contrast_acc: 48.79, gan_train_loss: 0.6277, gan_eval_loss: 0.6292
2022-07-13 08:43:24,314 DEBUG epoch:90, knn_val_accu: 66.59, contrast_loss: 8.03, contrast_acc: 49.25, gan_train_loss: 0.6278, gan_eval_loss: 0.6295
2022-07-13 08:44:57,827 DEBUG epoch:91, knn_val_accu: 65.89, contrast_loss: 8.00, contrast_acc: 49.44, gan_train_loss: 0.6287, gan_eval_loss: 0.6305
2022-07-13 08:46:31,605 DEBUG epoch:92, knn_val_accu: 66.16, contrast_loss: 7.99, contrast_acc: 49.73, gan_train_loss: 0.6282, gan_eval_loss: 0.6299
2022-07-13 08:48:05,354 DEBUG epoch:93, knn_val_accu: 66.10, contrast_loss: 7.93, contrast_acc: 49.96, gan_train_loss: 0.6281, gan_eval_loss: 0.6296
2022-07-13 08:49:39,286 DEBUG epoch:94, knn_val_accu: 66.36, contrast_loss: 7.91, contrast_acc: 50.37, gan_train_loss: 0.6285, gan_eval_loss: 0.6299
2022-07-13 08:51:13,268 DEBUG epoch:95, knn_val_accu: 66.79, contrast_loss: 7.91, contrast_acc: 50.33, gan_train_loss: 0.6287, gan_eval_loss: 0.6301
2022-07-13 08:52:47,015 DEBUG epoch:96, knn_val_accu: 66.66, contrast_loss: 7.87, contrast_acc: 50.99, gan_train_loss: 0.6307, gan_eval_loss: 0.6320
2022-07-13 08:54:20,595 DEBUG epoch:97, knn_val_accu: 66.24, contrast_loss: 7.90, contrast_acc: 50.30, gan_train_loss: 0.6311, gan_eval_loss: 0.6317
2022-07-13 08:55:54,013 DEBUG epoch:98, knn_val_accu: 66.80, contrast_loss: 7.89, contrast_acc: 50.52, gan_train_loss: 0.6278, gan_eval_loss: 0.6287
2022-07-13 08:57:27,899 DEBUG epoch:99, knn_val_accu: 66.85, contrast_loss: 7.84, contrast_acc: 50.97, gan_train_loss: 0.6320, gan_eval_loss: 0.6335
2022-07-13 08:59:01,195 DEBUG epoch:100, knn_val_accu: 66.53, contrast_loss: 7.86, contrast_acc: 50.99, gan_train_loss: 0.6306, gan_eval_loss: 0.6321
2022-07-13 09:00:34,570 DEBUG epoch:101, knn_val_accu: 66.86, contrast_loss: 7.86, contrast_acc: 50.87, gan_train_loss: 0.6251, gan_eval_loss: 0.6263
2022-07-13 09:02:07,986 DEBUG epoch:102, knn_val_accu: 66.58, contrast_loss: 7.84, contrast_acc: 50.97, gan_train_loss: 0.6259, gan_eval_loss: 0.6273
2022-07-13 09:03:41,621 DEBUG epoch:103, knn_val_accu: 66.96, contrast_loss: 7.75, contrast_acc: 51.97, gan_train_loss: 0.6277, gan_eval_loss: 0.6293
2022-07-13 09:05:15,010 DEBUG epoch:104, knn_val_accu: 66.64, contrast_loss: 7.77, contrast_acc: 51.71, gan_train_loss: 0.6301, gan_eval_loss: 0.6315
2022-07-13 09:06:48,290 DEBUG epoch:105, knn_val_accu: 67.18, contrast_loss: 7.77, contrast_acc: 51.44, gan_train_loss: 0.6291, gan_eval_loss: 0.6306
2022-07-13 09:08:21,615 DEBUG epoch:106, knn_val_accu: 66.89, contrast_loss: 7.75, contrast_acc: 52.01, gan_train_loss: 0.6302, gan_eval_loss: 0.6315
2022-07-13 09:09:55,237 DEBUG epoch:107, knn_val_accu: 67.57, contrast_loss: 7.76, contrast_acc: 51.59, gan_train_loss: 0.6286, gan_eval_loss: 0.6300
2022-07-13 09:11:28,869 DEBUG epoch:108, knn_val_accu: 67.04, contrast_loss: 7.72, contrast_acc: 51.87, gan_train_loss: 0.6272, gan_eval_loss: 0.6284
2022-07-13 09:13:02,602 DEBUG epoch:109, knn_val_accu: 67.67, contrast_loss: 7.73, contrast_acc: 52.34, gan_train_loss: 0.6280, gan_eval_loss: 0.6295
2022-07-13 09:14:36,360 DEBUG epoch:110, knn_val_accu: 67.62, contrast_loss: 7.69, contrast_acc: 52.44, gan_train_loss: 0.6249, gan_eval_loss: 0.6263
2022-07-13 09:16:10,073 DEBUG epoch:111, knn_val_accu: 67.20, contrast_loss: 7.62, contrast_acc: 53.05, gan_train_loss: 0.6267, gan_eval_loss: 0.6277
2022-07-13 09:17:43,856 DEBUG epoch:112, knn_val_accu: 67.60, contrast_loss: 7.61, contrast_acc: 53.26, gan_train_loss: 0.6277, gan_eval_loss: 0.6288
2022-07-13 09:19:17,580 DEBUG epoch:113, knn_val_accu: 67.31, contrast_loss: 7.58, contrast_acc: 53.24, gan_train_loss: 0.6262, gan_eval_loss: 0.6278
2022-07-13 09:20:51,555 DEBUG epoch:114, knn_val_accu: 67.69, contrast_loss: 7.62, contrast_acc: 53.37, gan_train_loss: 0.6269, gan_eval_loss: 0.6285
2022-07-13 09:22:25,083 DEBUG epoch:115, knn_val_accu: 66.94, contrast_loss: 7.56, contrast_acc: 53.83, gan_train_loss: 0.6267, gan_eval_loss: 0.6283
2022-07-13 09:23:58,176 DEBUG epoch:116, knn_val_accu: 67.59, contrast_loss: 7.57, contrast_acc: 53.70, gan_train_loss: 0.6251, gan_eval_loss: 0.6267
2022-07-13 09:25:31,535 DEBUG epoch:117, knn_val_accu: 67.40, contrast_loss: 7.59, contrast_acc: 53.64, gan_train_loss: 0.6270, gan_eval_loss: 0.6287
2022-07-13 09:27:05,050 DEBUG epoch:118, knn_val_accu: 67.70, contrast_loss: 7.61, contrast_acc: 53.38, gan_train_loss: 0.6277, gan_eval_loss: 0.6290
2022-07-13 09:28:38,469 DEBUG epoch:119, knn_val_accu: 67.28, contrast_loss: 7.55, contrast_acc: 53.73, gan_train_loss: 0.6261, gan_eval_loss: 0.6273
2022-07-13 09:30:11,946 DEBUG epoch:120, knn_val_accu: 67.58, contrast_loss: 7.53, contrast_acc: 53.93, gan_train_loss: 0.6282, gan_eval_loss: 0.6292
2022-07-13 09:31:44,593 DEBUG epoch:121, knn_val_accu: 67.28, contrast_loss: 7.53, contrast_acc: 53.65, gan_train_loss: 0.6180, gan_eval_loss: 0.6189
2022-07-13 09:33:17,565 DEBUG epoch:122, knn_val_accu: 68.00, contrast_loss: 7.47, contrast_acc: 54.72, gan_train_loss: 0.6210, gan_eval_loss: 0.6217
2022-07-13 09:34:50,843 DEBUG epoch:123, knn_val_accu: 67.76, contrast_loss: 7.44, contrast_acc: 54.75, gan_train_loss: 0.6197, gan_eval_loss: 0.6204
2022-07-13 09:36:23,685 DEBUG epoch:124, knn_val_accu: 67.50, contrast_loss: 7.42, contrast_acc: 54.92, gan_train_loss: 0.6212, gan_eval_loss: 0.6220
2022-07-13 09:37:57,036 DEBUG epoch:125, knn_val_accu: 68.07, contrast_loss: 7.40, contrast_acc: 55.36, gan_train_loss: 0.6205, gan_eval_loss: 0.6213
2022-07-13 09:39:30,340 DEBUG epoch:126, knn_val_accu: 67.96, contrast_loss: 7.33, contrast_acc: 55.98, gan_train_loss: 0.6202, gan_eval_loss: 0.6209
2022-07-13 09:41:03,415 DEBUG epoch:127, knn_val_accu: 67.37, contrast_loss: 7.34, contrast_acc: 55.74, gan_train_loss: 0.6208, gan_eval_loss: 0.6214
2022-07-13 09:42:37,202 DEBUG epoch:128, knn_val_accu: 68.09, contrast_loss: 7.34, contrast_acc: 55.55, gan_train_loss: 0.6206, gan_eval_loss: 0.6214
2022-07-13 09:44:10,560 DEBUG epoch:129, knn_val_accu: 67.93, contrast_loss: 7.32, contrast_acc: 55.98, gan_train_loss: 0.6191, gan_eval_loss: 0.6199
2022-07-13 09:45:43,748 DEBUG epoch:130, knn_val_accu: 68.07, contrast_loss: 7.31, contrast_acc: 55.93, gan_train_loss: 0.6201, gan_eval_loss: 0.6207
2022-07-13 09:47:17,068 DEBUG epoch:131, knn_val_accu: 67.65, contrast_loss: 7.30, contrast_acc: 56.18, gan_train_loss: 0.6198, gan_eval_loss: 0.6205
2022-07-13 09:48:50,077 DEBUG epoch:132, knn_val_accu: 67.58, contrast_loss: 7.27, contrast_acc: 56.57, gan_train_loss: 0.6192, gan_eval_loss: 0.6200
2022-07-13 09:50:23,051 DEBUG epoch:133, knn_val_accu: 68.17, contrast_loss: 7.26, contrast_acc: 56.57, gan_train_loss: 0.6181, gan_eval_loss: 0.6189
2022-07-13 09:51:55,923 DEBUG epoch:134, knn_val_accu: 68.02, contrast_loss: 7.27, contrast_acc: 56.35, gan_train_loss: 0.6176, gan_eval_loss: 0.6184
2022-07-13 09:53:28,962 DEBUG epoch:135, knn_val_accu: 68.62, contrast_loss: 7.21, contrast_acc: 57.07, gan_train_loss: 0.6180, gan_eval_loss: 0.6188
2022-07-13 09:55:02,118 DEBUG epoch:136, knn_val_accu: 68.21, contrast_loss: 7.23, contrast_acc: 56.78, gan_train_loss: 0.6187, gan_eval_loss: 0.6196
2022-07-13 09:56:34,922 DEBUG epoch:137, knn_val_accu: 68.13, contrast_loss: 7.18, contrast_acc: 57.32, gan_train_loss: 0.6184, gan_eval_loss: 0.6192
2022-07-13 09:58:07,665 DEBUG epoch:138, knn_val_accu: 68.07, contrast_loss: 7.21, contrast_acc: 57.07, gan_train_loss: 0.6185, gan_eval_loss: 0.6194
2022-07-13 09:59:40,653 DEBUG epoch:139, knn_val_accu: 67.99, contrast_loss: 7.17, contrast_acc: 57.21, gan_train_loss: 0.6175, gan_eval_loss: 0.6182
2022-07-13 10:01:13,338 DEBUG epoch:140, knn_val_accu: 68.30, contrast_loss: 7.16, contrast_acc: 57.39, gan_train_loss: 0.6164, gan_eval_loss: 0.6172
2022-07-13 10:02:45,899 DEBUG epoch:141, knn_val_accu: 68.55, contrast_loss: 7.15, contrast_acc: 57.59, gan_train_loss: 0.6160, gan_eval_loss: 0.6167
2022-07-13 10:04:18,578 DEBUG epoch:142, knn_val_accu: 68.24, contrast_loss: 7.12, contrast_acc: 57.87, gan_train_loss: 0.6165, gan_eval_loss: 0.6171
2022-07-13 10:05:51,044 DEBUG epoch:143, knn_val_accu: 68.79, contrast_loss: 7.08, contrast_acc: 58.20, gan_train_loss: 0.6146, gan_eval_loss: 0.6153
2022-07-13 10:07:23,505 DEBUG epoch:144, knn_val_accu: 68.53, contrast_loss: 7.11, contrast_acc: 57.83, gan_train_loss: 0.6146, gan_eval_loss: 0.6153
2022-07-13 10:08:56,231 DEBUG epoch:145, knn_val_accu: 68.38, contrast_loss: 7.07, contrast_acc: 58.44, gan_train_loss: 0.6162, gan_eval_loss: 0.6169
2022-07-13 10:10:28,971 DEBUG epoch:146, knn_val_accu: 68.69, contrast_loss: 7.05, contrast_acc: 58.39, gan_train_loss: 0.6163, gan_eval_loss: 0.6170
2022-07-13 10:12:01,229 DEBUG epoch:147, knn_val_accu: 68.57, contrast_loss: 7.04, contrast_acc: 58.53, gan_train_loss: 0.6121, gan_eval_loss: 0.6129
2022-07-13 10:13:34,072 DEBUG epoch:148, knn_val_accu: 68.47, contrast_loss: 7.00, contrast_acc: 58.89, gan_train_loss: 0.6159, gan_eval_loss: 0.6166
2022-07-13 10:15:07,243 DEBUG epoch:149, knn_val_accu: 68.73, contrast_loss: 7.01, contrast_acc: 59.03, gan_train_loss: 0.6163, gan_eval_loss: 0.6171
2022-07-13 10:16:40,173 DEBUG epoch:150, knn_val_accu: 68.70, contrast_loss: 6.98, contrast_acc: 59.22, gan_train_loss: 0.6148, gan_eval_loss: 0.6156
2022-07-13 10:18:13,162 DEBUG epoch:151, knn_val_accu: 68.92, contrast_loss: 6.95, contrast_acc: 59.33, gan_train_loss: 0.6148, gan_eval_loss: 0.6155
2022-07-13 10:19:45,980 DEBUG epoch:152, knn_val_accu: 69.21, contrast_loss: 6.97, contrast_acc: 59.33, gan_train_loss: 0.6142, gan_eval_loss: 0.6150
2022-07-13 10:21:18,542 DEBUG epoch:153, knn_val_accu: 69.19, contrast_loss: 6.88, contrast_acc: 60.03, gan_train_loss: 0.6171, gan_eval_loss: 0.6180
2022-07-13 10:22:51,455 DEBUG epoch:154, knn_val_accu: 69.14, contrast_loss: 6.90, contrast_acc: 60.00, gan_train_loss: 0.6152, gan_eval_loss: 0.6160
2022-07-13 10:24:24,351 DEBUG epoch:155, knn_val_accu: 69.14, contrast_loss: 6.85, contrast_acc: 60.57, gan_train_loss: 0.6161, gan_eval_loss: 0.6168
2022-07-13 10:25:57,020 DEBUG epoch:156, knn_val_accu: 69.10, contrast_loss: 6.87, contrast_acc: 60.07, gan_train_loss: 0.6158, gan_eval_loss: 0.6166
2022-07-13 10:27:29,612 DEBUG epoch:157, knn_val_accu: 69.14, contrast_loss: 6.84, contrast_acc: 60.50, gan_train_loss: 0.6153, gan_eval_loss: 0.6161
2022-07-13 10:29:02,383 DEBUG epoch:158, knn_val_accu: 69.27, contrast_loss: 6.86, contrast_acc: 60.33, gan_train_loss: 0.6144, gan_eval_loss: 0.6153
2022-07-13 10:30:35,160 DEBUG epoch:159, knn_val_accu: 68.93, contrast_loss: 6.85, contrast_acc: 60.64, gan_train_loss: 0.6146, gan_eval_loss: 0.6154
2022-07-13 10:32:07,907 DEBUG epoch:160, knn_val_accu: 69.36, contrast_loss: 6.82, contrast_acc: 60.63, gan_train_loss: 0.6151, gan_eval_loss: 0.6159
2022-07-13 10:33:40,154 DEBUG epoch:161, knn_val_accu: 69.33, contrast_loss: 6.81, contrast_acc: 60.75, gan_train_loss: 0.6124, gan_eval_loss: 0.6132
2022-07-13 10:35:12,352 DEBUG epoch:162, knn_val_accu: 69.58, contrast_loss: 6.79, contrast_acc: 61.00, gan_train_loss: 0.6099, gan_eval_loss: 0.6106
2022-07-13 10:36:44,190 DEBUG epoch:163, knn_val_accu: 69.20, contrast_loss: 6.75, contrast_acc: 61.14, gan_train_loss: 0.6105, gan_eval_loss: 0.6112
2022-07-13 10:38:16,152 DEBUG epoch:164, knn_val_accu: 69.76, contrast_loss: 6.75, contrast_acc: 61.43, gan_train_loss: 0.6094, gan_eval_loss: 0.6100
2022-07-13 10:39:47,182 DEBUG epoch:165, knn_val_accu: 69.48, contrast_loss: 6.72, contrast_acc: 61.39, gan_train_loss: 0.6070, gan_eval_loss: 0.6075
2022-07-13 10:41:18,752 DEBUG epoch:166, knn_val_accu: 69.57, contrast_loss: 6.72, contrast_acc: 61.77, gan_train_loss: 0.6077, gan_eval_loss: 0.6082
2022-07-13 10:42:49,813 DEBUG epoch:167, knn_val_accu: 69.24, contrast_loss: 6.71, contrast_acc: 61.75, gan_train_loss: 0.6063, gan_eval_loss: 0.6067
2022-07-13 10:44:21,394 DEBUG epoch:168, knn_val_accu: 69.84, contrast_loss: 6.68, contrast_acc: 61.98, gan_train_loss: 0.6060, gan_eval_loss: 0.6066
2022-07-13 10:45:53,011 DEBUG epoch:169, knn_val_accu: 69.68, contrast_loss: 6.70, contrast_acc: 61.76, gan_train_loss: 0.6069, gan_eval_loss: 0.6074
2022-07-13 10:47:24,737 DEBUG epoch:170, knn_val_accu: 69.81, contrast_loss: 6.64, contrast_acc: 62.29, gan_train_loss: 0.6076, gan_eval_loss: 0.6081
2022-07-13 10:48:56,308 DEBUG epoch:171, knn_val_accu: 69.76, contrast_loss: 6.68, contrast_acc: 62.04, gan_train_loss: 0.6046, gan_eval_loss: 0.6052
2022-07-13 10:50:27,367 DEBUG epoch:172, knn_val_accu: 69.57, contrast_loss: 6.59, contrast_acc: 62.71, gan_train_loss: 0.6043, gan_eval_loss: 0.6049
2022-07-13 10:51:58,695 DEBUG epoch:173, knn_val_accu: 69.72, contrast_loss: 6.60, contrast_acc: 62.50, gan_train_loss: 0.6053, gan_eval_loss: 0.6058
2022-07-13 10:53:30,088 DEBUG epoch:174, knn_val_accu: 69.85, contrast_loss: 6.60, contrast_acc: 62.56, gan_train_loss: 0.6048, gan_eval_loss: 0.6054
2022-07-13 10:55:01,218 DEBUG epoch:175, knn_val_accu: 69.99, contrast_loss: 6.59, contrast_acc: 62.69, gan_train_loss: 0.6049, gan_eval_loss: 0.6055
2022-07-13 10:56:32,355 DEBUG epoch:176, knn_val_accu: 69.79, contrast_loss: 6.60, contrast_acc: 62.80, gan_train_loss: 0.6050, gan_eval_loss: 0.6056
2022-07-13 10:58:03,561 DEBUG epoch:177, knn_val_accu: 69.50, contrast_loss: 6.56, contrast_acc: 63.11, gan_train_loss: 0.6046, gan_eval_loss: 0.6052
2022-07-13 10:59:34,721 DEBUG epoch:178, knn_val_accu: 69.62, contrast_loss: 6.56, contrast_acc: 62.95, gan_train_loss: 0.6042, gan_eval_loss: 0.6049
2022-07-13 11:01:06,267 DEBUG epoch:179, knn_val_accu: 69.55, contrast_loss: 6.55, contrast_acc: 63.06, gan_train_loss: 0.6048, gan_eval_loss: 0.6054
2022-07-13 11:02:37,298 DEBUG epoch:180, knn_val_accu: 69.87, contrast_loss: 6.54, contrast_acc: 63.21, gan_train_loss: 0.6044, gan_eval_loss: 0.6051
2022-07-13 11:04:08,523 DEBUG epoch:181, knn_val_accu: 69.56, contrast_loss: 6.54, contrast_acc: 63.33, gan_train_loss: 0.6052, gan_eval_loss: 0.6058
2022-07-13 11:05:39,745 DEBUG epoch:182, knn_val_accu: 69.81, contrast_loss: 6.50, contrast_acc: 63.52, gan_train_loss: 0.6059, gan_eval_loss: 0.6066
2022-07-13 11:07:10,956 DEBUG epoch:183, knn_val_accu: 69.65, contrast_loss: 6.52, contrast_acc: 63.64, gan_train_loss: 0.6056, gan_eval_loss: 0.6061
2022-07-13 11:08:42,269 DEBUG epoch:184, knn_val_accu: 69.74, contrast_loss: 6.52, contrast_acc: 63.53, gan_train_loss: 0.6052, gan_eval_loss: 0.6058
2022-07-13 11:10:13,321 DEBUG epoch:185, knn_val_accu: 69.80, contrast_loss: 6.49, contrast_acc: 63.52, gan_train_loss: 0.6051, gan_eval_loss: 0.6057
2022-07-13 11:11:44,240 DEBUG epoch:186, knn_val_accu: 69.85, contrast_loss: 6.50, contrast_acc: 63.42, gan_train_loss: 0.6056, gan_eval_loss: 0.6063
2022-07-13 11:13:15,972 DEBUG epoch:187, knn_val_accu: 69.60, contrast_loss: 6.46, contrast_acc: 63.90, gan_train_loss: 0.6068, gan_eval_loss: 0.6073
2022-07-13 11:14:47,254 DEBUG epoch:188, knn_val_accu: 69.66, contrast_loss: 6.50, contrast_acc: 63.40, gan_train_loss: 0.6068, gan_eval_loss: 0.6074
2022-07-13 11:16:18,720 DEBUG epoch:189, knn_val_accu: 69.75, contrast_loss: 6.48, contrast_acc: 63.70, gan_train_loss: 0.6068, gan_eval_loss: 0.6074
2022-07-13 11:17:50,407 DEBUG epoch:190, knn_val_accu: 69.84, contrast_loss: 6.50, contrast_acc: 63.70, gan_train_loss: 0.6066, gan_eval_loss: 0.6073
2022-07-13 11:19:22,015 DEBUG epoch:191, knn_val_accu: 69.81, contrast_loss: 6.49, contrast_acc: 63.49, gan_train_loss: 0.6075, gan_eval_loss: 0.6082
2022-07-13 11:20:53,824 DEBUG epoch:192, knn_val_accu: 70.00, contrast_loss: 6.45, contrast_acc: 63.85, gan_train_loss: 0.6069, gan_eval_loss: 0.6075
2022-07-13 11:22:25,740 DEBUG epoch:193, knn_val_accu: 69.82, contrast_loss: 6.49, contrast_acc: 63.55, gan_train_loss: 0.6072, gan_eval_loss: 0.6079
2022-07-13 11:23:58,146 DEBUG epoch:194, knn_val_accu: 69.91, contrast_loss: 6.47, contrast_acc: 63.87, gan_train_loss: 0.6099, gan_eval_loss: 0.6106
2022-07-13 11:25:30,693 DEBUG epoch:195, knn_val_accu: 69.88, contrast_loss: 6.46, contrast_acc: 63.97, gan_train_loss: 0.6090, gan_eval_loss: 0.6097
2022-07-13 11:27:02,990 DEBUG epoch:196, knn_val_accu: 69.96, contrast_loss: 6.44, contrast_acc: 64.10, gan_train_loss: 0.6088, gan_eval_loss: 0.6094
2022-07-13 11:28:35,515 DEBUG epoch:197, knn_val_accu: 69.85, contrast_loss: 6.44, contrast_acc: 64.29, gan_train_loss: 0.6102, gan_eval_loss: 0.6109
2022-07-13 11:30:07,935 DEBUG epoch:198, knn_val_accu: 69.89, contrast_loss: 6.47, contrast_acc: 63.69, gan_train_loss: 0.6106, gan_eval_loss: 0.6112
2022-07-13 11:31:40,187 DEBUG epoch:199, knn_val_accu: 69.87, contrast_loss: 6.43, contrast_acc: 64.15, gan_train_loss: 0.6116, gan_eval_loss: 0.6123
2022-07-13 11:33:12,193 DEBUG epoch:200, knn_val_accu: 69.90, contrast_loss: 6.49, contrast_acc: 63.93, gan_train_loss: 0.6120, gan_eval_loss: 0.6128
2022-07-13 11:33:21,824 DEBUG final knn evaluation accuracy is 70.00
2022-07-13 11:49:15,210 DEBUG final linear-probe evaluation accuracy is 71.84
2022-07-13 11:54:38,189 DEBUG final semi-supervised evaluation accuracy with 10% data is 70.04
2022-07-13 11:58:57,196 DEBUG final semi-supervised evaluation accuracy with 1% data is 61.44
2022-07-13 11:59:06,806 DEBUG final knn evaluation accuracy is 70.00
