2022-07-11 18:13:00,484 DEBUG Generating IR ...... (may take a while)
2022-07-11 18:13:03,827 DEBUG epoch [1/50], train_loss 0.0343 (0.0687), val_loss 0.0716 (0.0677)
2022-07-11 18:13:05,358 DEBUG epoch [2/50], train_loss 0.0696 (0.0638), val_loss 0.0607 (0.0658)
2022-07-11 18:13:06,900 DEBUG epoch [3/50], train_loss 0.0605 (0.0613), val_loss 0.0636 (0.0650)
2022-07-11 18:13:08,326 DEBUG epoch [4/50], train_loss 0.0369 (0.0594), val_loss 0.0675 (0.0633)
2022-07-11 18:13:09,768 DEBUG epoch [5/50], train_loss 0.0858 (0.0576), val_loss 0.0644 (0.0620)
2022-07-11 18:13:11,256 DEBUG epoch [6/50], train_loss 0.0345 (0.0562), val_loss 0.0545 (0.0609)
2022-07-11 18:13:12,739 DEBUG epoch [7/50], train_loss 0.1471 (0.0550), val_loss 0.0559 (0.0599)
2022-07-11 18:13:14,138 DEBUG epoch [8/50], train_loss 0.0517 (0.0540), val_loss 0.0559 (0.0593)
2022-07-11 18:13:15,531 DEBUG epoch [9/50], train_loss 0.0529 (0.0534), val_loss 0.0582 (0.0587)
2022-07-11 18:13:17,052 DEBUG epoch [10/50], train_loss 0.0844 (0.0527), val_loss 0.0509 (0.0581)
2022-07-11 18:13:18,552 DEBUG epoch [11/50], train_loss 0.0858 (0.0520), val_loss 0.0476 (0.0576)
2022-07-11 18:13:19,922 DEBUG epoch [12/50], train_loss 0.0334 (0.0514), val_loss 0.0443 (0.0572)
2022-07-11 18:13:21,308 DEBUG epoch [13/50], train_loss 0.0421 (0.0508), val_loss 0.0500 (0.0568)
2022-07-11 18:13:22,807 DEBUG epoch [14/50], train_loss 0.0366 (0.0503), val_loss 0.0456 (0.0564)
2022-07-11 18:13:24,302 DEBUG epoch [15/50], train_loss 0.1005 (0.0498), val_loss 0.0467 (0.0560)
2022-07-11 18:13:25,837 DEBUG epoch [16/50], train_loss 0.0720 (0.0494), val_loss 0.0543 (0.0556)
2022-07-11 18:13:27,254 DEBUG epoch [17/50], train_loss 0.0512 (0.0489), val_loss 0.0494 (0.0552)
2022-07-11 18:13:28,676 DEBUG epoch [18/50], train_loss 0.1194 (0.0485), val_loss 0.0506 (0.0549)
2022-07-11 18:13:30,073 DEBUG epoch [19/50], train_loss 0.0530 (0.0483), val_loss 0.0617 (0.0548)
2022-07-11 18:13:31,497 DEBUG epoch [20/50], train_loss 0.0372 (0.0480), val_loss 0.0514 (0.0546)
2022-07-11 18:13:32,959 DEBUG epoch [21/50], train_loss 0.0345 (0.0477), val_loss 0.0595 (0.0544)
2022-07-11 18:13:34,329 DEBUG epoch [22/50], train_loss 0.0537 (0.0473), val_loss 0.0496 (0.0542)
2022-07-11 18:13:35,778 DEBUG epoch [23/50], train_loss 0.0660 (0.0468), val_loss 0.0510 (0.0539)
2022-07-11 18:13:37,351 DEBUG epoch [24/50], train_loss 0.0568 (0.0464), val_loss 0.0511 (0.0538)
2022-07-11 18:13:38,717 DEBUG epoch [25/50], train_loss 0.0460 (0.0461), val_loss 0.0527 (0.0536)
2022-07-11 18:13:40,105 DEBUG epoch [26/50], train_loss 0.1525 (0.0458), val_loss 0.0383 (0.0533)
2022-07-11 18:13:41,733 DEBUG epoch [27/50], train_loss 0.0611 (0.0455), val_loss 0.0446 (0.0531)
2022-07-11 18:13:43,111 DEBUG epoch [28/50], train_loss 0.0544 (0.0452), val_loss 0.0424 (0.0529)
2022-07-11 18:13:44,478 DEBUG epoch [29/50], train_loss 0.0298 (0.0449), val_loss 0.0472 (0.0527)
2022-07-11 18:13:46,028 DEBUG epoch [30/50], train_loss 0.0520 (0.0445), val_loss 0.0542 (0.0525)
2022-07-11 18:13:47,425 DEBUG epoch [31/50], train_loss 0.0491 (0.0442), val_loss 0.0446 (0.0523)
2022-07-11 18:13:48,894 DEBUG epoch [32/50], train_loss 0.0551 (0.0438), val_loss 0.0379 (0.0520)
2022-07-11 18:13:50,477 DEBUG epoch [33/50], train_loss 0.0448 (0.0435), val_loss 0.0425 (0.0518)
2022-07-11 18:13:51,831 DEBUG epoch [34/50], train_loss 0.0741 (0.0432), val_loss 0.0559 (0.0518)
2022-07-11 18:13:53,440 DEBUG epoch [35/50], train_loss 0.0717 (0.0428), val_loss 0.0483 (0.0516)
2022-07-11 18:13:54,887 DEBUG epoch [36/50], train_loss 0.0699 (0.0426), val_loss 0.0525 (0.0515)
2022-07-11 18:13:56,297 DEBUG epoch [37/50], train_loss 0.0474 (0.0424), val_loss 0.0404 (0.0513)
2022-07-11 18:13:57,894 DEBUG epoch [38/50], train_loss 0.0189 (0.0422), val_loss 0.0519 (0.0511)
2022-07-11 18:13:59,276 DEBUG epoch [39/50], train_loss 0.0322 (0.0419), val_loss 0.0436 (0.0510)
2022-07-11 18:14:00,686 DEBUG epoch [40/50], train_loss 0.0599 (0.0416), val_loss 0.0413 (0.0508)
2022-07-11 18:14:02,158 DEBUG epoch [41/50], train_loss 0.0427 (0.0414), val_loss 0.0497 (0.0507)
2022-07-11 18:14:03,583 DEBUG epoch [42/50], train_loss 0.0424 (0.0411), val_loss 0.0493 (0.0506)
2022-07-11 18:14:05,051 DEBUG epoch [43/50], train_loss 0.0476 (0.0409), val_loss 0.0481 (0.0505)
2022-07-11 18:14:06,576 DEBUG epoch [44/50], train_loss 0.0389 (0.0407), val_loss 0.0423 (0.0504)
2022-07-11 18:14:07,994 DEBUG epoch [45/50], train_loss 0.0351 (0.0405), val_loss 0.0379 (0.0503)
2022-07-11 18:14:09,473 DEBUG epoch [46/50], train_loss 0.0360 (0.0402), val_loss 0.0501 (0.0502)
2022-07-11 18:14:10,868 DEBUG epoch [47/50], train_loss 0.0345 (0.0399), val_loss 0.0407 (0.0500)
2022-07-11 18:14:12,423 DEBUG epoch [48/50], train_loss 0.0313 (0.0397), val_loss 0.0362 (0.0499)
2022-07-11 18:14:13,809 DEBUG epoch [49/50], train_loss 0.0535 (0.0395), val_loss 0.0379 (0.0497)
2022-07-11 18:14:15,219 DEBUG epoch [50/50], train_loss 0.0502 (0.0393), val_loss 0.0506 (0.0496)
2022-07-11 18:14:15,220 DEBUG Using MIA arch res_normN4C64 Best Validation Loss is 0.03615069016814232
2022-07-11 18:14:16,483 DEBUG MSE Loss on ALL Image is 0.0299 (Real Attack Results on the Target Client)
2022-07-11 18:14:16,483 DEBUG SSIM Loss on ALL Image is 0.5133 (Real Attack Results on the Target Client)
2022-07-11 18:14:16,483 DEBUG PSNR Loss on ALL Image is 15.7992 (Real Attack Results on the Target Client)
2022-07-12 20:05:49,019 DEBUG Generating IR ...... (may take a while)
2022-07-12 20:05:52,480 DEBUG epoch [1/50], train_loss 0.0346 (0.0700), val_loss 0.0723 (0.0688)
2022-07-12 20:05:54,068 DEBUG epoch [2/50], train_loss 0.0757 (0.0646), val_loss 0.0623 (0.0666)
2022-07-12 20:05:55,566 DEBUG epoch [3/50], train_loss 0.0731 (0.0621), val_loss 0.0611 (0.0653)
2022-07-12 20:05:57,009 DEBUG epoch [4/50], train_loss 0.0360 (0.0608), val_loss 0.0693 (0.0649)
2022-07-12 20:05:58,526 DEBUG epoch [5/50], train_loss 0.0883 (0.0595), val_loss 0.0726 (0.0644)
2022-07-12 20:05:59,923 DEBUG epoch [6/50], train_loss 0.0312 (0.0586), val_loss 0.0643 (0.0641)
2022-07-12 20:06:01,448 DEBUG epoch [7/50], train_loss 0.1375 (0.0579), val_loss 0.0599 (0.0638)
2022-07-12 20:06:02,991 DEBUG epoch [8/50], train_loss 0.0434 (0.0571), val_loss 0.0608 (0.0634)
2022-07-12 20:06:04,580 DEBUG epoch [9/50], train_loss 0.0451 (0.0565), val_loss 0.0692 (0.0631)
2022-07-12 20:06:05,976 DEBUG epoch [10/50], train_loss 0.0901 (0.0559), val_loss 0.0619 (0.0626)
2022-07-12 20:06:07,413 DEBUG epoch [11/50], train_loss 0.0852 (0.0554), val_loss 0.0555 (0.0623)
2022-07-12 20:06:08,984 DEBUG epoch [12/50], train_loss 0.0291 (0.0549), val_loss 0.0443 (0.0621)
2022-07-12 20:06:10,486 DEBUG epoch [13/50], train_loss 0.0470 (0.0545), val_loss 0.0560 (0.0620)
2022-07-12 20:06:11,847 DEBUG epoch [14/50], train_loss 0.0491 (0.0541), val_loss 0.0533 (0.0618)
2022-07-12 20:06:13,231 DEBUG epoch [15/50], train_loss 0.1021 (0.0539), val_loss 0.0590 (0.0617)
2022-07-12 20:06:14,651 DEBUG epoch [16/50], train_loss 0.0659 (0.0536), val_loss 0.0673 (0.0614)
2022-07-12 20:06:16,234 DEBUG epoch [17/50], train_loss 0.0530 (0.0532), val_loss 0.0571 (0.0613)
2022-07-12 20:06:17,641 DEBUG epoch [18/50], train_loss 0.1593 (0.0528), val_loss 0.0535 (0.0612)
2022-07-12 20:06:18,942 DEBUG epoch [19/50], train_loss 0.0507 (0.0526), val_loss 0.0760 (0.0610)
2022-07-12 20:06:20,314 DEBUG epoch [20/50], train_loss 0.0494 (0.0524), val_loss 0.0653 (0.0609)
2022-07-12 20:06:21,782 DEBUG epoch [21/50], train_loss 0.0375 (0.0522), val_loss 0.0720 (0.0608)
2022-07-12 20:06:23,229 DEBUG epoch [22/50], train_loss 0.1009 (0.0519), val_loss 0.0530 (0.0606)
2022-07-12 20:06:24,696 DEBUG epoch [23/50], train_loss 0.0672 (0.0517), val_loss 0.0600 (0.0604)
2022-07-12 20:06:26,179 DEBUG epoch [24/50], train_loss 0.0636 (0.0514), val_loss 0.0514 (0.0603)
2022-07-12 20:06:27,556 DEBUG epoch [25/50], train_loss 0.0683 (0.0513), val_loss 0.0591 (0.0603)
2022-07-12 20:06:29,000 DEBUG epoch [26/50], train_loss 0.1504 (0.0511), val_loss 0.0575 (0.0602)
2022-07-12 20:06:30,386 DEBUG epoch [27/50], train_loss 0.0555 (0.0509), val_loss 0.0622 (0.0601)
2022-07-12 20:06:31,728 DEBUG epoch [28/50], train_loss 0.0920 (0.0507), val_loss 0.0478 (0.0600)
2022-07-12 20:06:33,186 DEBUG epoch [29/50], train_loss 0.0485 (0.0504), val_loss 0.0550 (0.0599)
2022-07-12 20:06:34,649 DEBUG epoch [30/50], train_loss 0.0494 (0.0502), val_loss 0.0715 (0.0598)
2022-07-12 20:06:36,084 DEBUG epoch [31/50], train_loss 0.0487 (0.0500), val_loss 0.0578 (0.0598)
2022-07-12 20:06:37,567 DEBUG epoch [32/50], train_loss 0.0513 (0.0498), val_loss 0.0577 (0.0597)
2022-07-12 20:06:38,965 DEBUG epoch [33/50], train_loss 0.0562 (0.0495), val_loss 0.0489 (0.0596)
2022-07-12 20:06:40,428 DEBUG epoch [34/50], train_loss 0.0713 (0.0493), val_loss 0.0600 (0.0596)
2022-07-12 20:06:41,965 DEBUG epoch [35/50], train_loss 0.0673 (0.0490), val_loss 0.0572 (0.0596)
2022-07-12 20:06:43,472 DEBUG epoch [36/50], train_loss 0.0706 (0.0488), val_loss 0.0630 (0.0595)
2022-07-12 20:06:44,971 DEBUG epoch [37/50], train_loss 0.0474 (0.0485), val_loss 0.0517 (0.0595)
2022-07-12 20:06:46,432 DEBUG epoch [38/50], train_loss 0.0175 (0.0483), val_loss 0.0561 (0.0595)
2022-07-12 20:06:47,889 DEBUG epoch [39/50], train_loss 0.0423 (0.0480), val_loss 0.0504 (0.0594)
2022-07-12 20:06:49,356 DEBUG epoch [40/50], train_loss 0.0535 (0.0478), val_loss 0.0608 (0.0594)
2022-07-12 20:06:50,854 DEBUG epoch [41/50], train_loss 0.0818 (0.0475), val_loss 0.0653 (0.0593)
2022-07-12 20:06:52,319 DEBUG epoch [42/50], train_loss 0.0354 (0.0474), val_loss 0.0589 (0.0593)
2022-07-12 20:06:53,681 DEBUG epoch [43/50], train_loss 0.0383 (0.0472), val_loss 0.0623 (0.0593)
2022-07-12 20:06:54,984 DEBUG epoch [44/50], train_loss 0.0732 (0.0471), val_loss 0.0586 (0.0593)
2022-07-12 20:06:56,434 DEBUG epoch [45/50], train_loss 0.0546 (0.0471), val_loss 0.0561 (0.0593)
2022-07-12 20:06:57,913 DEBUG epoch [46/50], train_loss 0.0442 (0.0471), val_loss 0.0599 (0.0594)
2022-07-12 20:06:59,367 DEBUG epoch [47/50], train_loss 0.0289 (0.0470), val_loss 0.0527 (0.0593)
2022-07-12 20:07:00,780 DEBUG epoch [48/50], train_loss 0.0429 (0.0469), val_loss 0.0508 (0.0592)
2022-07-12 20:07:02,341 DEBUG epoch [49/50], train_loss 0.0446 (0.0467), val_loss 0.0599 (0.0592)
2022-07-12 20:07:03,630 DEBUG epoch [50/50], train_loss 0.0373 (0.0466), val_loss 0.0631 (0.0591)
2022-07-12 20:07:03,631 DEBUG Using MIA arch res_normN4C64 Best Validation Loss is 0.04429590329527855
2022-07-12 20:07:04,992 DEBUG MSE Loss on ALL Image is 0.0365 (Real Attack Results on the Target Client)
2022-07-12 20:07:04,992 DEBUG SSIM Loss on ALL Image is 0.4412 (Real Attack Results on the Target Client)
2022-07-12 20:07:04,993 DEBUG PSNR Loss on ALL Image is 15.1843 (Real Attack Results on the Target Client)
2022-07-17 02:15:34,832 DEBUG Generating IR ...... (may take a while)
2022-07-17 02:15:38,388 DEBUG epoch [1/50], train_loss 0.1107 (0.0690), val_loss 0.0826 (0.0725)
2022-07-17 02:15:39,866 DEBUG epoch [2/50], train_loss 0.0857 (0.0652), val_loss 0.0776 (0.0709)
2022-07-17 02:15:41,306 DEBUG epoch [3/50], train_loss 0.0576 (0.0631), val_loss 0.0668 (0.0707)
2022-07-17 02:15:42,749 DEBUG epoch [4/50], train_loss 0.0664 (0.0619), val_loss 0.0625 (0.0699)
2022-07-17 02:15:44,283 DEBUG epoch [5/50], train_loss 0.0335 (0.0607), val_loss 0.0825 (0.0695)
2022-07-17 02:15:45,727 DEBUG epoch [6/50], train_loss 0.0559 (0.0598), val_loss 0.0716 (0.0689)
2022-07-17 02:15:47,249 DEBUG epoch [7/50], train_loss 0.0591 (0.0591), val_loss 0.0633 (0.0686)
2022-07-17 02:15:48,653 DEBUG epoch [8/50], train_loss 0.0524 (0.0584), val_loss 0.0739 (0.0681)
2022-07-17 02:15:50,005 DEBUG epoch [9/50], train_loss 0.0545 (0.0579), val_loss 0.0671 (0.0679)
2022-07-17 02:15:51,448 DEBUG epoch [10/50], train_loss 0.0446 (0.0574), val_loss 0.0706 (0.0677)
2022-07-17 02:15:52,864 DEBUG epoch [11/50], train_loss 0.0397 (0.0572), val_loss 0.0666 (0.0675)
2022-07-17 02:15:54,163 DEBUG epoch [12/50], train_loss 0.0710 (0.0568), val_loss 0.0809 (0.0674)
2022-07-17 02:15:55,544 DEBUG epoch [13/50], train_loss 0.0384 (0.0565), val_loss 0.0730 (0.0672)
2022-07-17 02:15:56,961 DEBUG epoch [14/50], train_loss 0.0482 (0.0561), val_loss 0.0722 (0.0669)
2022-07-17 02:15:58,286 DEBUG epoch [15/50], train_loss 0.0498 (0.0557), val_loss 0.0606 (0.0667)
2022-07-17 02:15:59,669 DEBUG epoch [16/50], train_loss 0.0715 (0.0553), val_loss 0.0579 (0.0665)
2022-07-17 02:16:01,098 DEBUG epoch [17/50], train_loss 0.1096 (0.0550), val_loss 0.0579 (0.0664)
2022-07-17 02:16:02,398 DEBUG epoch [18/50], train_loss 0.0777 (0.0547), val_loss 0.0674 (0.0661)
2022-07-17 02:16:03,780 DEBUG epoch [19/50], train_loss 0.1034 (0.0544), val_loss 0.0586 (0.0659)
2022-07-17 02:16:05,254 DEBUG epoch [20/50], train_loss 0.0844 (0.0542), val_loss 0.0636 (0.0656)
2022-07-17 02:16:06,803 DEBUG epoch [21/50], train_loss 0.0578 (0.0539), val_loss 0.0716 (0.0654)
2022-07-17 02:16:08,311 DEBUG epoch [22/50], train_loss 0.0792 (0.0537), val_loss 0.0651 (0.0653)
2022-07-17 02:16:09,877 DEBUG epoch [23/50], train_loss 0.0804 (0.0535), val_loss 0.0507 (0.0652)
2022-07-17 02:16:11,260 DEBUG epoch [24/50], train_loss 0.0467 (0.0534), val_loss 0.0667 (0.0652)
2022-07-17 02:16:12,735 DEBUG epoch [25/50], train_loss 0.0636 (0.0533), val_loss 0.0613 (0.0651)
2022-07-17 02:16:14,152 DEBUG epoch [26/50], train_loss 0.0647 (0.0531), val_loss 0.0626 (0.0650)
2022-07-17 02:16:15,562 DEBUG epoch [27/50], train_loss 0.0612 (0.0528), val_loss 0.0608 (0.0648)
2022-07-17 02:16:16,913 DEBUG epoch [28/50], train_loss 0.0368 (0.0526), val_loss 0.0506 (0.0647)
2022-07-17 02:16:18,310 DEBUG epoch [29/50], train_loss 0.0424 (0.0523), val_loss 0.0687 (0.0646)
2022-07-17 02:16:19,822 DEBUG epoch [30/50], train_loss 0.1138 (0.0521), val_loss 0.0617 (0.0645)
2022-07-17 02:16:21,252 DEBUG epoch [31/50], train_loss 0.0384 (0.0519), val_loss 0.0724 (0.0643)
2022-07-17 02:16:22,694 DEBUG epoch [32/50], train_loss 0.0496 (0.0516), val_loss 0.0557 (0.0642)
2022-07-17 02:16:24,077 DEBUG epoch [33/50], train_loss 0.0494 (0.0513), val_loss 0.0612 (0.0641)
2022-07-17 02:16:25,525 DEBUG epoch [34/50], train_loss 0.0431 (0.0510), val_loss 0.0673 (0.0640)
2022-07-17 02:16:27,015 DEBUG epoch [35/50], train_loss 0.0648 (0.0508), val_loss 0.0656 (0.0639)
2022-07-17 02:16:28,429 DEBUG epoch [36/50], train_loss 0.0711 (0.0506), val_loss 0.0568 (0.0638)
2022-07-17 02:16:29,838 DEBUG epoch [37/50], train_loss 0.0317 (0.0505), val_loss 0.0526 (0.0636)
2022-07-17 02:16:31,369 DEBUG epoch [38/50], train_loss 0.0322 (0.0502), val_loss 0.0588 (0.0635)
2022-07-17 02:16:32,815 DEBUG epoch [39/50], train_loss 0.0423 (0.0500), val_loss 0.0535 (0.0633)
2022-07-17 02:16:34,268 DEBUG epoch [40/50], train_loss 0.0466 (0.0497), val_loss 0.0603 (0.0633)
2022-07-17 02:16:35,700 DEBUG epoch [41/50], train_loss 0.0431 (0.0495), val_loss 0.0616 (0.0633)
2022-07-17 02:16:37,125 DEBUG epoch [42/50], train_loss 0.0554 (0.0492), val_loss 0.0591 (0.0632)
2022-07-17 02:16:38,508 DEBUG epoch [43/50], train_loss 0.0246 (0.0490), val_loss 0.0641 (0.0632)
2022-07-17 02:16:39,878 DEBUG epoch [44/50], train_loss 0.0299 (0.0488), val_loss 0.0570 (0.0631)
2022-07-17 02:16:41,281 DEBUG epoch [45/50], train_loss 0.0322 (0.0485), val_loss 0.0655 (0.0630)
2022-07-17 02:16:42,911 DEBUG epoch [46/50], train_loss 0.0782 (0.0483), val_loss 0.0564 (0.0630)
2022-07-17 02:16:44,300 DEBUG epoch [47/50], train_loss 0.0906 (0.0481), val_loss 0.0695 (0.0630)
2022-07-17 02:16:45,730 DEBUG epoch [48/50], train_loss 0.0528 (0.0480), val_loss 0.0663 (0.0629)
2022-07-17 02:16:47,238 DEBUG epoch [49/50], train_loss 0.0579 (0.0478), val_loss 0.0644 (0.0629)
2022-07-17 02:16:48,628 DEBUG epoch [50/50], train_loss 0.0769 (0.0476), val_loss 0.0561 (0.0629)
2022-07-17 02:16:48,629 DEBUG Using MIA arch res_normN4C64 Best Validation Loss is 0.050639864057302475
2022-07-17 02:16:49,982 DEBUG MSE Loss on ALL Image is 0.0357 (Real Attack Results on the Target Client)
2022-07-17 02:16:49,983 DEBUG SSIM Loss on ALL Image is 0.4348 (Real Attack Results on the Target Client)
2022-07-17 02:16:49,983 DEBUG PSNR Loss on ALL Image is 15.1302 (Real Attack Results on the Target Client)
