2022-07-10 21:35:50,147 DEBUG Enable ResSFL fine-tuning: arch-res_normN4C64-alpha-2.0-ssim-0.6, using svhn as auxiliary data
2022-07-10 21:35:50,489 DEBUG SFL-Moco (ResSFL-expert) Train on cifar10 with cutlayer 1: total epochs: 200
2022-07-10 21:38:05,466 DEBUG Enable ResSFL fine-tuning: arch-res_normN4C64-alpha-2.0-ssim-0.6, using svhn as auxiliary data
2022-07-10 21:38:05,871 DEBUG SFL-Moco (ResSFL-expert) Train on cifar10 with cutlayer 1: total epochs: 200
2022-07-10 21:44:11,043 DEBUG epoch:1, knn_val_accu: 37.06, contrast_loss: 14.04, contrast_acc: 13.87, gan_train_loss: 0.6334, gan_eval_loss: 0.6133
2022-07-10 21:50:23,089 DEBUG epoch:2, knn_val_accu: 43.24, contrast_loss: 13.29, contrast_acc: 9.63, gan_train_loss: 0.6132, gan_eval_loss: 0.6118
2022-07-10 21:56:39,676 DEBUG epoch:3, knn_val_accu: 45.68, contrast_loss: 12.55, contrast_acc: 10.14, gan_train_loss: 0.6251, gan_eval_loss: 0.6225
2022-07-10 22:02:55,706 DEBUG epoch:4, knn_val_accu: 46.82, contrast_loss: 11.95, contrast_acc: 10.51, gan_train_loss: 0.6510, gan_eval_loss: 0.6402
2022-07-10 22:09:10,307 DEBUG epoch:5, knn_val_accu: 48.77, contrast_loss: 11.24, contrast_acc: 12.14, gan_train_loss: 0.6676, gan_eval_loss: 0.6617
2022-07-10 22:15:27,803 DEBUG epoch:6, knn_val_accu: 49.26, contrast_loss: 10.52, contrast_acc: 14.61, gan_train_loss: 0.6793, gan_eval_loss: 0.6783
2022-07-10 22:21:40,568 DEBUG epoch:7, knn_val_accu: 48.92, contrast_loss: 11.18, contrast_acc: 13.71, gan_train_loss: 0.6970, gan_eval_loss: 0.6342
2022-07-10 22:27:52,794 DEBUG epoch:8, knn_val_accu: 49.58, contrast_loss: 10.22, contrast_acc: 15.70, gan_train_loss: 0.6906, gan_eval_loss: 0.6309
2022-07-10 22:34:07,585 DEBUG epoch:9, knn_val_accu: 49.95, contrast_loss: 9.45, contrast_acc: 19.28, gan_train_loss: 0.6970, gan_eval_loss: 0.6408
2022-07-10 22:40:20,571 DEBUG epoch:10, knn_val_accu: 49.89, contrast_loss: 9.53, contrast_acc: 18.23, gan_train_loss: 0.7047, gan_eval_loss: 0.6084
2022-07-10 22:46:30,093 DEBUG epoch:11, knn_val_accu: 49.72, contrast_loss: 9.02, contrast_acc: 19.93, gan_train_loss: 0.7181, gan_eval_loss: 0.6053
2022-07-10 22:52:39,294 DEBUG epoch:12, knn_val_accu: 49.21, contrast_loss: 9.22, contrast_acc: 17.66, gan_train_loss: 0.7151, gan_eval_loss: 0.6024
2022-07-10 22:58:58,200 DEBUG epoch:13, knn_val_accu: 49.09, contrast_loss: 8.50, contrast_acc: 22.77, gan_train_loss: 0.6981, gan_eval_loss: 0.6510
2022-07-10 23:05:09,698 DEBUG epoch:14, knn_val_accu: 49.63, contrast_loss: 8.65, contrast_acc: 19.13, gan_train_loss: 0.7192, gan_eval_loss: 0.6093
2022-07-10 23:11:20,459 DEBUG epoch:15, knn_val_accu: 48.44, contrast_loss: 8.09, contrast_acc: 23.75, gan_train_loss: 0.7338, gan_eval_loss: 0.6001
2022-07-10 23:17:30,383 DEBUG epoch:16, knn_val_accu: 49.48, contrast_loss: 8.65, contrast_acc: 18.36, gan_train_loss: 0.7240, gan_eval_loss: 0.5975
2022-07-10 23:23:42,296 DEBUG epoch:17, knn_val_accu: 49.14, contrast_loss: 8.07, contrast_acc: 23.29, gan_train_loss: 0.7201, gan_eval_loss: 0.6151
2022-07-10 23:29:58,877 DEBUG epoch:18, knn_val_accu: 49.07, contrast_loss: 8.05, contrast_acc: 24.03, gan_train_loss: 0.6763, gan_eval_loss: 0.6399
2022-07-10 23:36:13,381 DEBUG epoch:19, knn_val_accu: 48.26, contrast_loss: 8.15, contrast_acc: 21.05, gan_train_loss: 0.6920, gan_eval_loss: 0.6230
2022-07-10 23:42:29,084 DEBUG epoch:20, knn_val_accu: 48.86, contrast_loss: 7.79, contrast_acc: 24.40, gan_train_loss: 0.6810, gan_eval_loss: 0.6276
2022-07-10 23:48:41,423 DEBUG epoch:21, knn_val_accu: 47.46, contrast_loss: 7.57, contrast_acc: 25.54, gan_train_loss: 0.6961, gan_eval_loss: 0.6229
2022-07-10 23:54:55,309 DEBUG epoch:22, knn_val_accu: 47.14, contrast_loss: 11.13, contrast_acc: 16.57, gan_train_loss: 0.6955, gan_eval_loss: 0.6242
2022-07-11 00:01:08,311 DEBUG epoch:23, knn_val_accu: 46.99, contrast_loss: 8.44, contrast_acc: 23.71, gan_train_loss: 0.7097, gan_eval_loss: 0.6346
2022-07-11 00:07:22,119 DEBUG epoch:24, knn_val_accu: 47.58, contrast_loss: 7.91, contrast_acc: 25.88, gan_train_loss: 0.7018, gan_eval_loss: 0.6488
2022-07-11 00:13:28,592 DEBUG epoch:25, knn_val_accu: 48.61, contrast_loss: 7.63, contrast_acc: 26.77, gan_train_loss: 0.7472, gan_eval_loss: 0.5793
2022-07-11 00:19:43,081 DEBUG epoch:26, knn_val_accu: 47.16, contrast_loss: 7.39, contrast_acc: 28.06, gan_train_loss: 0.7292, gan_eval_loss: 0.6478
2022-07-11 00:26:00,223 DEBUG epoch:27, knn_val_accu: 45.72, contrast_loss: 8.40, contrast_acc: 22.62, gan_train_loss: 0.7090, gan_eval_loss: 0.6982
2022-07-11 00:32:19,338 DEBUG epoch:28, knn_val_accu: 44.93, contrast_loss: 7.76, contrast_acc: 25.25, gan_train_loss: 0.7083, gan_eval_loss: 0.7057
2022-07-11 00:38:38,681 DEBUG epoch:29, knn_val_accu: 46.39, contrast_loss: 7.47, contrast_acc: 27.08, gan_train_loss: 0.7103, gan_eval_loss: 0.7099
2022-07-11 00:44:55,465 DEBUG epoch:30, knn_val_accu: 45.12, contrast_loss: 7.31, contrast_acc: 27.81, gan_train_loss: 0.7120, gan_eval_loss: 0.7116
2022-07-11 00:51:12,087 DEBUG epoch:31, knn_val_accu: 45.30, contrast_loss: 7.95, contrast_acc: 23.11, gan_train_loss: 0.7072, gan_eval_loss: 0.6811
2022-07-11 00:57:28,787 DEBUG epoch:32, knn_val_accu: 45.58, contrast_loss: 7.29, contrast_acc: 27.87, gan_train_loss: 0.7143, gan_eval_loss: 0.6878
2022-07-11 01:03:41,396 DEBUG epoch:33, knn_val_accu: 45.29, contrast_loss: 7.25, contrast_acc: 27.65, gan_train_loss: 0.7179, gan_eval_loss: 0.6543
2022-07-11 01:09:52,727 DEBUG epoch:34, knn_val_accu: 44.73, contrast_loss: 7.20, contrast_acc: 27.69, gan_train_loss: 0.7257, gan_eval_loss: 0.6367
2022-07-11 01:16:12,985 DEBUG epoch:35, knn_val_accu: 46.06, contrast_loss: 7.03, contrast_acc: 29.19, gan_train_loss: 0.7206, gan_eval_loss: 0.7152
2022-07-11 01:22:33,983 DEBUG epoch:36, knn_val_accu: 45.61, contrast_loss: 7.00, contrast_acc: 29.15, gan_train_loss: 0.7188, gan_eval_loss: 0.6936
2022-07-11 01:28:53,414 DEBUG epoch:37, knn_val_accu: 45.86, contrast_loss: 6.99, contrast_acc: 29.17, gan_train_loss: 0.7234, gan_eval_loss: 0.6997
2022-07-11 01:35:02,867 DEBUG epoch:38, knn_val_accu: 45.57, contrast_loss: 6.95, contrast_acc: 29.13, gan_train_loss: 0.7467, gan_eval_loss: 0.6014
2022-07-11 01:41:18,654 DEBUG epoch:39, knn_val_accu: 44.45, contrast_loss: 7.51, contrast_acc: 25.92, gan_train_loss: 0.7302, gan_eval_loss: 0.6407
2022-07-11 01:47:38,774 DEBUG epoch:40, knn_val_accu: 44.87, contrast_loss: 7.35, contrast_acc: 26.88, gan_train_loss: 0.7184, gan_eval_loss: 0.7143
2022-07-11 01:53:56,223 DEBUG epoch:41, knn_val_accu: 44.92, contrast_loss: 7.10, contrast_acc: 28.54, gan_train_loss: 0.7212, gan_eval_loss: 0.7210
2022-07-11 02:00:11,679 DEBUG epoch:42, knn_val_accu: 44.03, contrast_loss: 7.01, contrast_acc: 28.86, gan_train_loss: 0.7198, gan_eval_loss: 0.7147
2022-07-11 02:06:26,488 DEBUG epoch:43, knn_val_accu: 43.38, contrast_loss: 6.96, contrast_acc: 29.18, gan_train_loss: 0.7197, gan_eval_loss: 0.7165
2022-07-11 02:12:41,668 DEBUG epoch:44, knn_val_accu: 45.76, contrast_loss: 6.94, contrast_acc: 29.43, gan_train_loss: 0.7209, gan_eval_loss: 0.7178
2022-07-11 02:18:57,179 DEBUG epoch:45, knn_val_accu: 44.10, contrast_loss: 6.92, contrast_acc: 29.48, gan_train_loss: 0.7212, gan_eval_loss: 0.7166
2022-07-11 02:25:08,575 DEBUG epoch:46, knn_val_accu: 42.13, contrast_loss: 6.98, contrast_acc: 28.68, gan_train_loss: 0.7224, gan_eval_loss: 0.7028
2022-07-11 02:31:19,549 DEBUG epoch:47, knn_val_accu: 43.66, contrast_loss: 7.34, contrast_acc: 26.44, gan_train_loss: 0.7200, gan_eval_loss: 0.6827
2022-07-11 02:37:27,061 DEBUG epoch:48, knn_val_accu: 43.95, contrast_loss: 7.03, contrast_acc: 28.43, gan_train_loss: 0.7336, gan_eval_loss: 0.6400
2022-07-11 02:43:38,007 DEBUG epoch:49, knn_val_accu: 44.61, contrast_loss: 7.05, contrast_acc: 28.45, gan_train_loss: 0.7413, gan_eval_loss: 0.6509
2022-07-11 02:49:38,633 DEBUG epoch:50, knn_val_accu: 44.94, contrast_loss: 6.85, contrast_acc: 29.71, gan_train_loss: 0.7773, gan_eval_loss: 0.5409
2022-07-11 02:55:36,181 DEBUG epoch:51, knn_val_accu: 46.22, contrast_loss: 6.56, contrast_acc: 31.25, gan_train_loss: 0.7893, gan_eval_loss: 0.5620
2022-07-11 03:01:36,494 DEBUG epoch:52, knn_val_accu: 45.12, contrast_loss: 6.52, contrast_acc: 31.78, gan_train_loss: 0.8051, gan_eval_loss: 0.5015
2022-07-11 03:07:46,548 DEBUG epoch:53, knn_val_accu: 44.39, contrast_loss: 6.85, contrast_acc: 29.85, gan_train_loss: 0.7597, gan_eval_loss: 0.6951
2022-07-11 03:13:56,160 DEBUG epoch:54, knn_val_accu: 45.10, contrast_loss: 6.74, contrast_acc: 30.05, gan_train_loss: 0.7557, gan_eval_loss: 0.6643
2022-07-11 03:19:57,797 DEBUG epoch:55, knn_val_accu: 45.79, contrast_loss: 6.93, contrast_acc: 29.56, gan_train_loss: 0.7837, gan_eval_loss: 0.5854
2022-07-11 03:26:08,410 DEBUG epoch:56, knn_val_accu: 44.81, contrast_loss: 6.74, contrast_acc: 30.37, gan_train_loss: 0.7737, gan_eval_loss: 0.6373
2022-07-11 03:32:20,500 DEBUG epoch:57, knn_val_accu: 43.13, contrast_loss: 6.84, contrast_acc: 29.49, gan_train_loss: 0.7729, gan_eval_loss: 0.6457
2022-07-11 03:38:34,787 DEBUG epoch:58, knn_val_accu: 42.30, contrast_loss: 6.84, contrast_acc: 29.68, gan_train_loss: 0.7612, gan_eval_loss: 0.6785
2022-07-11 03:44:52,469 DEBUG epoch:59, knn_val_accu: 44.68, contrast_loss: 6.78, contrast_acc: 29.59, gan_train_loss: 0.7467, gan_eval_loss: 0.6746
2022-07-11 03:51:04,456 DEBUG epoch:60, knn_val_accu: 42.60, contrast_loss: 7.62, contrast_acc: 25.36, gan_train_loss: 0.7677, gan_eval_loss: 0.6170
2022-07-11 03:57:15,413 DEBUG epoch:61, knn_val_accu: 42.75, contrast_loss: 7.34, contrast_acc: 25.49, gan_train_loss: 0.7624, gan_eval_loss: 0.6427
2022-07-11 04:03:22,448 DEBUG epoch:62, knn_val_accu: 43.81, contrast_loss: 6.94, contrast_acc: 28.07, gan_train_loss: 0.7757, gan_eval_loss: 0.6232
2022-07-11 04:09:43,584 DEBUG epoch:63, knn_val_accu: 44.32, contrast_loss: 6.74, contrast_acc: 30.46, gan_train_loss: 0.7207, gan_eval_loss: 0.7216
2022-07-11 04:16:04,676 DEBUG epoch:64, knn_val_accu: 43.51, contrast_loss: 6.62, contrast_acc: 31.01, gan_train_loss: 0.7255, gan_eval_loss: 0.7238
2022-07-11 04:22:19,235 DEBUG epoch:65, knn_val_accu: 43.62, contrast_loss: 7.72, contrast_acc: 26.11, gan_train_loss: 0.6983, gan_eval_loss: 0.6490
2022-07-11 04:28:39,735 DEBUG epoch:66, knn_val_accu: 42.80, contrast_loss: 6.96, contrast_acc: 28.91, gan_train_loss: 0.7270, gan_eval_loss: 0.7088
2022-07-11 04:34:55,572 DEBUG epoch:67, knn_val_accu: 42.53, contrast_loss: 6.78, contrast_acc: 29.54, gan_train_loss: 0.7425, gan_eval_loss: 0.6578
2022-07-11 04:41:01,625 DEBUG epoch:68, knn_val_accu: 43.22, contrast_loss: 6.59, contrast_acc: 31.16, gan_train_loss: 0.7863, gan_eval_loss: 0.5770
2022-07-11 04:47:20,246 DEBUG epoch:69, knn_val_accu: 42.59, contrast_loss: 6.82, contrast_acc: 29.95, gan_train_loss: 0.7460, gan_eval_loss: 0.6966
2022-07-11 04:53:25,236 DEBUG epoch:70, knn_val_accu: 43.52, contrast_loss: 6.54, contrast_acc: 31.18, gan_train_loss: 0.7867, gan_eval_loss: 0.5820
2022-07-11 04:59:27,430 DEBUG epoch:71, knn_val_accu: 44.65, contrast_loss: 6.36, contrast_acc: 32.78, gan_train_loss: 0.8033, gan_eval_loss: 0.4824
2022-07-11 05:05:38,065 DEBUG epoch:72, knn_val_accu: 44.52, contrast_loss: 6.51, contrast_acc: 30.82, gan_train_loss: 0.7786, gan_eval_loss: 0.6030
2022-07-11 05:11:49,326 DEBUG epoch:73, knn_val_accu: 43.38, contrast_loss: 6.58, contrast_acc: 30.67, gan_train_loss: 0.7636, gan_eval_loss: 0.6118
2022-07-11 05:17:55,615 DEBUG epoch:74, knn_val_accu: 43.81, contrast_loss: 6.51, contrast_acc: 31.41, gan_train_loss: 0.8050, gan_eval_loss: 0.5279
2022-07-11 05:24:11,785 DEBUG epoch:75, knn_val_accu: 43.06, contrast_loss: 6.82, contrast_acc: 29.78, gan_train_loss: 0.7488, gan_eval_loss: 0.6545
2022-07-11 05:30:26,004 DEBUG epoch:76, knn_val_accu: 42.48, contrast_loss: 6.60, contrast_acc: 30.51, gan_train_loss: 0.7598, gan_eval_loss: 0.6309
2022-07-11 05:36:29,386 DEBUG epoch:77, knn_val_accu: 44.88, contrast_loss: 6.55, contrast_acc: 29.85, gan_train_loss: 0.7846, gan_eval_loss: 0.5818
2022-07-11 05:42:25,683 DEBUG epoch:78, knn_val_accu: 43.95, contrast_loss: 6.28, contrast_acc: 32.67, gan_train_loss: 0.8251, gan_eval_loss: 0.4667
2022-07-11 05:48:20,382 DEBUG epoch:79, knn_val_accu: 44.14, contrast_loss: 6.17, contrast_acc: 33.28, gan_train_loss: 0.8256, gan_eval_loss: 0.5363
2022-07-11 05:54:23,405 DEBUG epoch:80, knn_val_accu: 44.05, contrast_loss: 6.69, contrast_acc: 29.53, gan_train_loss: 0.8095, gan_eval_loss: 0.6073
2022-07-11 06:00:27,080 DEBUG epoch:81, knn_val_accu: 44.83, contrast_loss: 6.29, contrast_acc: 32.33, gan_train_loss: 0.8028, gan_eval_loss: 0.6231
2022-07-11 06:06:22,471 DEBUG epoch:82, knn_val_accu: 42.69, contrast_loss: 6.20, contrast_acc: 32.90, gan_train_loss: 0.8336, gan_eval_loss: 0.4866
2022-07-11 06:12:26,387 DEBUG epoch:83, knn_val_accu: 43.95, contrast_loss: 6.30, contrast_acc: 31.50, gan_train_loss: 0.8261, gan_eval_loss: 0.5743
2022-07-11 06:18:24,593 DEBUG epoch:84, knn_val_accu: 42.81, contrast_loss: 6.09, contrast_acc: 33.95, gan_train_loss: 0.8495, gan_eval_loss: 0.4598
2022-07-11 06:24:28,002 DEBUG epoch:85, knn_val_accu: 44.26, contrast_loss: 6.33, contrast_acc: 31.69, gan_train_loss: 0.8212, gan_eval_loss: 0.5443
2022-07-11 06:30:41,507 DEBUG epoch:86, knn_val_accu: 11.30, contrast_loss: 10.96, contrast_acc: 60.12, gan_train_loss: 0.8056, gan_eval_loss: 0.6914
2022-07-11 06:37:00,510 DEBUG epoch:87, knn_val_accu: 12.71, contrast_loss: 14.87, contrast_acc: 100.00, gan_train_loss: 0.6579, gan_eval_loss: 0.6599
2022-07-11 06:43:17,686 DEBUG epoch:88, knn_val_accu: 12.86, contrast_loss: 14.39, contrast_acc: 100.00, gan_train_loss: 0.6491, gan_eval_loss: 0.6498
2022-07-11 06:49:35,233 DEBUG epoch:89, knn_val_accu: 11.55, contrast_loss: 14.67, contrast_acc: 100.00, gan_train_loss: 0.6364, gan_eval_loss: 0.6368
2022-07-11 06:55:49,961 DEBUG epoch:90, knn_val_accu: 10.82, contrast_loss: 14.60, contrast_acc: 100.00, gan_train_loss: 0.6195, gan_eval_loss: 0.6202
2022-07-11 07:01:49,486 DEBUG epoch:91, knn_val_accu: 10.56, contrast_loss: 14.51, contrast_acc: 100.00, gan_train_loss: 0.5815, gan_eval_loss: 0.5590
2022-07-11 07:07:51,322 DEBUG epoch:92, knn_val_accu: 10.32, contrast_loss: 14.34, contrast_acc: 100.00, gan_train_loss: 0.5705, gan_eval_loss: 0.5708
2022-07-11 07:13:50,747 DEBUG epoch:93, knn_val_accu: 10.50, contrast_loss: 14.03, contrast_acc: 100.00, gan_train_loss: 0.5635, gan_eval_loss: 0.5641
2022-07-11 07:19:51,276 DEBUG epoch:94, knn_val_accu: 9.45, contrast_loss: 14.05, contrast_acc: 100.00, gan_train_loss: 0.5636, gan_eval_loss: 0.5640
2022-07-11 07:25:50,348 DEBUG epoch:95, knn_val_accu: 9.41, contrast_loss: 13.91, contrast_acc: 100.00, gan_train_loss: 0.5621, gan_eval_loss: 0.5629
2022-07-11 07:31:49,655 DEBUG epoch:96, knn_val_accu: 11.68, contrast_loss: 14.06, contrast_acc: 100.00, gan_train_loss: 0.5661, gan_eval_loss: 0.5646
2022-07-11 07:37:49,191 DEBUG epoch:97, knn_val_accu: 11.15, contrast_loss: 13.81, contrast_acc: 100.00, gan_train_loss: 0.5618, gan_eval_loss: 0.5603
2022-07-11 07:43:48,045 DEBUG epoch:98, knn_val_accu: 9.00, contrast_loss: 14.65, contrast_acc: 99.13, gan_train_loss: 0.5575, gan_eval_loss: 0.5561
2022-07-11 07:49:47,894 DEBUG epoch:99, knn_val_accu: 9.84, contrast_loss: 14.20, contrast_acc: 100.00, gan_train_loss: 0.5613, gan_eval_loss: 0.5599
2022-07-11 07:55:47,084 DEBUG epoch:100, knn_val_accu: 9.31, contrast_loss: 13.88, contrast_acc: 99.93, gan_train_loss: 0.5665, gan_eval_loss: 0.5659
2022-07-11 08:01:45,517 DEBUG epoch:101, knn_val_accu: 10.83, contrast_loss: 14.34, contrast_acc: 100.00, gan_train_loss: 0.5576, gan_eval_loss: 0.5561
2022-07-11 08:07:45,300 DEBUG epoch:102, knn_val_accu: 13.65, contrast_loss: 14.27, contrast_acc: 98.12, gan_train_loss: 0.5634, gan_eval_loss: 0.5634
2022-07-11 08:13:45,407 DEBUG epoch:103, knn_val_accu: 8.64, contrast_loss: 15.68, contrast_acc: 100.00, gan_train_loss: 0.5617, gan_eval_loss: 0.5605
2022-07-11 08:19:46,023 DEBUG epoch:104, knn_val_accu: 11.12, contrast_loss: 15.43, contrast_acc: 100.00, gan_train_loss: 0.5540, gan_eval_loss: 0.5527
2022-07-11 08:25:44,933 DEBUG epoch:105, knn_val_accu: 10.19, contrast_loss: 14.82, contrast_acc: 97.74, gan_train_loss: 0.5530, gan_eval_loss: 0.5532
2022-07-11 08:31:43,621 DEBUG epoch:106, knn_val_accu: 9.66, contrast_loss: 14.75, contrast_acc: 99.83, gan_train_loss: 0.5612, gan_eval_loss: 0.5602
2022-07-11 08:37:42,513 DEBUG epoch:107, knn_val_accu: 9.91, contrast_loss: 15.48, contrast_acc: 100.00, gan_train_loss: 0.5580, gan_eval_loss: 0.5574
2022-07-11 08:43:43,281 DEBUG epoch:108, knn_val_accu: 10.29, contrast_loss: 15.10, contrast_acc: 100.00, gan_train_loss: 0.5611, gan_eval_loss: 0.5599
2022-07-11 08:49:42,345 DEBUG epoch:109, knn_val_accu: 8.80, contrast_loss: 14.52, contrast_acc: 92.80, gan_train_loss: 0.5588, gan_eval_loss: 0.5542
2022-07-11 08:55:41,975 DEBUG epoch:110, knn_val_accu: 10.13, contrast_loss: 14.90, contrast_acc: 99.87, gan_train_loss: 0.5556, gan_eval_loss: 0.5511
2022-07-11 09:01:40,729 DEBUG epoch:111, knn_val_accu: 9.60, contrast_loss: 14.36, contrast_acc: 98.97, gan_train_loss: 0.5605, gan_eval_loss: 0.5591
2022-07-11 09:07:40,272 DEBUG epoch:112, knn_val_accu: 11.04, contrast_loss: 14.36, contrast_acc: 100.00, gan_train_loss: 0.5565, gan_eval_loss: 0.5531
2022-07-11 09:13:39,970 DEBUG epoch:113, knn_val_accu: 9.31, contrast_loss: 14.14, contrast_acc: 100.00, gan_train_loss: 0.5560, gan_eval_loss: 0.5546
2022-07-11 09:19:39,334 DEBUG epoch:114, knn_val_accu: 8.92, contrast_loss: 14.16, contrast_acc: 99.83, gan_train_loss: 0.5551, gan_eval_loss: 0.5540
2022-07-11 09:25:38,088 DEBUG epoch:115, knn_val_accu: 8.84, contrast_loss: 14.33, contrast_acc: 100.00, gan_train_loss: 0.5655, gan_eval_loss: 0.5653
2022-07-11 09:31:38,938 DEBUG epoch:116, knn_val_accu: 9.79, contrast_loss: 15.01, contrast_acc: 100.00, gan_train_loss: 0.5599, gan_eval_loss: 0.5601
2022-07-11 09:37:37,435 DEBUG epoch:117, knn_val_accu: 8.76, contrast_loss: 14.90, contrast_acc: 100.00, gan_train_loss: 0.5633, gan_eval_loss: 0.5632
2022-07-11 09:43:37,219 DEBUG epoch:118, knn_val_accu: 12.47, contrast_loss: 15.27, contrast_acc: 100.00, gan_train_loss: 0.5511, gan_eval_loss: 0.5518
2022-07-11 09:49:37,909 DEBUG epoch:119, knn_val_accu: 8.95, contrast_loss: 14.99, contrast_acc: 100.00, gan_train_loss: 0.5639, gan_eval_loss: 0.5645
2022-07-11 09:55:37,039 DEBUG epoch:120, knn_val_accu: 10.80, contrast_loss: 14.15, contrast_acc: 100.00, gan_train_loss: 0.4998, gan_eval_loss: 0.5001
2022-07-11 10:01:35,706 DEBUG epoch:121, knn_val_accu: 8.93, contrast_loss: 14.47, contrast_acc: 100.00, gan_train_loss: 0.5147, gan_eval_loss: 0.5152
2022-07-11 10:07:35,866 DEBUG epoch:122, knn_val_accu: 9.75, contrast_loss: 14.98, contrast_acc: 94.42, gan_train_loss: 0.5179, gan_eval_loss: 0.5186
2022-07-11 10:13:35,065 DEBUG epoch:123, knn_val_accu: 10.29, contrast_loss: 15.70, contrast_acc: 99.83, gan_train_loss: 0.5198, gan_eval_loss: 0.5205
2022-07-11 10:19:28,929 DEBUG epoch:124, knn_val_accu: 9.75, contrast_loss: 15.37, contrast_acc: 100.00, gan_train_loss: 0.5221, gan_eval_loss: 0.5228
2022-07-11 10:25:29,215 DEBUG epoch:125, knn_val_accu: 10.99, contrast_loss: 14.79, contrast_acc: 98.08, gan_train_loss: 0.5242, gan_eval_loss: 0.5251
2022-07-11 10:31:29,742 DEBUG epoch:126, knn_val_accu: 10.52, contrast_loss: 15.49, contrast_acc: 96.68, gan_train_loss: 0.5261, gan_eval_loss: 0.5269
2022-07-11 10:37:26,565 DEBUG epoch:127, knn_val_accu: 10.44, contrast_loss: 15.87, contrast_acc: 100.00, gan_train_loss: 0.5275, gan_eval_loss: 0.5283
2022-07-11 10:43:24,950 DEBUG epoch:128, knn_val_accu: 8.98, contrast_loss: 16.17, contrast_acc: 100.00, gan_train_loss: 0.5295, gan_eval_loss: 0.5304
2022-07-11 10:49:23,054 DEBUG epoch:129, knn_val_accu: 10.78, contrast_loss: 16.37, contrast_acc: 100.00, gan_train_loss: 0.5317, gan_eval_loss: 0.5327
2022-07-11 10:55:21,781 DEBUG epoch:130, knn_val_accu: 8.39, contrast_loss: 16.36, contrast_acc: 100.00, gan_train_loss: 0.5327, gan_eval_loss: 0.5336
2022-07-11 11:01:20,711 DEBUG epoch:131, knn_val_accu: 10.00, contrast_loss: 16.43, contrast_acc: 100.00, gan_train_loss: 0.5341, gan_eval_loss: 0.5351
2022-07-11 11:07:18,901 DEBUG epoch:132, knn_val_accu: 9.63, contrast_loss: 15.52, contrast_acc: 100.00, gan_train_loss: 0.5359, gan_eval_loss: 0.5369
2022-07-11 11:13:18,085 DEBUG epoch:133, knn_val_accu: 9.65, contrast_loss: 15.38, contrast_acc: 100.00, gan_train_loss: 0.5371, gan_eval_loss: 0.5382
2022-07-11 11:19:11,480 DEBUG epoch:134, knn_val_accu: 8.73, contrast_loss: 15.33, contrast_acc: 100.00, gan_train_loss: 0.5378, gan_eval_loss: 0.5390
2022-07-11 11:25:03,340 DEBUG epoch:135, knn_val_accu: 10.07, contrast_loss: 16.25, contrast_acc: 97.38, gan_train_loss: 0.5398, gan_eval_loss: 0.5410
2022-07-11 11:30:56,454 DEBUG epoch:136, knn_val_accu: 9.85, contrast_loss: 16.98, contrast_acc: 99.65, gan_train_loss: 0.5400, gan_eval_loss: 0.5412
2022-07-11 11:36:47,872 DEBUG epoch:137, knn_val_accu: 9.62, contrast_loss: 16.31, contrast_acc: 98.08, gan_train_loss: 0.5424, gan_eval_loss: 0.5435
2022-07-11 11:42:38,659 DEBUG epoch:138, knn_val_accu: 8.81, contrast_loss: 16.52, contrast_acc: 100.00, gan_train_loss: 0.5439, gan_eval_loss: 0.5452
2022-07-11 11:48:29,099 DEBUG epoch:139, knn_val_accu: 8.76, contrast_loss: 15.75, contrast_acc: 100.00, gan_train_loss: 0.5459, gan_eval_loss: 0.5473
2022-07-11 11:54:17,978 DEBUG epoch:140, knn_val_accu: 9.31, contrast_loss: 15.74, contrast_acc: 98.43, gan_train_loss: 0.5467, gan_eval_loss: 0.5480
2022-07-11 12:00:05,231 DEBUG epoch:141, knn_val_accu: 10.20, contrast_loss: 16.09, contrast_acc: 100.00, gan_train_loss: 0.5471, gan_eval_loss: 0.5485
2022-07-11 12:05:53,057 DEBUG epoch:142, knn_val_accu: 11.32, contrast_loss: 15.85, contrast_acc: 100.00, gan_train_loss: 0.5486, gan_eval_loss: 0.5499
2022-07-11 12:11:42,435 DEBUG epoch:143, knn_val_accu: 9.04, contrast_loss: 15.70, contrast_acc: 100.00, gan_train_loss: 0.5497, gan_eval_loss: 0.5510
2022-07-11 12:17:31,279 DEBUG epoch:144, knn_val_accu: 9.66, contrast_loss: 15.67, contrast_acc: 100.00, gan_train_loss: 0.5510, gan_eval_loss: 0.5525
2022-07-11 12:23:22,349 DEBUG epoch:145, knn_val_accu: 9.37, contrast_loss: 15.14, contrast_acc: 100.00, gan_train_loss: 0.5520, gan_eval_loss: 0.5534
2022-07-11 12:29:16,049 DEBUG epoch:146, knn_val_accu: 10.69, contrast_loss: 15.22, contrast_acc: 100.00, gan_train_loss: 0.5532, gan_eval_loss: 0.5545
2022-07-11 12:35:08,490 DEBUG epoch:147, knn_val_accu: 11.27, contrast_loss: 16.27, contrast_acc: 100.00, gan_train_loss: 0.5550, gan_eval_loss: 0.5564
2022-07-11 12:40:59,556 DEBUG epoch:148, knn_val_accu: 9.38, contrast_loss: 15.34, contrast_acc: 100.00, gan_train_loss: 0.5545, gan_eval_loss: 0.5560
2022-07-11 12:46:52,444 DEBUG epoch:149, knn_val_accu: 10.00, contrast_loss: 15.02, contrast_acc: 100.00, gan_train_loss: 0.5565, gan_eval_loss: 0.5579
2022-07-11 12:52:43,989 DEBUG epoch:150, knn_val_accu: 9.20, contrast_loss: 15.80, contrast_acc: 100.00, gan_train_loss: 0.5575, gan_eval_loss: 0.5588
2022-07-11 12:58:34,984 DEBUG epoch:151, knn_val_accu: 10.03, contrast_loss: 16.39, contrast_acc: 95.11, gan_train_loss: 0.5586, gan_eval_loss: 0.5600
2022-07-11 13:04:27,316 DEBUG epoch:152, knn_val_accu: 10.40, contrast_loss: 16.19, contrast_acc: 100.00, gan_train_loss: 0.5599, gan_eval_loss: 0.5614
2022-07-11 13:10:17,391 DEBUG epoch:153, knn_val_accu: 8.33, contrast_loss: 16.06, contrast_acc: 99.65, gan_train_loss: 0.5611, gan_eval_loss: 0.5627
2022-07-11 13:16:07,610 DEBUG epoch:154, knn_val_accu: 9.51, contrast_loss: 15.45, contrast_acc: 100.00, gan_train_loss: 0.5624, gan_eval_loss: 0.5638
2022-07-11 13:21:57,815 DEBUG epoch:155, knn_val_accu: 10.39, contrast_loss: 16.25, contrast_acc: 98.60, gan_train_loss: 0.5497, gan_eval_loss: 0.5542
2022-07-11 13:27:45,826 DEBUG epoch:156, knn_val_accu: 9.75, contrast_loss: 17.24, contrast_acc: 100.00, gan_train_loss: 0.5061, gan_eval_loss: 0.5075
2022-07-11 13:33:34,811 DEBUG epoch:157, knn_val_accu: 10.00, contrast_loss: 17.39, contrast_acc: 100.00, gan_train_loss: 0.4780, gan_eval_loss: 0.4780
2022-07-11 13:39:26,629 DEBUG epoch:158, knn_val_accu: 10.00, contrast_loss: 17.40, contrast_acc: 99.83, gan_train_loss: 0.4789, gan_eval_loss: 0.4789
2022-07-11 13:45:17,104 DEBUG epoch:159, knn_val_accu: 10.00, contrast_loss: 17.40, contrast_acc: 49.74, gan_train_loss: 0.4783, gan_eval_loss: 0.4783
2022-07-11 13:51:09,002 DEBUG epoch:160, knn_val_accu: 10.00, contrast_loss: 17.40, contrast_acc: 17.45, gan_train_loss: 0.4791, gan_eval_loss: 0.4790
2022-07-11 13:57:01,901 DEBUG epoch:161, knn_val_accu: 10.00, contrast_loss: 17.40, contrast_acc: 21.82, gan_train_loss: 0.4790, gan_eval_loss: 0.4790
2022-07-11 14:02:53,752 DEBUG epoch:162, knn_val_accu: 10.00, contrast_loss: 17.40, contrast_acc: 25.83, gan_train_loss: 0.4791, gan_eval_loss: 0.4791
2022-07-11 14:08:46,867 DEBUG epoch:163, knn_val_accu: 9.99, contrast_loss: 17.40, contrast_acc: 27.23, gan_train_loss: 0.4786, gan_eval_loss: 0.4786
2022-07-11 14:14:40,214 DEBUG epoch:164, knn_val_accu: 10.03, contrast_loss: 17.40, contrast_acc: 24.26, gan_train_loss: 0.4791, gan_eval_loss: 0.4791
2022-07-11 14:20:30,311 DEBUG epoch:165, knn_val_accu: 10.00, contrast_loss: 17.40, contrast_acc: 24.08, gan_train_loss: 0.4788, gan_eval_loss: 0.4788
2022-07-11 14:26:19,925 DEBUG epoch:166, knn_val_accu: 10.00, contrast_loss: 17.40, contrast_acc: 32.11, gan_train_loss: 0.4788, gan_eval_loss: 0.4788
2022-07-11 14:32:08,832 DEBUG epoch:167, knn_val_accu: 10.00, contrast_loss: 17.40, contrast_acc: 29.32, gan_train_loss: 0.4784, gan_eval_loss: 0.4784
2022-07-11 14:37:58,843 DEBUG epoch:168, knn_val_accu: 10.00, contrast_loss: 17.40, contrast_acc: 41.19, gan_train_loss: 0.4787, gan_eval_loss: 0.4787
2022-07-11 14:43:49,069 DEBUG epoch:169, knn_val_accu: 10.00, contrast_loss: 17.40, contrast_acc: 35.60, gan_train_loss: 0.4788, gan_eval_loss: 0.4788
2022-07-11 14:49:40,439 DEBUG epoch:170, knn_val_accu: 9.95, contrast_loss: 17.40, contrast_acc: 39.97, gan_train_loss: 0.4788, gan_eval_loss: 0.4788
2022-07-11 14:55:31,486 DEBUG epoch:171, knn_val_accu: 10.00, contrast_loss: 17.40, contrast_acc: 43.45, gan_train_loss: 0.4795, gan_eval_loss: 0.4794
2022-07-11 15:01:23,250 DEBUG epoch:172, knn_val_accu: 9.99, contrast_loss: 17.40, contrast_acc: 28.27, gan_train_loss: 0.4793, gan_eval_loss: 0.4793
2022-07-11 15:07:14,414 DEBUG epoch:173, knn_val_accu: 10.00, contrast_loss: 17.40, contrast_acc: 40.49, gan_train_loss: 0.4788, gan_eval_loss: 0.4788
2022-07-11 15:13:04,085 DEBUG epoch:174, knn_val_accu: 9.99, contrast_loss: 17.40, contrast_acc: 32.46, gan_train_loss: 0.4793, gan_eval_loss: 0.4793
2022-07-11 15:18:55,148 DEBUG epoch:175, knn_val_accu: 10.00, contrast_loss: 17.40, contrast_acc: 39.44, gan_train_loss: 0.4791, gan_eval_loss: 0.4791
2022-07-11 15:24:46,458 DEBUG epoch:176, knn_val_accu: 10.00, contrast_loss: 17.40, contrast_acc: 34.03, gan_train_loss: 0.4792, gan_eval_loss: 0.4792
2022-07-11 15:30:38,434 DEBUG epoch:177, knn_val_accu: 10.00, contrast_loss: 17.40, contrast_acc: 41.88, gan_train_loss: 0.4795, gan_eval_loss: 0.4795
2022-07-11 15:36:28,280 DEBUG epoch:178, knn_val_accu: 10.02, contrast_loss: 17.40, contrast_acc: 57.24, gan_train_loss: 0.4796, gan_eval_loss: 0.4796
2022-07-11 15:42:15,543 DEBUG epoch:179, knn_val_accu: 10.00, contrast_loss: 17.40, contrast_acc: 51.31, gan_train_loss: 0.4784, gan_eval_loss: 0.4784
2022-07-11 15:48:06,577 DEBUG epoch:180, knn_val_accu: 10.00, contrast_loss: 17.40, contrast_acc: 74.69, gan_train_loss: 0.4789, gan_eval_loss: 0.4789
2022-07-11 15:53:57,487 DEBUG epoch:181, knn_val_accu: 10.00, contrast_loss: 17.40, contrast_acc: 70.33, gan_train_loss: 0.4785, gan_eval_loss: 0.4785
2022-07-11 15:59:51,958 DEBUG epoch:182, knn_val_accu: 9.95, contrast_loss: 17.40, contrast_acc: 67.89, gan_train_loss: 0.4792, gan_eval_loss: 0.4792
2022-07-11 16:05:44,705 DEBUG epoch:183, knn_val_accu: 10.00, contrast_loss: 17.40, contrast_acc: 54.80, gan_train_loss: 0.4791, gan_eval_loss: 0.4791
2022-07-11 16:11:38,591 DEBUG epoch:184, knn_val_accu: 10.00, contrast_loss: 17.40, contrast_acc: 78.01, gan_train_loss: 0.4796, gan_eval_loss: 0.4796
2022-07-11 16:17:31,711 DEBUG epoch:185, knn_val_accu: 10.00, contrast_loss: 17.40, contrast_acc: 74.69, gan_train_loss: 0.4796, gan_eval_loss: 0.4796
2022-07-11 16:23:22,508 DEBUG epoch:186, knn_val_accu: 10.00, contrast_loss: 17.40, contrast_acc: 73.47, gan_train_loss: 0.4793, gan_eval_loss: 0.4793
2022-07-11 16:29:14,291 DEBUG epoch:187, knn_val_accu: 10.00, contrast_loss: 17.40, contrast_acc: 57.77, gan_train_loss: 0.4796, gan_eval_loss: 0.4796
2022-07-11 16:35:06,735 DEBUG epoch:188, knn_val_accu: 10.00, contrast_loss: 17.40, contrast_acc: 65.10, gan_train_loss: 0.4787, gan_eval_loss: 0.4787
2022-07-11 16:40:59,781 DEBUG epoch:189, knn_val_accu: 10.00, contrast_loss: 17.40, contrast_acc: 76.09, gan_train_loss: 0.4787, gan_eval_loss: 0.4786
2022-07-11 16:46:48,427 DEBUG epoch:190, knn_val_accu: 10.00, contrast_loss: 17.40, contrast_acc: 69.11, gan_train_loss: 0.4787, gan_eval_loss: 0.4787
2022-07-11 16:52:38,461 DEBUG epoch:191, knn_val_accu: 10.00, contrast_loss: 17.40, contrast_acc: 80.63, gan_train_loss: 0.4793, gan_eval_loss: 0.4793
2022-07-11 16:58:29,629 DEBUG epoch:192, knn_val_accu: 10.00, contrast_loss: 17.40, contrast_acc: 84.99, gan_train_loss: 0.4789, gan_eval_loss: 0.4789
2022-07-11 17:04:21,806 DEBUG epoch:193, knn_val_accu: 10.00, contrast_loss: 17.40, contrast_acc: 97.38, gan_train_loss: 0.4792, gan_eval_loss: 0.4792
2022-07-11 17:10:16,412 DEBUG epoch:194, knn_val_accu: 10.01, contrast_loss: 17.40, contrast_acc: 84.99, gan_train_loss: 0.4789, gan_eval_loss: 0.4789
2022-07-11 17:16:10,451 DEBUG epoch:195, knn_val_accu: 10.00, contrast_loss: 17.40, contrast_acc: 87.43, gan_train_loss: 0.4790, gan_eval_loss: 0.4790
2022-07-11 17:22:10,663 DEBUG epoch:196, knn_val_accu: 10.00, contrast_loss: 17.40, contrast_acc: 84.82, gan_train_loss: 0.4788, gan_eval_loss: 0.4788
2022-07-11 17:28:13,102 DEBUG epoch:197, knn_val_accu: 9.96, contrast_loss: 17.40, contrast_acc: 75.22, gan_train_loss: 0.4790, gan_eval_loss: 0.4790
2022-07-11 17:34:07,928 DEBUG epoch:198, knn_val_accu: 10.00, contrast_loss: 17.40, contrast_acc: 79.93, gan_train_loss: 0.4789, gan_eval_loss: 0.4789
2022-07-11 17:40:05,316 DEBUG epoch:199, knn_val_accu: 9.99, contrast_loss: 17.40, contrast_acc: 67.54, gan_train_loss: 0.4801, gan_eval_loss: 0.4801
2022-07-11 17:46:04,189 DEBUG epoch:200, knn_val_accu: 9.99, contrast_loss: 17.40, contrast_acc: 86.39, gan_train_loss: 0.4789, gan_eval_loss: 0.4789
2022-07-11 17:46:13,867 DEBUG final knn evaluation accuracy is 49.95
2022-07-11 18:02:31,851 DEBUG final linear-probe evaluation accuracy is 54.57
2022-07-11 18:08:12,237 DEBUG final semi-supervised evaluation accuracy with 10% data is 52.42
2022-07-11 18:12:49,781 DEBUG final semi-supervised evaluation accuracy with 1% data is 42.99
2022-07-11 18:12:59,463 DEBUG final knn evaluation accuracy is 49.95
2022-07-11 23:21:52,957 DEBUG Enable ResSFL fine-tuning: arch-res_normN4C64-alpha-2.0-ssim-0.6, using svhn as auxiliary data
2022-07-11 23:21:53,422 DEBUG SFL-Moco (ResSFL-expert) Train on cifar10 with cutlayer 1: total epochs: 200
2022-07-11 23:28:09,151 DEBUG epoch:1, knn_val_accu: 42.15, contrast_loss: 13.77, contrast_acc: 9.27, gan_train_loss: 0.6247, gan_eval_loss: 0.6169
2022-07-11 23:34:29,457 DEBUG epoch:2, knn_val_accu: 45.81, contrast_loss: 12.62, contrast_acc: 10.33, gan_train_loss: 0.6532, gan_eval_loss: 0.6544
2022-07-11 23:40:41,167 DEBUG epoch:3, knn_val_accu: 49.00, contrast_loss: 11.55, contrast_acc: 12.50, gan_train_loss: 0.6779, gan_eval_loss: 0.6795
2022-07-11 23:46:53,948 DEBUG epoch:4, knn_val_accu: 49.82, contrast_loss: 10.62, contrast_acc: 16.28, gan_train_loss: 0.6822, gan_eval_loss: 0.6838
2022-07-11 23:53:07,590 DEBUG epoch:5, knn_val_accu: 50.87, contrast_loss: 9.84, contrast_acc: 19.73, gan_train_loss: 0.6941, gan_eval_loss: 0.6959
2022-07-11 23:59:21,333 DEBUG epoch:6, knn_val_accu: 50.86, contrast_loss: 9.29, contrast_acc: 21.97, gan_train_loss: 0.7005, gan_eval_loss: 0.7025
2022-07-12 00:05:35,802 DEBUG epoch:7, knn_val_accu: 51.28, contrast_loss: 8.83, contrast_acc: 23.87, gan_train_loss: 0.7067, gan_eval_loss: 0.7088
2022-07-12 00:11:48,215 DEBUG epoch:8, knn_val_accu: 51.25, contrast_loss: 8.47, contrast_acc: 25.30, gan_train_loss: 0.7092, gan_eval_loss: 0.7110
2022-07-12 00:18:03,092 DEBUG epoch:9, knn_val_accu: 50.97, contrast_loss: 8.16, contrast_acc: 26.29, gan_train_loss: 0.7073, gan_eval_loss: 0.7092
2022-07-12 00:24:23,899 DEBUG epoch:10, knn_val_accu: 50.58, contrast_loss: 7.92, contrast_acc: 27.27, gan_train_loss: 0.7046, gan_eval_loss: 0.7064
2022-07-12 00:30:38,850 DEBUG epoch:11, knn_val_accu: 49.79, contrast_loss: 7.68, contrast_acc: 28.08, gan_train_loss: 0.7056, gan_eval_loss: 0.7073
2022-07-12 00:36:51,242 DEBUG epoch:12, knn_val_accu: 49.93, contrast_loss: 7.48, contrast_acc: 28.72, gan_train_loss: 0.7081, gan_eval_loss: 0.7104
2022-07-12 00:43:02,423 DEBUG epoch:13, knn_val_accu: 49.93, contrast_loss: 7.31, contrast_acc: 29.13, gan_train_loss: 0.7103, gan_eval_loss: 0.7123
2022-07-12 00:49:15,799 DEBUG epoch:14, knn_val_accu: 48.83, contrast_loss: 7.19, contrast_acc: 29.65, gan_train_loss: 0.7102, gan_eval_loss: 0.7123
2022-07-12 00:55:32,050 DEBUG epoch:15, knn_val_accu: 48.37, contrast_loss: 7.04, contrast_acc: 30.07, gan_train_loss: 0.7111, gan_eval_loss: 0.7133
2022-07-12 01:01:44,715 DEBUG epoch:16, knn_val_accu: 48.60, contrast_loss: 6.96, contrast_acc: 30.51, gan_train_loss: 0.7108, gan_eval_loss: 0.7127
2022-07-12 01:07:57,710 DEBUG epoch:17, knn_val_accu: 47.46, contrast_loss: 6.86, contrast_acc: 30.65, gan_train_loss: 0.7115, gan_eval_loss: 0.7131
2022-07-12 01:14:09,016 DEBUG epoch:18, knn_val_accu: 47.85, contrast_loss: 6.77, contrast_acc: 31.27, gan_train_loss: 0.7127, gan_eval_loss: 0.7147
2022-07-12 01:20:22,070 DEBUG epoch:19, knn_val_accu: 47.80, contrast_loss: 6.70, contrast_acc: 31.19, gan_train_loss: 0.7133, gan_eval_loss: 0.7155
2022-07-12 01:26:35,750 DEBUG epoch:20, knn_val_accu: 45.92, contrast_loss: 6.61, contrast_acc: 31.86, gan_train_loss: 0.7157, gan_eval_loss: 0.7176
2022-07-12 01:32:49,211 DEBUG epoch:21, knn_val_accu: 46.47, contrast_loss: 6.56, contrast_acc: 31.89, gan_train_loss: 0.7153, gan_eval_loss: 0.7176
2022-07-12 01:39:03,912 DEBUG epoch:22, knn_val_accu: 45.35, contrast_loss: 6.51, contrast_acc: 32.04, gan_train_loss: 0.7158, gan_eval_loss: 0.7176
2022-07-12 01:45:18,295 DEBUG epoch:23, knn_val_accu: 45.76, contrast_loss: 6.48, contrast_acc: 32.18, gan_train_loss: 0.7159, gan_eval_loss: 0.7177
2022-07-12 01:51:32,656 DEBUG epoch:24, knn_val_accu: 44.98, contrast_loss: 6.41, contrast_acc: 32.59, gan_train_loss: 0.7161, gan_eval_loss: 0.7176
2022-07-12 01:57:47,494 DEBUG epoch:25, knn_val_accu: 45.38, contrast_loss: 6.39, contrast_acc: 32.41, gan_train_loss: 0.7157, gan_eval_loss: 0.7169
2022-07-12 02:03:58,104 DEBUG epoch:26, knn_val_accu: 44.60, contrast_loss: 6.36, contrast_acc: 32.65, gan_train_loss: 0.7147, gan_eval_loss: 0.7155
2022-07-12 02:10:09,547 DEBUG epoch:27, knn_val_accu: 45.41, contrast_loss: 6.32, contrast_acc: 32.95, gan_train_loss: 0.7129, gan_eval_loss: 0.7139
2022-07-12 02:16:20,149 DEBUG epoch:28, knn_val_accu: 45.09, contrast_loss: 6.27, contrast_acc: 33.27, gan_train_loss: 0.7132, gan_eval_loss: 0.7150
2022-07-12 02:22:33,638 DEBUG epoch:29, knn_val_accu: 44.77, contrast_loss: 6.26, contrast_acc: 33.07, gan_train_loss: 0.7106, gan_eval_loss: 0.7117
2022-07-12 02:28:45,116 DEBUG epoch:30, knn_val_accu: 45.88, contrast_loss: 6.22, contrast_acc: 33.37, gan_train_loss: 0.7102, gan_eval_loss: 0.7118
2022-07-12 02:34:58,761 DEBUG epoch:31, knn_val_accu: 44.26, contrast_loss: 6.20, contrast_acc: 33.43, gan_train_loss: 0.7103, gan_eval_loss: 0.7113
2022-07-12 02:41:10,566 DEBUG epoch:32, knn_val_accu: 44.22, contrast_loss: 6.18, contrast_acc: 33.51, gan_train_loss: 0.7102, gan_eval_loss: 0.7113
2022-07-12 02:47:23,605 DEBUG epoch:33, knn_val_accu: 44.04, contrast_loss: 6.16, contrast_acc: 33.63, gan_train_loss: 0.7110, gan_eval_loss: 0.7113
2022-07-12 02:53:36,963 DEBUG epoch:34, knn_val_accu: 44.44, contrast_loss: 6.12, contrast_acc: 33.78, gan_train_loss: 0.7097, gan_eval_loss: 0.7103
2022-07-12 02:59:51,926 DEBUG epoch:35, knn_val_accu: 43.34, contrast_loss: 6.11, contrast_acc: 33.84, gan_train_loss: 0.7096, gan_eval_loss: 0.7095
2022-07-12 03:06:04,424 DEBUG epoch:36, knn_val_accu: 43.76, contrast_loss: 6.10, contrast_acc: 34.02, gan_train_loss: 0.7101, gan_eval_loss: 0.7101
2022-07-12 03:12:17,524 DEBUG epoch:37, knn_val_accu: 43.98, contrast_loss: 6.08, contrast_acc: 34.11, gan_train_loss: 0.7124, gan_eval_loss: 0.7126
2022-07-12 03:18:31,688 DEBUG epoch:38, knn_val_accu: 41.77, contrast_loss: 6.04, contrast_acc: 34.34, gan_train_loss: 0.7119, gan_eval_loss: 0.7125
2022-07-12 03:24:44,370 DEBUG epoch:39, knn_val_accu: 43.20, contrast_loss: 6.03, contrast_acc: 34.59, gan_train_loss: 0.7105, gan_eval_loss: 0.7108
2022-07-12 03:30:57,649 DEBUG epoch:40, knn_val_accu: 42.76, contrast_loss: 6.03, contrast_acc: 34.43, gan_train_loss: 0.7102, gan_eval_loss: 0.7097
2022-07-12 03:37:11,123 DEBUG epoch:41, knn_val_accu: 43.18, contrast_loss: 6.01, contrast_acc: 34.40, gan_train_loss: 0.7106, gan_eval_loss: 0.7089
2022-07-12 03:43:23,173 DEBUG epoch:42, knn_val_accu: 42.70, contrast_loss: 5.97, contrast_acc: 34.63, gan_train_loss: 0.7107, gan_eval_loss: 0.7108
2022-07-12 03:49:34,032 DEBUG epoch:43, knn_val_accu: 42.46, contrast_loss: 5.96, contrast_acc: 34.88, gan_train_loss: 0.7130, gan_eval_loss: 0.7126
2022-07-12 03:55:45,731 DEBUG epoch:44, knn_val_accu: 43.11, contrast_loss: 5.97, contrast_acc: 34.64, gan_train_loss: 0.7135, gan_eval_loss: 0.7128
2022-07-12 04:01:58,416 DEBUG epoch:45, knn_val_accu: 41.90, contrast_loss: 5.92, contrast_acc: 35.17, gan_train_loss: 0.7136, gan_eval_loss: 0.7129
2022-07-12 04:08:10,760 DEBUG epoch:46, knn_val_accu: 42.74, contrast_loss: 5.93, contrast_acc: 34.83, gan_train_loss: 0.7153, gan_eval_loss: 0.7134
2022-07-12 04:14:21,923 DEBUG epoch:47, knn_val_accu: 41.84, contrast_loss: 5.91, contrast_acc: 35.04, gan_train_loss: 0.7147, gan_eval_loss: 0.7131
2022-07-12 04:20:32,379 DEBUG epoch:48, knn_val_accu: 43.07, contrast_loss: 5.90, contrast_acc: 35.21, gan_train_loss: 0.7145, gan_eval_loss: 0.7138
2022-07-12 04:26:43,797 DEBUG epoch:49, knn_val_accu: 42.28, contrast_loss: 5.89, contrast_acc: 35.31, gan_train_loss: 0.7146, gan_eval_loss: 0.7134
2022-07-12 04:32:57,699 DEBUG epoch:50, knn_val_accu: 42.54, contrast_loss: 5.86, contrast_acc: 35.33, gan_train_loss: 0.7142, gan_eval_loss: 0.7134
2022-07-12 04:39:09,131 DEBUG epoch:51, knn_val_accu: 42.46, contrast_loss: 5.86, contrast_acc: 35.28, gan_train_loss: 0.7165, gan_eval_loss: 0.7150
2022-07-12 04:45:19,888 DEBUG epoch:52, knn_val_accu: 41.84, contrast_loss: 5.84, contrast_acc: 35.56, gan_train_loss: 0.7166, gan_eval_loss: 0.7158
2022-07-12 04:51:32,881 DEBUG epoch:53, knn_val_accu: 42.64, contrast_loss: 5.85, contrast_acc: 35.67, gan_train_loss: 0.7159, gan_eval_loss: 0.7144
2022-07-12 04:57:45,828 DEBUG epoch:54, knn_val_accu: 42.30, contrast_loss: 5.81, contrast_acc: 35.58, gan_train_loss: 0.7151, gan_eval_loss: 0.7146
2022-07-12 05:03:57,369 DEBUG epoch:55, knn_val_accu: 41.89, contrast_loss: 5.80, contrast_acc: 35.48, gan_train_loss: 0.7150, gan_eval_loss: 0.7147
2022-07-12 05:10:11,227 DEBUG epoch:56, knn_val_accu: 42.39, contrast_loss: 5.79, contrast_acc: 35.98, gan_train_loss: 0.7154, gan_eval_loss: 0.7161
2022-07-12 05:16:24,385 DEBUG epoch:57, knn_val_accu: 43.26, contrast_loss: 5.76, contrast_acc: 36.07, gan_train_loss: 0.7175, gan_eval_loss: 0.7182
2022-07-12 05:22:37,251 DEBUG epoch:58, knn_val_accu: 41.17, contrast_loss: 5.77, contrast_acc: 36.06, gan_train_loss: 0.7177, gan_eval_loss: 0.7181
2022-07-12 05:28:50,321 DEBUG epoch:59, knn_val_accu: 41.98, contrast_loss: 5.75, contrast_acc: 36.18, gan_train_loss: 0.7168, gan_eval_loss: 0.7166
2022-07-12 05:35:09,178 DEBUG epoch:60, knn_val_accu: 42.52, contrast_loss: 5.74, contrast_acc: 36.29, gan_train_loss: 0.7175, gan_eval_loss: 0.7188
2022-07-12 05:41:35,902 DEBUG epoch:61, knn_val_accu: 41.67, contrast_loss: 5.72, contrast_acc: 36.32, gan_train_loss: 0.7185, gan_eval_loss: 0.7190
2022-07-12 05:48:02,694 DEBUG epoch:62, knn_val_accu: 41.75, contrast_loss: 5.73, contrast_acc: 36.15, gan_train_loss: 0.7179, gan_eval_loss: 0.7187
2022-07-12 05:54:28,913 DEBUG epoch:63, knn_val_accu: 42.72, contrast_loss: 5.67, contrast_acc: 36.77, gan_train_loss: 0.7160, gan_eval_loss: 0.7172
2022-07-12 06:00:50,415 DEBUG epoch:64, knn_val_accu: 44.25, contrast_loss: 6.77, contrast_acc: 28.41, gan_train_loss: 0.6888, gan_eval_loss: 0.6672
2022-07-12 06:07:04,385 DEBUG epoch:65, knn_val_accu: 14.08, contrast_loss: 15.31, contrast_acc: 93.45, gan_train_loss: 0.5968, gan_eval_loss: 0.5968
2022-07-12 06:13:08,789 DEBUG epoch:66, knn_val_accu: 13.61, contrast_loss: 14.68, contrast_acc: 100.00, gan_train_loss: 0.5772, gan_eval_loss: 0.5766
2022-07-12 06:19:13,844 DEBUG epoch:67, knn_val_accu: 13.60, contrast_loss: 14.68, contrast_acc: 100.00, gan_train_loss: 0.5795, gan_eval_loss: 0.5791
2022-07-12 06:25:19,800 DEBUG epoch:68, knn_val_accu: 13.56, contrast_loss: 14.65, contrast_acc: 100.00, gan_train_loss: 0.5756, gan_eval_loss: 0.5753
2022-07-12 06:31:26,696 DEBUG epoch:69, knn_val_accu: 16.48, contrast_loss: 14.74, contrast_acc: 100.00, gan_train_loss: 0.5737, gan_eval_loss: 0.5738
2022-07-12 06:37:34,045 DEBUG epoch:70, knn_val_accu: 13.07, contrast_loss: 14.47, contrast_acc: 100.00, gan_train_loss: 0.5704, gan_eval_loss: 0.5710
2022-07-12 06:43:38,716 DEBUG epoch:71, knn_val_accu: 11.53, contrast_loss: 14.57, contrast_acc: 99.99, gan_train_loss: 0.5717, gan_eval_loss: 0.5726
2022-07-12 06:49:45,282 DEBUG epoch:72, knn_val_accu: 11.74, contrast_loss: 14.59, contrast_acc: 100.00, gan_train_loss: 0.5742, gan_eval_loss: 0.5748
2022-07-12 06:55:50,407 DEBUG epoch:73, knn_val_accu: 12.06, contrast_loss: 14.67, contrast_acc: 100.00, gan_train_loss: 0.5698, gan_eval_loss: 0.5705
2022-07-12 07:01:56,407 DEBUG epoch:74, knn_val_accu: 10.31, contrast_loss: 14.58, contrast_acc: 100.00, gan_train_loss: 0.5691, gan_eval_loss: 0.5699
2022-07-12 07:08:02,059 DEBUG epoch:75, knn_val_accu: 13.05, contrast_loss: 14.53, contrast_acc: 100.00, gan_train_loss: 0.5700, gan_eval_loss: 0.5710
2022-07-12 07:14:09,503 DEBUG epoch:76, knn_val_accu: 11.67, contrast_loss: 14.48, contrast_acc: 100.00, gan_train_loss: 0.5717, gan_eval_loss: 0.5723
2022-07-12 07:20:15,846 DEBUG epoch:77, knn_val_accu: 12.49, contrast_loss: 14.48, contrast_acc: 100.00, gan_train_loss: 0.5694, gan_eval_loss: 0.5701
2022-07-12 07:26:23,110 DEBUG epoch:78, knn_val_accu: 14.30, contrast_loss: 14.33, contrast_acc: 100.00, gan_train_loss: 0.5682, gan_eval_loss: 0.5685
2022-07-12 07:32:29,514 DEBUG epoch:79, knn_val_accu: 9.29, contrast_loss: 14.46, contrast_acc: 99.98, gan_train_loss: 0.5616, gan_eval_loss: 0.5628
2022-07-12 07:38:33,028 DEBUG epoch:80, knn_val_accu: 10.44, contrast_loss: 14.62, contrast_acc: 100.00, gan_train_loss: 0.5592, gan_eval_loss: 0.5594
2022-07-12 07:44:37,351 DEBUG epoch:81, knn_val_accu: 13.02, contrast_loss: 14.55, contrast_acc: 100.00, gan_train_loss: 0.5501, gan_eval_loss: 0.5517
2022-07-12 07:50:42,617 DEBUG epoch:82, knn_val_accu: 12.93, contrast_loss: 14.53, contrast_acc: 100.00, gan_train_loss: 0.5579, gan_eval_loss: 0.5587
2022-07-12 07:56:47,935 DEBUG epoch:83, knn_val_accu: 10.32, contrast_loss: 14.60, contrast_acc: 100.00, gan_train_loss: 0.5479, gan_eval_loss: 0.5491
2022-07-12 08:02:53,378 DEBUG epoch:84, knn_val_accu: 12.32, contrast_loss: 14.64, contrast_acc: 100.00, gan_train_loss: 0.5531, gan_eval_loss: 0.5532
2022-07-12 08:08:58,576 DEBUG epoch:85, knn_val_accu: 11.25, contrast_loss: 14.64, contrast_acc: 100.00, gan_train_loss: 0.5592, gan_eval_loss: 0.5591
2022-07-12 08:15:05,016 DEBUG epoch:86, knn_val_accu: 10.79, contrast_loss: 14.56, contrast_acc: 100.00, gan_train_loss: 0.5560, gan_eval_loss: 0.5560
2022-07-12 08:21:11,021 DEBUG epoch:87, knn_val_accu: 12.67, contrast_loss: 14.76, contrast_acc: 100.00, gan_train_loss: 0.5629, gan_eval_loss: 0.5630
2022-07-12 08:27:17,242 DEBUG epoch:88, knn_val_accu: 11.68, contrast_loss: 14.48, contrast_acc: 100.00, gan_train_loss: 0.5594, gan_eval_loss: 0.5590
2022-07-12 08:33:25,384 DEBUG epoch:89, knn_val_accu: 10.55, contrast_loss: 14.60, contrast_acc: 100.00, gan_train_loss: 0.5690, gan_eval_loss: 0.5695
2022-07-12 08:39:30,759 DEBUG epoch:90, knn_val_accu: 11.13, contrast_loss: 14.65, contrast_acc: 100.00, gan_train_loss: 0.5553, gan_eval_loss: 0.5561
2022-07-12 08:45:37,138 DEBUG epoch:91, knn_val_accu: 11.27, contrast_loss: 14.57, contrast_acc: 100.00, gan_train_loss: 0.5644, gan_eval_loss: 0.5655
2022-07-12 08:51:44,694 DEBUG epoch:92, knn_val_accu: 12.02, contrast_loss: 14.65, contrast_acc: 100.00, gan_train_loss: 0.5657, gan_eval_loss: 0.5668
2022-07-12 08:57:50,518 DEBUG epoch:93, knn_val_accu: 10.94, contrast_loss: 14.60, contrast_acc: 100.00, gan_train_loss: 0.5631, gan_eval_loss: 0.5640
2022-07-12 09:03:56,841 DEBUG epoch:94, knn_val_accu: 10.48, contrast_loss: 14.66, contrast_acc: 100.00, gan_train_loss: 0.5698, gan_eval_loss: 0.5706
2022-07-12 09:10:02,577 DEBUG epoch:95, knn_val_accu: 11.84, contrast_loss: 14.58, contrast_acc: 100.00, gan_train_loss: 0.5542, gan_eval_loss: 0.5532
2022-07-12 09:16:08,882 DEBUG epoch:96, knn_val_accu: 11.46, contrast_loss: 14.26, contrast_acc: 100.00, gan_train_loss: 0.5526, gan_eval_loss: 0.5539
2022-07-12 09:22:13,444 DEBUG epoch:97, knn_val_accu: 12.80, contrast_loss: 14.48, contrast_acc: 100.00, gan_train_loss: 0.5606, gan_eval_loss: 0.5614
2022-07-12 09:28:16,765 DEBUG epoch:98, knn_val_accu: 10.86, contrast_loss: 14.53, contrast_acc: 98.13, gan_train_loss: 0.5655, gan_eval_loss: 0.5665
2022-07-12 09:34:19,952 DEBUG epoch:99, knn_val_accu: 9.49, contrast_loss: 14.58, contrast_acc: 100.00, gan_train_loss: 0.5577, gan_eval_loss: 0.5593
2022-07-12 09:40:21,039 DEBUG epoch:100, knn_val_accu: 10.55, contrast_loss: 14.51, contrast_acc: 100.00, gan_train_loss: 0.5588, gan_eval_loss: 0.5600
2022-07-12 09:46:21,559 DEBUG epoch:101, knn_val_accu: 10.79, contrast_loss: 14.35, contrast_acc: 100.00, gan_train_loss: 0.5610, gan_eval_loss: 0.5620
2022-07-12 09:52:25,603 DEBUG epoch:102, knn_val_accu: 9.77, contrast_loss: 14.08, contrast_acc: 100.00, gan_train_loss: 0.5607, gan_eval_loss: 0.5616
2022-07-12 09:58:29,676 DEBUG epoch:103, knn_val_accu: 12.04, contrast_loss: 14.46, contrast_acc: 100.00, gan_train_loss: 0.5603, gan_eval_loss: 0.5615
2022-07-12 10:04:33,723 DEBUG epoch:104, knn_val_accu: 11.66, contrast_loss: 14.49, contrast_acc: 100.00, gan_train_loss: 0.5521, gan_eval_loss: 0.5527
2022-07-12 10:10:39,579 DEBUG epoch:105, knn_val_accu: 11.82, contrast_loss: 14.15, contrast_acc: 97.32, gan_train_loss: 0.5454, gan_eval_loss: 0.5453
2022-07-12 10:16:44,291 DEBUG epoch:106, knn_val_accu: 12.93, contrast_loss: 14.29, contrast_acc: 100.00, gan_train_loss: 0.5435, gan_eval_loss: 0.5439
2022-07-12 10:22:48,847 DEBUG epoch:107, knn_val_accu: 12.54, contrast_loss: 14.31, contrast_acc: 99.57, gan_train_loss: 0.5475, gan_eval_loss: 0.5494
2022-07-12 10:28:53,862 DEBUG epoch:108, knn_val_accu: 9.74, contrast_loss: 14.08, contrast_acc: 97.76, gan_train_loss: 0.5529, gan_eval_loss: 0.5551
2022-07-12 10:35:01,106 DEBUG epoch:109, knn_val_accu: 11.85, contrast_loss: 15.56, contrast_acc: 100.00, gan_train_loss: 0.5532, gan_eval_loss: 0.5544
2022-07-12 10:41:07,609 DEBUG epoch:110, knn_val_accu: 11.05, contrast_loss: 14.65, contrast_acc: 100.00, gan_train_loss: 0.5495, gan_eval_loss: 0.5498
2022-07-12 10:47:13,897 DEBUG epoch:111, knn_val_accu: 12.61, contrast_loss: 13.92, contrast_acc: 99.94, gan_train_loss: 0.5455, gan_eval_loss: 0.5427
2022-07-12 10:53:19,885 DEBUG epoch:112, knn_val_accu: 10.14, contrast_loss: 14.02, contrast_acc: 99.81, gan_train_loss: 0.5493, gan_eval_loss: 0.5403
2022-07-12 10:59:25,835 DEBUG epoch:113, knn_val_accu: 10.69, contrast_loss: 14.24, contrast_acc: 100.00, gan_train_loss: 0.5466, gan_eval_loss: 0.5446
2022-07-12 11:05:32,970 DEBUG epoch:114, knn_val_accu: 8.79, contrast_loss: 15.23, contrast_acc: 99.63, gan_train_loss: 0.5417, gan_eval_loss: 0.5371
2022-07-12 11:11:39,069 DEBUG epoch:115, knn_val_accu: 8.81, contrast_loss: 16.68, contrast_acc: 100.00, gan_train_loss: 0.5440, gan_eval_loss: 0.5425
2022-07-12 11:17:43,292 DEBUG epoch:116, knn_val_accu: 9.95, contrast_loss: 16.73, contrast_acc: 100.00, gan_train_loss: 0.5478, gan_eval_loss: 0.5473
2022-07-12 11:23:48,586 DEBUG epoch:117, knn_val_accu: 8.91, contrast_loss: 16.85, contrast_acc: 100.00, gan_train_loss: 0.5574, gan_eval_loss: 0.5581
2022-07-12 11:29:53,783 DEBUG epoch:118, knn_val_accu: 10.10, contrast_loss: 16.87, contrast_acc: 100.00, gan_train_loss: 0.5530, gan_eval_loss: 0.5541
2022-07-12 11:35:58,492 DEBUG epoch:119, knn_val_accu: 9.91, contrast_loss: 17.00, contrast_acc: 100.00, gan_train_loss: 0.5460, gan_eval_loss: 0.5466
2022-07-12 11:42:02,269 DEBUG epoch:120, knn_val_accu: 10.97, contrast_loss: 17.00, contrast_acc: 100.00, gan_train_loss: 0.5574, gan_eval_loss: 0.5560
2022-07-12 11:48:06,748 DEBUG epoch:121, knn_val_accu: 10.12, contrast_loss: 17.25, contrast_acc: 100.00, gan_train_loss: 0.5592, gan_eval_loss: 0.5602
2022-07-12 11:54:10,801 DEBUG epoch:122, knn_val_accu: 11.97, contrast_loss: 17.30, contrast_acc: 100.00, gan_train_loss: 0.5673, gan_eval_loss: 0.5685
2022-07-12 12:00:16,022 DEBUG epoch:123, knn_val_accu: 10.76, contrast_loss: 17.32, contrast_acc: 100.00, gan_train_loss: 0.5541, gan_eval_loss: 0.5537
2022-07-12 12:06:21,798 DEBUG epoch:124, knn_val_accu: 10.28, contrast_loss: 17.36, contrast_acc: 100.00, gan_train_loss: 0.5481, gan_eval_loss: 0.5492
2022-07-12 12:12:26,259 DEBUG epoch:125, knn_val_accu: 12.08, contrast_loss: 17.38, contrast_acc: 100.00, gan_train_loss: 0.5407, gan_eval_loss: 0.5416
2022-07-12 12:18:27,285 DEBUG epoch:126, knn_val_accu: 10.57, contrast_loss: 17.39, contrast_acc: 100.00, gan_train_loss: 0.5425, gan_eval_loss: 0.5433
2022-07-12 12:24:28,011 DEBUG epoch:127, knn_val_accu: 9.18, contrast_loss: 17.39, contrast_acc: 100.00, gan_train_loss: 0.5315, gan_eval_loss: 0.5322
2022-07-12 12:30:27,446 DEBUG epoch:128, knn_val_accu: 10.32, contrast_loss: 17.39, contrast_acc: 100.00, gan_train_loss: 0.5293, gan_eval_loss: 0.5305
2022-07-12 12:36:14,983 DEBUG epoch:129, knn_val_accu: 9.29, contrast_loss: 17.40, contrast_acc: 100.00, gan_train_loss: 0.5594, gan_eval_loss: 0.5603
2022-07-12 12:41:58,980 DEBUG epoch:130, knn_val_accu: 10.53, contrast_loss: 17.40, contrast_acc: 100.00, gan_train_loss: 0.5533, gan_eval_loss: 0.5540
2022-07-12 12:47:47,728 DEBUG epoch:131, knn_val_accu: 10.79, contrast_loss: 17.40, contrast_acc: 100.00, gan_train_loss: 0.5520, gan_eval_loss: 0.5529
2022-07-12 12:53:36,729 DEBUG epoch:132, knn_val_accu: 10.59, contrast_loss: 17.40, contrast_acc: 100.00, gan_train_loss: 0.5361, gan_eval_loss: 0.5372
2022-07-12 12:59:24,866 DEBUG epoch:133, knn_val_accu: 10.32, contrast_loss: 17.40, contrast_acc: 100.00, gan_train_loss: 0.5348, gan_eval_loss: 0.5355
2022-07-12 13:05:21,089 DEBUG epoch:134, knn_val_accu: 9.27, contrast_loss: 17.40, contrast_acc: 100.00, gan_train_loss: 0.5489, gan_eval_loss: 0.5496
2022-07-12 13:11:21,312 DEBUG epoch:135, knn_val_accu: 10.29, contrast_loss: 17.40, contrast_acc: 100.00, gan_train_loss: 0.5527, gan_eval_loss: 0.5535
2022-07-12 13:17:19,945 DEBUG epoch:136, knn_val_accu: 11.59, contrast_loss: 17.40, contrast_acc: 100.00, gan_train_loss: 0.5430, gan_eval_loss: 0.5437
2022-07-12 13:23:19,547 DEBUG epoch:137, knn_val_accu: 10.03, contrast_loss: 17.40, contrast_acc: 100.00, gan_train_loss: 0.5612, gan_eval_loss: 0.5621
2022-07-12 13:29:19,168 DEBUG epoch:138, knn_val_accu: 9.90, contrast_loss: 17.40, contrast_acc: 100.00, gan_train_loss: 0.5599, gan_eval_loss: 0.5608
2022-07-12 13:35:18,936 DEBUG epoch:139, knn_val_accu: 10.48, contrast_loss: 17.40, contrast_acc: 100.00, gan_train_loss: 0.5557, gan_eval_loss: 0.5563
2022-07-12 13:41:18,162 DEBUG epoch:140, knn_val_accu: 9.72, contrast_loss: 17.40, contrast_acc: 100.00, gan_train_loss: 0.5666, gan_eval_loss: 0.5674
2022-07-12 13:47:09,440 DEBUG epoch:141, knn_val_accu: 9.44, contrast_loss: 17.40, contrast_acc: 99.75, gan_train_loss: 0.5582, gan_eval_loss: 0.5593
2022-07-12 13:52:59,300 DEBUG epoch:142, knn_val_accu: 10.39, contrast_loss: 17.40, contrast_acc: 90.98, gan_train_loss: 0.5687, gan_eval_loss: 0.5695
2022-07-12 13:58:47,464 DEBUG epoch:143, knn_val_accu: 9.79, contrast_loss: 17.40, contrast_acc: 46.43, gan_train_loss: 0.5507, gan_eval_loss: 0.5515
2022-07-12 14:04:32,719 DEBUG epoch:144, knn_val_accu: 8.37, contrast_loss: 17.40, contrast_acc: 14.43, gan_train_loss: 0.5562, gan_eval_loss: 0.5569
2022-07-12 14:10:32,686 DEBUG epoch:145, knn_val_accu: 11.03, contrast_loss: 17.40, contrast_acc: 2.24, gan_train_loss: 0.5485, gan_eval_loss: 0.5495
2022-07-12 14:16:22,646 DEBUG epoch:146, knn_val_accu: 10.93, contrast_loss: 17.40, contrast_acc: 0.24, gan_train_loss: 0.5517, gan_eval_loss: 0.5529
2022-07-12 14:22:07,390 DEBUG epoch:147, knn_val_accu: 10.70, contrast_loss: 17.40, contrast_acc: 0.01, gan_train_loss: 0.5524, gan_eval_loss: 0.5535
2022-07-12 14:27:54,131 DEBUG epoch:148, knn_val_accu: 10.34, contrast_loss: 17.40, contrast_acc: 0.05, gan_train_loss: 0.5666, gan_eval_loss: 0.5676
2022-07-12 14:33:41,152 DEBUG epoch:149, knn_val_accu: 9.87, contrast_loss: 17.40, contrast_acc: 0.09, gan_train_loss: 0.5557, gan_eval_loss: 0.5565
2022-07-12 14:39:31,163 DEBUG epoch:150, knn_val_accu: 11.36, contrast_loss: 17.40, contrast_acc: 0.10, gan_train_loss: 0.5656, gan_eval_loss: 0.5665
2022-07-12 14:45:30,559 DEBUG epoch:151, knn_val_accu: 9.74, contrast_loss: 17.40, contrast_acc: 0.06, gan_train_loss: 0.5463, gan_eval_loss: 0.5464
2022-07-12 14:51:32,558 DEBUG epoch:152, knn_val_accu: 10.86, contrast_loss: 17.40, contrast_acc: 0.18, gan_train_loss: 0.5638, gan_eval_loss: 0.5648
2022-07-12 14:57:30,395 DEBUG epoch:153, knn_val_accu: 10.06, contrast_loss: 17.40, contrast_acc: 0.14, gan_train_loss: 0.5611, gan_eval_loss: 0.5621
2022-07-12 15:03:19,733 DEBUG epoch:154, knn_val_accu: 10.47, contrast_loss: 17.40, contrast_acc: 0.12, gan_train_loss: 0.5552, gan_eval_loss: 0.5547
2022-07-12 15:09:08,282 DEBUG epoch:155, knn_val_accu: 10.53, contrast_loss: 17.40, contrast_acc: 0.21, gan_train_loss: 0.5514, gan_eval_loss: 0.5498
2022-07-12 15:15:04,020 DEBUG epoch:156, knn_val_accu: 9.71, contrast_loss: 17.40, contrast_acc: 0.43, gan_train_loss: 0.5541, gan_eval_loss: 0.5550
2022-07-12 15:21:03,233 DEBUG epoch:157, knn_val_accu: 9.69, contrast_loss: 17.40, contrast_acc: 0.40, gan_train_loss: 0.5603, gan_eval_loss: 0.5613
2022-07-12 15:27:03,863 DEBUG epoch:158, knn_val_accu: 10.24, contrast_loss: 17.40, contrast_acc: 0.13, gan_train_loss: 0.5642, gan_eval_loss: 0.5652
2022-07-12 15:33:04,377 DEBUG epoch:159, knn_val_accu: 9.21, contrast_loss: 17.40, contrast_acc: 0.20, gan_train_loss: 0.5661, gan_eval_loss: 0.5672
2022-07-12 15:39:04,387 DEBUG epoch:160, knn_val_accu: 9.30, contrast_loss: 17.40, contrast_acc: 0.36, gan_train_loss: 0.5544, gan_eval_loss: 0.5552
2022-07-12 15:45:04,692 DEBUG epoch:161, knn_val_accu: 9.44, contrast_loss: 17.40, contrast_acc: 0.23, gan_train_loss: 0.5445, gan_eval_loss: 0.5443
2022-07-12 15:51:03,858 DEBUG epoch:162, knn_val_accu: 9.93, contrast_loss: 17.40, contrast_acc: 0.16, gan_train_loss: 0.5566, gan_eval_loss: 0.5572
2022-07-12 15:57:02,653 DEBUG epoch:163, knn_val_accu: 9.65, contrast_loss: 17.40, contrast_acc: 0.32, gan_train_loss: 0.5358, gan_eval_loss: 0.5368
2022-07-12 16:03:02,615 DEBUG epoch:164, knn_val_accu: 10.60, contrast_loss: 17.40, contrast_acc: 0.41, gan_train_loss: 0.5512, gan_eval_loss: 0.5521
2022-07-12 16:09:02,357 DEBUG epoch:165, knn_val_accu: 9.09, contrast_loss: 17.40, contrast_acc: 0.08, gan_train_loss: 0.5573, gan_eval_loss: 0.5582
2022-07-12 16:15:01,417 DEBUG epoch:166, knn_val_accu: 10.50, contrast_loss: 17.40, contrast_acc: 0.05, gan_train_loss: 0.5608, gan_eval_loss: 0.5618
2022-07-12 16:20:50,125 DEBUG epoch:167, knn_val_accu: 10.13, contrast_loss: 17.40, contrast_acc: 0.10, gan_train_loss: 0.5628, gan_eval_loss: 0.5638
2022-07-12 16:26:50,491 DEBUG epoch:168, knn_val_accu: 9.56, contrast_loss: 17.40, contrast_acc: 0.09, gan_train_loss: 0.5644, gan_eval_loss: 0.5654
2022-07-12 16:32:50,186 DEBUG epoch:169, knn_val_accu: 10.32, contrast_loss: 17.40, contrast_acc: 0.12, gan_train_loss: 0.5665, gan_eval_loss: 0.5675
2022-07-12 16:38:49,102 DEBUG epoch:170, knn_val_accu: 10.13, contrast_loss: 17.40, contrast_acc: 0.15, gan_train_loss: 0.5678, gan_eval_loss: 0.5689
2022-07-12 16:44:48,349 DEBUG epoch:171, knn_val_accu: 10.67, contrast_loss: 17.40, contrast_acc: 0.24, gan_train_loss: 0.5346, gan_eval_loss: 0.5356
2022-07-12 16:50:48,222 DEBUG epoch:172, knn_val_accu: 9.95, contrast_loss: 17.40, contrast_acc: 0.21, gan_train_loss: 0.5468, gan_eval_loss: 0.5477
2022-07-12 16:56:48,939 DEBUG epoch:173, knn_val_accu: 10.47, contrast_loss: 17.40, contrast_acc: 0.63, gan_train_loss: 0.5529, gan_eval_loss: 0.5538
2022-07-12 17:02:49,879 DEBUG epoch:174, knn_val_accu: 10.08, contrast_loss: 17.40, contrast_acc: 0.38, gan_train_loss: 0.5565, gan_eval_loss: 0.5575
2022-07-12 17:08:51,125 DEBUG epoch:175, knn_val_accu: 9.59, contrast_loss: 17.40, contrast_acc: 0.10, gan_train_loss: 0.5580, gan_eval_loss: 0.5589
2022-07-12 17:14:52,942 DEBUG epoch:176, knn_val_accu: 10.31, contrast_loss: 17.40, contrast_acc: 0.04, gan_train_loss: 0.5602, gan_eval_loss: 0.5611
2022-07-12 17:20:53,509 DEBUG epoch:177, knn_val_accu: 9.55, contrast_loss: 17.40, contrast_acc: 0.17, gan_train_loss: 0.5614, gan_eval_loss: 0.5624
2022-07-12 17:26:54,102 DEBUG epoch:178, knn_val_accu: 10.28, contrast_loss: 17.40, contrast_acc: 0.16, gan_train_loss: 0.5626, gan_eval_loss: 0.5636
2022-07-12 17:32:54,932 DEBUG epoch:179, knn_val_accu: 9.48, contrast_loss: 17.40, contrast_acc: 0.07, gan_train_loss: 0.5624, gan_eval_loss: 0.5635
2022-07-12 17:38:56,662 DEBUG epoch:180, knn_val_accu: 9.22, contrast_loss: 17.40, contrast_acc: 0.03, gan_train_loss: 0.5639, gan_eval_loss: 0.5649
2022-07-12 17:44:57,580 DEBUG epoch:181, knn_val_accu: 9.76, contrast_loss: 17.40, contrast_acc: 0.05, gan_train_loss: 0.5645, gan_eval_loss: 0.5655
2022-07-12 17:50:58,914 DEBUG epoch:182, knn_val_accu: 10.33, contrast_loss: 17.40, contrast_acc: 0.10, gan_train_loss: 0.5631, gan_eval_loss: 0.5641
2022-07-12 17:56:59,531 DEBUG epoch:183, knn_val_accu: 9.91, contrast_loss: 17.40, contrast_acc: 0.07, gan_train_loss: 0.5468, gan_eval_loss: 0.5478
2022-07-12 18:02:50,276 DEBUG epoch:184, knn_val_accu: 9.90, contrast_loss: 17.40, contrast_acc: 0.08, gan_train_loss: 0.5516, gan_eval_loss: 0.5526
2022-07-12 18:08:41,520 DEBUG epoch:185, knn_val_accu: 10.42, contrast_loss: 17.40, contrast_acc: 0.02, gan_train_loss: 0.5534, gan_eval_loss: 0.5544
2022-07-12 18:14:30,962 DEBUG epoch:186, knn_val_accu: 9.29, contrast_loss: 17.40, contrast_acc: 0.05, gan_train_loss: 0.5538, gan_eval_loss: 0.5548
2022-07-12 18:20:17,344 DEBUG epoch:187, knn_val_accu: 10.10, contrast_loss: 17.40, contrast_acc: 0.14, gan_train_loss: 0.5545, gan_eval_loss: 0.5555
2022-07-12 18:26:17,363 DEBUG epoch:188, knn_val_accu: 9.81, contrast_loss: 17.40, contrast_acc: 0.11, gan_train_loss: 0.5544, gan_eval_loss: 0.5554
2022-07-12 18:32:17,040 DEBUG epoch:189, knn_val_accu: 9.30, contrast_loss: 17.40, contrast_acc: 0.15, gan_train_loss: 0.5554, gan_eval_loss: 0.5565
2022-07-12 18:38:18,336 DEBUG epoch:190, knn_val_accu: 9.28, contrast_loss: 17.40, contrast_acc: 0.06, gan_train_loss: 0.5557, gan_eval_loss: 0.5568
2022-07-12 18:44:22,157 DEBUG epoch:191, knn_val_accu: 9.77, contrast_loss: 17.40, contrast_acc: 0.01, gan_train_loss: 0.5561, gan_eval_loss: 0.5572
2022-07-12 18:50:23,528 DEBUG epoch:192, knn_val_accu: 10.83, contrast_loss: 17.40, contrast_acc: 0.01, gan_train_loss: 0.5568, gan_eval_loss: 0.5579
2022-07-12 18:56:22,468 DEBUG epoch:193, knn_val_accu: 9.45, contrast_loss: 17.40, contrast_acc: 0.09, gan_train_loss: 0.5577, gan_eval_loss: 0.5587
2022-07-12 19:02:22,173 DEBUG epoch:194, knn_val_accu: 9.61, contrast_loss: 17.40, contrast_acc: 0.30, gan_train_loss: 0.5575, gan_eval_loss: 0.5585
2022-07-12 19:08:23,616 DEBUG epoch:195, knn_val_accu: 10.58, contrast_loss: 17.40, contrast_acc: 0.22, gan_train_loss: 0.5571, gan_eval_loss: 0.5582
2022-07-12 19:14:27,497 DEBUG epoch:196, knn_val_accu: 10.04, contrast_loss: 17.40, contrast_acc: 0.21, gan_train_loss: 0.5567, gan_eval_loss: 0.5578
2022-07-12 19:20:33,452 DEBUG epoch:197, knn_val_accu: 10.06, contrast_loss: 17.40, contrast_acc: 0.05, gan_train_loss: 0.5581, gan_eval_loss: 0.5591
2022-07-12 19:26:38,399 DEBUG epoch:198, knn_val_accu: 9.36, contrast_loss: 17.40, contrast_acc: 0.04, gan_train_loss: 0.5582, gan_eval_loss: 0.5593
2022-07-12 19:32:43,397 DEBUG epoch:199, knn_val_accu: 9.35, contrast_loss: 17.40, contrast_acc: 0.00, gan_train_loss: 0.5594, gan_eval_loss: 0.5605
2022-07-12 19:38:47,939 DEBUG epoch:200, knn_val_accu: 9.35, contrast_loss: 17.40, contrast_acc: 0.00, gan_train_loss: 0.5589, gan_eval_loss: 0.5599
2022-07-12 19:38:57,805 DEBUG final knn evaluation accuracy is 51.28
2022-07-12 19:55:24,780 DEBUG final linear-probe evaluation accuracy is 53.27
2022-07-12 20:01:04,643 DEBUG final semi-supervised evaluation accuracy with 10% data is 52.48
2022-07-12 20:05:38,460 DEBUG final semi-supervised evaluation accuracy with 1% data is 42.78
2022-07-12 20:05:48,069 DEBUG final knn evaluation accuracy is 51.28
2022-07-17 02:15:23,905 DEBUG Enable ResSFL fine-tuning: arch-res_normN4C64-alpha-2.0-ssim-0.6, using svhn as auxiliary data
2022-07-17 02:15:33,879 DEBUG final knn evaluation accuracy is 51.28
