2022-07-13 06:22:58,513 DEBUG Enable ResSFL fine-tuning: arch-res_normN4C64-alpha-2.0-ssim-0.6, using cifar100 as auxiliary data
2022-07-13 06:22:58,849 DEBUG SFL-Moco (ResSFL-expert) Train on cifar10 with cutlayer 3: total epochs: 200
2022-07-13 06:24:22,314 DEBUG epoch:1, knn_val_accu: 30.32, contrast_loss: 13.37, contrast_acc: 12.55, gan_train_loss: 0.6151, gan_eval_loss: 0.5900
2022-07-13 06:25:48,622 DEBUG epoch:2, knn_val_accu: 37.18, contrast_loss: 13.36, contrast_acc: 10.63, gan_train_loss: 0.6096, gan_eval_loss: 0.6082
2022-07-13 06:27:16,705 DEBUG epoch:3, knn_val_accu: 39.10, contrast_loss: 13.02, contrast_acc: 13.40, gan_train_loss: 0.6146, gan_eval_loss: 0.6147
2022-07-13 06:28:44,890 DEBUG epoch:4, knn_val_accu: 41.60, contrast_loss: 12.82, contrast_acc: 14.70, gan_train_loss: 0.6179, gan_eval_loss: 0.6174
2022-07-13 06:30:13,557 DEBUG epoch:5, knn_val_accu: 42.04, contrast_loss: 12.58, contrast_acc: 15.77, gan_train_loss: 0.6198, gan_eval_loss: 0.6203
2022-07-13 06:31:42,060 DEBUG epoch:6, knn_val_accu: 42.98, contrast_loss: 12.45, contrast_acc: 16.56, gan_train_loss: 0.6216, gan_eval_loss: 0.6226
2022-07-13 06:33:10,506 DEBUG epoch:7, knn_val_accu: 44.23, contrast_loss: 12.25, contrast_acc: 17.56, gan_train_loss: 0.6240, gan_eval_loss: 0.6254
2022-07-13 06:34:38,870 DEBUG epoch:8, knn_val_accu: 45.22, contrast_loss: 12.09, contrast_acc: 18.40, gan_train_loss: 0.6258, gan_eval_loss: 0.6269
2022-07-13 06:36:07,101 DEBUG epoch:9, knn_val_accu: 46.32, contrast_loss: 11.98, contrast_acc: 19.04, gan_train_loss: 0.6249, gan_eval_loss: 0.6266
2022-07-13 06:37:35,622 DEBUG epoch:10, knn_val_accu: 47.18, contrast_loss: 11.81, contrast_acc: 19.88, gan_train_loss: 0.6254, gan_eval_loss: 0.6272
2022-07-13 06:39:04,095 DEBUG epoch:11, knn_val_accu: 49.05, contrast_loss: 11.69, contrast_acc: 20.79, gan_train_loss: 0.6258, gan_eval_loss: 0.6275
2022-07-13 06:40:32,491 DEBUG epoch:12, knn_val_accu: 50.56, contrast_loss: 11.54, contrast_acc: 21.94, gan_train_loss: 0.6257, gan_eval_loss: 0.6281
2022-07-13 06:42:00,941 DEBUG epoch:13, knn_val_accu: 51.39, contrast_loss: 11.42, contrast_acc: 22.30, gan_train_loss: 0.6266, gan_eval_loss: 0.6288
2022-07-13 06:43:29,413 DEBUG epoch:14, knn_val_accu: 52.48, contrast_loss: 11.30, contrast_acc: 23.42, gan_train_loss: 0.6225, gan_eval_loss: 0.6246
2022-07-13 06:44:57,687 DEBUG epoch:15, knn_val_accu: 53.58, contrast_loss: 11.09, contrast_acc: 24.55, gan_train_loss: 0.6235, gan_eval_loss: 0.6262
2022-07-13 06:46:25,899 DEBUG epoch:16, knn_val_accu: 53.63, contrast_loss: 11.03, contrast_acc: 24.82, gan_train_loss: 0.6237, gan_eval_loss: 0.6265
2022-07-13 06:47:54,524 DEBUG epoch:17, knn_val_accu: 53.94, contrast_loss: 10.89, contrast_acc: 25.34, gan_train_loss: 0.6256, gan_eval_loss: 0.6283
2022-07-13 06:49:23,157 DEBUG epoch:18, knn_val_accu: 55.84, contrast_loss: 10.75, contrast_acc: 26.37, gan_train_loss: 0.6231, gan_eval_loss: 0.6253
2022-07-13 06:50:51,396 DEBUG epoch:19, knn_val_accu: 55.80, contrast_loss: 10.64, contrast_acc: 26.95, gan_train_loss: 0.6207, gan_eval_loss: 0.6226
2022-07-13 06:52:19,246 DEBUG epoch:20, knn_val_accu: 55.23, contrast_loss: 10.51, contrast_acc: 27.83, gan_train_loss: 0.6177, gan_eval_loss: 0.6196
2022-07-13 06:53:47,300 DEBUG epoch:21, knn_val_accu: 56.37, contrast_loss: 10.43, contrast_acc: 28.27, gan_train_loss: 0.6158, gan_eval_loss: 0.6181
2022-07-13 06:55:15,282 DEBUG epoch:22, knn_val_accu: 56.89, contrast_loss: 10.30, contrast_acc: 29.02, gan_train_loss: 0.6158, gan_eval_loss: 0.6171
2022-07-13 06:56:43,079 DEBUG epoch:23, knn_val_accu: 57.11, contrast_loss: 10.21, contrast_acc: 29.80, gan_train_loss: 0.6173, gan_eval_loss: 0.6195
2022-07-13 06:58:10,755 DEBUG epoch:24, knn_val_accu: 57.45, contrast_loss: 10.15, contrast_acc: 29.72, gan_train_loss: 0.6168, gan_eval_loss: 0.6181
2022-07-13 06:59:37,942 DEBUG epoch:25, knn_val_accu: 58.02, contrast_loss: 10.08, contrast_acc: 30.33, gan_train_loss: 0.6175, gan_eval_loss: 0.6197
2022-07-13 07:01:05,622 DEBUG epoch:26, knn_val_accu: 58.05, contrast_loss: 9.98, contrast_acc: 31.31, gan_train_loss: 0.6188, gan_eval_loss: 0.6205
2022-07-13 07:02:33,348 DEBUG epoch:27, knn_val_accu: 58.34, contrast_loss: 9.87, contrast_acc: 32.03, gan_train_loss: 0.6204, gan_eval_loss: 0.6219
2022-07-13 07:04:00,888 DEBUG epoch:28, knn_val_accu: 59.38, contrast_loss: 9.84, contrast_acc: 32.33, gan_train_loss: 0.6200, gan_eval_loss: 0.6197
2022-07-13 07:05:28,380 DEBUG epoch:29, knn_val_accu: 59.34, contrast_loss: 9.77, contrast_acc: 32.96, gan_train_loss: 0.6197, gan_eval_loss: 0.6194
2022-07-13 07:06:55,558 DEBUG epoch:30, knn_val_accu: 59.14, contrast_loss: 9.66, contrast_acc: 33.66, gan_train_loss: 0.6215, gan_eval_loss: 0.6210
2022-07-13 07:08:23,114 DEBUG epoch:31, knn_val_accu: 59.33, contrast_loss: 9.63, contrast_acc: 34.24, gan_train_loss: 0.6211, gan_eval_loss: 0.6210
2022-07-13 07:09:50,989 DEBUG epoch:32, knn_val_accu: 59.95, contrast_loss: 9.54, contrast_acc: 34.87, gan_train_loss: 0.6213, gan_eval_loss: 0.6206
2022-07-13 07:11:19,146 DEBUG epoch:33, knn_val_accu: 60.62, contrast_loss: 9.45, contrast_acc: 35.73, gan_train_loss: 0.6214, gan_eval_loss: 0.6242
2022-07-13 07:12:47,368 DEBUG epoch:34, knn_val_accu: 60.98, contrast_loss: 9.42, contrast_acc: 35.89, gan_train_loss: 0.6223, gan_eval_loss: 0.6230
2022-07-13 07:14:14,803 DEBUG epoch:35, knn_val_accu: 60.77, contrast_loss: 9.36, contrast_acc: 36.53, gan_train_loss: 0.6209, gan_eval_loss: 0.6218
2022-07-13 07:15:42,787 DEBUG epoch:36, knn_val_accu: 60.39, contrast_loss: 9.31, contrast_acc: 37.01, gan_train_loss: 0.6240, gan_eval_loss: 0.6241
2022-07-13 07:17:10,814 DEBUG epoch:37, knn_val_accu: 61.83, contrast_loss: 9.27, contrast_acc: 37.36, gan_train_loss: 0.6230, gan_eval_loss: 0.6239
2022-07-13 07:18:38,319 DEBUG epoch:38, knn_val_accu: 61.98, contrast_loss: 9.23, contrast_acc: 37.80, gan_train_loss: 0.6207, gan_eval_loss: 0.6179
2022-07-13 07:20:06,311 DEBUG epoch:39, knn_val_accu: 61.94, contrast_loss: 9.23, contrast_acc: 37.43, gan_train_loss: 0.6211, gan_eval_loss: 0.6178
2022-07-13 07:21:34,398 DEBUG epoch:40, knn_val_accu: 62.11, contrast_loss: 9.18, contrast_acc: 38.07, gan_train_loss: 0.6221, gan_eval_loss: 0.6198
2022-07-13 07:23:01,899 DEBUG epoch:41, knn_val_accu: 61.95, contrast_loss: 9.07, contrast_acc: 38.70, gan_train_loss: 0.6188, gan_eval_loss: 0.6163
2022-07-13 07:24:29,668 DEBUG epoch:42, knn_val_accu: 62.08, contrast_loss: 9.12, contrast_acc: 38.83, gan_train_loss: 0.6242, gan_eval_loss: 0.6162
2022-07-13 07:25:57,047 DEBUG epoch:43, knn_val_accu: 62.18, contrast_loss: 9.08, contrast_acc: 38.65, gan_train_loss: 0.6254, gan_eval_loss: 0.6113
2022-07-13 07:27:22,928 DEBUG epoch:44, knn_val_accu: 62.70, contrast_loss: 9.10, contrast_acc: 38.11, gan_train_loss: 0.6338, gan_eval_loss: 0.6043
2022-07-13 07:28:48,907 DEBUG epoch:45, knn_val_accu: 62.27, contrast_loss: 9.01, contrast_acc: 39.63, gan_train_loss: 0.6417, gan_eval_loss: 0.6047
2022-07-13 07:30:15,574 DEBUG epoch:46, knn_val_accu: 63.21, contrast_loss: 8.99, contrast_acc: 39.77, gan_train_loss: 0.6235, gan_eval_loss: 0.6083
2022-07-13 07:31:40,787 DEBUG epoch:47, knn_val_accu: 63.11, contrast_loss: 8.95, contrast_acc: 40.20, gan_train_loss: 0.6428, gan_eval_loss: 0.6033
2022-07-13 07:33:07,718 DEBUG epoch:48, knn_val_accu: 63.13, contrast_loss: 8.91, contrast_acc: 40.69, gan_train_loss: 0.6233, gan_eval_loss: 0.6121
2022-07-13 07:34:35,821 DEBUG epoch:49, knn_val_accu: 62.87, contrast_loss: 8.80, contrast_acc: 41.65, gan_train_loss: 0.6216, gan_eval_loss: 0.6214
2022-07-13 07:36:03,586 DEBUG epoch:50, knn_val_accu: 63.86, contrast_loss: 8.81, contrast_acc: 41.67, gan_train_loss: 0.6198, gan_eval_loss: 0.6166
2022-07-13 07:37:31,828 DEBUG epoch:51, knn_val_accu: 63.75, contrast_loss: 8.76, contrast_acc: 42.36, gan_train_loss: 0.6204, gan_eval_loss: 0.6202
2022-07-13 07:39:00,222 DEBUG epoch:52, knn_val_accu: 63.82, contrast_loss: 8.77, contrast_acc: 41.87, gan_train_loss: 0.6244, gan_eval_loss: 0.6236
2022-07-13 07:40:28,097 DEBUG epoch:53, knn_val_accu: 63.44, contrast_loss: 8.72, contrast_acc: 42.81, gan_train_loss: 0.6212, gan_eval_loss: 0.6202
2022-07-13 07:41:56,015 DEBUG epoch:54, knn_val_accu: 63.44, contrast_loss: 8.70, contrast_acc: 42.89, gan_train_loss: 0.6213, gan_eval_loss: 0.6211
2022-07-13 07:43:23,943 DEBUG epoch:55, knn_val_accu: 64.34, contrast_loss: 8.65, contrast_acc: 43.42, gan_train_loss: 0.6213, gan_eval_loss: 0.6217
2022-07-13 07:44:51,723 DEBUG epoch:56, knn_val_accu: 64.43, contrast_loss: 8.60, contrast_acc: 44.08, gan_train_loss: 0.6211, gan_eval_loss: 0.6200
2022-07-13 07:46:18,553 DEBUG epoch:57, knn_val_accu: 63.93, contrast_loss: 8.66, contrast_acc: 42.91, gan_train_loss: 0.6266, gan_eval_loss: 0.6127
2022-07-13 07:47:44,266 DEBUG epoch:58, knn_val_accu: 64.20, contrast_loss: 8.62, contrast_acc: 43.63, gan_train_loss: 0.6383, gan_eval_loss: 0.6044
2022-07-13 07:49:08,756 DEBUG epoch:59, knn_val_accu: 63.60, contrast_loss: 8.64, contrast_acc: 41.74, gan_train_loss: 0.6492, gan_eval_loss: 0.5983
2022-07-13 07:50:33,496 DEBUG epoch:60, knn_val_accu: 64.03, contrast_loss: 8.65, contrast_acc: 42.96, gan_train_loss: 0.6464, gan_eval_loss: 0.5988
2022-07-13 07:51:58,897 DEBUG epoch:61, knn_val_accu: 64.57, contrast_loss: 8.61, contrast_acc: 43.55, gan_train_loss: 0.6097, gan_eval_loss: 0.6017
2022-07-13 07:53:24,456 DEBUG epoch:62, knn_val_accu: 64.62, contrast_loss: 8.44, contrast_acc: 45.30, gan_train_loss: 0.6017, gan_eval_loss: 0.6010
2022-07-13 07:54:50,944 DEBUG epoch:63, knn_val_accu: 65.29, contrast_loss: 8.42, contrast_acc: 45.62, gan_train_loss: 0.6040, gan_eval_loss: 0.6045
2022-07-13 07:56:17,737 DEBUG epoch:64, knn_val_accu: 65.02, contrast_loss: 8.40, contrast_acc: 45.63, gan_train_loss: 0.6087, gan_eval_loss: 0.6089
2022-07-13 07:57:44,946 DEBUG epoch:65, knn_val_accu: 65.17, contrast_loss: 8.37, contrast_acc: 46.13, gan_train_loss: 0.6106, gan_eval_loss: 0.6107
2022-07-13 07:59:12,429 DEBUG epoch:66, knn_val_accu: 65.25, contrast_loss: 8.30, contrast_acc: 46.86, gan_train_loss: 0.6130, gan_eval_loss: 0.6136
2022-07-13 08:00:40,160 DEBUG epoch:67, knn_val_accu: 65.03, contrast_loss: 8.32, contrast_acc: 46.38, gan_train_loss: 0.6137, gan_eval_loss: 0.6135
2022-07-13 08:02:07,739 DEBUG epoch:68, knn_val_accu: 65.10, contrast_loss: 8.28, contrast_acc: 46.98, gan_train_loss: 0.6147, gan_eval_loss: 0.6149
2022-07-13 08:03:34,881 DEBUG epoch:69, knn_val_accu: 64.44, contrast_loss: 8.32, contrast_acc: 46.09, gan_train_loss: 0.6151, gan_eval_loss: 0.6119
2022-07-13 08:05:01,870 DEBUG epoch:70, knn_val_accu: 65.58, contrast_loss: 8.34, contrast_acc: 45.33, gan_train_loss: 0.6158, gan_eval_loss: 0.6105
2022-07-13 08:06:28,903 DEBUG epoch:71, knn_val_accu: 65.84, contrast_loss: 8.32, contrast_acc: 46.52, gan_train_loss: 0.6142, gan_eval_loss: 0.6114
2022-07-13 08:07:54,457 DEBUG epoch:72, knn_val_accu: 65.05, contrast_loss: 8.49, contrast_acc: 42.35, gan_train_loss: 0.6214, gan_eval_loss: 0.6035
2022-07-13 08:09:20,344 DEBUG epoch:73, knn_val_accu: 65.75, contrast_loss: 8.46, contrast_acc: 43.63, gan_train_loss: 0.6198, gan_eval_loss: 0.6051
2022-07-13 08:10:47,301 DEBUG epoch:74, knn_val_accu: 64.76, contrast_loss: 8.26, contrast_acc: 47.52, gan_train_loss: 0.6121, gan_eval_loss: 0.6110
2022-07-13 08:12:14,471 DEBUG epoch:75, knn_val_accu: 65.99, contrast_loss: 8.17, contrast_acc: 48.18, gan_train_loss: 0.6126, gan_eval_loss: 0.6133
2022-07-13 08:13:41,596 DEBUG epoch:76, knn_val_accu: 65.55, contrast_loss: 8.15, contrast_acc: 48.36, gan_train_loss: 0.6153, gan_eval_loss: 0.6157
2022-07-13 08:15:08,784 DEBUG epoch:77, knn_val_accu: 65.53, contrast_loss: 8.12, contrast_acc: 48.50, gan_train_loss: 0.6133, gan_eval_loss: 0.6138
2022-07-13 08:16:35,838 DEBUG epoch:78, knn_val_accu: 65.70, contrast_loss: 8.08, contrast_acc: 48.62, gan_train_loss: 0.6139, gan_eval_loss: 0.6145
2022-07-13 08:18:03,103 DEBUG epoch:79, knn_val_accu: 66.05, contrast_loss: 8.03, contrast_acc: 49.31, gan_train_loss: 0.6106, gan_eval_loss: 0.6113
2022-07-13 08:19:30,042 DEBUG epoch:80, knn_val_accu: 65.44, contrast_loss: 7.99, contrast_acc: 49.72, gan_train_loss: 0.6116, gan_eval_loss: 0.6123
2022-07-13 08:20:57,215 DEBUG epoch:81, knn_val_accu: 66.09, contrast_loss: 8.01, contrast_acc: 49.44, gan_train_loss: 0.6107, gan_eval_loss: 0.6115
2022-07-13 08:22:24,656 DEBUG epoch:82, knn_val_accu: 66.08, contrast_loss: 7.99, contrast_acc: 49.79, gan_train_loss: 0.6136, gan_eval_loss: 0.6138
2022-07-13 08:23:51,997 DEBUG epoch:83, knn_val_accu: 66.08, contrast_loss: 7.95, contrast_acc: 50.05, gan_train_loss: 0.6119, gan_eval_loss: 0.6127
2022-07-13 08:25:19,640 DEBUG epoch:84, knn_val_accu: 66.16, contrast_loss: 7.98, contrast_acc: 49.87, gan_train_loss: 0.6136, gan_eval_loss: 0.6143
2022-07-13 08:26:46,808 DEBUG epoch:85, knn_val_accu: 66.41, contrast_loss: 7.95, contrast_acc: 50.34, gan_train_loss: 0.6115, gan_eval_loss: 0.6118
2022-07-13 08:28:14,424 DEBUG epoch:86, knn_val_accu: 66.69, contrast_loss: 7.94, contrast_acc: 50.25, gan_train_loss: 0.6123, gan_eval_loss: 0.6125
2022-07-13 08:29:41,384 DEBUG epoch:87, knn_val_accu: 65.77, contrast_loss: 7.90, contrast_acc: 50.77, gan_train_loss: 0.6117, gan_eval_loss: 0.6125
2022-07-13 08:31:08,741 DEBUG epoch:88, knn_val_accu: 66.54, contrast_loss: 7.90, contrast_acc: 50.94, gan_train_loss: 0.6125, gan_eval_loss: 0.6134
2022-07-13 08:32:36,046 DEBUG epoch:89, knn_val_accu: 66.64, contrast_loss: 7.87, contrast_acc: 50.79, gan_train_loss: 0.6123, gan_eval_loss: 0.6132
2022-07-13 08:34:03,409 DEBUG epoch:90, knn_val_accu: 66.56, contrast_loss: 7.85, contrast_acc: 51.33, gan_train_loss: 0.6124, gan_eval_loss: 0.6135
2022-07-13 08:35:30,672 DEBUG epoch:91, knn_val_accu: 67.00, contrast_loss: 7.83, contrast_acc: 51.52, gan_train_loss: 0.6135, gan_eval_loss: 0.6145
2022-07-13 08:36:57,873 DEBUG epoch:92, knn_val_accu: 66.24, contrast_loss: 7.83, contrast_acc: 51.31, gan_train_loss: 0.6147, gan_eval_loss: 0.6132
2022-07-13 08:38:22,185 DEBUG epoch:93, knn_val_accu: 66.59, contrast_loss: 8.33, contrast_acc: 41.51, gan_train_loss: 0.6184, gan_eval_loss: 0.5958
2022-07-13 08:39:47,170 DEBUG epoch:94, knn_val_accu: 66.94, contrast_loss: 8.01, contrast_acc: 47.97, gan_train_loss: 0.6251, gan_eval_loss: 0.5986
2022-07-13 08:41:12,427 DEBUG epoch:95, knn_val_accu: 67.07, contrast_loss: 7.91, contrast_acc: 49.19, gan_train_loss: 0.6138, gan_eval_loss: 0.6010
2022-07-13 08:42:37,965 DEBUG epoch:96, knn_val_accu: 67.05, contrast_loss: 7.74, contrast_acc: 52.19, gan_train_loss: 0.6072, gan_eval_loss: 0.6037
2022-07-13 08:44:04,559 DEBUG epoch:97, knn_val_accu: 66.18, contrast_loss: 7.78, contrast_acc: 51.19, gan_train_loss: 0.6124, gan_eval_loss: 0.6089
2022-07-13 08:45:30,654 DEBUG epoch:98, knn_val_accu: 67.03, contrast_loss: 7.87, contrast_acc: 49.85, gan_train_loss: 0.6169, gan_eval_loss: 0.6074
2022-07-13 08:46:57,604 DEBUG epoch:99, knn_val_accu: 67.39, contrast_loss: 7.68, contrast_acc: 52.68, gan_train_loss: 0.6119, gan_eval_loss: 0.6099
2022-07-13 08:48:23,287 DEBUG epoch:100, knn_val_accu: 66.68, contrast_loss: 8.05, contrast_acc: 46.31, gan_train_loss: 0.6200, gan_eval_loss: 0.6011
2022-07-13 08:49:48,714 DEBUG epoch:101, knn_val_accu: 66.91, contrast_loss: 7.95, contrast_acc: 48.30, gan_train_loss: 0.6273, gan_eval_loss: 0.6002
2022-07-13 08:51:13,295 DEBUG epoch:102, knn_val_accu: 67.22, contrast_loss: 7.99, contrast_acc: 47.89, gan_train_loss: 0.6452, gan_eval_loss: 0.5942
2022-07-13 08:52:38,275 DEBUG epoch:103, knn_val_accu: 66.76, contrast_loss: 8.09, contrast_acc: 44.84, gan_train_loss: 0.6305, gan_eval_loss: 0.5981
2022-07-13 08:54:03,691 DEBUG epoch:104, knn_val_accu: 67.67, contrast_loss: 7.89, contrast_acc: 49.50, gan_train_loss: 0.6194, gan_eval_loss: 0.6009
2022-07-13 08:55:29,160 DEBUG epoch:105, knn_val_accu: 67.23, contrast_loss: 7.85, contrast_acc: 50.18, gan_train_loss: 0.6427, gan_eval_loss: 0.5991
2022-07-13 08:56:54,125 DEBUG epoch:106, knn_val_accu: 67.24, contrast_loss: 7.75, contrast_acc: 51.45, gan_train_loss: 0.6422, gan_eval_loss: 0.6003
2022-07-13 08:58:19,552 DEBUG epoch:107, knn_val_accu: 67.25, contrast_loss: 7.84, contrast_acc: 50.40, gan_train_loss: 0.6328, gan_eval_loss: 0.6021
2022-07-13 08:59:44,935 DEBUG epoch:108, knn_val_accu: 67.41, contrast_loss: 7.71, contrast_acc: 52.55, gan_train_loss: 0.6331, gan_eval_loss: 0.6031
2022-07-13 09:01:10,331 DEBUG epoch:109, knn_val_accu: 67.90, contrast_loss: 7.72, contrast_acc: 52.16, gan_train_loss: 0.6372, gan_eval_loss: 0.6012
2022-07-13 09:02:35,704 DEBUG epoch:110, knn_val_accu: 67.30, contrast_loss: 7.89, contrast_acc: 48.90, gan_train_loss: 0.6318, gan_eval_loss: 0.6025
2022-07-13 09:04:00,240 DEBUG epoch:111, knn_val_accu: 67.15, contrast_loss: 7.95, contrast_acc: 46.43, gan_train_loss: 0.6391, gan_eval_loss: 0.5980
2022-07-13 09:05:25,120 DEBUG epoch:112, knn_val_accu: 67.45, contrast_loss: 7.71, contrast_acc: 52.20, gan_train_loss: 0.6471, gan_eval_loss: 0.5974
2022-07-13 09:06:49,866 DEBUG epoch:113, knn_val_accu: 67.43, contrast_loss: 7.72, contrast_acc: 51.76, gan_train_loss: 0.6444, gan_eval_loss: 0.5979
2022-07-13 09:08:13,516 DEBUG epoch:114, knn_val_accu: 67.96, contrast_loss: 7.87, contrast_acc: 50.69, gan_train_loss: 0.6673, gan_eval_loss: 0.5879
2022-07-13 09:09:37,848 DEBUG epoch:115, knn_val_accu: 67.35, contrast_loss: 7.72, contrast_acc: 53.05, gan_train_loss: 0.6462, gan_eval_loss: 0.5946
2022-07-13 09:11:01,259 DEBUG epoch:116, knn_val_accu: 66.06, contrast_loss: 8.78, contrast_acc: 31.57, gan_train_loss: 0.6514, gan_eval_loss: 0.5906
2022-07-13 09:12:26,009 DEBUG epoch:117, knn_val_accu: 67.21, contrast_loss: 7.85, contrast_acc: 51.62, gan_train_loss: 0.6470, gan_eval_loss: 0.5973
2022-07-13 09:13:50,948 DEBUG epoch:118, knn_val_accu: 67.89, contrast_loss: 7.98, contrast_acc: 50.17, gan_train_loss: 0.6555, gan_eval_loss: 0.5969
2022-07-13 09:15:15,876 DEBUG epoch:119, knn_val_accu: 67.04, contrast_loss: 7.97, contrast_acc: 50.13, gan_train_loss: 0.6509, gan_eval_loss: 0.5974
2022-07-13 09:16:40,224 DEBUG epoch:120, knn_val_accu: 66.90, contrast_loss: 7.69, contrast_acc: 52.95, gan_train_loss: 0.6534, gan_eval_loss: 0.5950
2022-07-13 09:18:03,784 DEBUG epoch:121, knn_val_accu: 67.32, contrast_loss: 7.59, contrast_acc: 54.31, gan_train_loss: 0.6136, gan_eval_loss: 0.5900
2022-07-13 09:19:27,977 DEBUG epoch:122, knn_val_accu: 67.40, contrast_loss: 7.58, contrast_acc: 53.87, gan_train_loss: 0.6150, gan_eval_loss: 0.5941
2022-07-13 09:20:51,668 DEBUG epoch:123, knn_val_accu: 68.44, contrast_loss: 7.49, contrast_acc: 55.03, gan_train_loss: 0.6070, gan_eval_loss: 0.5890
2022-07-13 09:22:15,269 DEBUG epoch:124, knn_val_accu: 68.16, contrast_loss: 7.40, contrast_acc: 55.67, gan_train_loss: 0.5973, gan_eval_loss: 0.5935
2022-07-13 09:23:39,569 DEBUG epoch:125, knn_val_accu: 68.54, contrast_loss: 7.34, contrast_acc: 56.08, gan_train_loss: 0.5967, gan_eval_loss: 0.5957
2022-07-13 09:25:04,326 DEBUG epoch:126, knn_val_accu: 68.43, contrast_loss: 7.28, contrast_acc: 56.73, gan_train_loss: 0.6007, gan_eval_loss: 0.5993
2022-07-13 09:26:29,506 DEBUG epoch:127, knn_val_accu: 68.24, contrast_loss: 7.26, contrast_acc: 56.97, gan_train_loss: 0.5996, gan_eval_loss: 0.5994
2022-07-13 09:27:54,127 DEBUG epoch:128, knn_val_accu: 68.53, contrast_loss: 7.25, contrast_acc: 56.80, gan_train_loss: 0.5985, gan_eval_loss: 0.5983
2022-07-13 09:29:18,350 DEBUG epoch:129, knn_val_accu: 68.67, contrast_loss: 7.22, contrast_acc: 57.41, gan_train_loss: 0.5948, gan_eval_loss: 0.5948
2022-07-13 09:30:42,828 DEBUG epoch:130, knn_val_accu: 68.45, contrast_loss: 7.20, contrast_acc: 57.38, gan_train_loss: 0.5973, gan_eval_loss: 0.5975
2022-07-13 09:32:07,533 DEBUG epoch:131, knn_val_accu: 68.55, contrast_loss: 7.17, contrast_acc: 57.92, gan_train_loss: 0.5993, gan_eval_loss: 0.5995
2022-07-13 09:33:32,196 DEBUG epoch:132, knn_val_accu: 68.57, contrast_loss: 7.15, contrast_acc: 58.11, gan_train_loss: 0.5992, gan_eval_loss: 0.5997
2022-07-13 09:34:57,170 DEBUG epoch:133, knn_val_accu: 68.92, contrast_loss: 7.11, contrast_acc: 57.96, gan_train_loss: 0.5986, gan_eval_loss: 0.5991
2022-07-13 09:36:21,953 DEBUG epoch:134, knn_val_accu: 68.68, contrast_loss: 7.11, contrast_acc: 58.03, gan_train_loss: 0.5990, gan_eval_loss: 0.5993
2022-07-13 09:37:46,655 DEBUG epoch:135, knn_val_accu: 68.74, contrast_loss: 7.08, contrast_acc: 58.62, gan_train_loss: 0.6002, gan_eval_loss: 0.6006
2022-07-13 09:39:12,106 DEBUG epoch:136, knn_val_accu: 68.94, contrast_loss: 7.10, contrast_acc: 58.13, gan_train_loss: 0.5999, gan_eval_loss: 0.6004
2022-07-13 09:40:37,600 DEBUG epoch:137, knn_val_accu: 68.93, contrast_loss: 7.04, contrast_acc: 58.93, gan_train_loss: 0.6003, gan_eval_loss: 0.6006
2022-07-13 09:42:03,265 DEBUG epoch:138, knn_val_accu: 68.81, contrast_loss: 7.06, contrast_acc: 58.79, gan_train_loss: 0.6023, gan_eval_loss: 0.6026
2022-07-13 09:43:28,989 DEBUG epoch:139, knn_val_accu: 68.90, contrast_loss: 7.02, contrast_acc: 58.91, gan_train_loss: 0.6015, gan_eval_loss: 0.6020
2022-07-13 09:44:54,415 DEBUG epoch:140, knn_val_accu: 68.78, contrast_loss: 7.01, contrast_acc: 58.83, gan_train_loss: 0.6005, gan_eval_loss: 0.6010
2022-07-13 09:46:20,256 DEBUG epoch:141, knn_val_accu: 68.66, contrast_loss: 7.00, contrast_acc: 59.30, gan_train_loss: 0.6035, gan_eval_loss: 0.6040
2022-07-13 09:47:46,353 DEBUG epoch:142, knn_val_accu: 69.15, contrast_loss: 6.99, contrast_acc: 59.23, gan_train_loss: 0.6036, gan_eval_loss: 0.6039
2022-07-13 09:49:11,918 DEBUG epoch:143, knn_val_accu: 69.31, contrast_loss: 6.95, contrast_acc: 59.67, gan_train_loss: 0.6032, gan_eval_loss: 0.6036
2022-07-13 09:50:37,951 DEBUG epoch:144, knn_val_accu: 68.84, contrast_loss: 6.98, contrast_acc: 59.39, gan_train_loss: 0.6042, gan_eval_loss: 0.6048
2022-07-13 09:52:03,880 DEBUG epoch:145, knn_val_accu: 69.21, contrast_loss: 6.96, contrast_acc: 59.54, gan_train_loss: 0.6059, gan_eval_loss: 0.6064
2022-07-13 09:53:30,354 DEBUG epoch:146, knn_val_accu: 69.14, contrast_loss: 6.94, contrast_acc: 59.72, gan_train_loss: 0.6055, gan_eval_loss: 0.6061
2022-07-13 09:54:56,462 DEBUG epoch:147, knn_val_accu: 68.92, contrast_loss: 6.93, contrast_acc: 59.95, gan_train_loss: 0.6047, gan_eval_loss: 0.6053
2022-07-13 09:56:22,821 DEBUG epoch:148, knn_val_accu: 69.08, contrast_loss: 6.90, contrast_acc: 60.41, gan_train_loss: 0.6049, gan_eval_loss: 0.6053
2022-07-13 09:57:48,689 DEBUG epoch:149, knn_val_accu: 69.17, contrast_loss: 6.92, contrast_acc: 60.18, gan_train_loss: 0.6045, gan_eval_loss: 0.6051
2022-07-13 09:59:14,516 DEBUG epoch:150, knn_val_accu: 69.19, contrast_loss: 6.89, contrast_acc: 60.50, gan_train_loss: 0.6034, gan_eval_loss: 0.6038
2022-07-13 10:00:40,108 DEBUG epoch:151, knn_val_accu: 69.48, contrast_loss: 6.87, contrast_acc: 60.28, gan_train_loss: 0.6013, gan_eval_loss: 0.6017
2022-07-13 10:02:05,399 DEBUG epoch:152, knn_val_accu: 69.34, contrast_loss: 6.88, contrast_acc: 60.36, gan_train_loss: 0.6015, gan_eval_loss: 0.6020
2022-07-13 10:03:31,145 DEBUG epoch:153, knn_val_accu: 69.54, contrast_loss: 6.80, contrast_acc: 60.97, gan_train_loss: 0.6033, gan_eval_loss: 0.6036
2022-07-13 10:04:57,127 DEBUG epoch:154, knn_val_accu: 69.21, contrast_loss: 6.81, contrast_acc: 61.02, gan_train_loss: 0.6037, gan_eval_loss: 0.6042
2022-07-13 10:06:23,228 DEBUG epoch:155, knn_val_accu: 69.27, contrast_loss: 6.77, contrast_acc: 61.38, gan_train_loss: 0.6043, gan_eval_loss: 0.6047
2022-07-13 10:07:49,214 DEBUG epoch:156, knn_val_accu: 69.46, contrast_loss: 6.79, contrast_acc: 61.27, gan_train_loss: 0.6041, gan_eval_loss: 0.6046
2022-07-13 10:09:15,459 DEBUG epoch:157, knn_val_accu: 69.57, contrast_loss: 6.76, contrast_acc: 61.39, gan_train_loss: 0.6042, gan_eval_loss: 0.6046
2022-07-13 10:10:41,535 DEBUG epoch:158, knn_val_accu: 69.89, contrast_loss: 6.78, contrast_acc: 61.22, gan_train_loss: 0.6051, gan_eval_loss: 0.6055
2022-07-13 10:12:07,746 DEBUG epoch:159, knn_val_accu: 69.40, contrast_loss: 6.77, contrast_acc: 61.37, gan_train_loss: 0.6059, gan_eval_loss: 0.6060
2022-07-13 10:13:34,171 DEBUG epoch:160, knn_val_accu: 70.03, contrast_loss: 6.75, contrast_acc: 61.55, gan_train_loss: 0.6055, gan_eval_loss: 0.6058
2022-07-13 10:14:59,885 DEBUG epoch:161, knn_val_accu: 69.68, contrast_loss: 6.73, contrast_acc: 61.70, gan_train_loss: 0.6019, gan_eval_loss: 0.6023
2022-07-13 10:16:25,395 DEBUG epoch:162, knn_val_accu: 69.91, contrast_loss: 6.71, contrast_acc: 61.68, gan_train_loss: 0.6008, gan_eval_loss: 0.6012
2022-07-13 10:17:50,816 DEBUG epoch:163, knn_val_accu: 69.52, contrast_loss: 6.68, contrast_acc: 61.98, gan_train_loss: 0.6003, gan_eval_loss: 0.6005
2022-07-13 10:19:16,063 DEBUG epoch:164, knn_val_accu: 69.84, contrast_loss: 6.67, contrast_acc: 62.40, gan_train_loss: 0.6000, gan_eval_loss: 0.6003
2022-07-13 10:20:41,117 DEBUG epoch:165, knn_val_accu: 69.45, contrast_loss: 6.66, contrast_acc: 62.31, gan_train_loss: 0.5982, gan_eval_loss: 0.5986
2022-07-13 10:22:06,079 DEBUG epoch:166, knn_val_accu: 69.79, contrast_loss: 6.64, contrast_acc: 62.65, gan_train_loss: 0.5994, gan_eval_loss: 0.5997
2022-07-13 10:23:31,095 DEBUG epoch:167, knn_val_accu: 70.04, contrast_loss: 6.64, contrast_acc: 62.21, gan_train_loss: 0.5983, gan_eval_loss: 0.5986
2022-07-13 10:24:55,521 DEBUG epoch:168, knn_val_accu: 69.84, contrast_loss: 6.60, contrast_acc: 62.91, gan_train_loss: 0.5971, gan_eval_loss: 0.5975
2022-07-13 10:26:20,183 DEBUG epoch:169, knn_val_accu: 69.57, contrast_loss: 6.64, contrast_acc: 62.64, gan_train_loss: 0.5976, gan_eval_loss: 0.5978
2022-07-13 10:27:44,901 DEBUG epoch:170, knn_val_accu: 70.04, contrast_loss: 6.57, contrast_acc: 63.01, gan_train_loss: 0.5983, gan_eval_loss: 0.5986
2022-07-13 10:29:09,703 DEBUG epoch:171, knn_val_accu: 70.07, contrast_loss: 6.59, contrast_acc: 62.94, gan_train_loss: 0.5975, gan_eval_loss: 0.5978
2022-07-13 10:30:34,435 DEBUG epoch:172, knn_val_accu: 70.13, contrast_loss: 6.51, contrast_acc: 63.77, gan_train_loss: 0.5973, gan_eval_loss: 0.5975
2022-07-13 10:31:59,097 DEBUG epoch:173, knn_val_accu: 69.79, contrast_loss: 6.52, contrast_acc: 63.29, gan_train_loss: 0.5984, gan_eval_loss: 0.5986
2022-07-13 10:33:23,844 DEBUG epoch:174, knn_val_accu: 70.04, contrast_loss: 6.52, contrast_acc: 63.36, gan_train_loss: 0.5981, gan_eval_loss: 0.5985
2022-07-13 10:34:48,441 DEBUG epoch:175, knn_val_accu: 70.09, contrast_loss: 6.52, contrast_acc: 63.53, gan_train_loss: 0.5986, gan_eval_loss: 0.5989
2022-07-13 10:36:13,321 DEBUG epoch:176, knn_val_accu: 70.00, contrast_loss: 6.53, contrast_acc: 63.49, gan_train_loss: 0.5989, gan_eval_loss: 0.5992
2022-07-13 10:37:38,141 DEBUG epoch:177, knn_val_accu: 69.86, contrast_loss: 6.49, contrast_acc: 63.87, gan_train_loss: 0.5983, gan_eval_loss: 0.5987
2022-07-13 10:39:02,871 DEBUG epoch:178, knn_val_accu: 70.03, contrast_loss: 6.49, contrast_acc: 63.82, gan_train_loss: 0.5986, gan_eval_loss: 0.5990
2022-07-13 10:40:27,898 DEBUG epoch:179, knn_val_accu: 70.03, contrast_loss: 6.47, contrast_acc: 64.17, gan_train_loss: 0.5987, gan_eval_loss: 0.5990
2022-07-13 10:41:52,731 DEBUG epoch:180, knn_val_accu: 70.21, contrast_loss: 6.48, contrast_acc: 64.16, gan_train_loss: 0.5985, gan_eval_loss: 0.5989
2022-07-13 10:43:17,579 DEBUG epoch:181, knn_val_accu: 70.09, contrast_loss: 6.48, contrast_acc: 64.10, gan_train_loss: 0.5994, gan_eval_loss: 0.5997
2022-07-13 10:44:42,905 DEBUG epoch:182, knn_val_accu: 70.07, contrast_loss: 6.45, contrast_acc: 64.30, gan_train_loss: 0.5996, gan_eval_loss: 0.6000
2022-07-13 10:46:08,229 DEBUG epoch:183, knn_val_accu: 69.87, contrast_loss: 6.46, contrast_acc: 64.32, gan_train_loss: 0.5996, gan_eval_loss: 0.6000
2022-07-13 10:47:33,598 DEBUG epoch:184, knn_val_accu: 69.92, contrast_loss: 6.46, contrast_acc: 64.21, gan_train_loss: 0.5998, gan_eval_loss: 0.6000
2022-07-13 10:48:58,845 DEBUG epoch:185, knn_val_accu: 70.00, contrast_loss: 6.42, contrast_acc: 64.48, gan_train_loss: 0.5994, gan_eval_loss: 0.5999
2022-07-13 10:50:24,380 DEBUG epoch:186, knn_val_accu: 70.24, contrast_loss: 6.44, contrast_acc: 64.34, gan_train_loss: 0.5998, gan_eval_loss: 0.6003
2022-07-13 10:51:49,754 DEBUG epoch:187, knn_val_accu: 70.10, contrast_loss: 6.40, contrast_acc: 64.79, gan_train_loss: 0.6009, gan_eval_loss: 0.6014
2022-07-13 10:53:14,840 DEBUG epoch:188, knn_val_accu: 70.06, contrast_loss: 6.44, contrast_acc: 64.30, gan_train_loss: 0.6011, gan_eval_loss: 0.6015
2022-07-13 10:54:40,126 DEBUG epoch:189, knn_val_accu: 70.02, contrast_loss: 6.42, contrast_acc: 64.51, gan_train_loss: 0.6001, gan_eval_loss: 0.6006
2022-07-13 10:56:05,619 DEBUG epoch:190, knn_val_accu: 70.06, contrast_loss: 6.44, contrast_acc: 64.42, gan_train_loss: 0.6014, gan_eval_loss: 0.6018
2022-07-13 10:57:31,305 DEBUG epoch:191, knn_val_accu: 70.00, contrast_loss: 6.44, contrast_acc: 64.33, gan_train_loss: 0.6020, gan_eval_loss: 0.6025
2022-07-13 10:58:57,103 DEBUG epoch:192, knn_val_accu: 70.05, contrast_loss: 6.39, contrast_acc: 64.88, gan_train_loss: 0.6023, gan_eval_loss: 0.6028
2022-07-13 11:00:22,541 DEBUG epoch:193, knn_val_accu: 70.11, contrast_loss: 6.42, contrast_acc: 64.37, gan_train_loss: 0.6022, gan_eval_loss: 0.6027
2022-07-13 11:01:48,650 DEBUG epoch:194, knn_val_accu: 70.04, contrast_loss: 6.42, contrast_acc: 64.72, gan_train_loss: 0.6050, gan_eval_loss: 0.6056
2022-07-13 11:03:14,572 DEBUG epoch:195, knn_val_accu: 69.90, contrast_loss: 6.41, contrast_acc: 64.53, gan_train_loss: 0.6044, gan_eval_loss: 0.6050
2022-07-13 11:04:40,532 DEBUG epoch:196, knn_val_accu: 69.98, contrast_loss: 6.39, contrast_acc: 64.68, gan_train_loss: 0.6040, gan_eval_loss: 0.6046
2022-07-13 11:06:07,150 DEBUG epoch:197, knn_val_accu: 69.97, contrast_loss: 6.38, contrast_acc: 65.20, gan_train_loss: 0.6058, gan_eval_loss: 0.6065
2022-07-13 11:07:33,383 DEBUG epoch:198, knn_val_accu: 69.99, contrast_loss: 6.42, contrast_acc: 64.30, gan_train_loss: 0.6061, gan_eval_loss: 0.6067
2022-07-13 11:09:00,020 DEBUG epoch:199, knn_val_accu: 69.98, contrast_loss: 6.36, contrast_acc: 65.05, gan_train_loss: 0.6081, gan_eval_loss: 0.6087
2022-07-13 11:10:26,838 DEBUG epoch:200, knn_val_accu: 69.98, contrast_loss: 6.43, contrast_acc: 64.47, gan_train_loss: 0.6089, gan_eval_loss: 0.6096
2022-07-13 11:10:36,349 DEBUG final knn evaluation accuracy is 70.24
2022-07-13 11:26:27,893 DEBUG final linear-probe evaluation accuracy is 72.81
2022-07-13 11:31:56,845 DEBUG final semi-supervised evaluation accuracy with 10% data is 70.74
2022-07-13 11:36:24,240 DEBUG final semi-supervised evaluation accuracy with 1% data is 61.41
2022-07-13 11:36:33,722 DEBUG final knn evaluation accuracy is 70.24
