2022-07-10 17:58:06,367 DEBUG Generating IR ...... (may take a while)
2022-07-10 17:58:09,115 DEBUG epoch [1/50], train_loss 0.0555 (0.0706), val_loss 0.0681 (0.0613)
2022-07-10 17:58:10,609 DEBUG epoch [2/50], train_loss 0.1040 (0.0653), val_loss 0.0630 (0.0591)
2022-07-10 17:58:11,291 DEBUG epoch [3/50], train_loss 0.0543 (0.0630), val_loss 0.0598 (0.0580)
2022-07-10 17:58:11,977 DEBUG epoch [4/50], train_loss 0.0870 (0.0615), val_loss 0.0633 (0.0573)
2022-07-10 17:58:12,618 DEBUG epoch [5/50], train_loss 0.1186 (0.0607), val_loss 0.0635 (0.0572)
2022-07-10 17:58:13,199 DEBUG epoch [6/50], train_loss 0.0674 (0.0600), val_loss 0.0617 (0.0567)
2022-07-10 17:58:13,732 DEBUG epoch [7/50], train_loss 0.1538 (0.0595), val_loss 0.0652 (0.0564)
2022-07-10 17:58:14,272 DEBUG epoch [8/50], train_loss 0.0956 (0.0591), val_loss 0.0578 (0.0562)
2022-07-10 17:58:14,827 DEBUG epoch [9/50], train_loss 0.0705 (0.0588), val_loss 0.0514 (0.0560)
2022-07-10 17:58:15,362 DEBUG epoch [10/50], train_loss 0.0599 (0.0584), val_loss 0.0502 (0.0558)
2022-07-10 17:58:15,918 DEBUG epoch [11/50], train_loss 0.0697 (0.0581), val_loss 0.0471 (0.0556)
2022-07-10 17:58:16,450 DEBUG epoch [12/50], train_loss 0.0374 (0.0578), val_loss 0.0534 (0.0555)
2022-07-10 17:58:16,988 DEBUG epoch [13/50], train_loss 0.0693 (0.0576), val_loss 0.0544 (0.0553)
2022-07-10 17:58:17,543 DEBUG epoch [14/50], train_loss 0.0970 (0.0573), val_loss 0.0562 (0.0553)
2022-07-10 17:58:18,079 DEBUG epoch [15/50], train_loss 0.0822 (0.0573), val_loss 0.0521 (0.0552)
2022-07-10 17:58:18,609 DEBUG epoch [16/50], train_loss 0.1407 (0.0571), val_loss 0.0519 (0.0552)
2022-07-10 17:58:19,228 DEBUG epoch [17/50], train_loss 0.0429 (0.0570), val_loss 0.0528 (0.0552)
2022-07-10 17:58:19,871 DEBUG epoch [18/50], train_loss 0.1108 (0.0568), val_loss 0.0537 (0.0551)
2022-07-10 17:58:20,475 DEBUG epoch [19/50], train_loss 0.0712 (0.0566), val_loss 0.0580 (0.0550)
2022-07-10 17:58:21,012 DEBUG epoch [20/50], train_loss 0.0527 (0.0564), val_loss 0.0518 (0.0550)
2022-07-10 17:58:21,550 DEBUG epoch [21/50], train_loss 0.0740 (0.0563), val_loss 0.0539 (0.0549)
2022-07-10 17:58:22,107 DEBUG epoch [22/50], train_loss 0.0366 (0.0561), val_loss 0.0565 (0.0549)
2022-07-10 17:58:22,645 DEBUG epoch [23/50], train_loss 0.0816 (0.0559), val_loss 0.0551 (0.0550)
2022-07-10 17:58:23,179 DEBUG epoch [24/50], train_loss 0.0561 (0.0557), val_loss 0.0482 (0.0549)
2022-07-10 17:58:23,721 DEBUG epoch [25/50], train_loss 0.0433 (0.0556), val_loss 0.0605 (0.0549)
2022-07-10 17:58:24,331 DEBUG epoch [26/50], train_loss 0.1250 (0.0554), val_loss 0.0610 (0.0549)
2022-07-10 17:58:24,898 DEBUG epoch [27/50], train_loss 0.0446 (0.0552), val_loss 0.0502 (0.0547)
2022-07-10 17:58:25,456 DEBUG epoch [28/50], train_loss 0.0620 (0.0551), val_loss 0.0597 (0.0548)
2022-07-10 17:58:26,008 DEBUG epoch [29/50], train_loss 0.0377 (0.0550), val_loss 0.0622 (0.0548)
2022-07-10 17:58:26,567 DEBUG epoch [30/50], train_loss 0.0769 (0.0549), val_loss 0.0470 (0.0548)
2022-07-10 17:58:27,114 DEBUG epoch [31/50], train_loss 0.0623 (0.0548), val_loss 0.0536 (0.0547)
2022-07-10 17:58:27,671 DEBUG epoch [32/50], train_loss 0.0356 (0.0546), val_loss 0.0639 (0.0547)
2022-07-10 17:58:28,219 DEBUG epoch [33/50], train_loss 0.0762 (0.0544), val_loss 0.0633 (0.0547)
2022-07-10 17:58:28,778 DEBUG epoch [34/50], train_loss 0.0449 (0.0543), val_loss 0.0575 (0.0547)
2022-07-10 17:58:29,384 DEBUG epoch [35/50], train_loss 0.0761 (0.0541), val_loss 0.0597 (0.0546)
2022-07-10 17:58:29,986 DEBUG epoch [36/50], train_loss 0.0386 (0.0540), val_loss 0.0664 (0.0546)
2022-07-10 17:58:30,541 DEBUG epoch [37/50], train_loss 0.1167 (0.0538), val_loss 0.0565 (0.0546)
2022-07-10 17:58:31,088 DEBUG epoch [38/50], train_loss 0.0628 (0.0535), val_loss 0.0535 (0.0546)
2022-07-10 17:58:31,660 DEBUG epoch [39/50], train_loss 0.0412 (0.0533), val_loss 0.0562 (0.0546)
2022-07-10 17:58:32,221 DEBUG epoch [40/50], train_loss 0.0931 (0.0531), val_loss 0.0566 (0.0546)
2022-07-10 17:58:32,793 DEBUG epoch [41/50], train_loss 0.0225 (0.0529), val_loss 0.0614 (0.0545)
2022-07-10 17:58:33,371 DEBUG epoch [42/50], train_loss 0.0367 (0.0526), val_loss 0.0568 (0.0545)
2022-07-10 17:58:33,984 DEBUG epoch [43/50], train_loss 0.0616 (0.0524), val_loss 0.0604 (0.0546)
2022-07-10 17:58:34,564 DEBUG epoch [44/50], train_loss 0.0935 (0.0522), val_loss 0.0575 (0.0545)
2022-07-10 17:58:35,189 DEBUG epoch [45/50], train_loss 0.0575 (0.0520), val_loss 0.0395 (0.0544)
2022-07-10 17:58:35,818 DEBUG epoch [46/50], train_loss 0.0194 (0.0518), val_loss 0.0454 (0.0543)
2022-07-10 17:58:36,439 DEBUG epoch [47/50], train_loss 0.0288 (0.0515), val_loss 0.0539 (0.0543)
2022-07-10 17:58:38,137 DEBUG epoch [48/50], train_loss 0.1183 (0.0513), val_loss 0.0510 (0.0541)
2022-07-10 17:58:38,786 DEBUG epoch [49/50], train_loss 0.1025 (0.0512), val_loss 0.0590 (0.0541)
2022-07-10 17:58:39,324 DEBUG epoch [50/50], train_loss 0.0745 (0.0510), val_loss 0.0682 (0.0541)
2022-07-10 17:58:39,324 DEBUG Using MIA arch res_normN4C64 Best Validation Loss is 0.03945452347397804
2022-07-10 17:58:40,026 DEBUG MSE Loss on ALL Image is 0.0373 (Real Attack Results on the Target Client)
2022-07-10 17:58:40,026 DEBUG SSIM Loss on ALL Image is 0.4661 (Real Attack Results on the Target Client)
2022-07-10 17:58:40,026 DEBUG PSNR Loss on ALL Image is 15.1025 (Real Attack Results on the Target Client)
2022-07-10 19:41:38,134 DEBUG Generating IR ...... (may take a while)
2022-07-10 19:41:42,607 DEBUG epoch [1/50], train_loss 0.0566 (0.0707), val_loss 0.0831 (0.0699)
2022-07-10 19:41:44,030 DEBUG epoch [2/50], train_loss 0.0690 (0.0652), val_loss 0.0664 (0.0687)
2022-07-10 19:41:45,383 DEBUG epoch [3/50], train_loss 0.1018 (0.0632), val_loss 0.0708 (0.0682)
2022-07-10 19:41:46,550 DEBUG epoch [4/50], train_loss 0.0878 (0.0620), val_loss 0.0799 (0.0677)
2022-07-10 19:41:47,823 DEBUG epoch [5/50], train_loss 0.0457 (0.0612), val_loss 0.0617 (0.0676)
2022-07-10 19:41:49,042 DEBUG epoch [6/50], train_loss 0.0350 (0.0605), val_loss 0.0817 (0.0675)
2022-07-10 19:41:50,252 DEBUG epoch [7/50], train_loss 0.0645 (0.0598), val_loss 0.0545 (0.0672)
2022-07-10 19:41:51,407 DEBUG epoch [8/50], train_loss 0.0442 (0.0596), val_loss 0.0567 (0.0669)
2022-07-10 19:41:52,695 DEBUG epoch [9/50], train_loss 0.0584 (0.0593), val_loss 0.0556 (0.0666)
2022-07-10 19:41:53,971 DEBUG epoch [10/50], train_loss 0.0764 (0.0590), val_loss 0.0767 (0.0663)
2022-07-10 19:41:55,281 DEBUG epoch [11/50], train_loss 0.0660 (0.0587), val_loss 0.0624 (0.0662)
2022-07-10 19:41:56,577 DEBUG epoch [12/50], train_loss 0.0432 (0.0584), val_loss 0.0707 (0.0660)
2022-07-10 19:41:57,826 DEBUG epoch [13/50], train_loss 0.0707 (0.0581), val_loss 0.0652 (0.0659)
2022-07-10 19:41:59,106 DEBUG epoch [14/50], train_loss 0.0348 (0.0579), val_loss 0.0611 (0.0658)
2022-07-10 19:42:00,172 DEBUG epoch [15/50], train_loss 0.0503 (0.0576), val_loss 0.0753 (0.0659)
2022-07-10 19:42:01,312 DEBUG epoch [16/50], train_loss 0.0608 (0.0574), val_loss 0.0609 (0.0658)
2022-07-10 19:42:02,451 DEBUG epoch [17/50], train_loss 0.0716 (0.0573), val_loss 0.0713 (0.0657)
2022-07-10 19:42:03,645 DEBUG epoch [18/50], train_loss 0.0674 (0.0571), val_loss 0.0562 (0.0658)
2022-07-10 19:42:04,940 DEBUG epoch [19/50], train_loss 0.0482 (0.0570), val_loss 0.0610 (0.0658)
2022-07-10 19:42:06,156 DEBUG epoch [20/50], train_loss 0.0533 (0.0568), val_loss 0.0474 (0.0655)
2022-07-10 19:42:07,405 DEBUG epoch [21/50], train_loss 0.0469 (0.0566), val_loss 0.0777 (0.0654)
2022-07-10 19:42:08,592 DEBUG epoch [22/50], train_loss 0.1117 (0.0564), val_loss 0.0605 (0.0653)
2022-07-10 19:42:09,888 DEBUG epoch [23/50], train_loss 0.0358 (0.0563), val_loss 0.0759 (0.0652)
2022-07-10 19:42:11,087 DEBUG epoch [24/50], train_loss 0.0995 (0.0562), val_loss 0.0575 (0.0653)
2022-07-10 19:42:12,186 DEBUG epoch [25/50], train_loss 0.0593 (0.0561), val_loss 0.0668 (0.0653)
2022-07-10 19:42:13,479 DEBUG epoch [26/50], train_loss 0.1058 (0.0560), val_loss 0.0693 (0.0653)
2022-07-10 19:42:14,701 DEBUG epoch [27/50], train_loss 0.0606 (0.0559), val_loss 0.0695 (0.0653)
2022-07-10 19:42:15,843 DEBUG epoch [28/50], train_loss 0.1198 (0.0558), val_loss 0.0705 (0.0652)
2022-07-10 19:42:17,018 DEBUG epoch [29/50], train_loss 0.0450 (0.0558), val_loss 0.0638 (0.0651)
2022-07-10 19:42:18,276 DEBUG epoch [30/50], train_loss 0.0399 (0.0557), val_loss 0.0608 (0.0651)
2022-07-10 19:42:19,542 DEBUG epoch [31/50], train_loss 0.0353 (0.0556), val_loss 0.0632 (0.0651)
2022-07-10 19:42:20,793 DEBUG epoch [32/50], train_loss 0.0577 (0.0555), val_loss 0.0684 (0.0651)
2022-07-10 19:42:22,016 DEBUG epoch [33/50], train_loss 0.0618 (0.0554), val_loss 0.0711 (0.0650)
2022-07-10 19:42:23,307 DEBUG epoch [34/50], train_loss 0.0484 (0.0552), val_loss 0.0532 (0.0649)
2022-07-10 19:42:24,404 DEBUG epoch [35/50], train_loss 0.0924 (0.0552), val_loss 0.0644 (0.0648)
2022-07-10 19:42:25,518 DEBUG epoch [36/50], train_loss 0.0359 (0.0551), val_loss 0.0591 (0.0647)
2022-07-10 19:42:26,723 DEBUG epoch [37/50], train_loss 0.0417 (0.0549), val_loss 0.0644 (0.0648)
2022-07-10 19:42:27,959 DEBUG epoch [38/50], train_loss 0.0412 (0.0548), val_loss 0.0639 (0.0648)
2022-07-10 19:42:29,141 DEBUG epoch [39/50], train_loss 0.0395 (0.0547), val_loss 0.0670 (0.0648)
2022-07-10 19:42:30,362 DEBUG epoch [40/50], train_loss 0.0454 (0.0545), val_loss 0.0689 (0.0647)
2022-07-10 19:42:31,690 DEBUG epoch [41/50], train_loss 0.0414 (0.0544), val_loss 0.0711 (0.0647)
2022-07-10 19:42:32,986 DEBUG epoch [42/50], train_loss 0.0877 (0.0542), val_loss 0.0565 (0.0646)
2022-07-10 19:42:34,251 DEBUG epoch [43/50], train_loss 0.0265 (0.0541), val_loss 0.0787 (0.0646)
2022-07-10 19:42:35,544 DEBUG epoch [44/50], train_loss 0.0638 (0.0539), val_loss 0.0608 (0.0646)
2022-07-10 19:42:36,627 DEBUG epoch [45/50], train_loss 0.0701 (0.0538), val_loss 0.0790 (0.0646)
2022-07-10 19:42:37,926 DEBUG epoch [46/50], train_loss 0.0605 (0.0537), val_loss 0.0536 (0.0645)
2022-07-10 19:42:39,194 DEBUG epoch [47/50], train_loss 0.0575 (0.0535), val_loss 0.0663 (0.0645)
2022-07-10 19:42:40,314 DEBUG epoch [48/50], train_loss 0.0833 (0.0534), val_loss 0.0505 (0.0645)
2022-07-10 19:42:41,565 DEBUG epoch [49/50], train_loss 0.0737 (0.0533), val_loss 0.0514 (0.0645)
2022-07-10 19:42:42,864 DEBUG epoch [50/50], train_loss 0.0938 (0.0532), val_loss 0.0650 (0.0645)
2022-07-10 19:42:42,864 DEBUG Using MIA arch res_normN4C64 Best Validation Loss is 0.04738682508468628
2022-07-10 19:42:44,343 DEBUG MSE Loss on ALL Image is 0.0414 (Real Attack Results on the Target Client)
2022-07-10 19:42:44,343 DEBUG SSIM Loss on ALL Image is 0.4140 (Real Attack Results on the Target Client)
2022-07-10 19:42:44,343 DEBUG PSNR Loss on ALL Image is 14.3982 (Real Attack Results on the Target Client)
