2022-07-09 01:22:35,215 DEBUG Enable ResSFL fine-tuning: arch-res_normN4C64-alpha-2.0-ssim-0.6, using cifar100 as auxiliary data
2022-07-09 01:22:36,806 DEBUG SFL-Moco (ResSFL-expert) Train on cifar10 with cutlayer 3: total epochs: 200
2022-07-09 01:26:36,210 DEBUG epoch:1, knn_val_accu: 38.60, contrast_loss: 14.21, contrast_acc: 12.13, gan_train_loss: 0.5824, gan_eval_loss: 0.5757
2022-07-09 01:30:43,289 DEBUG epoch:2, knn_val_accu: 42.33, contrast_loss: 13.42, contrast_acc: 10.68, gan_train_loss: 0.5976, gan_eval_loss: 0.5972
2022-07-09 01:34:50,620 DEBUG epoch:3, knn_val_accu: 43.89, contrast_loss: 12.86, contrast_acc: 10.75, gan_train_loss: 0.6015, gan_eval_loss: 0.6019
2022-07-09 01:39:00,616 DEBUG epoch:4, knn_val_accu: 45.65, contrast_loss: 12.36, contrast_acc: 10.72, gan_train_loss: 0.6045, gan_eval_loss: 0.6053
2022-07-09 01:43:11,321 DEBUG epoch:5, knn_val_accu: 47.79, contrast_loss: 11.89, contrast_acc: 11.32, gan_train_loss: 0.6076, gan_eval_loss: 0.6041
2022-07-09 01:47:20,256 DEBUG epoch:6, knn_val_accu: 49.34, contrast_loss: 11.35, contrast_acc: 11.95, gan_train_loss: 0.6100, gan_eval_loss: 0.6055
2022-07-09 01:51:31,991 DEBUG epoch:7, knn_val_accu: 50.67, contrast_loss: 10.88, contrast_acc: 12.78, gan_train_loss: 0.6107, gan_eval_loss: 0.6085
2022-07-09 01:55:44,236 DEBUG epoch:8, knn_val_accu: 51.39, contrast_loss: 10.44, contrast_acc: 13.60, gan_train_loss: 0.6110, gan_eval_loss: 0.6130
2022-07-09 01:59:58,093 DEBUG epoch:9, knn_val_accu: 52.02, contrast_loss: 10.06, contrast_acc: 14.25, gan_train_loss: 0.6120, gan_eval_loss: 0.6142
2022-07-09 02:04:13,298 DEBUG epoch:10, knn_val_accu: 51.70, contrast_loss: 9.76, contrast_acc: 14.96, gan_train_loss: 0.6132, gan_eval_loss: 0.6149
2022-07-09 02:08:25,767 DEBUG epoch:11, knn_val_accu: 52.36, contrast_loss: 9.54, contrast_acc: 15.22, gan_train_loss: 0.6123, gan_eval_loss: 0.6130
2022-07-09 02:12:41,140 DEBUG epoch:12, knn_val_accu: 53.08, contrast_loss: 9.38, contrast_acc: 15.47, gan_train_loss: 0.6131, gan_eval_loss: 0.6119
2022-07-09 02:16:51,563 DEBUG epoch:13, knn_val_accu: 52.91, contrast_loss: 9.23, contrast_acc: 15.66, gan_train_loss: 0.6158, gan_eval_loss: 0.6084
2022-07-09 02:21:02,596 DEBUG epoch:14, knn_val_accu: 54.76, contrast_loss: 9.10, contrast_acc: 16.42, gan_train_loss: 0.6121, gan_eval_loss: 0.6084
2022-07-09 02:25:16,497 DEBUG epoch:15, knn_val_accu: 54.21, contrast_loss: 8.86, contrast_acc: 17.09, gan_train_loss: 0.6101, gan_eval_loss: 0.6114
2022-07-09 02:29:26,064 DEBUG epoch:16, knn_val_accu: 55.04, contrast_loss: 8.73, contrast_acc: 17.58, gan_train_loss: 0.6090, gan_eval_loss: 0.6035
2022-07-09 02:33:35,493 DEBUG epoch:17, knn_val_accu: 56.25, contrast_loss: 8.61, contrast_acc: 18.09, gan_train_loss: 0.6108, gan_eval_loss: 0.6043
2022-07-09 02:37:44,313 DEBUG epoch:18, knn_val_accu: 57.04, contrast_loss: 8.53, contrast_acc: 18.12, gan_train_loss: 0.6065, gan_eval_loss: 0.6024
2022-07-09 02:41:51,754 DEBUG epoch:19, knn_val_accu: 58.20, contrast_loss: 8.39, contrast_acc: 18.94, gan_train_loss: 0.6050, gan_eval_loss: 0.6019
2022-07-09 02:46:02,229 DEBUG epoch:20, knn_val_accu: 58.21, contrast_loss: 8.27, contrast_acc: 19.61, gan_train_loss: 0.6112, gan_eval_loss: 0.6029
2022-07-09 02:50:10,481 DEBUG epoch:21, knn_val_accu: 59.41, contrast_loss: 8.18, contrast_acc: 19.88, gan_train_loss: 0.6079, gan_eval_loss: 0.6036
2022-07-09 02:54:23,446 DEBUG epoch:22, knn_val_accu: 58.40, contrast_loss: 8.13, contrast_acc: 20.02, gan_train_loss: 0.6076, gan_eval_loss: 0.6075
2022-07-09 02:58:11,020 DEBUG epoch:23, knn_val_accu: 59.17, contrast_loss: 8.05, contrast_acc: 20.45, gan_train_loss: 0.6123, gan_eval_loss: 0.6044
2022-07-09 03:01:58,314 DEBUG epoch:24, knn_val_accu: 60.13, contrast_loss: 8.01, contrast_acc: 20.82, gan_train_loss: 0.6109, gan_eval_loss: 0.6033
2022-07-09 03:05:47,349 DEBUG epoch:25, knn_val_accu: 59.08, contrast_loss: 8.09, contrast_acc: 20.72, gan_train_loss: 0.6180, gan_eval_loss: 0.6045
2022-07-09 03:09:32,329 DEBUG epoch:26, knn_val_accu: 59.84, contrast_loss: 8.23, contrast_acc: 20.20, gan_train_loss: 0.6237, gan_eval_loss: 0.5968
2022-07-09 03:13:17,076 DEBUG epoch:27, knn_val_accu: 60.22, contrast_loss: 7.91, contrast_acc: 21.19, gan_train_loss: 0.6133, gan_eval_loss: 0.6040
2022-07-09 03:17:02,281 DEBUG epoch:28, knn_val_accu: 59.72, contrast_loss: 7.86, contrast_acc: 21.84, gan_train_loss: 0.6172, gan_eval_loss: 0.6052
2022-07-09 03:20:47,255 DEBUG epoch:29, knn_val_accu: 60.66, contrast_loss: 7.84, contrast_acc: 21.79, gan_train_loss: 0.6164, gan_eval_loss: 0.6057
2022-07-09 03:24:32,557 DEBUG epoch:30, knn_val_accu: 60.16, contrast_loss: 7.84, contrast_acc: 22.26, gan_train_loss: 0.6182, gan_eval_loss: 0.6068
2022-07-09 03:28:17,006 DEBUG epoch:31, knn_val_accu: 60.89, contrast_loss: 7.79, contrast_acc: 21.87, gan_train_loss: 0.6229, gan_eval_loss: 0.6035
2022-07-09 03:32:00,719 DEBUG epoch:32, knn_val_accu: 60.88, contrast_loss: 7.84, contrast_acc: 21.39, gan_train_loss: 0.6285, gan_eval_loss: 0.6005
2022-07-09 03:35:44,657 DEBUG epoch:33, knn_val_accu: 60.42, contrast_loss: 7.89, contrast_acc: 21.26, gan_train_loss: 0.6359, gan_eval_loss: 0.6005
2022-07-09 03:39:28,649 DEBUG epoch:34, knn_val_accu: 60.94, contrast_loss: 7.87, contrast_acc: 21.63, gan_train_loss: 0.6278, gan_eval_loss: 0.6021
2022-07-09 03:43:11,575 DEBUG epoch:35, knn_val_accu: 60.25, contrast_loss: 7.83, contrast_acc: 22.49, gan_train_loss: 0.6269, gan_eval_loss: 0.6000
2022-07-09 03:46:53,582 DEBUG epoch:36, knn_val_accu: 61.65, contrast_loss: 7.83, contrast_acc: 23.09, gan_train_loss: 0.6481, gan_eval_loss: 0.5945
2022-07-09 03:50:35,853 DEBUG epoch:37, knn_val_accu: 60.79, contrast_loss: 7.85, contrast_acc: 22.96, gan_train_loss: 0.6496, gan_eval_loss: 0.5919
2022-07-09 03:54:18,508 DEBUG epoch:38, knn_val_accu: 60.82, contrast_loss: 7.92, contrast_acc: 22.58, gan_train_loss: 0.6505, gan_eval_loss: 0.5970
2022-07-09 03:58:01,010 DEBUG epoch:39, knn_val_accu: 60.80, contrast_loss: 7.84, contrast_acc: 22.29, gan_train_loss: 0.6509, gan_eval_loss: 0.5963
2022-07-09 04:01:42,430 DEBUG epoch:40, knn_val_accu: 61.71, contrast_loss: 7.91, contrast_acc: 23.01, gan_train_loss: 0.6640, gan_eval_loss: 0.5923
2022-07-09 04:05:23,585 DEBUG epoch:41, knn_val_accu: 61.98, contrast_loss: 7.85, contrast_acc: 23.17, gan_train_loss: 0.6768, gan_eval_loss: 0.5845
2022-07-09 04:09:04,491 DEBUG epoch:42, knn_val_accu: 60.76, contrast_loss: 7.95, contrast_acc: 22.40, gan_train_loss: 0.6673, gan_eval_loss: 0.5860
2022-07-09 04:12:45,594 DEBUG epoch:43, knn_val_accu: 61.33, contrast_loss: 7.83, contrast_acc: 22.25, gan_train_loss: 0.6608, gan_eval_loss: 0.5877
2022-07-09 04:16:26,474 DEBUG epoch:44, knn_val_accu: 60.91, contrast_loss: 7.88, contrast_acc: 23.16, gan_train_loss: 0.6651, gan_eval_loss: 0.5832
2022-07-09 04:20:07,434 DEBUG epoch:45, knn_val_accu: 60.61, contrast_loss: 7.84, contrast_acc: 23.61, gan_train_loss: 0.6685, gan_eval_loss: 0.5840
2022-07-09 04:23:48,490 DEBUG epoch:46, knn_val_accu: 60.04, contrast_loss: 7.61, contrast_acc: 26.30, gan_train_loss: 0.6628, gan_eval_loss: 0.5870
2022-07-09 04:27:29,199 DEBUG epoch:47, knn_val_accu: 60.88, contrast_loss: 7.73, contrast_acc: 24.92, gan_train_loss: 0.6549, gan_eval_loss: 0.5882
2022-07-09 04:31:09,673 DEBUG epoch:48, knn_val_accu: 61.26, contrast_loss: 7.75, contrast_acc: 23.16, gan_train_loss: 0.6536, gan_eval_loss: 0.5861
2022-07-09 04:34:50,577 DEBUG epoch:49, knn_val_accu: 60.39, contrast_loss: 7.75, contrast_acc: 22.72, gan_train_loss: 0.6492, gan_eval_loss: 0.5913
2022-07-09 04:38:31,389 DEBUG epoch:50, knn_val_accu: 61.29, contrast_loss: 8.14, contrast_acc: 20.75, gan_train_loss: 0.6720, gan_eval_loss: 0.5821
2022-07-09 04:42:12,168 DEBUG epoch:51, knn_val_accu: 31.47, contrast_loss: 9.51, contrast_acc: 20.26, gan_train_loss: 0.6982, gan_eval_loss: 0.5850
2022-07-09 04:45:52,966 DEBUG epoch:52, knn_val_accu: 53.37, contrast_loss: 13.61, contrast_acc: 8.71, gan_train_loss: 0.5903, gan_eval_loss: 0.5885
2022-07-09 04:49:35,635 DEBUG epoch:53, knn_val_accu: 60.90, contrast_loss: 9.17, contrast_acc: 18.15, gan_train_loss: 0.6174, gan_eval_loss: 0.5966
2022-07-09 04:53:15,266 DEBUG epoch:54, knn_val_accu: 60.48, contrast_loss: 8.07, contrast_acc: 21.90, gan_train_loss: 0.6595, gan_eval_loss: 0.5731
2022-07-09 04:56:54,694 DEBUG epoch:55, knn_val_accu: 61.77, contrast_loss: 7.69, contrast_acc: 23.49, gan_train_loss: 0.6504, gan_eval_loss: 0.5693
2022-07-09 05:00:36,709 DEBUG epoch:56, knn_val_accu: 61.25, contrast_loss: 7.64, contrast_acc: 23.95, gan_train_loss: 0.6709, gan_eval_loss: 0.5756
2022-07-09 05:04:19,866 DEBUG epoch:57, knn_val_accu: 62.45, contrast_loss: 7.93, contrast_acc: 22.75, gan_train_loss: 0.6898, gan_eval_loss: 0.5723
2022-07-09 05:08:02,970 DEBUG epoch:58, knn_val_accu: 61.10, contrast_loss: 7.48, contrast_acc: 27.23, gan_train_loss: 0.6963, gan_eval_loss: 0.5733
2022-07-09 05:11:47,425 DEBUG epoch:59, knn_val_accu: 60.48, contrast_loss: 7.67, contrast_acc: 23.85, gan_train_loss: 0.6734, gan_eval_loss: 0.5818
2022-07-09 05:15:30,523 DEBUG epoch:60, knn_val_accu: 61.54, contrast_loss: 7.81, contrast_acc: 23.06, gan_train_loss: 0.6826, gan_eval_loss: 0.5819
2022-07-09 05:19:13,268 DEBUG epoch:61, knn_val_accu: 61.46, contrast_loss: 7.69, contrast_acc: 25.96, gan_train_loss: 0.6605, gan_eval_loss: 0.5803
2022-07-09 05:22:56,009 DEBUG epoch:62, knn_val_accu: 61.13, contrast_loss: 7.73, contrast_acc: 23.47, gan_train_loss: 0.6474, gan_eval_loss: 0.5790
2022-07-09 05:26:39,186 DEBUG epoch:63, knn_val_accu: 61.37, contrast_loss: 7.65, contrast_acc: 23.56, gan_train_loss: 0.6211, gan_eval_loss: 0.5856
2022-07-09 05:30:22,178 DEBUG epoch:64, knn_val_accu: 61.22, contrast_loss: 7.59, contrast_acc: 24.14, gan_train_loss: 0.6194, gan_eval_loss: 0.5849
2022-07-09 05:34:02,156 DEBUG epoch:65, knn_val_accu: 61.39, contrast_loss: 7.56, contrast_acc: 26.00, gan_train_loss: 0.6659, gan_eval_loss: 0.5779
2022-07-09 05:37:43,021 DEBUG epoch:66, knn_val_accu: 62.04, contrast_loss: 7.44, contrast_acc: 26.72, gan_train_loss: 0.6557, gan_eval_loss: 0.5844
2022-07-09 05:41:22,683 DEBUG epoch:67, knn_val_accu: 61.77, contrast_loss: 7.55, contrast_acc: 24.87, gan_train_loss: 0.6537, gan_eval_loss: 0.5786
2022-07-09 05:45:02,468 DEBUG epoch:68, knn_val_accu: 62.25, contrast_loss: 7.47, contrast_acc: 25.95, gan_train_loss: 0.6687, gan_eval_loss: 0.5785
2022-07-09 05:48:42,072 DEBUG epoch:69, knn_val_accu: 62.70, contrast_loss: 7.48, contrast_acc: 25.56, gan_train_loss: 0.6203, gan_eval_loss: 0.5767
2022-07-09 05:52:22,263 DEBUG epoch:70, knn_val_accu: 62.02, contrast_loss: 7.39, contrast_acc: 26.02, gan_train_loss: 0.6506, gan_eval_loss: 0.5816
2022-07-09 05:56:01,813 DEBUG epoch:71, knn_val_accu: 62.10, contrast_loss: 7.39, contrast_acc: 25.76, gan_train_loss: 0.6744, gan_eval_loss: 0.5723
2022-07-09 05:59:43,018 DEBUG epoch:72, knn_val_accu: 62.74, contrast_loss: 7.47, contrast_acc: 24.98, gan_train_loss: 0.6501, gan_eval_loss: 0.5888
2022-07-09 06:03:22,701 DEBUG epoch:73, knn_val_accu: 61.55, contrast_loss: 7.49, contrast_acc: 24.78, gan_train_loss: 0.6647, gan_eval_loss: 0.5650
2022-07-09 06:07:02,961 DEBUG epoch:74, knn_val_accu: 62.04, contrast_loss: 7.51, contrast_acc: 25.25, gan_train_loss: 0.6549, gan_eval_loss: 0.5736
2022-07-09 06:10:43,120 DEBUG epoch:75, knn_val_accu: 62.38, contrast_loss: 7.42, contrast_acc: 25.89, gan_train_loss: 0.6161, gan_eval_loss: 0.5808
2022-07-09 06:14:23,394 DEBUG epoch:76, knn_val_accu: 61.45, contrast_loss: 7.41, contrast_acc: 25.55, gan_train_loss: 0.6332, gan_eval_loss: 0.5845
2022-07-09 06:18:03,075 DEBUG epoch:77, knn_val_accu: 62.94, contrast_loss: 7.54, contrast_acc: 25.14, gan_train_loss: 0.6448, gan_eval_loss: 0.5838
2022-07-09 06:21:42,934 DEBUG epoch:78, knn_val_accu: 60.57, contrast_loss: 7.42, contrast_acc: 25.45, gan_train_loss: 0.6399, gan_eval_loss: 0.5859
2022-07-09 06:25:23,159 DEBUG epoch:79, knn_val_accu: 62.70, contrast_loss: 7.37, contrast_acc: 25.81, gan_train_loss: 0.6180, gan_eval_loss: 0.5880
2022-07-09 06:29:02,908 DEBUG epoch:80, knn_val_accu: 62.86, contrast_loss: 7.25, contrast_acc: 26.08, gan_train_loss: 0.6343, gan_eval_loss: 0.5807
2022-07-09 06:32:42,678 DEBUG epoch:81, knn_val_accu: 62.80, contrast_loss: 7.30, contrast_acc: 26.27, gan_train_loss: 0.6427, gan_eval_loss: 0.5809
2022-07-09 06:36:22,624 DEBUG epoch:82, knn_val_accu: 62.73, contrast_loss: 7.41, contrast_acc: 26.38, gan_train_loss: 0.6524, gan_eval_loss: 0.5768
2022-07-09 06:40:01,541 DEBUG epoch:83, knn_val_accu: 62.48, contrast_loss: 7.38, contrast_acc: 26.23, gan_train_loss: 0.6620, gan_eval_loss: 0.5616
2022-07-09 06:43:40,928 DEBUG epoch:84, knn_val_accu: 57.42, contrast_loss: 9.88, contrast_acc: 16.50, gan_train_loss: 0.6013, gan_eval_loss: 0.5762
2022-07-09 06:47:20,936 DEBUG epoch:85, knn_val_accu: 59.99, contrast_loss: 7.87, contrast_acc: 22.10, gan_train_loss: 0.6275, gan_eval_loss: 0.5810
2022-07-09 06:51:00,563 DEBUG epoch:86, knn_val_accu: 60.50, contrast_loss: 7.65, contrast_acc: 23.46, gan_train_loss: 0.6403, gan_eval_loss: 0.5721
2022-07-09 06:54:39,927 DEBUG epoch:87, knn_val_accu: 61.41, contrast_loss: 7.53, contrast_acc: 24.94, gan_train_loss: 0.6380, gan_eval_loss: 0.5759
2022-07-09 06:58:19,799 DEBUG epoch:88, knn_val_accu: 62.14, contrast_loss: 7.38, contrast_acc: 25.27, gan_train_loss: 0.6395, gan_eval_loss: 0.5804
2022-07-09 07:01:59,741 DEBUG epoch:89, knn_val_accu: 62.43, contrast_loss: 7.24, contrast_acc: 26.46, gan_train_loss: 0.6275, gan_eval_loss: 0.5844
2022-07-09 07:05:39,848 DEBUG epoch:90, knn_val_accu: 62.36, contrast_loss: 7.19, contrast_acc: 26.74, gan_train_loss: 0.6150, gan_eval_loss: 0.5735
2022-07-09 07:09:20,175 DEBUG epoch:91, knn_val_accu: 63.76, contrast_loss: 7.17, contrast_acc: 26.85, gan_train_loss: 0.6179, gan_eval_loss: 0.5853
2022-07-09 07:13:00,457 DEBUG epoch:92, knn_val_accu: 62.41, contrast_loss: 7.20, contrast_acc: 26.91, gan_train_loss: 0.6411, gan_eval_loss: 0.5807
2022-07-09 07:16:40,142 DEBUG epoch:93, knn_val_accu: 63.13, contrast_loss: 7.21, contrast_acc: 26.59, gan_train_loss: 0.6436, gan_eval_loss: 0.5727
2022-07-09 07:20:20,177 DEBUG epoch:94, knn_val_accu: 62.96, contrast_loss: 7.19, contrast_acc: 26.78, gan_train_loss: 0.6333, gan_eval_loss: 0.5820
2022-07-09 07:24:00,496 DEBUG epoch:95, knn_val_accu: 62.55, contrast_loss: 7.12, contrast_acc: 27.12, gan_train_loss: 0.6349, gan_eval_loss: 0.5842
2022-07-09 07:27:40,497 DEBUG epoch:96, knn_val_accu: 62.35, contrast_loss: 7.21, contrast_acc: 26.49, gan_train_loss: 0.6461, gan_eval_loss: 0.5794
2022-07-09 07:31:19,996 DEBUG epoch:97, knn_val_accu: 62.50, contrast_loss: 7.30, contrast_acc: 26.61, gan_train_loss: 0.6594, gan_eval_loss: 0.5693
2022-07-09 07:35:00,598 DEBUG epoch:98, knn_val_accu: 62.97, contrast_loss: 7.81, contrast_acc: 22.33, gan_train_loss: 0.6566, gan_eval_loss: 0.5776
2022-07-09 07:38:40,455 DEBUG epoch:99, knn_val_accu: 63.09, contrast_loss: 7.33, contrast_acc: 26.29, gan_train_loss: 0.6705, gan_eval_loss: 0.5776
2022-07-09 07:42:20,066 DEBUG epoch:100, knn_val_accu: 62.98, contrast_loss: 7.18, contrast_acc: 26.81, gan_train_loss: 0.6804, gan_eval_loss: 0.5706
2022-07-09 07:45:59,576 DEBUG epoch:101, knn_val_accu: 63.26, contrast_loss: 7.14, contrast_acc: 26.90, gan_train_loss: 0.6836, gan_eval_loss: 0.5666
2022-07-09 07:49:39,134 DEBUG epoch:102, knn_val_accu: 63.52, contrast_loss: 7.09, contrast_acc: 27.81, gan_train_loss: 0.7014, gan_eval_loss: 0.5602
2022-07-09 07:53:18,504 DEBUG epoch:103, knn_val_accu: 63.34, contrast_loss: 7.15, contrast_acc: 27.40, gan_train_loss: 0.6982, gan_eval_loss: 0.5630
2022-07-09 07:56:58,109 DEBUG epoch:104, knn_val_accu: 63.39, contrast_loss: 7.31, contrast_acc: 27.33, gan_train_loss: 0.6950, gan_eval_loss: 0.5714
2022-07-09 08:00:38,546 DEBUG epoch:105, knn_val_accu: 62.47, contrast_loss: 8.15, contrast_acc: 22.54, gan_train_loss: 0.6477, gan_eval_loss: 0.5825
2022-07-09 08:04:18,535 DEBUG epoch:106, knn_val_accu: 62.77, contrast_loss: 7.43, contrast_acc: 24.81, gan_train_loss: 0.6693, gan_eval_loss: 0.5782
2022-07-09 08:07:58,659 DEBUG epoch:107, knn_val_accu: 62.67, contrast_loss: 7.27, contrast_acc: 25.97, gan_train_loss: 0.6795, gan_eval_loss: 0.5782
2022-07-09 08:11:38,513 DEBUG epoch:108, knn_val_accu: 62.73, contrast_loss: 7.52, contrast_acc: 25.19, gan_train_loss: 0.6830, gan_eval_loss: 0.5638
2022-07-09 08:15:17,765 DEBUG epoch:109, knn_val_accu: 62.30, contrast_loss: 7.11, contrast_acc: 27.31, gan_train_loss: 0.7039, gan_eval_loss: 0.5653
2022-07-09 08:18:57,512 DEBUG epoch:110, knn_val_accu: 61.59, contrast_loss: 7.27, contrast_acc: 27.76, gan_train_loss: 0.6861, gan_eval_loss: 0.5621
2022-07-09 08:22:37,056 DEBUG epoch:111, knn_val_accu: 62.61, contrast_loss: 7.24, contrast_acc: 26.57, gan_train_loss: 0.6818, gan_eval_loss: 0.5730
2022-07-09 08:26:16,746 DEBUG epoch:112, knn_val_accu: 63.25, contrast_loss: 7.11, contrast_acc: 27.68, gan_train_loss: 0.6920, gan_eval_loss: 0.5720
2022-07-09 08:29:56,405 DEBUG epoch:113, knn_val_accu: 62.86, contrast_loss: 7.63, contrast_acc: 27.57, gan_train_loss: 0.6825, gan_eval_loss: 0.5716
2022-07-09 08:33:36,027 DEBUG epoch:114, knn_val_accu: 62.69, contrast_loss: 7.26, contrast_acc: 26.27, gan_train_loss: 0.6676, gan_eval_loss: 0.5665
2022-07-09 08:37:16,038 DEBUG epoch:115, knn_val_accu: 61.92, contrast_loss: 7.25, contrast_acc: 27.08, gan_train_loss: 0.6467, gan_eval_loss: 0.5771
2022-07-09 08:40:56,334 DEBUG epoch:116, knn_val_accu: 56.82, contrast_loss: 8.14, contrast_acc: 22.58, gan_train_loss: 0.6435, gan_eval_loss: 0.5818
2022-07-09 08:44:37,169 DEBUG epoch:117, knn_val_accu: 61.80, contrast_loss: 7.64, contrast_acc: 23.76, gan_train_loss: 0.6328, gan_eval_loss: 0.5860
2022-07-09 08:48:17,259 DEBUG epoch:118, knn_val_accu: 63.45, contrast_loss: 7.26, contrast_acc: 25.91, gan_train_loss: 0.6452, gan_eval_loss: 0.5853
2022-07-09 08:51:57,798 DEBUG epoch:119, knn_val_accu: 62.71, contrast_loss: 7.16, contrast_acc: 26.81, gan_train_loss: 0.6409, gan_eval_loss: 0.5841
2022-07-09 08:55:41,260 DEBUG epoch:120, knn_val_accu: 62.68, contrast_loss: 7.19, contrast_acc: 26.86, gan_train_loss: 0.6400, gan_eval_loss: 0.5844
2022-07-09 08:59:24,582 DEBUG epoch:121, knn_val_accu: 62.88, contrast_loss: 7.15, contrast_acc: 27.25, gan_train_loss: 0.6171, gan_eval_loss: 0.5876
2022-07-09 09:03:09,425 DEBUG epoch:122, knn_val_accu: 62.82, contrast_loss: 7.04, contrast_acc: 27.49, gan_train_loss: 0.6132, gan_eval_loss: 0.5861
2022-07-09 09:06:51,872 DEBUG epoch:123, knn_val_accu: 63.70, contrast_loss: 6.98, contrast_acc: 28.07, gan_train_loss: 0.6015, gan_eval_loss: 0.5900
2022-07-09 09:10:32,292 DEBUG epoch:124, knn_val_accu: 63.40, contrast_loss: 6.88, contrast_acc: 28.80, gan_train_loss: 0.6004, gan_eval_loss: 0.5881
2022-07-09 09:14:13,110 DEBUG epoch:125, knn_val_accu: 63.15, contrast_loss: 6.87, contrast_acc: 28.98, gan_train_loss: 0.6051, gan_eval_loss: 0.5909
2022-07-09 09:17:53,324 DEBUG epoch:126, knn_val_accu: 63.02, contrast_loss: 6.91, contrast_acc: 28.81, gan_train_loss: 0.6120, gan_eval_loss: 0.5878
2022-07-09 09:21:33,595 DEBUG epoch:127, knn_val_accu: 63.41, contrast_loss: 6.85, contrast_acc: 28.92, gan_train_loss: 0.6082, gan_eval_loss: 0.5851
2022-07-09 09:25:14,765 DEBUG epoch:128, knn_val_accu: 63.58, contrast_loss: 6.80, contrast_acc: 29.52, gan_train_loss: 0.6039, gan_eval_loss: 0.5878
2022-07-09 09:28:54,633 DEBUG epoch:129, knn_val_accu: 63.66, contrast_loss: 6.83, contrast_acc: 29.75, gan_train_loss: 0.6076, gan_eval_loss: 0.5867
2022-07-09 09:32:35,255 DEBUG epoch:130, knn_val_accu: 64.10, contrast_loss: 6.76, contrast_acc: 29.81, gan_train_loss: 0.6069, gan_eval_loss: 0.5876
2022-07-09 09:36:15,564 DEBUG epoch:131, knn_val_accu: 63.33, contrast_loss: 6.77, contrast_acc: 29.96, gan_train_loss: 0.6121, gan_eval_loss: 0.5810
2022-07-09 09:39:56,061 DEBUG epoch:132, knn_val_accu: 62.97, contrast_loss: 6.79, contrast_acc: 29.94, gan_train_loss: 0.6079, gan_eval_loss: 0.5871
2022-07-09 09:43:36,210 DEBUG epoch:133, knn_val_accu: 64.33, contrast_loss: 6.79, contrast_acc: 29.96, gan_train_loss: 0.6121, gan_eval_loss: 0.5857
2022-07-09 09:47:16,065 DEBUG epoch:134, knn_val_accu: 64.24, contrast_loss: 6.74, contrast_acc: 30.57, gan_train_loss: 0.6131, gan_eval_loss: 0.5825
2022-07-09 09:50:56,143 DEBUG epoch:135, knn_val_accu: 63.84, contrast_loss: 6.74, contrast_acc: 30.07, gan_train_loss: 0.6198, gan_eval_loss: 0.5812
2022-07-09 09:54:36,112 DEBUG epoch:136, knn_val_accu: 64.43, contrast_loss: 6.70, contrast_acc: 30.42, gan_train_loss: 0.6274, gan_eval_loss: 0.5771
2022-07-09 09:58:15,958 DEBUG epoch:137, knn_val_accu: 64.21, contrast_loss: 6.71, contrast_acc: 30.24, gan_train_loss: 0.6317, gan_eval_loss: 0.5776
2022-07-09 10:01:55,512 DEBUG epoch:138, knn_val_accu: 64.41, contrast_loss: 6.70, contrast_acc: 30.59, gan_train_loss: 0.6395, gan_eval_loss: 0.5748
2022-07-09 10:05:35,837 DEBUG epoch:139, knn_val_accu: 63.28, contrast_loss: 7.19, contrast_acc: 28.42, gan_train_loss: 0.6424, gan_eval_loss: 0.5717
2022-07-09 10:09:15,728 DEBUG epoch:140, knn_val_accu: 63.48, contrast_loss: 7.00, contrast_acc: 28.63, gan_train_loss: 0.6464, gan_eval_loss: 0.5829
2022-07-09 10:12:55,303 DEBUG epoch:141, knn_val_accu: 63.92, contrast_loss: 6.85, contrast_acc: 29.94, gan_train_loss: 0.6494, gan_eval_loss: 0.5761
2022-07-09 10:16:34,730 DEBUG epoch:142, knn_val_accu: 64.66, contrast_loss: 7.01, contrast_acc: 28.38, gan_train_loss: 0.6443, gan_eval_loss: 0.5744
2022-07-09 10:20:14,275 DEBUG epoch:143, knn_val_accu: 64.13, contrast_loss: 6.77, contrast_acc: 30.25, gan_train_loss: 0.6502, gan_eval_loss: 0.5732
2022-07-09 10:23:53,936 DEBUG epoch:144, knn_val_accu: 64.46, contrast_loss: 6.71, contrast_acc: 30.09, gan_train_loss: 0.6496, gan_eval_loss: 0.5770
2022-07-09 10:27:33,587 DEBUG epoch:145, knn_val_accu: 64.90, contrast_loss: 6.68, contrast_acc: 30.41, gan_train_loss: 0.6419, gan_eval_loss: 0.5749
2022-07-09 10:31:12,611 DEBUG epoch:146, knn_val_accu: 64.69, contrast_loss: 6.71, contrast_acc: 30.43, gan_train_loss: 0.6497, gan_eval_loss: 0.5747
2022-07-09 10:34:52,050 DEBUG epoch:147, knn_val_accu: 64.56, contrast_loss: 6.64, contrast_acc: 30.38, gan_train_loss: 0.6593, gan_eval_loss: 0.5687
2022-07-09 10:38:31,391 DEBUG epoch:148, knn_val_accu: 65.39, contrast_loss: 6.81, contrast_acc: 29.32, gan_train_loss: 0.6624, gan_eval_loss: 0.5617
2022-07-09 10:42:11,332 DEBUG epoch:149, knn_val_accu: 63.85, contrast_loss: 6.79, contrast_acc: 29.87, gan_train_loss: 0.6575, gan_eval_loss: 0.5663
2022-07-09 10:45:50,810 DEBUG epoch:150, knn_val_accu: 65.01, contrast_loss: 6.78, contrast_acc: 30.36, gan_train_loss: 0.6572, gan_eval_loss: 0.5626
2022-07-09 10:49:30,171 DEBUG epoch:151, knn_val_accu: 65.33, contrast_loss: 6.73, contrast_acc: 30.48, gan_train_loss: 0.6594, gan_eval_loss: 0.5647
2022-07-09 10:53:09,823 DEBUG epoch:152, knn_val_accu: 63.54, contrast_loss: 6.75, contrast_acc: 30.48, gan_train_loss: 0.6639, gan_eval_loss: 0.5678
2022-07-09 10:56:49,784 DEBUG epoch:153, knn_val_accu: 64.43, contrast_loss: 6.79, contrast_acc: 29.93, gan_train_loss: 0.6560, gan_eval_loss: 0.5685
2022-07-09 11:00:29,519 DEBUG epoch:154, knn_val_accu: 63.97, contrast_loss: 6.68, contrast_acc: 31.14, gan_train_loss: 0.6610, gan_eval_loss: 0.5661
2022-07-09 11:04:08,705 DEBUG epoch:155, knn_val_accu: 64.62, contrast_loss: 6.58, contrast_acc: 31.04, gan_train_loss: 0.6675, gan_eval_loss: 0.5716
2022-07-09 11:07:48,474 DEBUG epoch:156, knn_val_accu: 64.10, contrast_loss: 6.61, contrast_acc: 31.11, gan_train_loss: 0.6580, gan_eval_loss: 0.5665
2022-07-09 11:11:27,905 DEBUG epoch:157, knn_val_accu: 64.79, contrast_loss: 6.62, contrast_acc: 30.73, gan_train_loss: 0.6625, gan_eval_loss: 0.5640
2022-07-09 11:15:07,575 DEBUG epoch:158, knn_val_accu: 64.61, contrast_loss: 6.52, contrast_acc: 31.04, gan_train_loss: 0.6579, gan_eval_loss: 0.5744
2022-07-09 11:18:47,814 DEBUG epoch:159, knn_val_accu: 65.05, contrast_loss: 6.54, contrast_acc: 31.64, gan_train_loss: 0.6409, gan_eval_loss: 0.5759
2022-07-09 11:22:27,168 DEBUG epoch:160, knn_val_accu: 65.45, contrast_loss: 6.45, contrast_acc: 31.87, gan_train_loss: 0.6462, gan_eval_loss: 0.5751
2022-07-09 11:26:06,807 DEBUG epoch:161, knn_val_accu: 64.90, contrast_loss: 6.45, contrast_acc: 31.68, gan_train_loss: 0.6135, gan_eval_loss: 0.5840
2022-07-09 11:29:46,704 DEBUG epoch:162, knn_val_accu: 65.91, contrast_loss: 6.33, contrast_acc: 32.59, gan_train_loss: 0.5877, gan_eval_loss: 0.5874
2022-07-09 11:33:25,717 DEBUG epoch:163, knn_val_accu: 65.70, contrast_loss: 6.29, contrast_acc: 33.15, gan_train_loss: 0.5859, gan_eval_loss: 0.5861
2022-07-09 11:37:05,313 DEBUG epoch:164, knn_val_accu: 65.73, contrast_loss: 6.27, contrast_acc: 33.04, gan_train_loss: 0.5844, gan_eval_loss: 0.5844
2022-07-09 11:40:44,717 DEBUG epoch:165, knn_val_accu: 65.87, contrast_loss: 6.25, contrast_acc: 33.41, gan_train_loss: 0.5852, gan_eval_loss: 0.5854
2022-07-09 11:44:23,716 DEBUG epoch:166, knn_val_accu: 65.55, contrast_loss: 6.23, contrast_acc: 33.65, gan_train_loss: 0.5854, gan_eval_loss: 0.5855
2022-07-09 11:48:02,591 DEBUG epoch:167, knn_val_accu: 66.11, contrast_loss: 6.23, contrast_acc: 33.42, gan_train_loss: 0.5859, gan_eval_loss: 0.5861
2022-07-09 11:51:41,790 DEBUG epoch:168, knn_val_accu: 66.20, contrast_loss: 6.20, contrast_acc: 33.90, gan_train_loss: 0.5852, gan_eval_loss: 0.5848
2022-07-09 11:55:20,902 DEBUG epoch:169, knn_val_accu: 66.16, contrast_loss: 6.18, contrast_acc: 34.20, gan_train_loss: 0.5837, gan_eval_loss: 0.5834
2022-07-09 11:58:59,007 DEBUG epoch:170, knn_val_accu: 66.20, contrast_loss: 6.15, contrast_acc: 34.28, gan_train_loss: 0.5843, gan_eval_loss: 0.5844
2022-07-09 12:02:38,014 DEBUG epoch:171, knn_val_accu: 66.47, contrast_loss: 6.15, contrast_acc: 34.23, gan_train_loss: 0.5843, gan_eval_loss: 0.5843
2022-07-09 12:06:17,739 DEBUG epoch:172, knn_val_accu: 66.59, contrast_loss: 6.13, contrast_acc: 34.20, gan_train_loss: 0.5828, gan_eval_loss: 0.5829
2022-07-09 12:09:59,312 DEBUG epoch:173, knn_val_accu: 66.38, contrast_loss: 6.10, contrast_acc: 34.71, gan_train_loss: 0.5843, gan_eval_loss: 0.5844
2022-07-09 12:13:40,820 DEBUG epoch:174, knn_val_accu: 66.78, contrast_loss: 6.11, contrast_acc: 34.39, gan_train_loss: 0.5842, gan_eval_loss: 0.5844
2022-07-09 12:17:22,478 DEBUG epoch:175, knn_val_accu: 66.67, contrast_loss: 6.08, contrast_acc: 34.44, gan_train_loss: 0.5831, gan_eval_loss: 0.5832
2022-07-09 12:21:03,687 DEBUG epoch:176, knn_val_accu: 66.90, contrast_loss: 6.07, contrast_acc: 34.46, gan_train_loss: 0.5841, gan_eval_loss: 0.5844
2022-07-09 12:24:45,518 DEBUG epoch:177, knn_val_accu: 66.63, contrast_loss: 6.10, contrast_acc: 34.06, gan_train_loss: 0.5842, gan_eval_loss: 0.5843
2022-07-09 12:28:27,289 DEBUG epoch:178, knn_val_accu: 66.84, contrast_loss: 6.05, contrast_acc: 34.37, gan_train_loss: 0.5859, gan_eval_loss: 0.5861
2022-07-09 12:32:09,422 DEBUG epoch:179, knn_val_accu: 66.69, contrast_loss: 6.04, contrast_acc: 34.36, gan_train_loss: 0.5867, gan_eval_loss: 0.5869
2022-07-09 12:35:52,046 DEBUG epoch:180, knn_val_accu: 66.77, contrast_loss: 6.06, contrast_acc: 34.06, gan_train_loss: 0.5854, gan_eval_loss: 0.5857
2022-07-09 12:39:33,942 DEBUG epoch:181, knn_val_accu: 66.56, contrast_loss: 6.03, contrast_acc: 34.31, gan_train_loss: 0.5881, gan_eval_loss: 0.5885
2022-07-09 12:43:16,210 DEBUG epoch:182, knn_val_accu: 66.59, contrast_loss: 6.02, contrast_acc: 34.42, gan_train_loss: 0.5869, gan_eval_loss: 0.5872
2022-07-09 12:47:00,270 DEBUG epoch:183, knn_val_accu: 66.67, contrast_loss: 6.03, contrast_acc: 34.01, gan_train_loss: 0.5882, gan_eval_loss: 0.5884
2022-07-09 12:50:39,316 DEBUG epoch:184, knn_val_accu: 66.71, contrast_loss: 6.03, contrast_acc: 34.19, gan_train_loss: 0.5886, gan_eval_loss: 0.5890
2022-07-09 12:54:19,208 DEBUG epoch:185, knn_val_accu: 66.65, contrast_loss: 6.02, contrast_acc: 34.02, gan_train_loss: 0.5891, gan_eval_loss: 0.5895
2022-07-09 12:57:59,245 DEBUG epoch:186, knn_val_accu: 66.28, contrast_loss: 6.01, contrast_acc: 33.95, gan_train_loss: 0.5890, gan_eval_loss: 0.5895
2022-07-09 13:01:39,184 DEBUG epoch:187, knn_val_accu: 66.40, contrast_loss: 6.00, contrast_acc: 34.08, gan_train_loss: 0.5897, gan_eval_loss: 0.5901
2022-07-09 13:05:19,491 DEBUG epoch:188, knn_val_accu: 66.81, contrast_loss: 6.00, contrast_acc: 33.71, gan_train_loss: 0.5912, gan_eval_loss: 0.5917
2022-07-09 13:08:59,203 DEBUG epoch:189, knn_val_accu: 66.84, contrast_loss: 5.99, contrast_acc: 33.76, gan_train_loss: 0.5900, gan_eval_loss: 0.5907
2022-07-09 13:12:40,253 DEBUG epoch:190, knn_val_accu: 66.59, contrast_loss: 5.99, contrast_acc: 33.88, gan_train_loss: 0.5908, gan_eval_loss: 0.5914
2022-07-09 13:16:20,786 DEBUG epoch:191, knn_val_accu: 66.67, contrast_loss: 6.01, contrast_acc: 33.62, gan_train_loss: 0.5912, gan_eval_loss: 0.5917
2022-07-09 13:20:01,152 DEBUG epoch:192, knn_val_accu: 66.63, contrast_loss: 5.99, contrast_acc: 33.83, gan_train_loss: 0.5919, gan_eval_loss: 0.5924
2022-07-09 13:23:41,829 DEBUG epoch:193, knn_val_accu: 66.91, contrast_loss: 5.99, contrast_acc: 33.78, gan_train_loss: 0.5924, gan_eval_loss: 0.5930
2022-07-09 13:27:22,900 DEBUG epoch:194, knn_val_accu: 66.57, contrast_loss: 6.00, contrast_acc: 33.70, gan_train_loss: 0.5933, gan_eval_loss: 0.5938
2022-07-09 13:31:03,631 DEBUG epoch:195, knn_val_accu: 66.81, contrast_loss: 5.99, contrast_acc: 33.91, gan_train_loss: 0.5934, gan_eval_loss: 0.5939
2022-07-09 13:34:44,537 DEBUG epoch:196, knn_val_accu: 66.54, contrast_loss: 5.99, contrast_acc: 33.71, gan_train_loss: 0.5943, gan_eval_loss: 0.5950
2022-07-09 13:38:26,523 DEBUG epoch:197, knn_val_accu: 66.58, contrast_loss: 5.99, contrast_acc: 33.71, gan_train_loss: 0.5955, gan_eval_loss: 0.5962
2022-07-09 13:42:08,833 DEBUG epoch:198, knn_val_accu: 66.56, contrast_loss: 6.02, contrast_acc: 33.44, gan_train_loss: 0.5972, gan_eval_loss: 0.5978
2022-07-09 13:45:52,245 DEBUG epoch:199, knn_val_accu: 66.55, contrast_loss: 5.99, contrast_acc: 33.66, gan_train_loss: 0.5992, gan_eval_loss: 0.5999
2022-07-09 13:49:35,966 DEBUG epoch:200, knn_val_accu: 66.44, contrast_loss: 6.00, contrast_acc: 33.76, gan_train_loss: 0.6009, gan_eval_loss: 0.6016
2022-07-09 13:49:42,081 DEBUG final knn evaluation accuracy is 66.44
2022-07-09 13:58:55,068 DEBUG final linear-probe evaluation accuracy is 69.57
2022-07-09 14:02:18,365 DEBUG final semi-supervised evaluation accuracy with 10% data is 67.93
2022-07-09 14:04:58,261 DEBUG final semi-supervised evaluation accuracy with 1% data is 56.91
2022-07-10 17:57:58,875 DEBUG Enable ResSFL fine-tuning: arch-res_normN4C64-alpha-2.0-ssim-0.6, using cifar100 as auxiliary data
2022-07-10 17:58:05,721 DEBUG final knn evaluation accuracy is 66.91
2022-07-10 19:20:06,659 DEBUG Enable ResSFL fine-tuning: arch-res_normN4C64-alpha-2.0-ssim-0.6, using cifar100 as auxiliary data
2022-07-10 19:20:15,133 DEBUG final knn evaluation accuracy is 66.91
2022-07-10 19:33:17,640 DEBUG final linear-probe evaluation accuracy is 69.30
2022-07-10 19:37:52,300 DEBUG final semi-supervised evaluation accuracy with 10% data is 68.32
2022-07-10 19:41:29,803 DEBUG final semi-supervised evaluation accuracy with 1% data is 56.82
2022-07-10 19:41:37,288 DEBUG final knn evaluation accuracy is 66.91
