2022-09-25 11:55:08,642 DEBUG Generating IR ...... (may take a while)
2022-09-25 11:55:11,052 DEBUG epoch [1/50], train_loss 0.0305 (0.0730), val_loss 0.0608 (0.0621)
2022-09-25 11:55:11,824 DEBUG epoch [2/50], train_loss 0.0837 (0.0667), val_loss 0.0547 (0.0600)
2022-09-25 11:55:12,613 DEBUG epoch [3/50], train_loss 0.1091 (0.0637), val_loss 0.0671 (0.0589)
2022-09-25 11:55:13,360 DEBUG epoch [4/50], train_loss 0.1124 (0.0620), val_loss 0.0585 (0.0581)
2022-09-25 11:55:14,159 DEBUG epoch [5/50], train_loss 0.0603 (0.0608), val_loss 0.0500 (0.0575)
2022-09-25 11:55:14,868 DEBUG epoch [6/50], train_loss 0.0606 (0.0600), val_loss 0.0504 (0.0567)
2022-09-25 11:55:15,572 DEBUG epoch [7/50], train_loss 0.0434 (0.0593), val_loss 0.0546 (0.0563)
2022-09-25 11:55:16,255 DEBUG epoch [8/50], train_loss 0.0504 (0.0588), val_loss 0.0518 (0.0561)
2022-09-25 11:55:17,060 DEBUG epoch [9/50], train_loss 0.0716 (0.0583), val_loss 0.0603 (0.0559)
2022-09-25 11:55:17,829 DEBUG epoch [10/50], train_loss 0.0497 (0.0578), val_loss 0.0444 (0.0554)
2022-09-25 11:55:18,585 DEBUG epoch [11/50], train_loss 0.0768 (0.0574), val_loss 0.0456 (0.0553)
2022-09-25 11:55:19,362 DEBUG epoch [12/50], train_loss 0.0520 (0.0571), val_loss 0.0452 (0.0550)
2022-09-25 11:55:20,096 DEBUG epoch [13/50], train_loss 0.0910 (0.0568), val_loss 0.0614 (0.0549)
2022-09-25 11:55:20,811 DEBUG epoch [14/50], train_loss 0.0378 (0.0565), val_loss 0.0564 (0.0547)
2022-09-25 11:55:21,566 DEBUG epoch [15/50], train_loss 0.0636 (0.0562), val_loss 0.0463 (0.0546)
2022-09-25 11:55:22,317 DEBUG epoch [16/50], train_loss 0.0657 (0.0558), val_loss 0.0601 (0.0545)
2022-09-25 11:55:23,013 DEBUG epoch [17/50], train_loss 0.0679 (0.0554), val_loss 0.0625 (0.0544)
2022-09-25 11:55:23,751 DEBUG epoch [18/50], train_loss 0.0863 (0.0551), val_loss 0.0531 (0.0542)
2022-09-25 11:55:24,512 DEBUG epoch [19/50], train_loss 0.0787 (0.0548), val_loss 0.0458 (0.0542)
2022-09-25 11:55:25,220 DEBUG epoch [20/50], train_loss 0.0612 (0.0546), val_loss 0.0497 (0.0541)
2022-09-25 11:55:25,945 DEBUG epoch [21/50], train_loss 0.0839 (0.0544), val_loss 0.0543 (0.0540)
2022-09-25 11:55:26,680 DEBUG epoch [22/50], train_loss 0.0673 (0.0541), val_loss 0.0622 (0.0539)
2022-09-25 11:55:27,375 DEBUG epoch [23/50], train_loss 0.0663 (0.0538), val_loss 0.0499 (0.0538)
2022-09-25 11:55:28,155 DEBUG epoch [24/50], train_loss 0.0282 (0.0535), val_loss 0.0518 (0.0537)
2022-09-25 11:55:28,866 DEBUG epoch [25/50], train_loss 0.0713 (0.0531), val_loss 0.0476 (0.0537)
2022-09-25 11:55:29,656 DEBUG epoch [26/50], train_loss 0.0564 (0.0529), val_loss 0.0503 (0.0537)
2022-09-25 11:55:30,445 DEBUG epoch [27/50], train_loss 0.0995 (0.0527), val_loss 0.0393 (0.0535)
2022-09-25 11:55:31,176 DEBUG epoch [28/50], train_loss 0.1146 (0.0524), val_loss 0.0555 (0.0534)
2022-09-25 11:55:31,914 DEBUG epoch [29/50], train_loss 0.0293 (0.0522), val_loss 0.0583 (0.0535)
2022-09-25 11:55:32,657 DEBUG epoch [30/50], train_loss 0.0448 (0.0519), val_loss 0.0573 (0.0535)
2022-09-25 11:55:33,378 DEBUG epoch [31/50], train_loss 0.1348 (0.0515), val_loss 0.0550 (0.0534)
2022-09-25 11:55:34,126 DEBUG epoch [32/50], train_loss 0.0645 (0.0513), val_loss 0.0503 (0.0535)
2022-09-25 11:55:34,861 DEBUG epoch [33/50], train_loss 0.0497 (0.0511), val_loss 0.0597 (0.0535)
2022-09-25 11:55:35,609 DEBUG epoch [34/50], train_loss 0.0493 (0.0508), val_loss 0.0434 (0.0536)
2022-09-25 11:55:36,295 DEBUG epoch [35/50], train_loss 0.0300 (0.0504), val_loss 0.0438 (0.0536)
2022-09-25 11:55:37,025 DEBUG epoch [36/50], train_loss 0.0971 (0.0501), val_loss 0.0632 (0.0537)
2022-09-25 11:55:37,764 DEBUG epoch [37/50], train_loss 0.0545 (0.0498), val_loss 0.0469 (0.0537)
2022-09-25 11:55:38,449 DEBUG epoch [38/50], train_loss 0.1034 (0.0495), val_loss 0.0491 (0.0537)
2022-09-25 11:55:39,190 DEBUG epoch [39/50], train_loss 0.0450 (0.0493), val_loss 0.0719 (0.0537)
2022-09-25 11:55:39,916 DEBUG epoch [40/50], train_loss 0.0554 (0.0490), val_loss 0.0570 (0.0538)
2022-09-25 11:55:40,725 DEBUG epoch [41/50], train_loss 0.0569 (0.0487), val_loss 0.0685 (0.0540)
2022-09-25 11:55:41,409 DEBUG epoch [42/50], train_loss 0.0579 (0.0484), val_loss 0.0586 (0.0541)
2022-09-25 11:55:42,136 DEBUG epoch [43/50], train_loss 0.0631 (0.0481), val_loss 0.0586 (0.0542)
2022-09-25 11:55:42,939 DEBUG epoch [44/50], train_loss 0.0373 (0.0479), val_loss 0.0490 (0.0543)
2022-09-25 11:55:43,677 DEBUG epoch [45/50], train_loss 0.0348 (0.0476), val_loss 0.0507 (0.0544)
2022-09-25 11:55:44,458 DEBUG epoch [46/50], train_loss 0.0666 (0.0473), val_loss 0.0622 (0.0545)
2022-09-25 11:55:45,206 DEBUG epoch [47/50], train_loss 0.0578 (0.0470), val_loss 0.0566 (0.0546)
2022-09-25 11:55:45,948 DEBUG epoch [48/50], train_loss 0.0355 (0.0468), val_loss 0.0626 (0.0547)
2022-09-25 11:55:46,649 DEBUG epoch [49/50], train_loss 0.0815 (0.0466), val_loss 0.0553 (0.0547)
2022-09-25 11:55:47,397 DEBUG epoch [50/50], train_loss 0.0381 (0.0465), val_loss 0.0441 (0.0548)
2022-09-25 11:55:47,397 DEBUG Using MIA arch res_normN4C64 Best Validation Loss is 0.03926696255803108
2022-09-25 11:55:48,194 DEBUG MSE Loss on ALL Image is 0.0426 (Real Attack Results on the Target Client)
2022-09-25 11:55:48,194 DEBUG SSIM Loss on ALL Image is 0.4164 (Real Attack Results on the Target Client)
2022-09-25 11:55:48,194 DEBUG PSNR Loss on ALL Image is 14.5167 (Real Attack Results on the Target Client)
