2022-09-25 00:52:22,741 DEBUG Enable ResSFL fine-tuning: arch-res_normN4C64-alpha-4.0-ssim-0.6, using cifar100 as auxiliary data
2022-09-25 00:52:23,084 DEBUG SFL-Moco (ResSFL-expert) Train on cifar10 with cutlayer 2: total epochs: 200
2022-09-25 00:55:31,519 DEBUG epoch:1, knn_val_accu: 29.71, contrast_loss: 14.48, contrast_acc: 25.71, gan_train_loss: 0.5755, gan_eval_loss: 0.5578
2022-09-25 00:58:40,203 DEBUG epoch:2, knn_val_accu: 35.18, contrast_loss: 14.53, contrast_acc: 11.30, gan_train_loss: 0.5663, gan_eval_loss: 0.5651
2022-09-25 01:01:50,033 DEBUG epoch:3, knn_val_accu: 37.84, contrast_loss: 14.06, contrast_acc: 10.45, gan_train_loss: 0.5790, gan_eval_loss: 0.5784
2022-09-25 01:05:00,966 DEBUG epoch:4, knn_val_accu: 40.11, contrast_loss: 13.75, contrast_acc: 10.35, gan_train_loss: 0.5828, gan_eval_loss: 0.5831
2022-09-25 01:08:11,622 DEBUG epoch:5, knn_val_accu: 42.64, contrast_loss: 13.36, contrast_acc: 10.88, gan_train_loss: 0.5873, gan_eval_loss: 0.5878
2022-09-25 01:11:23,695 DEBUG epoch:6, knn_val_accu: 44.37, contrast_loss: 13.04, contrast_acc: 11.51, gan_train_loss: 0.5877, gan_eval_loss: 0.5876
2022-09-25 01:14:36,906 DEBUG epoch:7, knn_val_accu: 45.99, contrast_loss: 12.69, contrast_acc: 11.98, gan_train_loss: 0.5928, gan_eval_loss: 0.5922
2022-09-25 01:17:50,042 DEBUG epoch:8, knn_val_accu: 48.55, contrast_loss: 12.36, contrast_acc: 12.61, gan_train_loss: 0.5945, gan_eval_loss: 0.5937
2022-09-25 01:21:03,028 DEBUG epoch:9, knn_val_accu: 50.14, contrast_loss: 12.01, contrast_acc: 13.37, gan_train_loss: 0.5946, gan_eval_loss: 0.5933
2022-09-25 01:24:17,363 DEBUG epoch:10, knn_val_accu: 51.28, contrast_loss: 11.71, contrast_acc: 14.13, gan_train_loss: 0.5967, gan_eval_loss: 0.5954
2022-09-25 01:27:29,917 DEBUG epoch:11, knn_val_accu: 52.31, contrast_loss: 11.47, contrast_acc: 14.92, gan_train_loss: 0.6074, gan_eval_loss: 0.5925
2022-09-25 01:30:41,959 DEBUG epoch:12, knn_val_accu: 53.11, contrast_loss: 11.30, contrast_acc: 14.56, gan_train_loss: 0.6150, gan_eval_loss: 0.5925
2022-09-25 01:33:56,995 DEBUG epoch:13, knn_val_accu: 52.52, contrast_loss: 10.97, contrast_acc: 15.98, gan_train_loss: 0.6033, gan_eval_loss: 0.5972
2022-09-25 01:37:09,050 DEBUG epoch:14, knn_val_accu: 52.86, contrast_loss: 11.14, contrast_acc: 14.49, gan_train_loss: 0.6277, gan_eval_loss: 0.5867
2022-09-25 01:40:24,730 DEBUG epoch:15, knn_val_accu: 53.30, contrast_loss: 10.65, contrast_acc: 16.36, gan_train_loss: 0.6131, gan_eval_loss: 0.5999
2022-09-25 01:43:40,694 DEBUG epoch:16, knn_val_accu: 53.84, contrast_loss: 10.34, contrast_acc: 17.23, gan_train_loss: 0.6081, gan_eval_loss: 0.6004
2022-09-25 01:46:55,636 DEBUG epoch:17, knn_val_accu: 53.42, contrast_loss: 10.30, contrast_acc: 17.09, gan_train_loss: 0.6082, gan_eval_loss: 0.5986
2022-09-25 01:50:11,296 DEBUG epoch:18, knn_val_accu: 53.64, contrast_loss: 9.96, contrast_acc: 17.93, gan_train_loss: 0.6051, gan_eval_loss: 0.6003
2022-09-25 01:53:26,418 DEBUG epoch:19, knn_val_accu: 54.20, contrast_loss: 9.84, contrast_acc: 18.25, gan_train_loss: 0.6075, gan_eval_loss: 0.5975
2022-09-25 01:56:40,240 DEBUG epoch:20, knn_val_accu: 54.27, contrast_loss: 9.60, contrast_acc: 19.00, gan_train_loss: 0.6107, gan_eval_loss: 0.5964
2022-09-25 01:59:54,707 DEBUG epoch:21, knn_val_accu: 54.23, contrast_loss: 9.40, contrast_acc: 19.48, gan_train_loss: 0.6055, gan_eval_loss: 0.5982
2022-09-25 02:03:10,137 DEBUG epoch:22, knn_val_accu: 55.00, contrast_loss: 9.21, contrast_acc: 19.93, gan_train_loss: 0.6012, gan_eval_loss: 0.5987
2022-09-25 02:06:25,347 DEBUG epoch:23, knn_val_accu: 55.67, contrast_loss: 9.07, contrast_acc: 20.45, gan_train_loss: 0.6027, gan_eval_loss: 0.5985
2022-09-25 02:09:39,540 DEBUG epoch:24, knn_val_accu: 55.65, contrast_loss: 8.90, contrast_acc: 21.18, gan_train_loss: 0.6020, gan_eval_loss: 0.5959
2022-09-25 02:12:53,889 DEBUG epoch:25, knn_val_accu: 55.15, contrast_loss: 8.83, contrast_acc: 21.28, gan_train_loss: 0.6042, gan_eval_loss: 0.5974
2022-09-25 02:16:08,541 DEBUG epoch:26, knn_val_accu: 55.31, contrast_loss: 8.73, contrast_acc: 21.60, gan_train_loss: 0.6038, gan_eval_loss: 0.5970
2022-09-25 02:19:22,856 DEBUG epoch:27, knn_val_accu: 55.89, contrast_loss: 8.66, contrast_acc: 21.57, gan_train_loss: 0.6057, gan_eval_loss: 0.5958
2022-09-25 02:22:37,419 DEBUG epoch:28, knn_val_accu: 55.92, contrast_loss: 8.58, contrast_acc: 22.00, gan_train_loss: 0.6027, gan_eval_loss: 0.5965
2022-09-25 02:25:50,659 DEBUG epoch:29, knn_val_accu: 56.68, contrast_loss: 8.44, contrast_acc: 22.69, gan_train_loss: 0.6006, gan_eval_loss: 0.5954
2022-09-25 02:29:04,831 DEBUG epoch:30, knn_val_accu: 57.00, contrast_loss: 8.37, contrast_acc: 22.69, gan_train_loss: 0.6006, gan_eval_loss: 0.5970
2022-09-25 02:32:19,277 DEBUG epoch:31, knn_val_accu: 56.97, contrast_loss: 8.32, contrast_acc: 22.59, gan_train_loss: 0.6014, gan_eval_loss: 0.5971
2022-09-25 02:35:32,868 DEBUG epoch:32, knn_val_accu: 56.61, contrast_loss: 8.54, contrast_acc: 21.43, gan_train_loss: 0.6052, gan_eval_loss: 0.5951
2022-09-25 02:38:46,914 DEBUG epoch:33, knn_val_accu: 56.44, contrast_loss: 8.57, contrast_acc: 21.87, gan_train_loss: 0.6080, gan_eval_loss: 0.5969
2022-09-25 02:42:01,596 DEBUG epoch:34, knn_val_accu: 56.84, contrast_loss: 8.77, contrast_acc: 20.19, gan_train_loss: 0.6083, gan_eval_loss: 0.5980
2022-09-25 02:45:17,008 DEBUG epoch:35, knn_val_accu: 57.35, contrast_loss: 8.38, contrast_acc: 22.96, gan_train_loss: 0.6048, gan_eval_loss: 0.5981
2022-09-25 02:48:31,039 DEBUG epoch:36, knn_val_accu: 57.72, contrast_loss: 8.24, contrast_acc: 23.23, gan_train_loss: 0.6062, gan_eval_loss: 0.5961
2022-09-25 02:51:44,698 DEBUG epoch:37, knn_val_accu: 57.88, contrast_loss: 8.40, contrast_acc: 22.77, gan_train_loss: 0.6100, gan_eval_loss: 0.5957
2022-09-25 02:54:58,576 DEBUG epoch:38, knn_val_accu: 57.58, contrast_loss: 8.10, contrast_acc: 23.65, gan_train_loss: 0.6115, gan_eval_loss: 0.5945
2022-09-25 02:58:12,330 DEBUG epoch:39, knn_val_accu: 58.18, contrast_loss: 8.48, contrast_acc: 22.55, gan_train_loss: 0.6176, gan_eval_loss: 0.5944
2022-09-25 03:01:26,717 DEBUG epoch:40, knn_val_accu: 58.53, contrast_loss: 8.11, contrast_acc: 24.38, gan_train_loss: 0.6087, gan_eval_loss: 0.5949
2022-09-25 03:04:39,477 DEBUG epoch:41, knn_val_accu: 58.62, contrast_loss: 8.04, contrast_acc: 23.85, gan_train_loss: 0.6080, gan_eval_loss: 0.5939
2022-09-25 03:07:52,771 DEBUG epoch:42, knn_val_accu: 59.19, contrast_loss: 7.93, contrast_acc: 24.38, gan_train_loss: 0.6075, gan_eval_loss: 0.5961
2022-09-25 03:11:06,766 DEBUG epoch:43, knn_val_accu: 58.89, contrast_loss: 7.81, contrast_acc: 24.89, gan_train_loss: 0.6125, gan_eval_loss: 0.5963
2022-09-25 03:14:18,633 DEBUG epoch:44, knn_val_accu: 58.93, contrast_loss: 8.12, contrast_acc: 23.75, gan_train_loss: 0.6326, gan_eval_loss: 0.5912
2022-09-25 03:17:30,338 DEBUG epoch:45, knn_val_accu: 58.97, contrast_loss: 8.22, contrast_acc: 23.40, gan_train_loss: 0.6463, gan_eval_loss: 0.5898
2022-09-25 03:20:42,610 DEBUG epoch:46, knn_val_accu: 60.24, contrast_loss: 8.06, contrast_acc: 23.60, gan_train_loss: 0.6299, gan_eval_loss: 0.5892
2022-09-25 03:23:54,965 DEBUG epoch:47, knn_val_accu: 57.53, contrast_loss: 7.85, contrast_acc: 24.27, gan_train_loss: 0.6173, gan_eval_loss: 0.5936
2022-09-25 03:27:07,389 DEBUG epoch:48, knn_val_accu: 59.93, contrast_loss: 7.82, contrast_acc: 24.54, gan_train_loss: 0.6122, gan_eval_loss: 0.5919
2022-09-25 03:30:19,707 DEBUG epoch:49, knn_val_accu: 59.14, contrast_loss: 8.02, contrast_acc: 23.54, gan_train_loss: 0.6191, gan_eval_loss: 0.5916
2022-09-25 03:33:32,352 DEBUG epoch:50, knn_val_accu: 60.51, contrast_loss: 7.64, contrast_acc: 25.23, gan_train_loss: 0.6148, gan_eval_loss: 0.5920
2022-09-25 03:36:44,306 DEBUG epoch:51, knn_val_accu: 60.95, contrast_loss: 7.72, contrast_acc: 25.12, gan_train_loss: 0.6331, gan_eval_loss: 0.5892
2022-09-25 03:39:57,450 DEBUG epoch:52, knn_val_accu: 59.73, contrast_loss: 8.08, contrast_acc: 22.46, gan_train_loss: 0.6251, gan_eval_loss: 0.5917
2022-09-25 03:43:10,493 DEBUG epoch:53, knn_val_accu: 60.49, contrast_loss: 8.10, contrast_acc: 22.94, gan_train_loss: 0.6236, gan_eval_loss: 0.5945
2022-09-25 03:46:23,555 DEBUG epoch:54, knn_val_accu: 60.45, contrast_loss: 7.88, contrast_acc: 24.15, gan_train_loss: 0.6302, gan_eval_loss: 0.5921
2022-09-25 03:49:36,624 DEBUG epoch:55, knn_val_accu: 60.59, contrast_loss: 7.67, contrast_acc: 24.98, gan_train_loss: 0.6342, gan_eval_loss: 0.5895
2022-09-25 03:52:48,612 DEBUG epoch:56, knn_val_accu: 60.23, contrast_loss: 7.60, contrast_acc: 25.39, gan_train_loss: 0.6421, gan_eval_loss: 0.5895
2022-09-25 03:56:00,826 DEBUG epoch:57, knn_val_accu: 60.99, contrast_loss: 8.14, contrast_acc: 23.20, gan_train_loss: 0.6456, gan_eval_loss: 0.5881
2022-09-25 03:59:14,914 DEBUG epoch:58, knn_val_accu: 61.64, contrast_loss: 7.53, contrast_acc: 25.70, gan_train_loss: 0.6353, gan_eval_loss: 0.5921
2022-09-25 04:02:27,657 DEBUG epoch:59, knn_val_accu: 60.84, contrast_loss: 7.86, contrast_acc: 24.45, gan_train_loss: 0.6404, gan_eval_loss: 0.5892
2022-09-25 04:05:39,877 DEBUG epoch:60, knn_val_accu: 61.09, contrast_loss: 7.87, contrast_acc: 24.29, gan_train_loss: 0.6431, gan_eval_loss: 0.5899
2022-09-25 04:08:52,721 DEBUG epoch:61, knn_val_accu: 61.49, contrast_loss: 7.50, contrast_acc: 25.84, gan_train_loss: 0.6213, gan_eval_loss: 0.5928
2022-09-25 04:12:05,796 DEBUG epoch:62, knn_val_accu: 61.86, contrast_loss: 7.49, contrast_acc: 26.05, gan_train_loss: 0.6174, gan_eval_loss: 0.5917
2022-09-25 04:15:17,893 DEBUG epoch:63, knn_val_accu: 61.75, contrast_loss: 7.56, contrast_acc: 24.96, gan_train_loss: 0.6193, gan_eval_loss: 0.5932
2022-09-25 04:18:30,095 DEBUG epoch:64, knn_val_accu: 62.65, contrast_loss: 7.43, contrast_acc: 26.34, gan_train_loss: 0.6283, gan_eval_loss: 0.5886
2022-09-25 04:21:41,468 DEBUG epoch:65, knn_val_accu: 62.43, contrast_loss: 7.86, contrast_acc: 23.82, gan_train_loss: 0.6262, gan_eval_loss: 0.5896
2022-09-25 04:24:53,148 DEBUG epoch:66, knn_val_accu: 61.64, contrast_loss: 7.41, contrast_acc: 26.30, gan_train_loss: 0.6115, gan_eval_loss: 0.5916
2022-09-25 04:28:05,741 DEBUG epoch:67, knn_val_accu: 62.06, contrast_loss: 7.30, contrast_acc: 27.07, gan_train_loss: 0.6102, gan_eval_loss: 0.5930
2022-09-25 04:31:17,612 DEBUG epoch:68, knn_val_accu: 61.64, contrast_loss: 7.35, contrast_acc: 26.83, gan_train_loss: 0.6073, gan_eval_loss: 0.5921
2022-09-25 04:34:29,801 DEBUG epoch:69, knn_val_accu: 61.82, contrast_loss: 7.23, contrast_acc: 27.20, gan_train_loss: 0.6060, gan_eval_loss: 0.5937
2022-09-25 04:37:42,855 DEBUG epoch:70, knn_val_accu: 62.42, contrast_loss: 7.19, contrast_acc: 27.47, gan_train_loss: 0.6069, gan_eval_loss: 0.5943
2022-09-25 04:40:55,101 DEBUG epoch:71, knn_val_accu: 62.49, contrast_loss: 7.15, contrast_acc: 27.69, gan_train_loss: 0.6079, gan_eval_loss: 0.5943
2022-09-25 04:44:06,647 DEBUG epoch:72, knn_val_accu: 63.02, contrast_loss: 7.26, contrast_acc: 27.13, gan_train_loss: 0.6132, gan_eval_loss: 0.5903
2022-09-25 04:47:19,177 DEBUG epoch:73, knn_val_accu: 62.58, contrast_loss: 7.23, contrast_acc: 27.33, gan_train_loss: 0.6094, gan_eval_loss: 0.5911
2022-09-25 04:50:31,430 DEBUG epoch:74, knn_val_accu: 63.35, contrast_loss: 7.25, contrast_acc: 27.07, gan_train_loss: 0.6187, gan_eval_loss: 0.5911
2022-09-25 04:53:42,838 DEBUG epoch:75, knn_val_accu: 62.36, contrast_loss: 7.06, contrast_acc: 28.12, gan_train_loss: 0.6067, gan_eval_loss: 0.5924
2022-09-25 04:56:54,729 DEBUG epoch:76, knn_val_accu: 62.40, contrast_loss: 7.20, contrast_acc: 27.74, gan_train_loss: 0.6159, gan_eval_loss: 0.5902
2022-09-25 05:00:05,861 DEBUG epoch:77, knn_val_accu: 61.90, contrast_loss: 7.10, contrast_acc: 28.13, gan_train_loss: 0.5986, gan_eval_loss: 0.5907
2022-09-25 05:03:17,193 DEBUG epoch:78, knn_val_accu: 61.77, contrast_loss: 6.96, contrast_acc: 28.59, gan_train_loss: 0.5957, gan_eval_loss: 0.5914
2022-09-25 05:06:28,741 DEBUG epoch:79, knn_val_accu: 62.77, contrast_loss: 7.20, contrast_acc: 27.27, gan_train_loss: 0.6203, gan_eval_loss: 0.5886
2022-09-25 05:09:39,523 DEBUG epoch:80, knn_val_accu: 62.26, contrast_loss: 7.12, contrast_acc: 28.20, gan_train_loss: 0.6330, gan_eval_loss: 0.5856
2022-09-25 05:12:50,841 DEBUG epoch:81, knn_val_accu: 62.78, contrast_loss: 7.15, contrast_acc: 27.90, gan_train_loss: 0.6140, gan_eval_loss: 0.5907
2022-09-25 05:16:03,429 DEBUG epoch:82, knn_val_accu: 62.27, contrast_loss: 7.01, contrast_acc: 28.37, gan_train_loss: 0.6051, gan_eval_loss: 0.5946
2022-09-25 05:19:15,081 DEBUG epoch:83, knn_val_accu: 62.72, contrast_loss: 6.94, contrast_acc: 28.86, gan_train_loss: 0.6195, gan_eval_loss: 0.5932
2022-09-25 05:22:27,827 DEBUG epoch:84, knn_val_accu: 63.36, contrast_loss: 6.93, contrast_acc: 28.89, gan_train_loss: 0.6076, gan_eval_loss: 0.5937
2022-09-25 05:25:41,440 DEBUG epoch:85, knn_val_accu: 62.83, contrast_loss: 6.89, contrast_acc: 29.29, gan_train_loss: 0.5974, gan_eval_loss: 0.5968
2022-09-25 05:28:55,091 DEBUG epoch:86, knn_val_accu: 63.43, contrast_loss: 6.86, contrast_acc: 29.20, gan_train_loss: 0.5993, gan_eval_loss: 0.5974
2022-09-25 05:32:09,437 DEBUG epoch:87, knn_val_accu: 63.07, contrast_loss: 6.86, contrast_acc: 29.20, gan_train_loss: 0.6009, gan_eval_loss: 0.5973
2022-09-25 05:35:23,334 DEBUG epoch:88, knn_val_accu: 62.61, contrast_loss: 7.02, contrast_acc: 28.22, gan_train_loss: 0.6024, gan_eval_loss: 0.5943
2022-09-25 05:38:36,923 DEBUG epoch:89, knn_val_accu: 62.64, contrast_loss: 6.83, contrast_acc: 29.23, gan_train_loss: 0.6003, gan_eval_loss: 0.5961
2022-09-25 05:41:49,849 DEBUG epoch:90, knn_val_accu: 63.33, contrast_loss: 6.78, contrast_acc: 29.74, gan_train_loss: 0.5989, gan_eval_loss: 0.5939
2022-09-25 05:45:03,433 DEBUG epoch:91, knn_val_accu: 62.04, contrast_loss: 6.88, contrast_acc: 28.94, gan_train_loss: 0.6051, gan_eval_loss: 0.5942
2022-09-25 05:48:16,440 DEBUG epoch:92, knn_val_accu: 62.90, contrast_loss: 7.06, contrast_acc: 28.36, gan_train_loss: 0.6058, gan_eval_loss: 0.5934
2022-09-25 05:51:29,973 DEBUG epoch:93, knn_val_accu: 62.91, contrast_loss: 6.74, contrast_acc: 29.86, gan_train_loss: 0.5994, gan_eval_loss: 0.5955
2022-09-25 05:54:43,687 DEBUG epoch:94, knn_val_accu: 63.30, contrast_loss: 6.72, contrast_acc: 30.19, gan_train_loss: 0.5987, gan_eval_loss: 0.5963
2022-09-25 05:57:57,287 DEBUG epoch:95, knn_val_accu: 62.75, contrast_loss: 6.73, contrast_acc: 30.30, gan_train_loss: 0.5971, gan_eval_loss: 0.5956
2022-09-25 06:01:10,556 DEBUG epoch:96, knn_val_accu: 63.08, contrast_loss: 6.68, contrast_acc: 30.56, gan_train_loss: 0.5995, gan_eval_loss: 0.5961
2022-09-25 06:04:24,955 DEBUG epoch:97, knn_val_accu: 63.84, contrast_loss: 6.71, contrast_acc: 30.28, gan_train_loss: 0.5996, gan_eval_loss: 0.5960
2022-09-25 06:07:37,752 DEBUG epoch:98, knn_val_accu: 62.77, contrast_loss: 6.80, contrast_acc: 29.42, gan_train_loss: 0.6042, gan_eval_loss: 0.5942
2022-09-25 06:10:51,253 DEBUG epoch:99, knn_val_accu: 63.74, contrast_loss: 6.66, contrast_acc: 30.68, gan_train_loss: 0.5999, gan_eval_loss: 0.5979
2022-09-25 06:14:04,882 DEBUG epoch:100, knn_val_accu: 63.09, contrast_loss: 6.65, contrast_acc: 30.60, gan_train_loss: 0.5979, gan_eval_loss: 0.5960
2022-09-25 06:17:17,937 DEBUG epoch:101, knn_val_accu: 63.44, contrast_loss: 6.65, contrast_acc: 30.30, gan_train_loss: 0.5966, gan_eval_loss: 0.5955
2022-09-25 06:20:31,277 DEBUG epoch:102, knn_val_accu: 63.01, contrast_loss: 6.60, contrast_acc: 30.79, gan_train_loss: 0.6002, gan_eval_loss: 0.5965
2022-09-25 06:23:45,236 DEBUG epoch:103, knn_val_accu: 63.12, contrast_loss: 6.63, contrast_acc: 30.73, gan_train_loss: 0.5981, gan_eval_loss: 0.5965
2022-09-25 06:26:58,197 DEBUG epoch:104, knn_val_accu: 63.27, contrast_loss: 6.61, contrast_acc: 30.83, gan_train_loss: 0.5966, gan_eval_loss: 0.5964
2022-09-25 06:30:11,447 DEBUG epoch:105, knn_val_accu: 63.70, contrast_loss: 6.57, contrast_acc: 30.98, gan_train_loss: 0.5947, gan_eval_loss: 0.5948
2022-09-25 06:33:24,532 DEBUG epoch:106, knn_val_accu: 62.89, contrast_loss: 6.54, contrast_acc: 31.07, gan_train_loss: 0.5952, gan_eval_loss: 0.5954
2022-09-25 06:36:37,506 DEBUG epoch:107, knn_val_accu: 64.10, contrast_loss: 6.54, contrast_acc: 31.14, gan_train_loss: 0.5961, gan_eval_loss: 0.5951
2022-09-25 06:39:50,642 DEBUG epoch:108, knn_val_accu: 63.31, contrast_loss: 6.51, contrast_acc: 31.56, gan_train_loss: 0.5956, gan_eval_loss: 0.5948
2022-09-25 06:43:03,990 DEBUG epoch:109, knn_val_accu: 63.32, contrast_loss: 6.50, contrast_acc: 31.60, gan_train_loss: 0.5957, gan_eval_loss: 0.5955
2022-09-25 06:46:17,063 DEBUG epoch:110, knn_val_accu: 63.71, contrast_loss: 6.50, contrast_acc: 31.59, gan_train_loss: 0.5971, gan_eval_loss: 0.5957
2022-09-25 06:49:30,124 DEBUG epoch:111, knn_val_accu: 63.81, contrast_loss: 6.49, contrast_acc: 31.62, gan_train_loss: 0.5966, gan_eval_loss: 0.5957
2022-09-25 06:52:43,120 DEBUG epoch:112, knn_val_accu: 63.56, contrast_loss: 6.46, contrast_acc: 31.73, gan_train_loss: 0.5995, gan_eval_loss: 0.5924
2022-09-25 06:55:55,516 DEBUG epoch:113, knn_val_accu: 62.71, contrast_loss: 6.47, contrast_acc: 31.59, gan_train_loss: 0.6067, gan_eval_loss: 0.5925
2022-09-25 06:59:07,219 DEBUG epoch:114, knn_val_accu: 63.68, contrast_loss: 6.53, contrast_acc: 31.02, gan_train_loss: 0.6145, gan_eval_loss: 0.5918
2022-09-25 07:02:18,943 DEBUG epoch:115, knn_val_accu: 63.89, contrast_loss: 6.66, contrast_acc: 30.90, gan_train_loss: 0.6158, gan_eval_loss: 0.5864
2022-09-25 07:05:31,464 DEBUG epoch:116, knn_val_accu: 63.80, contrast_loss: 6.49, contrast_acc: 31.58, gan_train_loss: 0.6091, gan_eval_loss: 0.5926
2022-09-25 07:08:43,282 DEBUG epoch:117, knn_val_accu: 63.76, contrast_loss: 7.33, contrast_acc: 26.85, gan_train_loss: 0.6170, gan_eval_loss: 0.5915
2022-09-25 07:11:56,320 DEBUG epoch:118, knn_val_accu: 64.58, contrast_loss: 6.74, contrast_acc: 31.13, gan_train_loss: 0.6199, gan_eval_loss: 0.5925
2022-09-25 07:15:07,308 DEBUG epoch:119, knn_val_accu: 63.89, contrast_loss: 6.49, contrast_acc: 31.43, gan_train_loss: 0.6363, gan_eval_loss: 0.5871
2022-09-25 07:18:18,404 DEBUG epoch:120, knn_val_accu: 64.21, contrast_loss: 6.47, contrast_acc: 31.62, gan_train_loss: 0.6320, gan_eval_loss: 0.5876
2022-09-25 07:21:29,843 DEBUG epoch:121, knn_val_accu: 63.91, contrast_loss: 6.43, contrast_acc: 32.06, gan_train_loss: 0.5985, gan_eval_loss: 0.5915
2022-09-25 07:24:41,099 DEBUG epoch:122, knn_val_accu: 64.35, contrast_loss: 6.33, contrast_acc: 32.70, gan_train_loss: 0.5954, gan_eval_loss: 0.5926
2022-09-25 07:27:52,117 DEBUG epoch:123, knn_val_accu: 64.33, contrast_loss: 6.31, contrast_acc: 32.78, gan_train_loss: 0.5999, gan_eval_loss: 0.5905
2022-09-25 07:31:03,863 DEBUG epoch:124, knn_val_accu: 64.92, contrast_loss: 6.28, contrast_acc: 33.06, gan_train_loss: 0.5964, gan_eval_loss: 0.5908
2022-09-25 07:34:15,412 DEBUG epoch:125, knn_val_accu: 64.39, contrast_loss: 6.26, contrast_acc: 32.98, gan_train_loss: 0.5932, gan_eval_loss: 0.5904
2022-09-25 07:37:28,408 DEBUG epoch:126, knn_val_accu: 64.74, contrast_loss: 6.25, contrast_acc: 33.33, gan_train_loss: 0.5943, gan_eval_loss: 0.5939
2022-09-25 07:40:41,254 DEBUG epoch:127, knn_val_accu: 64.48, contrast_loss: 6.23, contrast_acc: 33.47, gan_train_loss: 0.5923, gan_eval_loss: 0.5929
2022-09-25 07:43:52,248 DEBUG epoch:128, knn_val_accu: 64.42, contrast_loss: 6.21, contrast_acc: 33.55, gan_train_loss: 0.5906, gan_eval_loss: 0.5900
2022-09-25 07:47:03,881 DEBUG epoch:129, knn_val_accu: 64.29, contrast_loss: 6.17, contrast_acc: 33.77, gan_train_loss: 0.5933, gan_eval_loss: 0.5912
2022-09-25 07:50:16,018 DEBUG epoch:130, knn_val_accu: 64.85, contrast_loss: 6.19, contrast_acc: 33.78, gan_train_loss: 0.5949, gan_eval_loss: 0.5920
2022-09-25 07:53:28,296 DEBUG epoch:131, knn_val_accu: 64.11, contrast_loss: 6.17, contrast_acc: 33.40, gan_train_loss: 0.5965, gan_eval_loss: 0.5925
2022-09-25 07:56:40,577 DEBUG epoch:132, knn_val_accu: 64.75, contrast_loss: 6.16, contrast_acc: 33.80, gan_train_loss: 0.5968, gan_eval_loss: 0.5928
2022-09-25 07:59:53,198 DEBUG epoch:133, knn_val_accu: 64.54, contrast_loss: 6.13, contrast_acc: 33.68, gan_train_loss: 0.5967, gan_eval_loss: 0.5924
2022-09-25 08:03:05,369 DEBUG epoch:134, knn_val_accu: 64.34, contrast_loss: 6.14, contrast_acc: 34.06, gan_train_loss: 0.5953, gan_eval_loss: 0.5925
2022-09-25 08:06:17,370 DEBUG epoch:135, knn_val_accu: 65.62, contrast_loss: 6.11, contrast_acc: 34.09, gan_train_loss: 0.5930, gan_eval_loss: 0.5916
2022-09-25 08:09:29,588 DEBUG epoch:136, knn_val_accu: 64.69, contrast_loss: 6.09, contrast_acc: 34.04, gan_train_loss: 0.5935, gan_eval_loss: 0.5909
2022-09-25 08:12:41,432 DEBUG epoch:137, knn_val_accu: 65.00, contrast_loss: 6.08, contrast_acc: 34.30, gan_train_loss: 0.5946, gan_eval_loss: 0.5920
2022-09-25 08:15:53,238 DEBUG epoch:138, knn_val_accu: 64.85, contrast_loss: 6.06, contrast_acc: 34.39, gan_train_loss: 0.5949, gan_eval_loss: 0.5913
2022-09-25 08:19:05,276 DEBUG epoch:139, knn_val_accu: 64.88, contrast_loss: 6.06, contrast_acc: 34.40, gan_train_loss: 0.5947, gan_eval_loss: 0.5922
2022-09-25 08:22:17,124 DEBUG epoch:140, knn_val_accu: 65.08, contrast_loss: 6.03, contrast_acc: 34.72, gan_train_loss: 0.5936, gan_eval_loss: 0.5913
2022-09-25 08:25:28,600 DEBUG epoch:141, knn_val_accu: 65.35, contrast_loss: 6.00, contrast_acc: 34.83, gan_train_loss: 0.5920, gan_eval_loss: 0.5909
2022-09-25 08:28:40,284 DEBUG epoch:142, knn_val_accu: 64.62, contrast_loss: 5.99, contrast_acc: 34.51, gan_train_loss: 0.5926, gan_eval_loss: 0.5910
2022-09-25 08:31:51,971 DEBUG epoch:143, knn_val_accu: 65.84, contrast_loss: 5.99, contrast_acc: 34.85, gan_train_loss: 0.5919, gan_eval_loss: 0.5904
2022-09-25 08:35:02,748 DEBUG epoch:144, knn_val_accu: 65.12, contrast_loss: 5.97, contrast_acc: 35.05, gan_train_loss: 0.5929, gan_eval_loss: 0.5908
2022-09-25 08:38:13,890 DEBUG epoch:145, knn_val_accu: 65.47, contrast_loss: 5.96, contrast_acc: 35.08, gan_train_loss: 0.5916, gan_eval_loss: 0.5902
2022-09-25 08:41:25,140 DEBUG epoch:146, knn_val_accu: 65.35, contrast_loss: 5.94, contrast_acc: 35.09, gan_train_loss: 0.5914, gan_eval_loss: 0.5907
2022-09-25 08:44:35,713 DEBUG epoch:147, knn_val_accu: 65.44, contrast_loss: 5.92, contrast_acc: 35.47, gan_train_loss: 0.5921, gan_eval_loss: 0.5909
2022-09-25 08:47:47,100 DEBUG epoch:148, knn_val_accu: 65.73, contrast_loss: 5.88, contrast_acc: 35.49, gan_train_loss: 0.5918, gan_eval_loss: 0.5911
2022-09-25 08:50:57,949 DEBUG epoch:149, knn_val_accu: 65.45, contrast_loss: 5.88, contrast_acc: 35.37, gan_train_loss: 0.5900, gan_eval_loss: 0.5902
2022-09-25 08:54:08,512 DEBUG epoch:150, knn_val_accu: 66.13, contrast_loss: 5.85, contrast_acc: 35.98, gan_train_loss: 0.5891, gan_eval_loss: 0.5894
2022-09-25 08:57:19,284 DEBUG epoch:151, knn_val_accu: 66.08, contrast_loss: 5.85, contrast_acc: 35.76, gan_train_loss: 0.5894, gan_eval_loss: 0.5899
2022-09-25 09:00:29,232 DEBUG epoch:152, knn_val_accu: 65.84, contrast_loss: 5.84, contrast_acc: 35.76, gan_train_loss: 0.5889, gan_eval_loss: 0.5895
2022-09-25 09:03:39,257 DEBUG epoch:153, knn_val_accu: 65.48, contrast_loss: 5.81, contrast_acc: 35.87, gan_train_loss: 0.5893, gan_eval_loss: 0.5898
2022-09-25 09:06:49,918 DEBUG epoch:154, knn_val_accu: 65.76, contrast_loss: 5.84, contrast_acc: 35.73, gan_train_loss: 0.5901, gan_eval_loss: 0.5901
2022-09-25 09:10:00,356 DEBUG epoch:155, knn_val_accu: 65.76, contrast_loss: 5.79, contrast_acc: 36.17, gan_train_loss: 0.5908, gan_eval_loss: 0.5905
2022-09-25 09:13:11,100 DEBUG epoch:156, knn_val_accu: 65.83, contrast_loss: 5.78, contrast_acc: 36.16, gan_train_loss: 0.5908, gan_eval_loss: 0.5911
2022-09-25 09:16:21,728 DEBUG epoch:157, knn_val_accu: 65.68, contrast_loss: 5.77, contrast_acc: 36.08, gan_train_loss: 0.5900, gan_eval_loss: 0.5901
2022-09-25 09:19:32,226 DEBUG epoch:158, knn_val_accu: 65.95, contrast_loss: 5.74, contrast_acc: 36.54, gan_train_loss: 0.5903, gan_eval_loss: 0.5906
2022-09-25 09:22:42,390 DEBUG epoch:159, knn_val_accu: 65.89, contrast_loss: 5.73, contrast_acc: 36.55, gan_train_loss: 0.5903, gan_eval_loss: 0.5903
2022-09-25 09:25:53,080 DEBUG epoch:160, knn_val_accu: 66.10, contrast_loss: 5.73, contrast_acc: 36.49, gan_train_loss: 0.5899, gan_eval_loss: 0.5899
2022-09-25 09:29:03,009 DEBUG epoch:161, knn_val_accu: 66.13, contrast_loss: 5.68, contrast_acc: 36.87, gan_train_loss: 0.5884, gan_eval_loss: 0.5888
2022-09-25 09:32:12,523 DEBUG epoch:162, knn_val_accu: 66.05, contrast_loss: 5.68, contrast_acc: 36.96, gan_train_loss: 0.5878, gan_eval_loss: 0.5884
2022-09-25 09:35:22,684 DEBUG epoch:163, knn_val_accu: 66.57, contrast_loss: 5.63, contrast_acc: 37.13, gan_train_loss: 0.5866, gan_eval_loss: 0.5872
2022-09-25 09:38:32,091 DEBUG epoch:164, knn_val_accu: 66.38, contrast_loss: 5.65, contrast_acc: 36.96, gan_train_loss: 0.5857, gan_eval_loss: 0.5862
2022-09-25 09:41:41,786 DEBUG epoch:165, knn_val_accu: 66.14, contrast_loss: 5.63, contrast_acc: 37.26, gan_train_loss: 0.5853, gan_eval_loss: 0.5859
2022-09-25 09:44:51,606 DEBUG epoch:166, knn_val_accu: 66.49, contrast_loss: 5.60, contrast_acc: 37.09, gan_train_loss: 0.5862, gan_eval_loss: 0.5868
2022-09-25 09:48:01,549 DEBUG epoch:167, knn_val_accu: 66.83, contrast_loss: 5.59, contrast_acc: 37.38, gan_train_loss: 0.5844, gan_eval_loss: 0.5849
2022-09-25 09:51:11,258 DEBUG epoch:168, knn_val_accu: 66.94, contrast_loss: 5.57, contrast_acc: 37.49, gan_train_loss: 0.5864, gan_eval_loss: 0.5870
2022-09-25 09:54:20,544 DEBUG epoch:169, knn_val_accu: 66.65, contrast_loss: 5.56, contrast_acc: 37.73, gan_train_loss: 0.5847, gan_eval_loss: 0.5853
2022-09-25 09:57:29,548 DEBUG epoch:170, knn_val_accu: 66.86, contrast_loss: 5.53, contrast_acc: 38.00, gan_train_loss: 0.5854, gan_eval_loss: 0.5859
2022-09-25 10:00:38,613 DEBUG epoch:171, knn_val_accu: 66.35, contrast_loss: 5.52, contrast_acc: 37.77, gan_train_loss: 0.5847, gan_eval_loss: 0.5853
2022-09-25 10:03:48,099 DEBUG epoch:172, knn_val_accu: 66.58, contrast_loss: 5.52, contrast_acc: 37.96, gan_train_loss: 0.5842, gan_eval_loss: 0.5848
2022-09-25 10:06:57,255 DEBUG epoch:173, knn_val_accu: 67.15, contrast_loss: 5.51, contrast_acc: 38.00, gan_train_loss: 0.5845, gan_eval_loss: 0.5850
2022-09-25 10:10:06,997 DEBUG epoch:174, knn_val_accu: 67.55, contrast_loss: 5.47, contrast_acc: 38.12, gan_train_loss: 0.5850, gan_eval_loss: 0.5856
2022-09-25 10:13:16,430 DEBUG epoch:175, knn_val_accu: 67.36, contrast_loss: 5.47, contrast_acc: 38.25, gan_train_loss: 0.5857, gan_eval_loss: 0.5864
2022-09-25 10:16:25,785 DEBUG epoch:176, knn_val_accu: 67.28, contrast_loss: 5.46, contrast_acc: 38.30, gan_train_loss: 0.5844, gan_eval_loss: 0.5850
2022-09-25 10:19:34,791 DEBUG epoch:177, knn_val_accu: 66.90, contrast_loss: 5.46, contrast_acc: 38.23, gan_train_loss: 0.5847, gan_eval_loss: 0.5852
2022-09-25 10:22:44,204 DEBUG epoch:178, knn_val_accu: 66.93, contrast_loss: 5.44, contrast_acc: 38.44, gan_train_loss: 0.5854, gan_eval_loss: 0.5860
2022-09-25 10:25:53,172 DEBUG epoch:179, knn_val_accu: 67.02, contrast_loss: 5.43, contrast_acc: 38.17, gan_train_loss: 0.5851, gan_eval_loss: 0.5857
2022-09-25 10:29:02,211 DEBUG epoch:180, knn_val_accu: 66.88, contrast_loss: 5.43, contrast_acc: 38.19, gan_train_loss: 0.5840, gan_eval_loss: 0.5845
2022-09-25 10:32:11,803 DEBUG epoch:181, knn_val_accu: 66.76, contrast_loss: 5.41, contrast_acc: 38.50, gan_train_loss: 0.5842, gan_eval_loss: 0.5849
2022-09-25 10:35:20,926 DEBUG epoch:182, knn_val_accu: 67.18, contrast_loss: 5.39, contrast_acc: 38.50, gan_train_loss: 0.5855, gan_eval_loss: 0.5860
2022-09-25 10:38:29,862 DEBUG epoch:183, knn_val_accu: 67.35, contrast_loss: 5.38, contrast_acc: 38.40, gan_train_loss: 0.5860, gan_eval_loss: 0.5867
2022-09-25 10:41:39,439 DEBUG epoch:184, knn_val_accu: 66.88, contrast_loss: 5.38, contrast_acc: 38.32, gan_train_loss: 0.5858, gan_eval_loss: 0.5864
2022-09-25 10:44:48,829 DEBUG epoch:185, knn_val_accu: 67.02, contrast_loss: 5.37, contrast_acc: 38.42, gan_train_loss: 0.5853, gan_eval_loss: 0.5859
2022-09-25 10:47:57,693 DEBUG epoch:186, knn_val_accu: 67.07, contrast_loss: 5.37, contrast_acc: 38.44, gan_train_loss: 0.5853, gan_eval_loss: 0.5859
2022-09-25 10:51:07,471 DEBUG epoch:187, knn_val_accu: 67.37, contrast_loss: 5.36, contrast_acc: 38.59, gan_train_loss: 0.5842, gan_eval_loss: 0.5849
2022-09-25 10:54:16,246 DEBUG epoch:188, knn_val_accu: 67.50, contrast_loss: 5.34, contrast_acc: 38.51, gan_train_loss: 0.5852, gan_eval_loss: 0.5859
2022-09-25 10:57:25,301 DEBUG epoch:189, knn_val_accu: 67.20, contrast_loss: 5.34, contrast_acc: 38.43, gan_train_loss: 0.5865, gan_eval_loss: 0.5872
2022-09-25 11:00:34,712 DEBUG epoch:190, knn_val_accu: 67.35, contrast_loss: 5.34, contrast_acc: 38.68, gan_train_loss: 0.5853, gan_eval_loss: 0.5860
2022-09-25 11:03:44,112 DEBUG epoch:191, knn_val_accu: 67.27, contrast_loss: 5.33, contrast_acc: 38.35, gan_train_loss: 0.5857, gan_eval_loss: 0.5864
2022-09-25 11:06:53,687 DEBUG epoch:192, knn_val_accu: 67.32, contrast_loss: 5.33, contrast_acc: 38.31, gan_train_loss: 0.5859, gan_eval_loss: 0.5866
2022-09-25 11:10:03,818 DEBUG epoch:193, knn_val_accu: 67.29, contrast_loss: 5.37, contrast_acc: 37.99, gan_train_loss: 0.5860, gan_eval_loss: 0.5867
2022-09-25 11:13:12,791 DEBUG epoch:194, knn_val_accu: 67.40, contrast_loss: 5.33, contrast_acc: 38.37, gan_train_loss: 0.5858, gan_eval_loss: 0.5865
2022-09-25 11:16:22,331 DEBUG epoch:195, knn_val_accu: 67.10, contrast_loss: 5.32, contrast_acc: 38.27, gan_train_loss: 0.5876, gan_eval_loss: 0.5883
2022-09-25 11:19:32,371 DEBUG epoch:196, knn_val_accu: 67.19, contrast_loss: 5.33, contrast_acc: 38.30, gan_train_loss: 0.5866, gan_eval_loss: 0.5873
2022-09-25 11:22:41,610 DEBUG epoch:197, knn_val_accu: 67.28, contrast_loss: 5.31, contrast_acc: 38.41, gan_train_loss: 0.5873, gan_eval_loss: 0.5880
2022-09-25 11:25:51,245 DEBUG epoch:198, knn_val_accu: 67.22, contrast_loss: 5.31, contrast_acc: 38.41, gan_train_loss: 0.5885, gan_eval_loss: 0.5892
2022-09-25 11:29:01,489 DEBUG epoch:199, knn_val_accu: 67.26, contrast_loss: 5.33, contrast_acc: 38.33, gan_train_loss: 0.5883, gan_eval_loss: 0.5890
2022-09-25 11:32:11,497 DEBUG epoch:200, knn_val_accu: 67.23, contrast_loss: 5.32, contrast_acc: 38.49, gan_train_loss: 0.5893, gan_eval_loss: 0.5900
2022-09-25 11:32:20,381 DEBUG final knn evaluation accuracy is 67.55
2022-09-25 11:47:07,329 DEBUG final linear-probe evaluation accuracy is 71.14
2022-09-25 11:51:36,397 DEBUG final semi-supervised evaluation accuracy with 10% data is 67.58
2022-09-25 11:54:59,168 DEBUG final semi-supervised evaluation accuracy with 1% data is 56.87
2022-09-25 11:55:07,989 DEBUG final knn evaluation accuracy is 67.55
