2022-07-17 02:17:08,378 DEBUG Generating IR ...... (may take a while)
2022-07-17 02:17:11,825 DEBUG epoch [1/50], train_loss 0.0453 (0.0685), val_loss 0.0699 (0.0684)
2022-07-17 02:17:13,140 DEBUG epoch [2/50], train_loss 0.0353 (0.0642), val_loss 0.0499 (0.0666)
2022-07-17 02:17:14,448 DEBUG epoch [3/50], train_loss 0.0483 (0.0614), val_loss 0.0594 (0.0647)
2022-07-17 02:17:15,807 DEBUG epoch [4/50], train_loss 0.0384 (0.0593), val_loss 0.0737 (0.0640)
2022-07-17 02:17:17,085 DEBUG epoch [5/50], train_loss 0.0491 (0.0575), val_loss 0.0553 (0.0624)
2022-07-17 02:17:18,581 DEBUG epoch [6/50], train_loss 0.0517 (0.0559), val_loss 0.0570 (0.0612)
2022-07-17 02:17:19,911 DEBUG epoch [7/50], train_loss 0.0389 (0.0546), val_loss 0.0501 (0.0597)
2022-07-17 02:17:21,419 DEBUG epoch [8/50], train_loss 0.0280 (0.0534), val_loss 0.0471 (0.0587)
2022-07-17 02:17:22,743 DEBUG epoch [9/50], train_loss 0.0408 (0.0523), val_loss 0.0574 (0.0585)
2022-07-17 02:17:24,090 DEBUG epoch [10/50], train_loss 0.0446 (0.0515), val_loss 0.0481 (0.0577)
2022-07-17 02:17:25,465 DEBUG epoch [11/50], train_loss 0.0334 (0.0507), val_loss 0.0509 (0.0571)
2022-07-17 02:17:26,878 DEBUG epoch [12/50], train_loss 0.0424 (0.0501), val_loss 0.0577 (0.0568)
2022-07-17 02:17:28,161 DEBUG epoch [13/50], train_loss 0.0525 (0.0497), val_loss 0.0460 (0.0563)
2022-07-17 02:17:29,422 DEBUG epoch [14/50], train_loss 0.0365 (0.0492), val_loss 0.0484 (0.0557)
2022-07-17 02:17:30,669 DEBUG epoch [15/50], train_loss 0.0621 (0.0487), val_loss 0.0507 (0.0554)
2022-07-17 02:17:31,956 DEBUG epoch [16/50], train_loss 0.0717 (0.0483), val_loss 0.0497 (0.0550)
2022-07-17 02:17:33,232 DEBUG epoch [17/50], train_loss 0.0385 (0.0479), val_loss 0.0576 (0.0549)
2022-07-17 02:17:34,421 DEBUG epoch [18/50], train_loss 0.0598 (0.0474), val_loss 0.0514 (0.0545)
2022-07-17 02:17:35,810 DEBUG epoch [19/50], train_loss 0.0573 (0.0470), val_loss 0.0470 (0.0544)
2022-07-17 02:17:37,182 DEBUG epoch [20/50], train_loss 0.0509 (0.0467), val_loss 0.0633 (0.0543)
2022-07-17 02:17:38,582 DEBUG epoch [21/50], train_loss 0.0610 (0.0464), val_loss 0.0545 (0.0541)
2022-07-17 02:17:39,923 DEBUG epoch [22/50], train_loss 0.0617 (0.0461), val_loss 0.0451 (0.0539)
2022-07-17 02:17:41,155 DEBUG epoch [23/50], train_loss 0.0450 (0.0458), val_loss 0.0552 (0.0537)
2022-07-17 02:17:42,485 DEBUG epoch [24/50], train_loss 0.0506 (0.0456), val_loss 0.0495 (0.0536)
2022-07-17 02:17:43,875 DEBUG epoch [25/50], train_loss 0.0907 (0.0453), val_loss 0.0571 (0.0534)
2022-07-17 02:17:45,207 DEBUG epoch [26/50], train_loss 0.0544 (0.0450), val_loss 0.0512 (0.0532)
2022-07-17 02:17:46,684 DEBUG epoch [27/50], train_loss 0.0686 (0.0447), val_loss 0.0455 (0.0531)
2022-07-17 02:17:47,998 DEBUG epoch [28/50], train_loss 0.0593 (0.0444), val_loss 0.0521 (0.0530)
2022-07-17 02:17:49,337 DEBUG epoch [29/50], train_loss 0.0859 (0.0442), val_loss 0.0549 (0.0528)
2022-07-17 02:17:50,648 DEBUG epoch [30/50], train_loss 0.0719 (0.0441), val_loss 0.0505 (0.0529)
2022-07-17 02:17:52,019 DEBUG epoch [31/50], train_loss 0.0543 (0.0439), val_loss 0.0499 (0.0528)
2022-07-17 02:17:53,357 DEBUG epoch [32/50], train_loss 0.0482 (0.0436), val_loss 0.0541 (0.0527)
2022-07-17 02:17:54,727 DEBUG epoch [33/50], train_loss 0.0632 (0.0433), val_loss 0.0445 (0.0525)
2022-07-17 02:17:55,984 DEBUG epoch [34/50], train_loss 0.0346 (0.0430), val_loss 0.0517 (0.0525)
2022-07-17 02:17:57,220 DEBUG epoch [35/50], train_loss 0.0518 (0.0427), val_loss 0.0560 (0.0525)
2022-07-17 02:17:58,517 DEBUG epoch [36/50], train_loss 0.0438 (0.0425), val_loss 0.0440 (0.0523)
2022-07-17 02:17:59,841 DEBUG epoch [37/50], train_loss 0.0284 (0.0422), val_loss 0.0384 (0.0522)
2022-07-17 02:18:01,127 DEBUG epoch [38/50], train_loss 0.0405 (0.0419), val_loss 0.0416 (0.0520)
2022-07-17 02:18:02,468 DEBUG epoch [39/50], train_loss 0.0337 (0.0416), val_loss 0.0424 (0.0519)
2022-07-17 02:18:03,687 DEBUG epoch [40/50], train_loss 0.0681 (0.0413), val_loss 0.0438 (0.0518)
2022-07-17 02:18:04,847 DEBUG epoch [41/50], train_loss 0.0361 (0.0411), val_loss 0.0541 (0.0517)
2022-07-17 02:18:06,117 DEBUG epoch [42/50], train_loss 0.0441 (0.0409), val_loss 0.0495 (0.0516)
2022-07-17 02:18:07,409 DEBUG epoch [43/50], train_loss 0.0341 (0.0406), val_loss 0.0539 (0.0517)
2022-07-17 02:18:08,707 DEBUG epoch [44/50], train_loss 0.0560 (0.0404), val_loss 0.0468 (0.0516)
2022-07-17 02:18:09,991 DEBUG epoch [45/50], train_loss 0.0321 (0.0401), val_loss 0.0508 (0.0515)
2022-07-17 02:18:11,293 DEBUG epoch [46/50], train_loss 0.0269 (0.0399), val_loss 0.0476 (0.0515)
2022-07-17 02:18:12,604 DEBUG epoch [47/50], train_loss 0.0321 (0.0396), val_loss 0.0530 (0.0515)
2022-07-17 02:18:14,010 DEBUG epoch [48/50], train_loss 0.0720 (0.0394), val_loss 0.0467 (0.0514)
2022-07-17 02:18:15,386 DEBUG epoch [49/50], train_loss 0.1116 (0.0391), val_loss 0.0434 (0.0513)
2022-07-17 02:18:16,742 DEBUG epoch [50/50], train_loss 0.0368 (0.0389), val_loss 0.0490 (0.0513)
2022-07-17 02:18:16,742 DEBUG Using MIA arch res_normN4C64 Best Validation Loss is 0.0383564718067646
2022-07-17 02:18:17,891 DEBUG MSE Loss on ALL Image is 0.0376 (Real Attack Results on the Target Client)
2022-07-17 02:18:17,891 DEBUG SSIM Loss on ALL Image is 0.4374 (Real Attack Results on the Target Client)
2022-07-17 02:18:17,892 DEBUG PSNR Loss on ALL Image is 14.7490 (Real Attack Results on the Target Client)
