2022-07-10 04:48:04,391 DEBUG Generating IR ...... (may take a while)
2022-07-10 04:48:06,562 DEBUG epoch [1/50], train_loss 0.0600 (0.0779), val_loss 0.0677 (0.0641)
2022-07-10 04:48:07,160 DEBUG epoch [2/50], train_loss 0.0744 (0.0727), val_loss 0.0562 (0.0614)
2022-07-10 04:48:07,718 DEBUG epoch [3/50], train_loss 0.0612 (0.0704), val_loss 0.0663 (0.0601)
2022-07-10 04:48:08,294 DEBUG epoch [4/50], train_loss 0.0758 (0.0689), val_loss 0.0648 (0.0595)
2022-07-10 04:48:08,874 DEBUG epoch [5/50], train_loss 0.0565 (0.0679), val_loss 0.0620 (0.0591)
2022-07-10 04:48:09,435 DEBUG epoch [6/50], train_loss 0.0811 (0.0672), val_loss 0.0506 (0.0582)
2022-07-10 04:48:10,041 DEBUG epoch [7/50], train_loss 0.0935 (0.0664), val_loss 0.0492 (0.0576)
2022-07-10 04:48:10,625 DEBUG epoch [8/50], train_loss 0.0612 (0.0658), val_loss 0.0491 (0.0573)
2022-07-10 04:48:11,207 DEBUG epoch [9/50], train_loss 0.0942 (0.0652), val_loss 0.0506 (0.0568)
2022-07-10 04:48:11,819 DEBUG epoch [10/50], train_loss 0.0677 (0.0649), val_loss 0.0491 (0.0567)
2022-07-10 04:48:12,424 DEBUG epoch [11/50], train_loss 0.0480 (0.0645), val_loss 0.0491 (0.0566)
2022-07-10 04:48:13,000 DEBUG epoch [12/50], train_loss 0.0724 (0.0640), val_loss 0.0543 (0.0564)
2022-07-10 04:48:13,573 DEBUG epoch [13/50], train_loss 0.0732 (0.0637), val_loss 0.0549 (0.0563)
2022-07-10 04:48:14,187 DEBUG epoch [14/50], train_loss 0.0816 (0.0633), val_loss 0.0498 (0.0561)
2022-07-10 04:48:14,746 DEBUG epoch [15/50], train_loss 0.0589 (0.0630), val_loss 0.0583 (0.0561)
2022-07-10 04:48:15,346 DEBUG epoch [16/50], train_loss 0.0430 (0.0627), val_loss 0.0452 (0.0559)
2022-07-10 04:48:15,971 DEBUG epoch [17/50], train_loss 0.0839 (0.0624), val_loss 0.0464 (0.0559)
2022-07-10 04:48:16,545 DEBUG epoch [18/50], train_loss 0.0741 (0.0622), val_loss 0.0542 (0.0559)
2022-07-10 04:48:17,142 DEBUG epoch [19/50], train_loss 0.0814 (0.0618), val_loss 0.0558 (0.0560)
2022-07-10 04:48:17,734 DEBUG epoch [20/50], train_loss 0.0619 (0.0615), val_loss 0.0501 (0.0560)
2022-07-10 04:48:18,318 DEBUG epoch [21/50], train_loss 0.0894 (0.0612), val_loss 0.0640 (0.0561)
2022-07-10 04:48:18,908 DEBUG epoch [22/50], train_loss 0.0759 (0.0609), val_loss 0.0629 (0.0560)
2022-07-10 04:48:19,483 DEBUG epoch [23/50], train_loss 0.0600 (0.0607), val_loss 0.0597 (0.0560)
2022-07-10 04:48:20,077 DEBUG epoch [24/50], train_loss 0.0465 (0.0605), val_loss 0.0627 (0.0561)
2022-07-10 04:48:20,668 DEBUG epoch [25/50], train_loss 0.1171 (0.0603), val_loss 0.0449 (0.0560)
2022-07-10 04:48:21,245 DEBUG epoch [26/50], train_loss 0.0637 (0.0600), val_loss 0.0638 (0.0561)
2022-07-10 04:48:21,814 DEBUG epoch [27/50], train_loss 0.0992 (0.0596), val_loss 0.0737 (0.0563)
2022-07-10 04:48:22,401 DEBUG epoch [28/50], train_loss 0.1169 (0.0593), val_loss 0.0522 (0.0565)
2022-07-10 04:48:23,006 DEBUG epoch [29/50], train_loss 0.0743 (0.0590), val_loss 0.0566 (0.0567)
2022-07-10 04:48:23,586 DEBUG epoch [30/50], train_loss 0.0481 (0.0587), val_loss 0.0566 (0.0568)
2022-07-10 04:48:24,179 DEBUG epoch [31/50], train_loss 0.0620 (0.0584), val_loss 0.0616 (0.0570)
2022-07-10 04:48:24,755 DEBUG epoch [32/50], train_loss 0.0484 (0.0581), val_loss 0.0550 (0.0571)
2022-07-10 04:48:25,327 DEBUG epoch [33/50], train_loss 0.0749 (0.0577), val_loss 0.0507 (0.0572)
2022-07-10 04:48:25,926 DEBUG epoch [34/50], train_loss 0.0717 (0.0575), val_loss 0.0640 (0.0573)
2022-07-10 04:48:26,524 DEBUG epoch [35/50], train_loss 0.0725 (0.0572), val_loss 0.0613 (0.0573)
2022-07-10 04:48:27,099 DEBUG epoch [36/50], train_loss 0.1252 (0.0570), val_loss 0.0471 (0.0574)
2022-07-10 04:48:27,709 DEBUG epoch [37/50], train_loss 0.0943 (0.0566), val_loss 0.0583 (0.0577)
2022-07-10 04:48:28,295 DEBUG epoch [38/50], train_loss 0.0337 (0.0563), val_loss 0.0722 (0.0579)
2022-07-10 04:48:28,853 DEBUG epoch [39/50], train_loss 0.0543 (0.0560), val_loss 0.0522 (0.0580)
2022-07-10 04:48:29,457 DEBUG epoch [40/50], train_loss 0.0503 (0.0557), val_loss 0.0604 (0.0581)
2022-07-10 04:48:30,056 DEBUG epoch [41/50], train_loss 0.0386 (0.0553), val_loss 0.0551 (0.0582)
2022-07-10 04:48:30,640 DEBUG epoch [42/50], train_loss 0.0630 (0.0549), val_loss 0.0752 (0.0583)
2022-07-10 04:48:31,233 DEBUG epoch [43/50], train_loss 0.0580 (0.0545), val_loss 0.0610 (0.0585)
2022-07-10 04:48:31,778 DEBUG epoch [44/50], train_loss 0.0776 (0.0542), val_loss 0.0513 (0.0585)
2022-07-10 04:48:32,352 DEBUG epoch [45/50], train_loss 0.1126 (0.0538), val_loss 0.0521 (0.0586)
2022-07-10 04:48:32,951 DEBUG epoch [46/50], train_loss 0.0492 (0.0535), val_loss 0.0804 (0.0588)
2022-07-10 04:48:33,521 DEBUG epoch [47/50], train_loss 0.0652 (0.0531), val_loss 0.0638 (0.0590)
2022-07-10 04:48:34,110 DEBUG epoch [48/50], train_loss 0.0555 (0.0528), val_loss 0.0776 (0.0591)
2022-07-10 04:48:34,696 DEBUG epoch [49/50], train_loss 0.0320 (0.0525), val_loss 0.0767 (0.0593)
2022-07-10 04:48:35,299 DEBUG epoch [50/50], train_loss 0.0493 (0.0521), val_loss 0.0553 (0.0594)
2022-07-10 04:48:35,299 DEBUG Using MIA arch res_normN4C64 Best Validation Loss is 0.044946424663066864
2022-07-10 04:48:36,137 DEBUG MSE Loss on ALL Image is 0.0445 (Real Attack Results on the Target Client)
2022-07-10 04:48:36,138 DEBUG SSIM Loss on ALL Image is 0.4009 (Real Attack Results on the Target Client)
2022-07-10 04:48:36,138 DEBUG PSNR Loss on ALL Image is 14.3092 (Real Attack Results on the Target Client)
