2022-07-06 04:46:27,769 DEBUG Enable ResSFL fine-tuning: arch-res_normN4C64-alpha-2.0-ssim-0.6, using cifar100 as auxiliary data
2022-07-06 04:46:28,234 DEBUG SFL-Moco (ResSFL-expert) Train on cifar10 with cutlayer 2: total epochs: 200
2022-07-06 04:49:45,750 DEBUG epoch:1, knn_val_accu: 42.69, contrast_loss: 13.94, contrast_acc: 11.49, gan_train_loss: 0.8234, gan_eval_loss: 0.4342
2022-07-06 04:52:59,738 DEBUG epoch:2, knn_val_accu: 50.39, contrast_loss: 12.54, contrast_acc: 11.67, gan_train_loss: 0.9149, gan_eval_loss: 0.4353
2022-07-06 04:56:17,213 DEBUG epoch:3, knn_val_accu: 54.55, contrast_loss: 10.94, contrast_acc: 13.18, gan_train_loss: 0.9349, gan_eval_loss: 0.4334
2022-07-06 04:56:53,158 DEBUG Enable ResSFL fine-tuning: arch-res_normN4C64-alpha-2.0-ssim-0.6, using cifar100 as auxiliary data
2022-07-06 04:56:53,593 DEBUG SFL-Moco (ResSFL-expert) Train on cifar10 with cutlayer 2: total epochs: 200
2022-07-08 05:25:05,906 DEBUG Enable ResSFL fine-tuning: arch-res_normN4C64-alpha-2.0-ssim-0.6, using cifar100 as auxiliary data
2022-07-08 05:25:06,451 DEBUG SFL-Moco (ResSFL-expert) Train on cifar10 with cutlayer 2: total epochs: 200
2022-07-08 05:28:46,425 DEBUG epoch:1, knn_val_accu: 33.82, contrast_loss: 14.38, contrast_acc: 12.08, gan_train_loss: 0.5861, gan_eval_loss: 0.5750
2022-07-08 05:32:33,961 DEBUG epoch:2, knn_val_accu: 37.60, contrast_loss: 14.07, contrast_acc: 10.23, gan_train_loss: 0.6016, gan_eval_loss: 0.5976
2022-07-08 05:36:22,987 DEBUG epoch:3, knn_val_accu: 40.21, contrast_loss: 13.62, contrast_acc: 10.16, gan_train_loss: 0.6020, gan_eval_loss: 0.6005
2022-07-08 05:40:08,896 DEBUG epoch:4, knn_val_accu: 43.77, contrast_loss: 13.25, contrast_acc: 9.79, gan_train_loss: 0.5983, gan_eval_loss: 0.5980
2022-07-08 05:43:58,326 DEBUG epoch:5, knn_val_accu: 45.17, contrast_loss: 12.81, contrast_acc: 10.23, gan_train_loss: 0.6006, gan_eval_loss: 0.6009
2022-07-08 05:47:49,575 DEBUG epoch:6, knn_val_accu: 46.71, contrast_loss: 12.43, contrast_acc: 10.32, gan_train_loss: 0.6019, gan_eval_loss: 0.6022
2022-07-08 05:51:42,035 DEBUG epoch:7, knn_val_accu: 47.52, contrast_loss: 11.99, contrast_acc: 10.91, gan_train_loss: 0.6033, gan_eval_loss: 0.6036
2022-07-08 05:55:33,296 DEBUG epoch:8, knn_val_accu: 49.31, contrast_loss: 11.57, contrast_acc: 11.43, gan_train_loss: 0.6055, gan_eval_loss: 0.6066
2022-07-08 05:59:27,420 DEBUG epoch:9, knn_val_accu: 49.97, contrast_loss: 11.14, contrast_acc: 11.95, gan_train_loss: 0.6079, gan_eval_loss: 0.6091
2022-07-08 06:03:21,929 DEBUG epoch:10, knn_val_accu: 50.88, contrast_loss: 10.73, contrast_acc: 12.49, gan_train_loss: 0.6091, gan_eval_loss: 0.6097
2022-07-08 06:07:16,934 DEBUG epoch:11, knn_val_accu: 51.56, contrast_loss: 10.37, contrast_acc: 13.16, gan_train_loss: 0.6080, gan_eval_loss: 0.6095
2022-07-08 06:11:11,904 DEBUG epoch:12, knn_val_accu: 51.70, contrast_loss: 10.07, contrast_acc: 13.46, gan_train_loss: 0.6061, gan_eval_loss: 0.6087
2022-07-08 06:15:01,890 DEBUG epoch:13, knn_val_accu: 52.93, contrast_loss: 9.75, contrast_acc: 14.01, gan_train_loss: 0.6027, gan_eval_loss: 0.6029
2022-07-08 06:18:54,787 DEBUG epoch:14, knn_val_accu: 53.74, contrast_loss: 9.66, contrast_acc: 14.07, gan_train_loss: 0.6061, gan_eval_loss: 0.6034
2022-07-08 06:22:46,210 DEBUG epoch:15, knn_val_accu: 55.59, contrast_loss: 9.45, contrast_acc: 14.62, gan_train_loss: 0.6108, gan_eval_loss: 0.6012
2022-07-08 06:26:37,301 DEBUG epoch:16, knn_val_accu: 55.61, contrast_loss: 9.22, contrast_acc: 15.40, gan_train_loss: 0.6082, gan_eval_loss: 0.6033
2022-07-08 06:30:28,251 DEBUG epoch:17, knn_val_accu: 55.83, contrast_loss: 8.89, contrast_acc: 17.01, gan_train_loss: 0.6045, gan_eval_loss: 0.6062
2022-07-08 06:34:21,594 DEBUG epoch:18, knn_val_accu: 56.50, contrast_loss: 8.73, contrast_acc: 17.82, gan_train_loss: 0.6034, gan_eval_loss: 0.6060
2022-07-08 06:38:15,701 DEBUG epoch:19, knn_val_accu: 56.17, contrast_loss: 8.59, contrast_acc: 18.03, gan_train_loss: 0.6046, gan_eval_loss: 0.6070
2022-07-08 06:42:08,769 DEBUG epoch:20, knn_val_accu: 56.90, contrast_loss: 8.60, contrast_acc: 17.86, gan_train_loss: 0.6067, gan_eval_loss: 0.6047
2022-07-08 06:46:01,752 DEBUG epoch:21, knn_val_accu: 57.78, contrast_loss: 8.42, contrast_acc: 18.62, gan_train_loss: 0.6072, gan_eval_loss: 0.6064
2022-07-08 06:49:56,366 DEBUG epoch:22, knn_val_accu: 58.09, contrast_loss: 8.32, contrast_acc: 19.30, gan_train_loss: 0.6084, gan_eval_loss: 0.6080
2022-07-08 06:53:53,623 DEBUG epoch:23, knn_val_accu: 58.14, contrast_loss: 8.23, contrast_acc: 19.69, gan_train_loss: 0.6085, gan_eval_loss: 0.6119
2022-07-08 06:57:51,050 DEBUG epoch:24, knn_val_accu: 57.85, contrast_loss: 8.16, contrast_acc: 19.98, gan_train_loss: 0.6105, gan_eval_loss: 0.6137
2022-07-08 07:01:48,007 DEBUG epoch:25, knn_val_accu: 57.32, contrast_loss: 8.12, contrast_acc: 20.28, gan_train_loss: 0.6116, gan_eval_loss: 0.6147
2022-07-08 07:05:45,355 DEBUG epoch:26, knn_val_accu: 58.28, contrast_loss: 8.08, contrast_acc: 20.33, gan_train_loss: 0.6106, gan_eval_loss: 0.6140
2022-07-08 07:09:41,618 DEBUG epoch:27, knn_val_accu: 58.34, contrast_loss: 8.01, contrast_acc: 21.05, gan_train_loss: 0.6118, gan_eval_loss: 0.6157
2022-07-08 07:13:39,699 DEBUG epoch:28, knn_val_accu: 57.71, contrast_loss: 8.01, contrast_acc: 20.76, gan_train_loss: 0.6136, gan_eval_loss: 0.6165
2022-07-08 07:17:37,625 DEBUG epoch:29, knn_val_accu: 58.37, contrast_loss: 7.98, contrast_acc: 20.98, gan_train_loss: 0.6162, gan_eval_loss: 0.6196
2022-07-08 07:21:34,975 DEBUG epoch:30, knn_val_accu: 57.88, contrast_loss: 7.93, contrast_acc: 21.17, gan_train_loss: 0.6123, gan_eval_loss: 0.6152
2022-07-08 07:25:34,362 DEBUG epoch:31, knn_val_accu: 57.32, contrast_loss: 7.91, contrast_acc: 21.33, gan_train_loss: 0.6174, gan_eval_loss: 0.6205
2022-07-08 07:29:36,497 DEBUG epoch:32, knn_val_accu: 58.15, contrast_loss: 7.90, contrast_acc: 21.23, gan_train_loss: 0.6175, gan_eval_loss: 0.6210
2022-07-08 07:33:43,992 DEBUG epoch:33, knn_val_accu: 57.87, contrast_loss: 7.89, contrast_acc: 21.08, gan_train_loss: 0.6218, gan_eval_loss: 0.6253
2022-07-08 07:37:53,762 DEBUG epoch:34, knn_val_accu: 58.63, contrast_loss: 7.84, contrast_acc: 21.64, gan_train_loss: 0.6234, gan_eval_loss: 0.6267
2022-07-08 07:42:02,215 DEBUG epoch:35, knn_val_accu: 58.44, contrast_loss: 7.83, contrast_acc: 21.90, gan_train_loss: 0.6193, gan_eval_loss: 0.6217
2022-07-08 07:46:11,660 DEBUG epoch:36, knn_val_accu: 58.04, contrast_loss: 7.79, contrast_acc: 22.08, gan_train_loss: 0.6246, gan_eval_loss: 0.6276
2022-07-08 07:50:42,933 DEBUG epoch:37, knn_val_accu: 58.91, contrast_loss: 7.80, contrast_acc: 21.86, gan_train_loss: 0.6207, gan_eval_loss: 0.6241
2022-07-08 07:55:17,747 DEBUG epoch:38, knn_val_accu: 58.32, contrast_loss: 7.76, contrast_acc: 22.24, gan_train_loss: 0.6226, gan_eval_loss: 0.6259
2022-07-08 07:59:53,254 DEBUG epoch:39, knn_val_accu: 58.93, contrast_loss: 7.74, contrast_acc: 22.22, gan_train_loss: 0.6201, gan_eval_loss: 0.6235
2022-07-08 08:04:24,509 DEBUG epoch:40, knn_val_accu: 58.66, contrast_loss: 7.73, contrast_acc: 22.34, gan_train_loss: 0.6202, gan_eval_loss: 0.6237
2022-07-08 08:08:36,861 DEBUG epoch:41, knn_val_accu: 59.10, contrast_loss: 7.72, contrast_acc: 22.61, gan_train_loss: 0.6236, gan_eval_loss: 0.6269
2022-07-08 08:12:44,309 DEBUG epoch:42, knn_val_accu: 58.47, contrast_loss: 7.69, contrast_acc: 22.63, gan_train_loss: 0.6231, gan_eval_loss: 0.6263
2022-07-08 08:16:45,760 DEBUG epoch:43, knn_val_accu: 57.74, contrast_loss: 7.66, contrast_acc: 22.90, gan_train_loss: 0.6233, gan_eval_loss: 0.6262
2022-07-08 08:20:50,556 DEBUG epoch:44, knn_val_accu: 58.15, contrast_loss: 7.64, contrast_acc: 22.95, gan_train_loss: 0.6249, gan_eval_loss: 0.6288
2022-07-08 08:24:56,241 DEBUG epoch:45, knn_val_accu: 58.61, contrast_loss: 7.64, contrast_acc: 22.90, gan_train_loss: 0.6240, gan_eval_loss: 0.6276
2022-07-08 08:28:59,635 DEBUG epoch:46, knn_val_accu: 59.00, contrast_loss: 7.63, contrast_acc: 23.09, gan_train_loss: 0.6234, gan_eval_loss: 0.6268
2022-07-08 08:33:04,581 DEBUG epoch:47, knn_val_accu: 58.17, contrast_loss: 7.57, contrast_acc: 23.39, gan_train_loss: 0.6235, gan_eval_loss: 0.6269
2022-07-08 08:37:07,544 DEBUG epoch:48, knn_val_accu: 58.23, contrast_loss: 7.58, contrast_acc: 23.38, gan_train_loss: 0.6266, gan_eval_loss: 0.6304
2022-07-08 08:41:12,767 DEBUG epoch:49, knn_val_accu: 58.92, contrast_loss: 7.55, contrast_acc: 23.54, gan_train_loss: 0.6267, gan_eval_loss: 0.6300
2022-07-08 08:45:16,090 DEBUG epoch:50, knn_val_accu: 58.24, contrast_loss: 7.55, contrast_acc: 23.65, gan_train_loss: 0.6291, gan_eval_loss: 0.6327
2022-07-08 08:49:20,444 DEBUG epoch:51, knn_val_accu: 57.83, contrast_loss: 7.57, contrast_acc: 23.46, gan_train_loss: 0.6291, gan_eval_loss: 0.6327
2022-07-08 08:53:26,676 DEBUG epoch:52, knn_val_accu: 58.68, contrast_loss: 7.53, contrast_acc: 23.73, gan_train_loss: 0.6275, gan_eval_loss: 0.6309
2022-07-08 08:57:30,273 DEBUG epoch:53, knn_val_accu: 59.41, contrast_loss: 7.52, contrast_acc: 23.94, gan_train_loss: 0.6289, gan_eval_loss: 0.6324
2022-07-08 09:01:35,111 DEBUG epoch:54, knn_val_accu: 59.27, contrast_loss: 7.51, contrast_acc: 23.83, gan_train_loss: 0.6247, gan_eval_loss: 0.6289
2022-07-08 09:05:37,986 DEBUG epoch:55, knn_val_accu: 60.05, contrast_loss: 7.49, contrast_acc: 24.16, gan_train_loss: 0.6299, gan_eval_loss: 0.6331
2022-07-08 09:09:42,875 DEBUG epoch:56, knn_val_accu: 58.58, contrast_loss: 7.46, contrast_acc: 24.27, gan_train_loss: 0.6339, gan_eval_loss: 0.6370
2022-07-08 09:13:46,149 DEBUG epoch:57, knn_val_accu: 57.89, contrast_loss: 7.46, contrast_acc: 24.16, gan_train_loss: 0.6245, gan_eval_loss: 0.6279
2022-07-08 09:17:50,120 DEBUG epoch:58, knn_val_accu: 59.34, contrast_loss: 7.45, contrast_acc: 24.32, gan_train_loss: 0.6185, gan_eval_loss: 0.6218
2022-07-08 09:21:55,304 DEBUG epoch:59, knn_val_accu: 59.59, contrast_loss: 7.45, contrast_acc: 24.68, gan_train_loss: 0.6154, gan_eval_loss: 0.6188
2022-07-08 09:25:58,119 DEBUG epoch:60, knn_val_accu: 59.51, contrast_loss: 7.41, contrast_acc: 24.83, gan_train_loss: 0.6179, gan_eval_loss: 0.6208
2022-07-08 09:30:00,138 DEBUG epoch:61, knn_val_accu: 58.39, contrast_loss: 7.38, contrast_acc: 24.85, gan_train_loss: 0.6110, gan_eval_loss: 0.6132
2022-07-08 09:33:57,708 DEBUG epoch:62, knn_val_accu: 60.79, contrast_loss: 7.29, contrast_acc: 25.67, gan_train_loss: 0.6046, gan_eval_loss: 0.6060
2022-07-08 09:37:55,616 DEBUG epoch:63, knn_val_accu: 59.31, contrast_loss: 7.25, contrast_acc: 25.93, gan_train_loss: 0.6027, gan_eval_loss: 0.6036
2022-07-08 09:41:51,521 DEBUG epoch:64, knn_val_accu: 60.61, contrast_loss: 7.22, contrast_acc: 26.31, gan_train_loss: 0.6022, gan_eval_loss: 0.6028
2022-07-08 09:45:48,875 DEBUG epoch:65, knn_val_accu: 60.68, contrast_loss: 7.20, contrast_acc: 26.15, gan_train_loss: 0.6029, gan_eval_loss: 0.6026
2022-07-08 09:49:44,553 DEBUG epoch:66, knn_val_accu: 61.39, contrast_loss: 7.17, contrast_acc: 26.43, gan_train_loss: 0.6021, gan_eval_loss: 0.6032
2022-07-08 09:53:42,486 DEBUG epoch:67, knn_val_accu: 61.07, contrast_loss: 7.16, contrast_acc: 26.77, gan_train_loss: 0.6025, gan_eval_loss: 0.6040
2022-07-08 09:57:37,869 DEBUG epoch:68, knn_val_accu: 61.34, contrast_loss: 7.14, contrast_acc: 26.74, gan_train_loss: 0.6001, gan_eval_loss: 0.6014
2022-07-08 10:01:34,165 DEBUG epoch:69, knn_val_accu: 62.18, contrast_loss: 7.12, contrast_acc: 26.82, gan_train_loss: 0.5986, gan_eval_loss: 0.5998
2022-07-08 10:05:26,625 DEBUG epoch:70, knn_val_accu: 62.22, contrast_loss: 7.07, contrast_acc: 27.51, gan_train_loss: 0.5956, gan_eval_loss: 0.5970
2022-07-08 10:09:21,361 DEBUG epoch:71, knn_val_accu: 62.52, contrast_loss: 7.04, contrast_acc: 27.52, gan_train_loss: 0.5968, gan_eval_loss: 0.5985
2022-07-08 10:13:18,750 DEBUG epoch:72, knn_val_accu: 61.88, contrast_loss: 7.05, contrast_acc: 27.52, gan_train_loss: 0.5984, gan_eval_loss: 0.5998
2022-07-08 10:17:13,959 DEBUG epoch:73, knn_val_accu: 62.76, contrast_loss: 7.02, contrast_acc: 28.05, gan_train_loss: 0.5982, gan_eval_loss: 0.5998
2022-07-08 10:21:09,987 DEBUG epoch:74, knn_val_accu: 62.78, contrast_loss: 7.01, contrast_acc: 28.14, gan_train_loss: 0.5991, gan_eval_loss: 0.5998
2022-07-08 10:25:04,432 DEBUG epoch:75, knn_val_accu: 62.59, contrast_loss: 6.98, contrast_acc: 28.43, gan_train_loss: 0.5999, gan_eval_loss: 0.6004
2022-07-08 10:29:00,182 DEBUG epoch:76, knn_val_accu: 63.23, contrast_loss: 6.95, contrast_acc: 28.58, gan_train_loss: 0.6001, gan_eval_loss: 0.6008
2022-07-08 10:32:56,255 DEBUG epoch:77, knn_val_accu: 62.97, contrast_loss: 6.98, contrast_acc: 28.15, gan_train_loss: 0.6023, gan_eval_loss: 0.6030
2022-07-08 10:36:53,224 DEBUG epoch:78, knn_val_accu: 62.00, contrast_loss: 6.97, contrast_acc: 28.51, gan_train_loss: 0.6013, gan_eval_loss: 0.6018
2022-07-08 10:40:48,400 DEBUG epoch:79, knn_val_accu: 61.90, contrast_loss: 6.95, contrast_acc: 28.53, gan_train_loss: 0.6010, gan_eval_loss: 0.6016
2022-07-08 10:44:45,226 DEBUG epoch:80, knn_val_accu: 61.74, contrast_loss: 6.92, contrast_acc: 28.77, gan_train_loss: 0.6006, gan_eval_loss: 0.6019
2022-07-08 10:48:40,176 DEBUG epoch:81, knn_val_accu: 62.86, contrast_loss: 6.89, contrast_acc: 28.99, gan_train_loss: 0.6003, gan_eval_loss: 0.6010
2022-07-08 10:52:37,614 DEBUG epoch:82, knn_val_accu: 62.55, contrast_loss: 6.89, contrast_acc: 29.02, gan_train_loss: 0.6008, gan_eval_loss: 0.6018
2022-07-08 10:56:31,479 DEBUG epoch:83, knn_val_accu: 62.74, contrast_loss: 6.86, contrast_acc: 29.22, gan_train_loss: 0.5970, gan_eval_loss: 0.5985
2022-07-08 11:00:26,818 DEBUG epoch:84, knn_val_accu: 63.60, contrast_loss: 6.83, contrast_acc: 29.85, gan_train_loss: 0.5977, gan_eval_loss: 0.5988
2022-07-08 11:04:20,498 DEBUG epoch:85, knn_val_accu: 63.70, contrast_loss: 6.80, contrast_acc: 29.86, gan_train_loss: 0.5964, gan_eval_loss: 0.5975
2022-07-08 11:08:16,759 DEBUG epoch:86, knn_val_accu: 63.99, contrast_loss: 6.80, contrast_acc: 29.88, gan_train_loss: 0.5989, gan_eval_loss: 0.6000
2022-07-08 11:12:10,671 DEBUG epoch:87, knn_val_accu: 63.94, contrast_loss: 6.79, contrast_acc: 30.03, gan_train_loss: 0.5980, gan_eval_loss: 0.5990
2022-07-08 11:16:08,380 DEBUG epoch:88, knn_val_accu: 62.13, contrast_loss: 6.80, contrast_acc: 30.07, gan_train_loss: 0.6009, gan_eval_loss: 0.6015
2022-07-08 11:20:06,142 DEBUG epoch:89, knn_val_accu: 63.09, contrast_loss: 6.80, contrast_acc: 30.08, gan_train_loss: 0.6004, gan_eval_loss: 0.6010
2022-07-08 11:24:00,829 DEBUG epoch:90, knn_val_accu: 63.58, contrast_loss: 6.78, contrast_acc: 30.18, gan_train_loss: 0.6003, gan_eval_loss: 0.6004
2022-07-08 11:27:56,750 DEBUG epoch:91, knn_val_accu: 63.52, contrast_loss: 6.74, contrast_acc: 30.39, gan_train_loss: 0.5998, gan_eval_loss: 0.5999
2022-07-08 11:31:51,724 DEBUG epoch:92, knn_val_accu: 63.57, contrast_loss: 6.75, contrast_acc: 30.30, gan_train_loss: 0.6024, gan_eval_loss: 0.6018
2022-07-08 11:35:49,346 DEBUG epoch:93, knn_val_accu: 63.76, contrast_loss: 6.75, contrast_acc: 30.33, gan_train_loss: 0.6053, gan_eval_loss: 0.6023
2022-07-08 11:39:44,630 DEBUG epoch:94, knn_val_accu: 63.31, contrast_loss: 6.76, contrast_acc: 30.25, gan_train_loss: 0.6064, gan_eval_loss: 0.6025
2022-07-08 11:43:40,428 DEBUG epoch:95, knn_val_accu: 63.55, contrast_loss: 6.77, contrast_acc: 30.27, gan_train_loss: 0.6107, gan_eval_loss: 0.5997
2022-07-08 11:47:34,051 DEBUG epoch:96, knn_val_accu: 64.53, contrast_loss: 6.78, contrast_acc: 30.10, gan_train_loss: 0.6149, gan_eval_loss: 0.5980
2022-07-08 11:51:28,515 DEBUG epoch:97, knn_val_accu: 63.34, contrast_loss: 6.89, contrast_acc: 29.92, gan_train_loss: 0.6183, gan_eval_loss: 0.5963
2022-07-08 11:55:19,874 DEBUG epoch:98, knn_val_accu: 63.85, contrast_loss: 6.97, contrast_acc: 29.19, gan_train_loss: 0.6327, gan_eval_loss: 0.5904
2022-07-08 11:59:13,347 DEBUG epoch:99, knn_val_accu: 63.81, contrast_loss: 6.95, contrast_acc: 28.52, gan_train_loss: 0.6203, gan_eval_loss: 0.5939
2022-07-08 12:03:04,256 DEBUG epoch:100, knn_val_accu: 64.00, contrast_loss: 6.97, contrast_acc: 31.01, gan_train_loss: 0.6292, gan_eval_loss: 0.5903
2022-07-08 12:06:57,701 DEBUG epoch:101, knn_val_accu: 64.22, contrast_loss: 6.91, contrast_acc: 29.57, gan_train_loss: 0.6320, gan_eval_loss: 0.5929
2022-07-08 12:10:53,947 DEBUG epoch:102, knn_val_accu: 63.86, contrast_loss: 6.78, contrast_acc: 30.07, gan_train_loss: 0.6053, gan_eval_loss: 0.6035
2022-07-08 12:14:49,850 DEBUG epoch:103, knn_val_accu: 64.11, contrast_loss: 6.87, contrast_acc: 29.57, gan_train_loss: 0.6125, gan_eval_loss: 0.6010
2022-07-08 12:18:44,732 DEBUG epoch:104, knn_val_accu: 64.17, contrast_loss: 6.77, contrast_acc: 30.47, gan_train_loss: 0.6135, gan_eval_loss: 0.6005
2022-07-08 12:22:40,309 DEBUG epoch:105, knn_val_accu: 63.96, contrast_loss: 6.81, contrast_acc: 29.96, gan_train_loss: 0.6154, gan_eval_loss: 0.5992
2022-07-08 12:26:36,604 DEBUG epoch:106, knn_val_accu: 63.70, contrast_loss: 6.83, contrast_acc: 30.16, gan_train_loss: 0.6223, gan_eval_loss: 0.5999
2022-07-08 12:30:28,756 DEBUG epoch:107, knn_val_accu: 64.85, contrast_loss: 6.94, contrast_acc: 30.07, gan_train_loss: 0.6315, gan_eval_loss: 0.5926
2022-07-08 12:34:23,477 DEBUG epoch:108, knn_val_accu: 64.70, contrast_loss: 6.81, contrast_acc: 30.50, gan_train_loss: 0.6360, gan_eval_loss: 0.5958
2022-07-08 12:38:15,801 DEBUG epoch:109, knn_val_accu: 64.63, contrast_loss: 6.88, contrast_acc: 30.56, gan_train_loss: 0.6316, gan_eval_loss: 0.5933
2022-07-08 12:42:08,204 DEBUG epoch:110, knn_val_accu: 64.71, contrast_loss: 7.26, contrast_acc: 28.33, gan_train_loss: 0.6448, gan_eval_loss: 0.5878
2022-07-08 12:46:00,690 DEBUG epoch:111, knn_val_accu: 64.26, contrast_loss: 7.12, contrast_acc: 27.30, gan_train_loss: 0.6307, gan_eval_loss: 0.5943
2022-07-08 12:49:54,688 DEBUG epoch:112, knn_val_accu: 64.55, contrast_loss: 6.95, contrast_acc: 29.41, gan_train_loss: 0.6288, gan_eval_loss: 0.5932
2022-07-08 12:53:44,327 DEBUG epoch:113, knn_val_accu: 64.07, contrast_loss: 7.79, contrast_acc: 20.89, gan_train_loss: 0.6631, gan_eval_loss: 0.5891
2022-07-08 12:57:34,784 DEBUG epoch:114, knn_val_accu: 63.78, contrast_loss: 6.89, contrast_acc: 29.42, gan_train_loss: 0.6700, gan_eval_loss: 0.5773
2022-07-08 13:01:27,268 DEBUG epoch:115, knn_val_accu: 63.90, contrast_loss: 6.90, contrast_acc: 29.96, gan_train_loss: 0.6465, gan_eval_loss: 0.5948
2022-07-08 13:05:20,809 DEBUG epoch:116, knn_val_accu: 64.36, contrast_loss: 7.02, contrast_acc: 28.62, gan_train_loss: 0.6272, gan_eval_loss: 0.5943
2022-07-08 13:09:10,825 DEBUG epoch:117, knn_val_accu: 63.03, contrast_loss: 7.19, contrast_acc: 26.86, gan_train_loss: 0.6638, gan_eval_loss: 0.5804
2022-07-08 13:13:03,404 DEBUG epoch:118, knn_val_accu: 64.29, contrast_loss: 7.06, contrast_acc: 28.29, gan_train_loss: 0.6499, gan_eval_loss: 0.5916
2022-07-08 13:16:55,176 DEBUG epoch:119, knn_val_accu: 64.49, contrast_loss: 7.02, contrast_acc: 28.69, gan_train_loss: 0.6577, gan_eval_loss: 0.5897
2022-07-08 13:20:47,255 DEBUG epoch:120, knn_val_accu: 64.35, contrast_loss: 7.04, contrast_acc: 27.52, gan_train_loss: 0.6665, gan_eval_loss: 0.5870
2022-07-08 13:24:39,161 DEBUG epoch:121, knn_val_accu: 64.30, contrast_loss: 6.93, contrast_acc: 29.14, gan_train_loss: 0.6062, gan_eval_loss: 0.5926
2022-07-08 13:28:33,013 DEBUG epoch:122, knn_val_accu: 65.87, contrast_loss: 6.60, contrast_acc: 31.58, gan_train_loss: 0.5971, gan_eval_loss: 0.5958
2022-07-08 13:32:25,668 DEBUG epoch:123, knn_val_accu: 64.90, contrast_loss: 6.56, contrast_acc: 31.55, gan_train_loss: 0.5997, gan_eval_loss: 0.5986
2022-07-08 13:36:20,095 DEBUG epoch:124, knn_val_accu: 66.01, contrast_loss: 6.51, contrast_acc: 31.77, gan_train_loss: 0.5987, gan_eval_loss: 0.5971
2022-07-08 13:40:11,870 DEBUG epoch:125, knn_val_accu: 65.22, contrast_loss: 6.48, contrast_acc: 32.25, gan_train_loss: 0.5985, gan_eval_loss: 0.5959
2022-07-08 13:44:06,135 DEBUG epoch:126, knn_val_accu: 66.05, contrast_loss: 6.45, contrast_acc: 32.47, gan_train_loss: 0.5962, gan_eval_loss: 0.5954
2022-07-08 13:47:57,606 DEBUG epoch:127, knn_val_accu: 65.70, contrast_loss: 6.44, contrast_acc: 32.87, gan_train_loss: 0.5937, gan_eval_loss: 0.5942
2022-07-08 13:51:50,752 DEBUG epoch:128, knn_val_accu: 65.89, contrast_loss: 6.42, contrast_acc: 33.11, gan_train_loss: 0.5932, gan_eval_loss: 0.5935
2022-07-08 13:55:45,279 DEBUG epoch:129, knn_val_accu: 65.96, contrast_loss: 6.40, contrast_acc: 33.42, gan_train_loss: 0.5936, gan_eval_loss: 0.5940
2022-07-08 13:59:36,279 DEBUG epoch:130, knn_val_accu: 66.17, contrast_loss: 6.36, contrast_acc: 33.70, gan_train_loss: 0.5927, gan_eval_loss: 0.5932
2022-07-08 14:03:29,669 DEBUG epoch:131, knn_val_accu: 66.31, contrast_loss: 6.35, contrast_acc: 34.09, gan_train_loss: 0.5930, gan_eval_loss: 0.5933
2022-07-08 14:07:20,272 DEBUG epoch:132, knn_val_accu: 65.95, contrast_loss: 6.32, contrast_acc: 34.21, gan_train_loss: 0.5932, gan_eval_loss: 0.5934
2022-07-08 14:11:13,156 DEBUG epoch:133, knn_val_accu: 65.57, contrast_loss: 6.32, contrast_acc: 34.47, gan_train_loss: 0.5926, gan_eval_loss: 0.5931
2022-07-08 14:15:03,538 DEBUG epoch:134, knn_val_accu: 66.12, contrast_loss: 6.29, contrast_acc: 34.54, gan_train_loss: 0.5915, gan_eval_loss: 0.5920
2022-07-08 14:18:56,371 DEBUG epoch:135, knn_val_accu: 66.05, contrast_loss: 6.28, contrast_acc: 34.75, gan_train_loss: 0.5921, gan_eval_loss: 0.5925
2022-07-08 14:22:46,487 DEBUG epoch:136, knn_val_accu: 66.05, contrast_loss: 6.27, contrast_acc: 34.75, gan_train_loss: 0.5920, gan_eval_loss: 0.5926
2022-07-08 14:26:38,748 DEBUG epoch:137, knn_val_accu: 66.08, contrast_loss: 6.24, contrast_acc: 35.21, gan_train_loss: 0.5923, gan_eval_loss: 0.5929
2022-07-08 14:30:29,089 DEBUG epoch:138, knn_val_accu: 65.93, contrast_loss: 6.24, contrast_acc: 35.07, gan_train_loss: 0.5921, gan_eval_loss: 0.5925
2022-07-08 14:34:21,411 DEBUG epoch:139, knn_val_accu: 66.52, contrast_loss: 6.22, contrast_acc: 35.44, gan_train_loss: 0.5915, gan_eval_loss: 0.5921
2022-07-08 14:38:12,131 DEBUG epoch:140, knn_val_accu: 66.15, contrast_loss: 6.20, contrast_acc: 35.62, gan_train_loss: 0.5913, gan_eval_loss: 0.5919
2022-07-08 14:42:04,972 DEBUG epoch:141, knn_val_accu: 66.33, contrast_loss: 6.17, contrast_acc: 36.12, gan_train_loss: 0.5938, gan_eval_loss: 0.5943
2022-07-08 14:45:55,916 DEBUG epoch:142, knn_val_accu: 66.07, contrast_loss: 6.17, contrast_acc: 35.90, gan_train_loss: 0.5933, gan_eval_loss: 0.5937
2022-07-08 14:49:48,761 DEBUG epoch:143, knn_val_accu: 66.27, contrast_loss: 6.17, contrast_acc: 36.05, gan_train_loss: 0.5952, gan_eval_loss: 0.5956
2022-07-08 14:53:40,273 DEBUG epoch:144, knn_val_accu: 66.19, contrast_loss: 6.15, contrast_acc: 35.91, gan_train_loss: 0.5936, gan_eval_loss: 0.5942
2022-07-08 14:57:33,190 DEBUG epoch:145, knn_val_accu: 66.43, contrast_loss: 6.11, contrast_acc: 36.56, gan_train_loss: 0.5933, gan_eval_loss: 0.5938
2022-07-08 15:01:23,789 DEBUG epoch:146, knn_val_accu: 66.27, contrast_loss: 6.09, contrast_acc: 36.68, gan_train_loss: 0.5936, gan_eval_loss: 0.5940
2022-07-08 15:05:17,217 DEBUG epoch:147, knn_val_accu: 66.52, contrast_loss: 6.09, contrast_acc: 37.01, gan_train_loss: 0.5937, gan_eval_loss: 0.5944
2022-07-08 15:09:08,586 DEBUG epoch:148, knn_val_accu: 66.28, contrast_loss: 6.07, contrast_acc: 37.15, gan_train_loss: 0.5944, gan_eval_loss: 0.5949
2022-07-08 15:13:01,801 DEBUG epoch:149, knn_val_accu: 66.53, contrast_loss: 6.08, contrast_acc: 36.94, gan_train_loss: 0.5948, gan_eval_loss: 0.5954
2022-07-08 15:16:53,225 DEBUG epoch:150, knn_val_accu: 66.65, contrast_loss: 6.06, contrast_acc: 37.18, gan_train_loss: 0.5949, gan_eval_loss: 0.5954
2022-07-08 15:20:46,488 DEBUG epoch:151, knn_val_accu: 66.73, contrast_loss: 6.03, contrast_acc: 37.60, gan_train_loss: 0.5949, gan_eval_loss: 0.5953
2022-07-08 15:24:38,625 DEBUG epoch:152, knn_val_accu: 66.65, contrast_loss: 6.03, contrast_acc: 37.83, gan_train_loss: 0.5951, gan_eval_loss: 0.5957
2022-07-08 15:28:31,141 DEBUG epoch:153, knn_val_accu: 67.45, contrast_loss: 6.01, contrast_acc: 37.84, gan_train_loss: 0.5954, gan_eval_loss: 0.5957
2022-07-08 15:32:26,214 DEBUG epoch:154, knn_val_accu: 67.05, contrast_loss: 6.00, contrast_acc: 38.04, gan_train_loss: 0.5952, gan_eval_loss: 0.5951
2022-07-08 15:36:18,292 DEBUG epoch:155, knn_val_accu: 67.51, contrast_loss: 5.97, contrast_acc: 38.64, gan_train_loss: 0.5945, gan_eval_loss: 0.5948
2022-07-08 15:40:11,854 DEBUG epoch:156, knn_val_accu: 66.92, contrast_loss: 5.97, contrast_acc: 38.47, gan_train_loss: 0.5948, gan_eval_loss: 0.5933
2022-07-08 15:44:03,032 DEBUG epoch:157, knn_val_accu: 67.23, contrast_loss: 5.99, contrast_acc: 39.34, gan_train_loss: 0.5983, gan_eval_loss: 0.5924
2022-07-08 15:47:55,185 DEBUG epoch:158, knn_val_accu: 66.73, contrast_loss: 6.02, contrast_acc: 38.59, gan_train_loss: 0.6016, gan_eval_loss: 0.5906
2022-07-08 15:51:45,303 DEBUG epoch:159, knn_val_accu: 67.32, contrast_loss: 6.04, contrast_acc: 38.55, gan_train_loss: 0.5992, gan_eval_loss: 0.5929
2022-07-08 15:55:36,964 DEBUG epoch:160, knn_val_accu: 67.65, contrast_loss: 5.93, contrast_acc: 39.09, gan_train_loss: 0.6049, gan_eval_loss: 0.5899
2022-07-08 15:59:27,310 DEBUG epoch:161, knn_val_accu: 67.57, contrast_loss: 5.92, contrast_acc: 39.06, gan_train_loss: 0.5973, gan_eval_loss: 0.5913
2022-07-08 16:03:19,493 DEBUG epoch:162, knn_val_accu: 68.15, contrast_loss: 5.86, contrast_acc: 40.21, gan_train_loss: 0.5905, gan_eval_loss: 0.5910
2022-07-08 16:07:09,733 DEBUG epoch:163, knn_val_accu: 67.28, contrast_loss: 5.85, contrast_acc: 39.79, gan_train_loss: 0.5904, gan_eval_loss: 0.5908
2022-07-08 16:11:00,978 DEBUG epoch:164, knn_val_accu: 67.62, contrast_loss: 5.85, contrast_acc: 40.15, gan_train_loss: 0.5898, gan_eval_loss: 0.5902
2022-07-08 16:14:50,947 DEBUG epoch:165, knn_val_accu: 68.17, contrast_loss: 5.83, contrast_acc: 40.68, gan_train_loss: 0.5903, gan_eval_loss: 0.5906
2022-07-08 16:18:41,895 DEBUG epoch:166, knn_val_accu: 67.80, contrast_loss: 5.83, contrast_acc: 40.72, gan_train_loss: 0.5887, gan_eval_loss: 0.5892
2022-07-08 16:22:31,066 DEBUG epoch:167, knn_val_accu: 68.13, contrast_loss: 5.79, contrast_acc: 40.99, gan_train_loss: 0.5884, gan_eval_loss: 0.5888
2022-07-08 16:26:21,608 DEBUG epoch:168, knn_val_accu: 68.13, contrast_loss: 5.78, contrast_acc: 40.65, gan_train_loss: 0.5870, gan_eval_loss: 0.5875
2022-07-08 16:30:10,387 DEBUG epoch:169, knn_val_accu: 67.82, contrast_loss: 5.76, contrast_acc: 41.20, gan_train_loss: 0.5874, gan_eval_loss: 0.5880
2022-07-08 16:34:01,066 DEBUG epoch:170, knn_val_accu: 68.09, contrast_loss: 5.75, contrast_acc: 41.55, gan_train_loss: 0.5872, gan_eval_loss: 0.5876
2022-07-08 16:37:50,135 DEBUG epoch:171, knn_val_accu: 68.04, contrast_loss: 5.73, contrast_acc: 41.14, gan_train_loss: 0.5870, gan_eval_loss: 0.5876
2022-07-08 16:41:40,591 DEBUG epoch:172, knn_val_accu: 68.03, contrast_loss: 5.72, contrast_acc: 41.73, gan_train_loss: 0.5861, gan_eval_loss: 0.5866
2022-07-08 16:45:29,408 DEBUG epoch:173, knn_val_accu: 68.02, contrast_loss: 5.73, contrast_acc: 41.97, gan_train_loss: 0.5864, gan_eval_loss: 0.5869
2022-07-08 16:49:46,511 DEBUG epoch:174, knn_val_accu: 68.45, contrast_loss: 5.71, contrast_acc: 41.92, gan_train_loss: 0.5880, gan_eval_loss: 0.5885
2022-07-08 16:54:05,327 DEBUG epoch:175, knn_val_accu: 68.37, contrast_loss: 5.69, contrast_acc: 41.74, gan_train_loss: 0.5879, gan_eval_loss: 0.5884
2022-07-08 16:58:23,465 DEBUG epoch:176, knn_val_accu: 68.34, contrast_loss: 5.70, contrast_acc: 41.62, gan_train_loss: 0.5864, gan_eval_loss: 0.5869
2022-07-08 17:02:39,945 DEBUG epoch:177, knn_val_accu: 68.17, contrast_loss: 5.67, contrast_acc: 41.83, gan_train_loss: 0.5873, gan_eval_loss: 0.5878
2022-07-08 17:06:37,512 DEBUG epoch:178, knn_val_accu: 68.24, contrast_loss: 5.68, contrast_acc: 41.42, gan_train_loss: 0.5876, gan_eval_loss: 0.5881
2022-07-08 17:10:32,209 DEBUG epoch:179, knn_val_accu: 68.51, contrast_loss: 5.66, contrast_acc: 41.04, gan_train_loss: 0.5885, gan_eval_loss: 0.5891
2022-07-08 17:14:25,911 DEBUG epoch:180, knn_val_accu: 68.72, contrast_loss: 5.65, contrast_acc: 41.36, gan_train_loss: 0.5880, gan_eval_loss: 0.5886
2022-07-08 17:18:33,086 DEBUG epoch:181, knn_val_accu: 68.46, contrast_loss: 5.65, contrast_acc: 41.38, gan_train_loss: 0.5880, gan_eval_loss: 0.5886
2022-07-08 17:22:39,970 DEBUG epoch:182, knn_val_accu: 68.71, contrast_loss: 5.64, contrast_acc: 41.32, gan_train_loss: 0.5880, gan_eval_loss: 0.5885
2022-07-08 17:26:47,481 DEBUG epoch:183, knn_val_accu: 68.78, contrast_loss: 5.65, contrast_acc: 40.13, gan_train_loss: 0.5889, gan_eval_loss: 0.5895
2022-07-08 17:30:55,490 DEBUG epoch:184, knn_val_accu: 68.72, contrast_loss: 5.62, contrast_acc: 39.82, gan_train_loss: 0.5865, gan_eval_loss: 0.5871
2022-07-08 17:35:02,472 DEBUG epoch:185, knn_val_accu: 68.69, contrast_loss: 5.63, contrast_acc: 39.08, gan_train_loss: 0.5875, gan_eval_loss: 0.5880
2022-07-08 17:39:09,051 DEBUG epoch:186, knn_val_accu: 68.77, contrast_loss: 5.63, contrast_acc: 38.54, gan_train_loss: 0.5881, gan_eval_loss: 0.5887
2022-07-08 17:43:16,413 DEBUG epoch:187, knn_val_accu: 68.47, contrast_loss: 5.60, contrast_acc: 38.29, gan_train_loss: 0.5891, gan_eval_loss: 0.5897
2022-07-08 17:47:23,845 DEBUG epoch:188, knn_val_accu: 68.60, contrast_loss: 5.62, contrast_acc: 38.05, gan_train_loss: 0.5885, gan_eval_loss: 0.5891
2022-07-08 17:51:30,999 DEBUG epoch:189, knn_val_accu: 68.79, contrast_loss: 5.59, contrast_acc: 37.91, gan_train_loss: 0.5885, gan_eval_loss: 0.5890
2022-07-08 17:55:38,605 DEBUG epoch:190, knn_val_accu: 68.75, contrast_loss: 5.61, contrast_acc: 37.55, gan_train_loss: 0.5889, gan_eval_loss: 0.5895
2022-07-08 17:59:45,648 DEBUG epoch:191, knn_val_accu: 68.64, contrast_loss: 5.60, contrast_acc: 37.61, gan_train_loss: 0.5892, gan_eval_loss: 0.5898
2022-07-08 18:03:53,811 DEBUG epoch:192, knn_val_accu: 68.81, contrast_loss: 5.58, contrast_acc: 37.62, gan_train_loss: 0.5892, gan_eval_loss: 0.5898
2022-07-08 18:08:02,705 DEBUG epoch:193, knn_val_accu: 68.45, contrast_loss: 5.59, contrast_acc: 37.49, gan_train_loss: 0.5899, gan_eval_loss: 0.5905
2022-07-08 18:12:12,149 DEBUG epoch:194, knn_val_accu: 68.50, contrast_loss: 5.59, contrast_acc: 37.48, gan_train_loss: 0.5899, gan_eval_loss: 0.5904
2022-07-08 18:16:21,103 DEBUG epoch:195, knn_val_accu: 68.54, contrast_loss: 5.59, contrast_acc: 37.51, gan_train_loss: 0.5898, gan_eval_loss: 0.5904
2022-07-08 18:20:29,516 DEBUG epoch:196, knn_val_accu: 68.47, contrast_loss: 5.58, contrast_acc: 37.41, gan_train_loss: 0.5918, gan_eval_loss: 0.5923
2022-07-08 18:24:37,190 DEBUG epoch:197, knn_val_accu: 68.51, contrast_loss: 5.59, contrast_acc: 37.23, gan_train_loss: 0.5917, gan_eval_loss: 0.5924
2022-07-08 18:28:46,901 DEBUG epoch:198, knn_val_accu: 68.46, contrast_loss: 5.58, contrast_acc: 37.38, gan_train_loss: 0.5922, gan_eval_loss: 0.5928
2022-07-08 18:32:56,768 DEBUG epoch:199, knn_val_accu: 68.62, contrast_loss: 5.59, contrast_acc: 37.11, gan_train_loss: 0.5933, gan_eval_loss: 0.5940
2022-07-08 18:37:06,167 DEBUG epoch:200, knn_val_accu: 68.57, contrast_loss: 5.58, contrast_acc: 37.31, gan_train_loss: 0.5943, gan_eval_loss: 0.5950
2022-07-08 18:37:16,453 DEBUG final knn evaluation accuracy is 68.57
2022-07-08 18:51:41,396 DEBUG final linear-probe evaluation accuracy is 72.01
2022-07-08 18:56:43,514 DEBUG final semi-supervised evaluation accuracy with 10% data is 70.34
2022-07-08 19:00:27,646 DEBUG final semi-supervised evaluation accuracy with 1% data is 59.55
2022-07-10 04:47:54,721 DEBUG Enable ResSFL fine-tuning: arch-res_normN4C64-alpha-2.0-ssim-0.6, using cifar100 as auxiliary data
2022-07-10 04:48:03,902 DEBUG final knn evaluation accuracy is 68.81
