2022-07-13 20:52:36,936 DEBUG Enable ResSFL fine-tuning: arch-res_normN4C64-alpha-2.0-ssim-0.6, using svhn as auxiliary data
2022-07-13 20:52:37,234 DEBUG SFL-Moco (ResSFL-expert) Train on cifar10 with cutlayer 1: total epochs: 200
2022-07-13 20:54:45,994 DEBUG epoch:1, knn_val_accu: 26.45, contrast_loss: 13.54, contrast_acc: 15.01, gan_train_loss: 0.5873, gan_eval_loss: 0.5824
2022-07-13 20:56:55,758 DEBUG epoch:2, knn_val_accu: 26.00, contrast_loss: 13.42, contrast_acc: 13.68, gan_train_loss: 0.5829, gan_eval_loss: 0.5815
2022-07-13 20:59:05,254 DEBUG epoch:3, knn_val_accu: 26.06, contrast_loss: 13.33, contrast_acc: 10.18, gan_train_loss: 0.5830, gan_eval_loss: 0.5827
2022-07-13 21:01:14,716 DEBUG epoch:4, knn_val_accu: 25.77, contrast_loss: 13.33, contrast_acc: 9.26, gan_train_loss: 0.5833, gan_eval_loss: 0.5833
2022-07-13 21:03:24,134 DEBUG epoch:5, knn_val_accu: 26.55, contrast_loss: 13.28, contrast_acc: 8.66, gan_train_loss: 0.5835, gan_eval_loss: 0.5816
2022-07-13 21:05:33,173 DEBUG epoch:6, knn_val_accu: 27.57, contrast_loss: 13.26, contrast_acc: 6.76, gan_train_loss: 0.5812, gan_eval_loss: 0.5785
2022-07-13 21:07:42,596 DEBUG epoch:7, knn_val_accu: 27.79, contrast_loss: 13.39, contrast_acc: 5.85, gan_train_loss: 0.5828, gan_eval_loss: 0.5776
2022-07-13 21:09:51,792 DEBUG epoch:8, knn_val_accu: 28.38, contrast_loss: 13.32, contrast_acc: 5.92, gan_train_loss: 0.5818, gan_eval_loss: 0.5770
2022-07-13 21:12:00,980 DEBUG epoch:9, knn_val_accu: 28.41, contrast_loss: 13.43, contrast_acc: 6.10, gan_train_loss: 0.5830, gan_eval_loss: 0.5817
2022-07-13 21:14:09,796 DEBUG epoch:10, knn_val_accu: 28.59, contrast_loss: 13.33, contrast_acc: 5.40, gan_train_loss: 0.5822, gan_eval_loss: 0.5806
2022-07-13 21:16:19,001 DEBUG epoch:11, knn_val_accu: 28.81, contrast_loss: 13.35, contrast_acc: 5.90, gan_train_loss: 0.5834, gan_eval_loss: 0.5825
2022-07-13 21:18:27,980 DEBUG epoch:12, knn_val_accu: 29.09, contrast_loss: 13.38, contrast_acc: 5.19, gan_train_loss: 0.5832, gan_eval_loss: 0.5797
2022-07-13 21:20:37,651 DEBUG epoch:13, knn_val_accu: 29.67, contrast_loss: 13.48, contrast_acc: 6.47, gan_train_loss: 0.5858, gan_eval_loss: 0.5825
2022-07-13 21:22:47,361 DEBUG epoch:14, knn_val_accu: 29.59, contrast_loss: 13.41, contrast_acc: 7.30, gan_train_loss: 0.5843, gan_eval_loss: 0.5818
2022-07-13 21:24:58,057 DEBUG epoch:15, knn_val_accu: 29.80, contrast_loss: 13.26, contrast_acc: 6.74, gan_train_loss: 0.5876, gan_eval_loss: 0.5849
2022-07-13 21:27:08,434 DEBUG epoch:16, knn_val_accu: 30.22, contrast_loss: 13.19, contrast_acc: 6.62, gan_train_loss: 0.5854, gan_eval_loss: 0.5820
2022-07-13 21:29:19,089 DEBUG epoch:17, knn_val_accu: 29.60, contrast_loss: 13.10, contrast_acc: 6.28, gan_train_loss: 0.5876, gan_eval_loss: 0.5858
2022-07-13 21:31:29,658 DEBUG epoch:18, knn_val_accu: 30.53, contrast_loss: 13.05, contrast_acc: 6.92, gan_train_loss: 0.5856, gan_eval_loss: 0.5849
2022-07-13 21:33:39,454 DEBUG epoch:19, knn_val_accu: 29.39, contrast_loss: 13.01, contrast_acc: 6.84, gan_train_loss: 0.5861, gan_eval_loss: 0.5842
2022-07-13 21:35:49,507 DEBUG epoch:20, knn_val_accu: 30.67, contrast_loss: 13.06, contrast_acc: 7.01, gan_train_loss: 0.5862, gan_eval_loss: 0.5866
2022-07-13 21:37:59,784 DEBUG epoch:21, knn_val_accu: 30.44, contrast_loss: 13.01, contrast_acc: 7.17, gan_train_loss: 0.5850, gan_eval_loss: 0.5851
2022-07-13 21:40:10,444 DEBUG epoch:22, knn_val_accu: 31.09, contrast_loss: 13.03, contrast_acc: 7.41, gan_train_loss: 0.5866, gan_eval_loss: 0.5880
2022-07-13 21:42:20,997 DEBUG epoch:23, knn_val_accu: 31.29, contrast_loss: 13.03, contrast_acc: 8.06, gan_train_loss: 0.5857, gan_eval_loss: 0.5880
2022-07-13 21:44:31,531 DEBUG epoch:24, knn_val_accu: 31.01, contrast_loss: 12.93, contrast_acc: 8.22, gan_train_loss: 0.5873, gan_eval_loss: 0.5895
2022-07-13 21:46:42,081 DEBUG epoch:25, knn_val_accu: 31.06, contrast_loss: 13.01, contrast_acc: 7.91, gan_train_loss: 0.5862, gan_eval_loss: 0.5886
2022-07-13 21:48:52,595 DEBUG epoch:26, knn_val_accu: 30.95, contrast_loss: 12.93, contrast_acc: 8.41, gan_train_loss: 0.5867, gan_eval_loss: 0.5889
2022-07-13 21:51:03,059 DEBUG epoch:27, knn_val_accu: 30.94, contrast_loss: 12.97, contrast_acc: 8.03, gan_train_loss: 0.5853, gan_eval_loss: 0.5877
2022-07-13 21:53:13,571 DEBUG epoch:28, knn_val_accu: 32.68, contrast_loss: 12.89, contrast_acc: 8.71, gan_train_loss: 0.5867, gan_eval_loss: 0.5888
2022-07-13 21:55:23,987 DEBUG epoch:29, knn_val_accu: 32.22, contrast_loss: 12.90, contrast_acc: 8.51, gan_train_loss: 0.5856, gan_eval_loss: 0.5879
2022-07-13 21:57:34,668 DEBUG epoch:30, knn_val_accu: 33.16, contrast_loss: 12.87, contrast_acc: 8.35, gan_train_loss: 0.5854, gan_eval_loss: 0.5884
2022-07-13 21:59:45,101 DEBUG epoch:31, knn_val_accu: 32.36, contrast_loss: 12.84, contrast_acc: 9.19, gan_train_loss: 0.5851, gan_eval_loss: 0.5878
2022-07-13 22:01:55,916 DEBUG epoch:32, knn_val_accu: 32.66, contrast_loss: 12.78, contrast_acc: 9.19, gan_train_loss: 0.5855, gan_eval_loss: 0.5883
2022-07-13 22:04:07,221 DEBUG epoch:33, knn_val_accu: 34.09, contrast_loss: 12.81, contrast_acc: 9.31, gan_train_loss: 0.5867, gan_eval_loss: 0.5897
2022-07-13 22:06:18,423 DEBUG epoch:34, knn_val_accu: 32.74, contrast_loss: 12.79, contrast_acc: 9.33, gan_train_loss: 0.5849, gan_eval_loss: 0.5877
2022-07-13 22:08:29,691 DEBUG epoch:35, knn_val_accu: 32.49, contrast_loss: 12.73, contrast_acc: 9.54, gan_train_loss: 0.5853, gan_eval_loss: 0.5885
2022-07-13 22:10:41,106 DEBUG epoch:36, knn_val_accu: 32.95, contrast_loss: 12.74, contrast_acc: 9.26, gan_train_loss: 0.5858, gan_eval_loss: 0.5889
2022-07-13 22:12:52,418 DEBUG epoch:37, knn_val_accu: 33.82, contrast_loss: 12.70, contrast_acc: 9.64, gan_train_loss: 0.5850, gan_eval_loss: 0.5883
2022-07-13 22:15:03,466 DEBUG epoch:38, knn_val_accu: 34.32, contrast_loss: 12.65, contrast_acc: 9.46, gan_train_loss: 0.5845, gan_eval_loss: 0.5884
2022-07-13 22:17:14,659 DEBUG epoch:39, knn_val_accu: 34.81, contrast_loss: 12.60, contrast_acc: 9.78, gan_train_loss: 0.5837, gan_eval_loss: 0.5882
2022-07-13 22:19:26,120 DEBUG epoch:40, knn_val_accu: 34.07, contrast_loss: 12.47, contrast_acc: 10.34, gan_train_loss: 0.5856, gan_eval_loss: 0.5891
2022-07-13 22:21:37,369 DEBUG epoch:41, knn_val_accu: 34.76, contrast_loss: 12.40, contrast_acc: 10.57, gan_train_loss: 0.5823, gan_eval_loss: 0.5870
2022-07-13 22:23:48,616 DEBUG epoch:42, knn_val_accu: 35.27, contrast_loss: 12.31, contrast_acc: 11.60, gan_train_loss: 0.5833, gan_eval_loss: 0.5878
2022-07-13 22:26:00,332 DEBUG epoch:43, knn_val_accu: 34.48, contrast_loss: 12.20, contrast_acc: 12.01, gan_train_loss: 0.5885, gan_eval_loss: 0.5927
2022-07-13 22:28:12,583 DEBUG epoch:44, knn_val_accu: 37.38, contrast_loss: 12.03, contrast_acc: 15.49, gan_train_loss: 0.5876, gan_eval_loss: 0.5912
2022-07-13 22:30:25,261 DEBUG epoch:45, knn_val_accu: 36.13, contrast_loss: 11.53, contrast_acc: 17.97, gan_train_loss: 0.5926, gan_eval_loss: 0.5955
2022-07-13 22:32:38,236 DEBUG epoch:46, knn_val_accu: 36.18, contrast_loss: 11.20, contrast_acc: 19.88, gan_train_loss: 0.5945, gan_eval_loss: 0.5969
2022-07-13 22:34:51,819 DEBUG epoch:47, knn_val_accu: 36.11, contrast_loss: 10.90, contrast_acc: 21.14, gan_train_loss: 0.5970, gan_eval_loss: 0.6002
2022-07-13 22:37:05,534 DEBUG epoch:48, knn_val_accu: 36.49, contrast_loss: 10.69, contrast_acc: 22.88, gan_train_loss: 0.6015, gan_eval_loss: 0.6010
2022-07-13 22:39:19,183 DEBUG epoch:49, knn_val_accu: 38.14, contrast_loss: 10.53, contrast_acc: 23.28, gan_train_loss: 0.6042, gan_eval_loss: 0.5977
2022-07-13 22:41:30,334 DEBUG epoch:50, knn_val_accu: 31.94, contrast_loss: 11.38, contrast_acc: 18.61, gan_train_loss: 0.6775, gan_eval_loss: 0.5786
2022-07-13 22:43:40,754 DEBUG epoch:51, knn_val_accu: 36.16, contrast_loss: 11.57, contrast_acc: 20.30, gan_train_loss: 0.6297, gan_eval_loss: 0.5705
2022-07-13 22:45:52,184 DEBUG epoch:52, knn_val_accu: 38.65, contrast_loss: 10.59, contrast_acc: 24.37, gan_train_loss: 0.6511, gan_eval_loss: 0.5749
2022-07-13 22:48:03,844 DEBUG epoch:53, knn_val_accu: 38.60, contrast_loss: 10.36, contrast_acc: 25.01, gan_train_loss: 0.6209, gan_eval_loss: 0.5774
2022-07-13 22:50:14,742 DEBUG epoch:54, knn_val_accu: 38.44, contrast_loss: 10.15, contrast_acc: 27.01, gan_train_loss: 0.6128, gan_eval_loss: 0.5812
2022-07-13 22:52:25,367 DEBUG epoch:55, knn_val_accu: 38.65, contrast_loss: 9.96, contrast_acc: 27.85, gan_train_loss: 0.6305, gan_eval_loss: 0.5736
2022-07-13 22:54:35,245 DEBUG epoch:56, knn_val_accu: 39.83, contrast_loss: 9.85, contrast_acc: 29.25, gan_train_loss: 0.6588, gan_eval_loss: 0.5711
2022-07-13 22:56:45,402 DEBUG epoch:57, knn_val_accu: 39.16, contrast_loss: 9.85, contrast_acc: 28.68, gan_train_loss: 0.6632, gan_eval_loss: 0.5714
2022-07-13 22:58:56,642 DEBUG epoch:58, knn_val_accu: 39.80, contrast_loss: 9.62, contrast_acc: 30.65, gan_train_loss: 0.6193, gan_eval_loss: 0.5818
2022-07-13 23:01:06,894 DEBUG epoch:59, knn_val_accu: 40.64, contrast_loss: 9.56, contrast_acc: 30.12, gan_train_loss: 0.6506, gan_eval_loss: 0.5760
2022-07-13 23:03:16,799 DEBUG epoch:60, knn_val_accu: 40.35, contrast_loss: 9.32, contrast_acc: 32.11, gan_train_loss: 0.6363, gan_eval_loss: 0.5746
2022-07-13 23:05:26,725 DEBUG epoch:61, knn_val_accu: 40.40, contrast_loss: 9.19, contrast_acc: 33.36, gan_train_loss: 0.6356, gan_eval_loss: 0.5686
2022-07-13 23:07:36,520 DEBUG epoch:62, knn_val_accu: 40.54, contrast_loss: 9.08, contrast_acc: 33.58, gan_train_loss: 0.6403, gan_eval_loss: 0.5786
2022-07-13 23:09:46,211 DEBUG epoch:63, knn_val_accu: 40.73, contrast_loss: 8.92, contrast_acc: 35.35, gan_train_loss: 0.6430, gan_eval_loss: 0.5742
2022-07-13 23:11:57,082 DEBUG epoch:64, knn_val_accu: 40.30, contrast_loss: 8.77, contrast_acc: 36.39, gan_train_loss: 0.6206, gan_eval_loss: 0.5873
2022-07-13 23:14:09,385 DEBUG epoch:65, knn_val_accu: 40.74, contrast_loss: 8.59, contrast_acc: 38.26, gan_train_loss: 0.5978, gan_eval_loss: 0.5949
2022-07-13 23:16:21,208 DEBUG epoch:66, knn_val_accu: 40.97, contrast_loss: 8.45, contrast_acc: 39.87, gan_train_loss: 0.5923, gan_eval_loss: 0.5917
2022-07-13 23:18:33,402 DEBUG epoch:67, knn_val_accu: 41.73, contrast_loss: 8.39, contrast_acc: 39.91, gan_train_loss: 0.5967, gan_eval_loss: 0.5940
2022-07-13 23:20:45,558 DEBUG epoch:68, knn_val_accu: 41.15, contrast_loss: 8.25, contrast_acc: 41.34, gan_train_loss: 0.5907, gan_eval_loss: 0.5931
2022-07-13 23:22:58,339 DEBUG epoch:69, knn_val_accu: 41.75, contrast_loss: 8.12, contrast_acc: 42.63, gan_train_loss: 0.5938, gan_eval_loss: 0.5947
2022-07-13 23:25:11,042 DEBUG epoch:70, knn_val_accu: 42.42, contrast_loss: 8.06, contrast_acc: 43.18, gan_train_loss: 0.5995, gan_eval_loss: 0.5911
2022-07-13 23:27:23,320 DEBUG epoch:71, knn_val_accu: 41.44, contrast_loss: 8.01, contrast_acc: 43.41, gan_train_loss: 0.5995, gan_eval_loss: 0.5909
2022-07-13 23:29:35,314 DEBUG epoch:72, knn_val_accu: 41.64, contrast_loss: 7.90, contrast_acc: 44.60, gan_train_loss: 0.5991, gan_eval_loss: 0.5924
2022-07-13 23:31:46,692 DEBUG epoch:73, knn_val_accu: 42.50, contrast_loss: 8.11, contrast_acc: 41.77, gan_train_loss: 0.6206, gan_eval_loss: 0.5872
2022-07-13 23:33:57,594 DEBUG epoch:74, knn_val_accu: 41.92, contrast_loss: 7.83, contrast_acc: 45.36, gan_train_loss: 0.6178, gan_eval_loss: 0.5849
2022-07-13 23:36:08,564 DEBUG epoch:75, knn_val_accu: 42.77, contrast_loss: 7.94, contrast_acc: 43.80, gan_train_loss: 0.6197, gan_eval_loss: 0.5848
2022-07-13 23:38:19,014 DEBUG epoch:76, knn_val_accu: 42.54, contrast_loss: 7.76, contrast_acc: 46.50, gan_train_loss: 0.6192, gan_eval_loss: 0.5835
2022-07-13 23:40:29,717 DEBUG epoch:77, knn_val_accu: 42.44, contrast_loss: 7.69, contrast_acc: 47.07, gan_train_loss: 0.6215, gan_eval_loss: 0.5843
2022-07-13 23:42:43,379 DEBUG epoch:78, knn_val_accu: 42.11, contrast_loss: 7.70, contrast_acc: 46.86, gan_train_loss: 0.6204, gan_eval_loss: 0.6070
2022-07-13 23:44:55,582 DEBUG epoch:79, knn_val_accu: 42.59, contrast_loss: 7.55, contrast_acc: 48.42, gan_train_loss: 0.5966, gan_eval_loss: 0.5949
2022-07-13 23:47:07,263 DEBUG epoch:80, knn_val_accu: 43.24, contrast_loss: 7.57, contrast_acc: 48.33, gan_train_loss: 0.6237, gan_eval_loss: 0.5904
2022-07-13 23:49:18,615 DEBUG epoch:81, knn_val_accu: 43.31, contrast_loss: 7.45, contrast_acc: 49.33, gan_train_loss: 0.6108, gan_eval_loss: 0.5880
2022-07-13 23:51:30,064 DEBUG epoch:82, knn_val_accu: 42.98, contrast_loss: 7.44, contrast_acc: 49.85, gan_train_loss: 0.6297, gan_eval_loss: 0.5911
2022-07-13 23:53:42,046 DEBUG epoch:83, knn_val_accu: 42.27, contrast_loss: 7.47, contrast_acc: 49.62, gan_train_loss: 0.6139, gan_eval_loss: 0.5942
2022-07-13 23:55:54,422 DEBUG epoch:84, knn_val_accu: 43.19, contrast_loss: 7.39, contrast_acc: 50.31, gan_train_loss: 0.6042, gan_eval_loss: 0.5959
2022-07-13 23:58:06,607 DEBUG epoch:85, knn_val_accu: 43.15, contrast_loss: 7.40, contrast_acc: 50.01, gan_train_loss: 0.6267, gan_eval_loss: 0.5904
2022-07-14 00:00:18,535 DEBUG epoch:86, knn_val_accu: 43.25, contrast_loss: 7.37, contrast_acc: 50.45, gan_train_loss: 0.6435, gan_eval_loss: 0.5853
2022-07-14 00:02:32,232 DEBUG epoch:87, knn_val_accu: 42.98, contrast_loss: 7.38, contrast_acc: 50.39, gan_train_loss: 0.6160, gan_eval_loss: 0.6013
2022-07-14 00:04:47,554 DEBUG epoch:88, knn_val_accu: 43.29, contrast_loss: 7.29, contrast_acc: 51.39, gan_train_loss: 0.6078, gan_eval_loss: 0.6097
2022-07-14 00:07:00,126 DEBUG epoch:89, knn_val_accu: 43.69, contrast_loss: 7.22, contrast_acc: 51.75, gan_train_loss: 0.6154, gan_eval_loss: 0.5938
2022-07-14 00:09:13,197 DEBUG epoch:90, knn_val_accu: 43.13, contrast_loss: 7.22, contrast_acc: 51.55, gan_train_loss: 0.6079, gan_eval_loss: 0.6015
2022-07-14 00:11:25,198 DEBUG epoch:91, knn_val_accu: 42.07, contrast_loss: 7.18, contrast_acc: 52.12, gan_train_loss: 0.6157, gan_eval_loss: 0.5921
2022-07-14 00:13:37,089 DEBUG epoch:92, knn_val_accu: 42.85, contrast_loss: 7.19, contrast_acc: 52.31, gan_train_loss: 0.6122, gan_eval_loss: 0.5917
2022-07-14 00:15:45,831 DEBUG epoch:93, knn_val_accu: 43.15, contrast_loss: 7.16, contrast_acc: 52.65, gan_train_loss: 0.6464, gan_eval_loss: 0.5424
2022-07-14 00:17:55,508 DEBUG epoch:94, knn_val_accu: 43.72, contrast_loss: 7.10, contrast_acc: 53.05, gan_train_loss: 0.6740, gan_eval_loss: 0.5528
2022-07-14 00:20:09,657 DEBUG epoch:95, knn_val_accu: 42.65, contrast_loss: 7.11, contrast_acc: 53.15, gan_train_loss: 0.6325, gan_eval_loss: 0.6078
2022-07-14 00:22:24,128 DEBUG epoch:96, knn_val_accu: 41.42, contrast_loss: 7.09, contrast_acc: 53.08, gan_train_loss: 0.6154, gan_eval_loss: 0.6151
2022-07-14 00:24:38,914 DEBUG epoch:97, knn_val_accu: 41.91, contrast_loss: 7.06, contrast_acc: 53.50, gan_train_loss: 0.6135, gan_eval_loss: 0.6152
2022-07-14 00:26:52,470 DEBUG epoch:98, knn_val_accu: 42.70, contrast_loss: 7.03, contrast_acc: 53.78, gan_train_loss: 0.6031, gan_eval_loss: 0.6032
2022-07-14 00:29:04,978 DEBUG epoch:99, knn_val_accu: 42.20, contrast_loss: 7.02, contrast_acc: 53.95, gan_train_loss: 0.6060, gan_eval_loss: 0.5962
2022-07-14 00:31:17,613 DEBUG epoch:100, knn_val_accu: 43.38, contrast_loss: 7.00, contrast_acc: 53.97, gan_train_loss: 0.6103, gan_eval_loss: 0.5978
2022-07-14 00:33:30,862 DEBUG epoch:101, knn_val_accu: 43.35, contrast_loss: 6.99, contrast_acc: 54.05, gan_train_loss: 0.6199, gan_eval_loss: 0.6010
2022-07-14 00:35:43,306 DEBUG epoch:102, knn_val_accu: 42.87, contrast_loss: 7.00, contrast_acc: 54.23, gan_train_loss: 0.6246, gan_eval_loss: 0.5911
2022-07-14 00:38:00,690 DEBUG epoch:103, knn_val_accu: 43.46, contrast_loss: 6.92, contrast_acc: 54.99, gan_train_loss: 0.6213, gan_eval_loss: 0.6236
2022-07-14 00:40:17,448 DEBUG epoch:104, knn_val_accu: 42.11, contrast_loss: 6.88, contrast_acc: 55.17, gan_train_loss: 0.6160, gan_eval_loss: 0.6183
2022-07-14 00:42:31,336 DEBUG epoch:105, knn_val_accu: 42.84, contrast_loss: 6.89, contrast_acc: 55.11, gan_train_loss: 0.6073, gan_eval_loss: 0.6036
2022-07-14 00:44:44,116 DEBUG epoch:106, knn_val_accu: 42.70, contrast_loss: 6.87, contrast_acc: 55.02, gan_train_loss: 0.6120, gan_eval_loss: 0.5971
2022-07-14 00:46:56,545 DEBUG epoch:107, knn_val_accu: 43.11, contrast_loss: 6.82, contrast_acc: 55.75, gan_train_loss: 0.6130, gan_eval_loss: 0.5968
2022-07-14 00:49:09,186 DEBUG epoch:108, knn_val_accu: 42.69, contrast_loss: 6.82, contrast_acc: 55.61, gan_train_loss: 0.6321, gan_eval_loss: 0.5982
2022-07-14 00:51:22,521 DEBUG epoch:109, knn_val_accu: 42.65, contrast_loss: 6.84, contrast_acc: 55.53, gan_train_loss: 0.6300, gan_eval_loss: 0.5984
2022-07-14 00:53:39,505 DEBUG epoch:110, knn_val_accu: 43.33, contrast_loss: 6.78, contrast_acc: 56.35, gan_train_loss: 0.6262, gan_eval_loss: 0.6279
2022-07-14 00:55:55,350 DEBUG epoch:111, knn_val_accu: 42.77, contrast_loss: 6.75, contrast_acc: 56.54, gan_train_loss: 0.6193, gan_eval_loss: 0.6180
2022-07-14 00:58:07,856 DEBUG epoch:112, knn_val_accu: 43.36, contrast_loss: 6.74, contrast_acc: 56.42, gan_train_loss: 0.6103, gan_eval_loss: 0.5987
2022-07-14 01:00:22,394 DEBUG epoch:113, knn_val_accu: 43.39, contrast_loss: 6.71, contrast_acc: 56.63, gan_train_loss: 0.6126, gan_eval_loss: 0.6096
2022-07-14 01:02:35,277 DEBUG epoch:114, knn_val_accu: 42.91, contrast_loss: 6.69, contrast_acc: 57.28, gan_train_loss: 0.6187, gan_eval_loss: 0.6000
2022-07-14 01:04:48,896 DEBUG epoch:115, knn_val_accu: 44.20, contrast_loss: 6.70, contrast_acc: 56.99, gan_train_loss: 0.6255, gan_eval_loss: 0.6064
2022-07-14 01:07:01,907 DEBUG epoch:116, knn_val_accu: 42.77, contrast_loss: 6.65, contrast_acc: 57.37, gan_train_loss: 0.6238, gan_eval_loss: 0.6015
2022-07-14 01:09:18,912 DEBUG epoch:117, knn_val_accu: 43.67, contrast_loss: 6.64, contrast_acc: 57.42, gan_train_loss: 0.6319, gan_eval_loss: 0.6312
2022-07-14 01:11:33,917 DEBUG epoch:118, knn_val_accu: 43.15, contrast_loss: 6.64, contrast_acc: 57.67, gan_train_loss: 0.6223, gan_eval_loss: 0.6144
2022-07-14 01:13:50,043 DEBUG epoch:119, knn_val_accu: 43.82, contrast_loss: 6.64, contrast_acc: 57.67, gan_train_loss: 0.6181, gan_eval_loss: 0.6183
2022-07-14 01:16:05,116 DEBUG epoch:120, knn_val_accu: 42.76, contrast_loss: 6.59, contrast_acc: 58.01, gan_train_loss: 0.6136, gan_eval_loss: 0.6077
2022-07-14 01:18:18,779 DEBUG epoch:121, knn_val_accu: 43.04, contrast_loss: 6.57, contrast_acc: 57.94, gan_train_loss: 0.6128, gan_eval_loss: 0.5999
2022-07-14 01:20:30,180 DEBUG epoch:122, knn_val_accu: 43.14, contrast_loss: 6.57, contrast_acc: 58.03, gan_train_loss: 0.6294, gan_eval_loss: 0.5866
2022-07-14 01:22:47,537 DEBUG epoch:123, knn_val_accu: 42.48, contrast_loss: 6.56, contrast_acc: 58.28, gan_train_loss: 0.6310, gan_eval_loss: 0.6301
2022-07-14 01:25:04,782 DEBUG epoch:124, knn_val_accu: 42.51, contrast_loss: 6.57, contrast_acc: 58.15, gan_train_loss: 0.6218, gan_eval_loss: 0.6232
2022-07-14 01:27:21,197 DEBUG epoch:125, knn_val_accu: 43.54, contrast_loss: 6.51, contrast_acc: 58.90, gan_train_loss: 0.6213, gan_eval_loss: 0.6230
2022-07-14 01:29:36,721 DEBUG epoch:126, knn_val_accu: 42.81, contrast_loss: 6.49, contrast_acc: 58.88, gan_train_loss: 0.6143, gan_eval_loss: 0.6147
2022-07-14 01:31:48,981 DEBUG epoch:127, knn_val_accu: 43.42, contrast_loss: 6.46, contrast_acc: 59.20, gan_train_loss: 0.6068, gan_eval_loss: 0.5944
2022-07-14 01:34:02,412 DEBUG epoch:128, knn_val_accu: 42.61, contrast_loss: 6.45, contrast_acc: 59.04, gan_train_loss: 0.6126, gan_eval_loss: 0.5996
2022-07-14 01:36:15,930 DEBUG epoch:129, knn_val_accu: 43.76, contrast_loss: 6.45, contrast_acc: 59.19, gan_train_loss: 0.6132, gan_eval_loss: 0.6027
2022-07-14 01:38:28,254 DEBUG epoch:130, knn_val_accu: 42.51, contrast_loss: 6.45, contrast_acc: 59.29, gan_train_loss: 0.6277, gan_eval_loss: 0.5957
2022-07-14 01:40:45,894 DEBUG epoch:131, knn_val_accu: 42.64, contrast_loss: 6.44, contrast_acc: 59.31, gan_train_loss: 0.6359, gan_eval_loss: 0.6379
2022-07-14 01:43:02,644 DEBUG epoch:132, knn_val_accu: 42.49, contrast_loss: 6.42, contrast_acc: 59.54, gan_train_loss: 0.6235, gan_eval_loss: 0.6251
2022-07-14 01:45:17,647 DEBUG epoch:133, knn_val_accu: 42.74, contrast_loss: 6.40, contrast_acc: 59.82, gan_train_loss: 0.6176, gan_eval_loss: 0.6121
2022-07-14 01:47:34,367 DEBUG epoch:134, knn_val_accu: 42.92, contrast_loss: 6.39, contrast_acc: 59.80, gan_train_loss: 0.6243, gan_eval_loss: 0.6250
2022-07-14 01:49:49,089 DEBUG epoch:135, knn_val_accu: 43.49, contrast_loss: 6.34, contrast_acc: 60.23, gan_train_loss: 0.6118, gan_eval_loss: 0.6134
2022-07-14 01:52:02,312 DEBUG epoch:136, knn_val_accu: 42.99, contrast_loss: 6.37, contrast_acc: 59.99, gan_train_loss: 0.6138, gan_eval_loss: 0.6019
2022-07-14 01:54:14,151 DEBUG epoch:137, knn_val_accu: 43.33, contrast_loss: 6.31, contrast_acc: 60.77, gan_train_loss: 0.6041, gan_eval_loss: 0.5933
2022-07-14 01:56:27,336 DEBUG epoch:138, knn_val_accu: 43.83, contrast_loss: 6.31, contrast_acc: 60.52, gan_train_loss: 0.6043, gan_eval_loss: 0.5983
2022-07-14 01:58:40,758 DEBUG epoch:139, knn_val_accu: 43.69, contrast_loss: 6.27, contrast_acc: 60.89, gan_train_loss: 0.6037, gan_eval_loss: 0.5996
2022-07-14 02:00:54,060 DEBUG epoch:140, knn_val_accu: 43.36, contrast_loss: 6.27, contrast_acc: 60.71, gan_train_loss: 0.6020, gan_eval_loss: 0.5974
2022-07-14 02:03:07,410 DEBUG epoch:141, knn_val_accu: 43.45, contrast_loss: 6.26, contrast_acc: 61.00, gan_train_loss: 0.6028, gan_eval_loss: 0.6005
2022-07-14 02:05:21,026 DEBUG epoch:142, knn_val_accu: 43.84, contrast_loss: 6.24, contrast_acc: 61.08, gan_train_loss: 0.6014, gan_eval_loss: 0.6009
2022-07-14 02:07:34,404 DEBUG epoch:143, knn_val_accu: 43.59, contrast_loss: 6.23, contrast_acc: 61.15, gan_train_loss: 0.6017, gan_eval_loss: 0.6009
2022-07-14 02:09:47,851 DEBUG epoch:144, knn_val_accu: 43.35, contrast_loss: 6.21, contrast_acc: 61.47, gan_train_loss: 0.6002, gan_eval_loss: 0.6010
2022-07-14 02:12:01,434 DEBUG epoch:145, knn_val_accu: 43.46, contrast_loss: 6.15, contrast_acc: 61.84, gan_train_loss: 0.6010, gan_eval_loss: 0.6021
2022-07-14 02:14:14,662 DEBUG epoch:146, knn_val_accu: 43.00, contrast_loss: 6.16, contrast_acc: 61.87, gan_train_loss: 0.5995, gan_eval_loss: 0.6008
2022-07-14 02:16:28,299 DEBUG epoch:147, knn_val_accu: 43.30, contrast_loss: 6.15, contrast_acc: 62.09, gan_train_loss: 0.6014, gan_eval_loss: 0.6025
2022-07-14 02:18:41,682 DEBUG epoch:148, knn_val_accu: 43.77, contrast_loss: 6.14, contrast_acc: 62.13, gan_train_loss: 0.6003, gan_eval_loss: 0.6015
2022-07-14 02:20:55,537 DEBUG epoch:149, knn_val_accu: 43.22, contrast_loss: 6.12, contrast_acc: 62.14, gan_train_loss: 0.6009, gan_eval_loss: 0.6023
2022-07-14 02:23:08,864 DEBUG epoch:150, knn_val_accu: 42.74, contrast_loss: 6.10, contrast_acc: 62.11, gan_train_loss: 0.5996, gan_eval_loss: 0.6008
2022-07-14 02:25:22,438 DEBUG epoch:151, knn_val_accu: 43.50, contrast_loss: 6.08, contrast_acc: 62.63, gan_train_loss: 0.6002, gan_eval_loss: 0.6014
2022-07-14 02:27:36,387 DEBUG epoch:152, knn_val_accu: 43.32, contrast_loss: 6.08, contrast_acc: 62.58, gan_train_loss: 0.6025, gan_eval_loss: 0.6038
2022-07-14 02:29:49,646 DEBUG epoch:153, knn_val_accu: 43.28, contrast_loss: 6.07, contrast_acc: 62.63, gan_train_loss: 0.5997, gan_eval_loss: 0.6010
2022-07-14 02:32:03,350 DEBUG epoch:154, knn_val_accu: 43.65, contrast_loss: 6.07, contrast_acc: 62.61, gan_train_loss: 0.6006, gan_eval_loss: 0.6022
2022-07-14 02:34:17,167 DEBUG epoch:155, knn_val_accu: 43.40, contrast_loss: 6.06, contrast_acc: 62.76, gan_train_loss: 0.6008, gan_eval_loss: 0.6021
2022-07-14 02:36:30,561 DEBUG epoch:156, knn_val_accu: 43.65, contrast_loss: 6.05, contrast_acc: 62.97, gan_train_loss: 0.6005, gan_eval_loss: 0.6018
2022-07-14 02:38:43,897 DEBUG epoch:157, knn_val_accu: 43.55, contrast_loss: 6.03, contrast_acc: 62.98, gan_train_loss: 0.6009, gan_eval_loss: 0.6024
2022-07-14 02:40:57,680 DEBUG epoch:158, knn_val_accu: 43.34, contrast_loss: 6.01, contrast_acc: 63.21, gan_train_loss: 0.6022, gan_eval_loss: 0.6035
2022-07-14 02:43:11,656 DEBUG epoch:159, knn_val_accu: 43.83, contrast_loss: 6.00, contrast_acc: 63.48, gan_train_loss: 0.6022, gan_eval_loss: 0.6036
2022-07-14 02:45:26,545 DEBUG epoch:160, knn_val_accu: 43.41, contrast_loss: 6.02, contrast_acc: 63.21, gan_train_loss: 0.6017, gan_eval_loss: 0.6031
2022-07-14 02:47:40,788 DEBUG epoch:161, knn_val_accu: 43.20, contrast_loss: 6.00, contrast_acc: 63.33, gan_train_loss: 0.6005, gan_eval_loss: 0.6018
2022-07-14 02:49:55,017 DEBUG epoch:162, knn_val_accu: 42.99, contrast_loss: 5.97, contrast_acc: 63.62, gan_train_loss: 0.6017, gan_eval_loss: 0.6030
2022-07-14 02:52:08,915 DEBUG epoch:163, knn_val_accu: 43.58, contrast_loss: 5.97, contrast_acc: 63.65, gan_train_loss: 0.6007, gan_eval_loss: 0.6018
2022-07-14 02:54:22,348 DEBUG epoch:164, knn_val_accu: 43.43, contrast_loss: 5.95, contrast_acc: 63.98, gan_train_loss: 0.6004, gan_eval_loss: 0.6016
2022-07-14 02:56:35,992 DEBUG epoch:165, knn_val_accu: 43.14, contrast_loss: 5.96, contrast_acc: 63.73, gan_train_loss: 0.6011, gan_eval_loss: 0.6022
2022-07-14 02:58:49,593 DEBUG epoch:166, knn_val_accu: 43.40, contrast_loss: 5.95, contrast_acc: 63.79, gan_train_loss: 0.6007, gan_eval_loss: 0.6020
2022-07-14 03:01:03,253 DEBUG epoch:167, knn_val_accu: 43.32, contrast_loss: 5.95, contrast_acc: 63.80, gan_train_loss: 0.5999, gan_eval_loss: 0.6013
2022-07-14 03:03:16,361 DEBUG epoch:168, knn_val_accu: 43.09, contrast_loss: 5.89, contrast_acc: 64.29, gan_train_loss: 0.5990, gan_eval_loss: 0.6002
2022-07-14 03:05:29,855 DEBUG epoch:169, knn_val_accu: 43.06, contrast_loss: 5.90, contrast_acc: 64.35, gan_train_loss: 0.5999, gan_eval_loss: 0.6011
2022-07-14 03:07:43,415 DEBUG epoch:170, knn_val_accu: 42.83, contrast_loss: 5.89, contrast_acc: 64.22, gan_train_loss: 0.6007, gan_eval_loss: 0.6019
2022-07-14 03:09:56,639 DEBUG epoch:171, knn_val_accu: 42.79, contrast_loss: 5.88, contrast_acc: 64.42, gan_train_loss: 0.5996, gan_eval_loss: 0.6009
2022-07-14 03:12:09,949 DEBUG epoch:172, knn_val_accu: 43.14, contrast_loss: 5.87, contrast_acc: 64.44, gan_train_loss: 0.6000, gan_eval_loss: 0.6013
2022-07-14 03:14:23,295 DEBUG epoch:173, knn_val_accu: 43.22, contrast_loss: 5.84, contrast_acc: 64.90, gan_train_loss: 0.5996, gan_eval_loss: 0.6010
2022-07-14 03:16:36,231 DEBUG epoch:174, knn_val_accu: 43.04, contrast_loss: 5.83, contrast_acc: 64.96, gan_train_loss: 0.6014, gan_eval_loss: 0.6027
2022-07-14 03:18:47,965 DEBUG epoch:175, knn_val_accu: 43.18, contrast_loss: 5.86, contrast_acc: 64.58, gan_train_loss: 0.5906, gan_eval_loss: 0.5918
2022-07-14 03:20:58,027 DEBUG epoch:176, knn_val_accu: 42.99, contrast_loss: 5.80, contrast_acc: 65.25, gan_train_loss: 0.5797, gan_eval_loss: 0.5807
2022-07-14 03:23:07,630 DEBUG epoch:177, knn_val_accu: 43.39, contrast_loss: 5.85, contrast_acc: 64.82, gan_train_loss: 0.5690, gan_eval_loss: 0.5701
2022-07-14 03:25:18,022 DEBUG epoch:178, knn_val_accu: 43.34, contrast_loss: 5.78, contrast_acc: 65.22, gan_train_loss: 0.5787, gan_eval_loss: 0.5788
2022-07-14 03:27:28,556 DEBUG epoch:179, knn_val_accu: 43.52, contrast_loss: 5.78, contrast_acc: 65.29, gan_train_loss: 0.5817, gan_eval_loss: 0.5826
2022-07-14 03:29:38,618 DEBUG epoch:180, knn_val_accu: 43.30, contrast_loss: 5.77, contrast_acc: 65.36, gan_train_loss: 0.5781, gan_eval_loss: 0.5789
2022-07-14 03:31:48,873 DEBUG epoch:181, knn_val_accu: 43.35, contrast_loss: 5.78, contrast_acc: 65.19, gan_train_loss: 0.5811, gan_eval_loss: 0.5822
2022-07-14 03:34:00,253 DEBUG epoch:182, knn_val_accu: 43.95, contrast_loss: 5.76, contrast_acc: 65.51, gan_train_loss: 0.5895, gan_eval_loss: 0.5905
2022-07-14 03:36:11,215 DEBUG epoch:183, knn_val_accu: 43.47, contrast_loss: 5.78, contrast_acc: 65.06, gan_train_loss: 0.5871, gan_eval_loss: 0.5876
2022-07-14 03:38:22,457 DEBUG epoch:184, knn_val_accu: 43.45, contrast_loss: 5.80, contrast_acc: 64.98, gan_train_loss: 0.5891, gan_eval_loss: 0.5902
2022-07-14 03:40:34,042 DEBUG epoch:185, knn_val_accu: 43.61, contrast_loss: 5.77, contrast_acc: 65.38, gan_train_loss: 0.5900, gan_eval_loss: 0.5909
2022-07-14 03:42:45,348 DEBUG epoch:186, knn_val_accu: 43.69, contrast_loss: 5.74, contrast_acc: 65.69, gan_train_loss: 0.5880, gan_eval_loss: 0.5892
2022-07-14 03:44:56,874 DEBUG epoch:187, knn_val_accu: 43.97, contrast_loss: 5.75, contrast_acc: 65.29, gan_train_loss: 0.5907, gan_eval_loss: 0.5917
2022-07-14 03:47:08,485 DEBUG epoch:188, knn_val_accu: 43.81, contrast_loss: 5.75, contrast_acc: 65.23, gan_train_loss: 0.5906, gan_eval_loss: 0.5917
2022-07-14 03:49:19,869 DEBUG epoch:189, knn_val_accu: 43.61, contrast_loss: 5.73, contrast_acc: 65.51, gan_train_loss: 0.5901, gan_eval_loss: 0.5910
2022-07-14 03:51:31,219 DEBUG epoch:190, knn_val_accu: 44.05, contrast_loss: 5.76, contrast_acc: 65.23, gan_train_loss: 0.5913, gan_eval_loss: 0.5924
2022-07-14 03:53:43,235 DEBUG epoch:191, knn_val_accu: 43.54, contrast_loss: 5.72, contrast_acc: 65.61, gan_train_loss: 0.5940, gan_eval_loss: 0.5952
2022-07-14 03:55:56,127 DEBUG epoch:192, knn_val_accu: 43.84, contrast_loss: 5.73, contrast_acc: 65.77, gan_train_loss: 0.5955, gan_eval_loss: 0.5967
2022-07-14 03:58:08,582 DEBUG epoch:193, knn_val_accu: 43.89, contrast_loss: 5.73, contrast_acc: 65.79, gan_train_loss: 0.5917, gan_eval_loss: 0.5928
2022-07-14 04:00:21,827 DEBUG epoch:194, knn_val_accu: 43.87, contrast_loss: 5.74, contrast_acc: 65.66, gan_train_loss: 0.5968, gan_eval_loss: 0.5978
2022-07-14 04:02:34,625 DEBUG epoch:195, knn_val_accu: 43.75, contrast_loss: 5.72, contrast_acc: 65.89, gan_train_loss: 0.5951, gan_eval_loss: 0.5962
2022-07-14 04:04:47,913 DEBUG epoch:196, knn_val_accu: 43.98, contrast_loss: 5.72, contrast_acc: 65.71, gan_train_loss: 0.5999, gan_eval_loss: 0.6010
2022-07-14 04:07:00,496 DEBUG epoch:197, knn_val_accu: 43.87, contrast_loss: 5.73, contrast_acc: 65.75, gan_train_loss: 0.5972, gan_eval_loss: 0.5982
2022-07-14 04:09:14,113 DEBUG epoch:198, knn_val_accu: 43.89, contrast_loss: 5.75, contrast_acc: 65.59, gan_train_loss: 0.6035, gan_eval_loss: 0.6046
2022-07-14 04:11:28,440 DEBUG epoch:199, knn_val_accu: 43.78, contrast_loss: 5.73, contrast_acc: 65.78, gan_train_loss: 0.6051, gan_eval_loss: 0.6063
2022-07-14 04:13:43,058 DEBUG epoch:200, knn_val_accu: 43.78, contrast_loss: 5.73, contrast_acc: 65.55, gan_train_loss: 0.6058, gan_eval_loss: 0.6071
2022-07-14 04:13:52,635 DEBUG final knn evaluation accuracy is 44.20
2022-07-14 04:29:46,125 DEBUG final linear-probe evaluation accuracy is 51.19
2022-07-14 04:35:11,858 DEBUG final semi-supervised evaluation accuracy with 10% data is 48.70
2022-07-14 04:39:22,584 DEBUG final semi-supervised evaluation accuracy with 1% data is 37.68
2022-07-14 04:39:31,948 DEBUG final knn evaluation accuracy is 44.20
2022-07-17 02:15:00,721 DEBUG Enable ResSFL fine-tuning: arch-res_normN4C64-alpha-2.0-ssim-0.6, using svhn as auxiliary data
2022-07-17 02:15:10,711 DEBUG final knn evaluation accuracy is 44.20
