2022-07-10 04:49:37,314 DEBUG Generating IR ...... (may take a while)
2022-07-10 04:49:39,327 DEBUG epoch [1/50], train_loss 0.0580 (0.0765), val_loss 0.0604 (0.0592)
2022-07-10 04:49:39,905 DEBUG epoch [2/50], train_loss 0.0679 (0.0705), val_loss 0.0540 (0.0571)
2022-07-10 04:49:40,467 DEBUG epoch [3/50], train_loss 0.0640 (0.0678), val_loss 0.0649 (0.0567)
2022-07-10 04:49:41,026 DEBUG epoch [4/50], train_loss 0.0730 (0.0663), val_loss 0.0644 (0.0564)
2022-07-10 04:49:41,540 DEBUG epoch [5/50], train_loss 0.0543 (0.0648), val_loss 0.0589 (0.0561)
2022-07-10 04:49:42,065 DEBUG epoch [6/50], train_loss 0.0915 (0.0637), val_loss 0.0494 (0.0558)
2022-07-10 04:49:42,566 DEBUG epoch [7/50], train_loss 0.0940 (0.0627), val_loss 0.0485 (0.0557)
2022-07-10 04:49:43,117 DEBUG epoch [8/50], train_loss 0.0655 (0.0618), val_loss 0.0523 (0.0558)
2022-07-10 04:49:43,651 DEBUG epoch [9/50], train_loss 0.0802 (0.0610), val_loss 0.0532 (0.0553)
2022-07-10 04:49:44,188 DEBUG epoch [10/50], train_loss 0.0546 (0.0601), val_loss 0.0533 (0.0550)
2022-07-10 04:49:44,746 DEBUG epoch [11/50], train_loss 0.0393 (0.0593), val_loss 0.0434 (0.0554)
2022-07-10 04:49:45,247 DEBUG epoch [12/50], train_loss 0.0630 (0.0583), val_loss 0.0523 (0.0553)
2022-07-10 04:49:45,755 DEBUG epoch [13/50], train_loss 0.1119 (0.0574), val_loss 0.0497 (0.0554)
2022-07-10 04:49:46,290 DEBUG epoch [14/50], train_loss 0.0536 (0.0567), val_loss 0.0559 (0.0561)
2022-07-10 04:49:46,840 DEBUG epoch [15/50], train_loss 0.0515 (0.0560), val_loss 0.0669 (0.0568)
2022-07-10 04:49:47,401 DEBUG epoch [16/50], train_loss 0.0800 (0.0554), val_loss 0.0390 (0.0566)
2022-07-10 04:49:47,924 DEBUG epoch [17/50], train_loss 0.0617 (0.0546), val_loss 0.0539 (0.0566)
2022-07-10 04:49:48,456 DEBUG epoch [18/50], train_loss 0.0760 (0.0538), val_loss 0.0459 (0.0564)
2022-07-10 04:49:48,963 DEBUG epoch [19/50], train_loss 0.0663 (0.0531), val_loss 0.0531 (0.0563)
2022-07-10 04:49:49,507 DEBUG epoch [20/50], train_loss 0.0407 (0.0523), val_loss 0.0493 (0.0561)
2022-07-10 04:49:50,069 DEBUG epoch [21/50], train_loss 0.1087 (0.0515), val_loss 0.0670 (0.0561)
2022-07-10 04:49:50,645 DEBUG epoch [22/50], train_loss 0.0608 (0.0511), val_loss 0.0512 (0.0557)
2022-07-10 04:49:51,215 DEBUG epoch [23/50], train_loss 0.0787 (0.0505), val_loss 0.0594 (0.0559)
2022-07-10 04:49:51,736 DEBUG epoch [24/50], train_loss 0.0317 (0.0499), val_loss 0.0575 (0.0561)
2022-07-10 04:49:52,246 DEBUG epoch [25/50], train_loss 0.0768 (0.0494), val_loss 0.0592 (0.0561)
2022-07-10 04:49:52,766 DEBUG epoch [26/50], train_loss 0.0824 (0.0488), val_loss 0.0640 (0.0563)
2022-07-10 04:49:53,288 DEBUG epoch [27/50], train_loss 0.0937 (0.0482), val_loss 0.0621 (0.0561)
2022-07-10 04:49:53,859 DEBUG epoch [28/50], train_loss 0.0922 (0.0478), val_loss 0.0495 (0.0561)
2022-07-10 04:49:54,400 DEBUG epoch [29/50], train_loss 0.0354 (0.0472), val_loss 0.0487 (0.0560)
2022-07-10 04:49:54,904 DEBUG epoch [30/50], train_loss 0.0375 (0.0466), val_loss 0.0526 (0.0559)
2022-07-10 04:49:55,405 DEBUG epoch [31/50], train_loss 0.0352 (0.0461), val_loss 0.0450 (0.0558)
2022-07-10 04:49:55,938 DEBUG epoch [32/50], train_loss 0.0509 (0.0456), val_loss 0.0408 (0.0555)
2022-07-10 04:49:56,479 DEBUG epoch [33/50], train_loss 0.0374 (0.0451), val_loss 0.0641 (0.0555)
2022-07-10 04:49:57,036 DEBUG epoch [34/50], train_loss 0.0799 (0.0445), val_loss 0.0621 (0.0555)
2022-07-10 04:49:57,610 DEBUG epoch [35/50], train_loss 0.0283 (0.0440), val_loss 0.0507 (0.0553)
2022-07-10 04:49:58,157 DEBUG epoch [36/50], train_loss 0.1511 (0.0434), val_loss 0.0504 (0.0552)
2022-07-10 04:49:58,671 DEBUG epoch [37/50], train_loss 0.0426 (0.0429), val_loss 0.0491 (0.0551)
2022-07-10 04:49:59,173 DEBUG epoch [38/50], train_loss 0.0378 (0.0424), val_loss 0.0498 (0.0550)
2022-07-10 04:49:59,692 DEBUG epoch [39/50], train_loss 0.0386 (0.0419), val_loss 0.0508 (0.0550)
2022-07-10 04:50:00,250 DEBUG epoch [40/50], train_loss 0.0515 (0.0415), val_loss 0.0526 (0.0548)
2022-07-10 04:50:00,831 DEBUG epoch [41/50], train_loss 0.0242 (0.0410), val_loss 0.0489 (0.0548)
2022-07-10 04:50:01,412 DEBUG epoch [42/50], train_loss 0.0521 (0.0406), val_loss 0.0543 (0.0547)
2022-07-10 04:50:01,945 DEBUG epoch [43/50], train_loss 0.0264 (0.0401), val_loss 0.0545 (0.0546)
2022-07-10 04:50:02,488 DEBUG epoch [44/50], train_loss 0.0362 (0.0397), val_loss 0.0429 (0.0544)
2022-07-10 04:50:03,005 DEBUG epoch [45/50], train_loss 0.0630 (0.0392), val_loss 0.0506 (0.0543)
2022-07-10 04:50:03,539 DEBUG epoch [46/50], train_loss 0.0483 (0.0389), val_loss 0.0536 (0.0542)
2022-07-10 04:50:04,067 DEBUG epoch [47/50], train_loss 0.0331 (0.0385), val_loss 0.0577 (0.0542)
2022-07-10 04:50:04,620 DEBUG epoch [48/50], train_loss 0.0530 (0.0382), val_loss 0.0498 (0.0541)
2022-07-10 04:50:05,199 DEBUG epoch [49/50], train_loss 0.0247 (0.0378), val_loss 0.0442 (0.0539)
2022-07-10 04:50:05,747 DEBUG epoch [50/50], train_loss 0.0674 (0.0374), val_loss 0.0539 (0.0539)
2022-07-10 04:50:05,747 DEBUG Using MIA arch res_normN4C64 Best Validation Loss is 0.03897087648510933
2022-07-10 04:50:06,498 DEBUG MSE Loss on ALL Image is 0.0386 (Real Attack Results on the Target Client)
2022-07-10 04:50:06,498 DEBUG SSIM Loss on ALL Image is 0.4539 (Real Attack Results on the Target Client)
2022-07-10 04:50:06,498 DEBUG PSNR Loss on ALL Image is 14.8815 (Real Attack Results on the Target Client)
