2022-07-09 09:41:02,585 DEBUG Enable ResSFL fine-tuning: arch-res_normN4C64-alpha-2.0-ssim-0.6, using cifar100 as auxiliary data
2022-07-09 09:41:03,209 DEBUG SFL-Moco (ResSFL-expert) Train on cifar10 with cutlayer 2: total epochs: 200
2022-07-09 09:43:47,600 DEBUG epoch:1, knn_val_accu: 35.41, contrast_loss: 14.28, contrast_acc: 11.55, gan_train_loss: 0.5742, gan_eval_loss: 0.5664
2022-07-09 09:46:36,012 DEBUG epoch:2, knn_val_accu: 39.64, contrast_loss: 13.88, contrast_acc: 10.73, gan_train_loss: 0.5890, gan_eval_loss: 0.5846
2022-07-09 09:49:26,081 DEBUG epoch:3, knn_val_accu: 41.94, contrast_loss: 13.41, contrast_acc: 11.06, gan_train_loss: 0.5940, gan_eval_loss: 0.5903
2022-07-09 09:52:17,627 DEBUG epoch:4, knn_val_accu: 43.02, contrast_loss: 13.01, contrast_acc: 11.41, gan_train_loss: 0.5987, gan_eval_loss: 0.5935
2022-07-09 09:55:10,077 DEBUG epoch:5, knn_val_accu: 44.43, contrast_loss: 12.64, contrast_acc: 12.27, gan_train_loss: 0.5992, gan_eval_loss: 0.5957
2022-07-09 09:58:03,418 DEBUG epoch:6, knn_val_accu: 46.29, contrast_loss: 12.29, contrast_acc: 12.79, gan_train_loss: 0.6000, gan_eval_loss: 0.5979
2022-07-09 10:00:59,870 DEBUG epoch:7, knn_val_accu: 47.83, contrast_loss: 11.80, contrast_acc: 14.07, gan_train_loss: 0.6011, gan_eval_loss: 0.6027
2022-07-09 10:03:56,532 DEBUG epoch:8, knn_val_accu: 49.96, contrast_loss: 11.37, contrast_acc: 15.44, gan_train_loss: 0.6030, gan_eval_loss: 0.6038
2022-07-09 10:06:53,399 DEBUG epoch:9, knn_val_accu: 51.84, contrast_loss: 11.03, contrast_acc: 16.65, gan_train_loss: 0.6048, gan_eval_loss: 0.6062
2022-07-09 10:09:51,630 DEBUG epoch:10, knn_val_accu: 52.49, contrast_loss: 10.64, contrast_acc: 17.74, gan_train_loss: 0.6060, gan_eval_loss: 0.6073
2022-07-09 10:12:50,616 DEBUG epoch:11, knn_val_accu: 53.63, contrast_loss: 10.32, contrast_acc: 18.49, gan_train_loss: 0.6053, gan_eval_loss: 0.6072
2022-07-09 10:15:50,142 DEBUG epoch:12, knn_val_accu: 53.97, contrast_loss: 10.05, contrast_acc: 19.13, gan_train_loss: 0.6069, gan_eval_loss: 0.6083
2022-07-09 10:18:50,150 DEBUG epoch:13, knn_val_accu: 53.80, contrast_loss: 9.79, contrast_acc: 19.66, gan_train_loss: 0.6087, gan_eval_loss: 0.6104
2022-07-09 10:21:50,530 DEBUG epoch:14, knn_val_accu: 54.68, contrast_loss: 9.55, contrast_acc: 20.30, gan_train_loss: 0.6086, gan_eval_loss: 0.6106
2022-07-09 10:24:50,502 DEBUG epoch:15, knn_val_accu: 54.53, contrast_loss: 9.36, contrast_acc: 20.52, gan_train_loss: 0.6077, gan_eval_loss: 0.6088
2022-07-09 10:27:50,691 DEBUG epoch:16, knn_val_accu: 55.70, contrast_loss: 9.19, contrast_acc: 21.00, gan_train_loss: 0.6075, gan_eval_loss: 0.6098
2022-07-09 10:30:51,002 DEBUG epoch:17, knn_val_accu: 55.83, contrast_loss: 9.02, contrast_acc: 21.28, gan_train_loss: 0.6097, gan_eval_loss: 0.6116
2022-07-09 10:33:51,669 DEBUG epoch:18, knn_val_accu: 55.82, contrast_loss: 8.88, contrast_acc: 21.65, gan_train_loss: 0.6078, gan_eval_loss: 0.6103
2022-07-09 10:36:52,055 DEBUG epoch:19, knn_val_accu: 55.93, contrast_loss: 8.72, contrast_acc: 22.01, gan_train_loss: 0.6088, gan_eval_loss: 0.6113
2022-07-09 10:39:52,388 DEBUG epoch:20, knn_val_accu: 56.15, contrast_loss: 8.65, contrast_acc: 22.33, gan_train_loss: 0.6085, gan_eval_loss: 0.6110
2022-07-09 10:42:51,699 DEBUG epoch:21, knn_val_accu: 57.16, contrast_loss: 8.54, contrast_acc: 22.61, gan_train_loss: 0.6079, gan_eval_loss: 0.6109
2022-07-09 10:45:50,770 DEBUG epoch:22, knn_val_accu: 56.15, contrast_loss: 8.46, contrast_acc: 22.90, gan_train_loss: 0.6092, gan_eval_loss: 0.6120
2022-07-09 10:48:50,369 DEBUG epoch:23, knn_val_accu: 56.70, contrast_loss: 8.38, contrast_acc: 22.98, gan_train_loss: 0.6094, gan_eval_loss: 0.6114
2022-07-09 10:51:50,854 DEBUG epoch:24, knn_val_accu: 57.38, contrast_loss: 8.31, contrast_acc: 23.12, gan_train_loss: 0.6086, gan_eval_loss: 0.6112
2022-07-09 10:54:51,481 DEBUG epoch:25, knn_val_accu: 56.82, contrast_loss: 8.20, contrast_acc: 23.36, gan_train_loss: 0.6100, gan_eval_loss: 0.6123
2022-07-09 10:57:51,551 DEBUG epoch:26, knn_val_accu: 57.15, contrast_loss: 8.18, contrast_acc: 23.35, gan_train_loss: 0.6102, gan_eval_loss: 0.6126
2022-07-09 11:00:51,859 DEBUG epoch:27, knn_val_accu: 56.89, contrast_loss: 8.12, contrast_acc: 23.79, gan_train_loss: 0.6090, gan_eval_loss: 0.6109
2022-07-09 11:04:14,297 DEBUG epoch:28, knn_val_accu: 57.72, contrast_loss: 8.09, contrast_acc: 23.56, gan_train_loss: 0.6090, gan_eval_loss: 0.6113
2022-07-09 11:07:58,705 DEBUG epoch:29, knn_val_accu: 57.91, contrast_loss: 8.05, contrast_acc: 24.12, gan_train_loss: 0.6074, gan_eval_loss: 0.6090
2022-07-09 11:11:43,802 DEBUG epoch:30, knn_val_accu: 57.83, contrast_loss: 7.99, contrast_acc: 24.03, gan_train_loss: 0.6076, gan_eval_loss: 0.6091
2022-07-09 11:15:27,992 DEBUG epoch:31, knn_val_accu: 57.58, contrast_loss: 7.96, contrast_acc: 24.05, gan_train_loss: 0.6075, gan_eval_loss: 0.6090
2022-07-09 11:19:12,206 DEBUG epoch:32, knn_val_accu: 57.85, contrast_loss: 7.92, contrast_acc: 24.34, gan_train_loss: 0.6069, gan_eval_loss: 0.6089
2022-07-09 11:22:38,137 DEBUG epoch:33, knn_val_accu: 58.30, contrast_loss: 7.84, contrast_acc: 24.63, gan_train_loss: 0.6075, gan_eval_loss: 0.6093
2022-07-09 11:25:56,248 DEBUG epoch:34, knn_val_accu: 58.09, contrast_loss: 7.85, contrast_acc: 24.59, gan_train_loss: 0.6084, gan_eval_loss: 0.6091
2022-07-09 11:29:09,341 DEBUG epoch:35, knn_val_accu: 57.91, contrast_loss: 7.80, contrast_acc: 24.66, gan_train_loss: 0.6068, gan_eval_loss: 0.6083
2022-07-09 11:32:17,668 DEBUG epoch:36, knn_val_accu: 59.52, contrast_loss: 7.75, contrast_acc: 24.97, gan_train_loss: 0.6076, gan_eval_loss: 0.6088
2022-07-09 11:35:03,562 DEBUG epoch:37, knn_val_accu: 59.01, contrast_loss: 7.71, contrast_acc: 25.24, gan_train_loss: 0.6059, gan_eval_loss: 0.6091
2022-07-09 11:37:49,705 DEBUG epoch:38, knn_val_accu: 59.91, contrast_loss: 7.66, contrast_acc: 25.08, gan_train_loss: 0.6071, gan_eval_loss: 0.6091
2022-07-09 11:40:38,912 DEBUG epoch:39, knn_val_accu: 60.17, contrast_loss: 7.62, contrast_acc: 25.34, gan_train_loss: 0.6059, gan_eval_loss: 0.6085
2022-07-09 11:43:24,805 DEBUG epoch:40, knn_val_accu: 60.14, contrast_loss: 7.61, contrast_acc: 25.31, gan_train_loss: 0.6071, gan_eval_loss: 0.6094
2022-07-09 11:46:09,902 DEBUG epoch:41, knn_val_accu: 60.22, contrast_loss: 7.60, contrast_acc: 25.48, gan_train_loss: 0.6066, gan_eval_loss: 0.6078
2022-07-09 11:48:59,725 DEBUG epoch:42, knn_val_accu: 60.18, contrast_loss: 7.50, contrast_acc: 25.82, gan_train_loss: 0.6066, gan_eval_loss: 0.6094
2022-07-09 11:51:45,497 DEBUG epoch:43, knn_val_accu: 60.04, contrast_loss: 7.51, contrast_acc: 25.86, gan_train_loss: 0.6081, gan_eval_loss: 0.6094
2022-07-09 11:54:35,368 DEBUG epoch:44, knn_val_accu: 60.07, contrast_loss: 7.47, contrast_acc: 26.10, gan_train_loss: 0.6080, gan_eval_loss: 0.6091
2022-07-09 11:57:21,511 DEBUG epoch:45, knn_val_accu: 60.01, contrast_loss: 7.45, contrast_acc: 26.05, gan_train_loss: 0.6083, gan_eval_loss: 0.6092
2022-07-09 12:00:07,755 DEBUG epoch:46, knn_val_accu: 60.18, contrast_loss: 7.43, contrast_acc: 26.06, gan_train_loss: 0.6084, gan_eval_loss: 0.6103
2022-07-09 12:02:57,440 DEBUG epoch:47, knn_val_accu: 60.27, contrast_loss: 7.40, contrast_acc: 26.16, gan_train_loss: 0.6076, gan_eval_loss: 0.6094
2022-07-09 12:05:43,307 DEBUG epoch:48, knn_val_accu: 60.64, contrast_loss: 7.40, contrast_acc: 26.12, gan_train_loss: 0.6074, gan_eval_loss: 0.6102
2022-07-09 12:08:33,486 DEBUG epoch:49, knn_val_accu: 60.79, contrast_loss: 7.40, contrast_acc: 26.29, gan_train_loss: 0.6085, gan_eval_loss: 0.6099
2022-07-09 12:11:19,122 DEBUG epoch:50, knn_val_accu: 60.24, contrast_loss: 7.37, contrast_acc: 26.27, gan_train_loss: 0.6082, gan_eval_loss: 0.6100
2022-07-09 12:14:05,321 DEBUG epoch:51, knn_val_accu: 61.10, contrast_loss: 7.34, contrast_acc: 26.63, gan_train_loss: 0.6091, gan_eval_loss: 0.6102
2022-07-09 12:16:55,010 DEBUG epoch:52, knn_val_accu: 61.05, contrast_loss: 7.31, contrast_acc: 26.53, gan_train_loss: 0.6083, gan_eval_loss: 0.6094
2022-07-09 12:19:41,336 DEBUG epoch:53, knn_val_accu: 62.06, contrast_loss: 7.28, contrast_acc: 26.99, gan_train_loss: 0.6108, gan_eval_loss: 0.6120
2022-07-09 12:22:30,345 DEBUG epoch:54, knn_val_accu: 61.73, contrast_loss: 7.25, contrast_acc: 26.66, gan_train_loss: 0.6090, gan_eval_loss: 0.6104
2022-07-09 12:25:17,107 DEBUG epoch:55, knn_val_accu: 61.31, contrast_loss: 7.25, contrast_acc: 26.90, gan_train_loss: 0.6099, gan_eval_loss: 0.6105
2022-07-09 12:28:02,860 DEBUG epoch:56, knn_val_accu: 61.69, contrast_loss: 7.19, contrast_acc: 27.53, gan_train_loss: 0.6079, gan_eval_loss: 0.6099
2022-07-09 12:30:52,603 DEBUG epoch:57, knn_val_accu: 62.10, contrast_loss: 7.20, contrast_acc: 27.07, gan_train_loss: 0.6090, gan_eval_loss: 0.6105
2022-07-09 12:33:38,999 DEBUG epoch:58, knn_val_accu: 61.81, contrast_loss: 7.17, contrast_acc: 27.29, gan_train_loss: 0.6109, gan_eval_loss: 0.6117
2022-07-09 12:36:25,113 DEBUG epoch:59, knn_val_accu: 62.13, contrast_loss: 7.15, contrast_acc: 27.39, gan_train_loss: 0.6093, gan_eval_loss: 0.6105
2022-07-09 12:39:15,158 DEBUG epoch:60, knn_val_accu: 62.65, contrast_loss: 7.14, contrast_acc: 27.59, gan_train_loss: 0.6108, gan_eval_loss: 0.6102
2022-07-09 12:41:59,965 DEBUG epoch:61, knn_val_accu: 62.97, contrast_loss: 7.09, contrast_acc: 27.45, gan_train_loss: 0.6061, gan_eval_loss: 0.6065
2022-07-09 12:44:46,404 DEBUG epoch:62, knn_val_accu: 63.17, contrast_loss: 7.01, contrast_acc: 28.24, gan_train_loss: 0.6017, gan_eval_loss: 0.6021
2022-07-09 12:47:28,852 DEBUG epoch:63, knn_val_accu: 62.86, contrast_loss: 6.95, contrast_acc: 28.52, gan_train_loss: 0.6022, gan_eval_loss: 0.6021
2022-07-09 12:50:11,315 DEBUG epoch:64, knn_val_accu: 62.92, contrast_loss: 6.89, contrast_acc: 29.25, gan_train_loss: 0.6011, gan_eval_loss: 0.6011
2022-07-09 12:52:57,519 DEBUG epoch:65, knn_val_accu: 62.41, contrast_loss: 6.84, contrast_acc: 29.65, gan_train_loss: 0.6029, gan_eval_loss: 0.6021
2022-07-09 12:55:39,879 DEBUG epoch:66, knn_val_accu: 62.81, contrast_loss: 6.85, contrast_acc: 29.29, gan_train_loss: 0.6033, gan_eval_loss: 0.6017
2022-07-09 12:58:23,243 DEBUG epoch:67, knn_val_accu: 63.82, contrast_loss: 6.93, contrast_acc: 28.47, gan_train_loss: 0.6040, gan_eval_loss: 0.5989
2022-07-09 13:01:04,486 DEBUG epoch:68, knn_val_accu: 63.65, contrast_loss: 6.91, contrast_acc: 28.70, gan_train_loss: 0.6085, gan_eval_loss: 0.5969
2022-07-09 13:03:42,999 DEBUG epoch:69, knn_val_accu: 62.89, contrast_loss: 7.00, contrast_acc: 28.14, gan_train_loss: 0.6159, gan_eval_loss: 0.5931
2022-07-09 13:06:24,202 DEBUG epoch:70, knn_val_accu: 63.29, contrast_loss: 7.21, contrast_acc: 27.74, gan_train_loss: 0.6379, gan_eval_loss: 0.5883
2022-07-09 13:09:03,416 DEBUG epoch:71, knn_val_accu: 64.52, contrast_loss: 6.82, contrast_acc: 30.25, gan_train_loss: 0.6008, gan_eval_loss: 0.5931
2022-07-09 13:11:43,465 DEBUG epoch:72, knn_val_accu: 63.42, contrast_loss: 6.70, contrast_acc: 30.37, gan_train_loss: 0.6047, gan_eval_loss: 0.5966
2022-07-09 13:14:26,939 DEBUG epoch:73, knn_val_accu: 64.52, contrast_loss: 6.81, contrast_acc: 30.55, gan_train_loss: 0.6055, gan_eval_loss: 0.5963
2022-07-09 13:17:07,346 DEBUG epoch:74, knn_val_accu: 64.19, contrast_loss: 6.64, contrast_acc: 30.91, gan_train_loss: 0.6057, gan_eval_loss: 0.5990
2022-07-09 13:19:45,429 DEBUG epoch:75, knn_val_accu: 63.56, contrast_loss: 6.78, contrast_acc: 30.58, gan_train_loss: 0.6154, gan_eval_loss: 0.5916
2022-07-09 13:22:27,862 DEBUG epoch:76, knn_val_accu: 63.74, contrast_loss: 6.93, contrast_acc: 29.02, gan_train_loss: 0.6197, gan_eval_loss: 0.5901
2022-07-09 13:25:05,418 DEBUG epoch:77, knn_val_accu: 64.24, contrast_loss: 6.80, contrast_acc: 29.66, gan_train_loss: 0.6214, gan_eval_loss: 0.5884
2022-07-09 13:27:47,378 DEBUG epoch:78, knn_val_accu: 63.71, contrast_loss: 6.78, contrast_acc: 30.25, gan_train_loss: 0.6225, gan_eval_loss: 0.5912
2022-07-09 13:30:25,247 DEBUG epoch:79, knn_val_accu: 64.54, contrast_loss: 6.70, contrast_acc: 31.28, gan_train_loss: 0.6307, gan_eval_loss: 0.5890
2022-07-09 13:33:02,858 DEBUG epoch:80, knn_val_accu: 64.08, contrast_loss: 7.04, contrast_acc: 27.54, gan_train_loss: 0.6412, gan_eval_loss: 0.5859
2022-07-09 13:35:43,630 DEBUG epoch:81, knn_val_accu: 63.62, contrast_loss: 6.74, contrast_acc: 32.42, gan_train_loss: 0.6519, gan_eval_loss: 0.5837
2022-07-09 13:38:21,036 DEBUG epoch:82, knn_val_accu: 64.00, contrast_loss: 6.62, contrast_acc: 31.02, gan_train_loss: 0.6587, gan_eval_loss: 0.5844
2022-07-09 13:40:58,370 DEBUG epoch:83, knn_val_accu: 65.17, contrast_loss: 6.62, contrast_acc: 31.38, gan_train_loss: 0.6648, gan_eval_loss: 0.5807
2022-07-09 13:43:39,076 DEBUG epoch:84, knn_val_accu: 63.84, contrast_loss: 6.73, contrast_acc: 30.56, gan_train_loss: 0.6669, gan_eval_loss: 0.5812
2022-07-09 13:46:16,287 DEBUG epoch:85, knn_val_accu: 64.89, contrast_loss: 6.63, contrast_acc: 33.88, gan_train_loss: 0.6721, gan_eval_loss: 0.5819
2022-07-09 13:48:56,014 DEBUG epoch:86, knn_val_accu: 64.91, contrast_loss: 6.59, contrast_acc: 32.42, gan_train_loss: 0.6531, gan_eval_loss: 0.5814
2022-07-09 13:51:32,725 DEBUG epoch:87, knn_val_accu: 64.94, contrast_loss: 6.65, contrast_acc: 30.93, gan_train_loss: 0.6643, gan_eval_loss: 0.5803
2022-07-09 13:54:09,372 DEBUG epoch:88, knn_val_accu: 64.82, contrast_loss: 6.61, contrast_acc: 30.88, gan_train_loss: 0.6690, gan_eval_loss: 0.5784
2022-07-09 13:56:50,574 DEBUG epoch:89, knn_val_accu: 64.77, contrast_loss: 6.49, contrast_acc: 32.25, gan_train_loss: 0.6309, gan_eval_loss: 0.5861
2022-07-09 13:59:29,299 DEBUG epoch:90, knn_val_accu: 64.96, contrast_loss: 6.47, contrast_acc: 31.80, gan_train_loss: 0.6157, gan_eval_loss: 0.5879
2022-07-09 14:02:07,710 DEBUG epoch:91, knn_val_accu: 64.95, contrast_loss: 6.63, contrast_acc: 31.00, gan_train_loss: 0.6282, gan_eval_loss: 0.5892
2022-07-09 14:04:49,071 DEBUG epoch:92, knn_val_accu: 64.83, contrast_loss: 6.51, contrast_acc: 32.03, gan_train_loss: 0.6386, gan_eval_loss: 0.5884
2022-07-09 14:07:26,632 DEBUG epoch:93, knn_val_accu: 65.01, contrast_loss: 6.77, contrast_acc: 30.22, gan_train_loss: 0.6453, gan_eval_loss: 0.5834
2022-07-09 14:10:03,697 DEBUG epoch:94, knn_val_accu: 65.42, contrast_loss: 6.45, contrast_acc: 32.68, gan_train_loss: 0.6554, gan_eval_loss: 0.5842
2022-07-09 14:12:44,588 DEBUG epoch:95, knn_val_accu: 63.99, contrast_loss: 6.52, contrast_acc: 31.48, gan_train_loss: 0.6825, gan_eval_loss: 0.5809
2022-07-09 14:15:21,085 DEBUG epoch:96, knn_val_accu: 65.40, contrast_loss: 6.55, contrast_acc: 31.25, gan_train_loss: 0.6972, gan_eval_loss: 0.5771
2022-07-09 14:18:01,404 DEBUG epoch:97, knn_val_accu: 65.43, contrast_loss: 6.45, contrast_acc: 32.77, gan_train_loss: 0.6823, gan_eval_loss: 0.5717
2022-07-09 14:20:38,612 DEBUG epoch:98, knn_val_accu: 64.69, contrast_loss: 6.41, contrast_acc: 32.37, gan_train_loss: 0.6631, gan_eval_loss: 0.5845
2022-07-09 14:23:17,037 DEBUG epoch:99, knn_val_accu: 65.10, contrast_loss: 6.39, contrast_acc: 32.39, gan_train_loss: 0.6369, gan_eval_loss: 0.5886
2022-07-09 14:25:57,907 DEBUG epoch:100, knn_val_accu: 65.31, contrast_loss: 6.62, contrast_acc: 31.47, gan_train_loss: 0.6884, gan_eval_loss: 0.5791
2022-07-09 14:28:35,419 DEBUG epoch:101, knn_val_accu: 65.35, contrast_loss: 6.45, contrast_acc: 32.51, gan_train_loss: 0.6810, gan_eval_loss: 0.5833
2022-07-09 14:31:13,361 DEBUG epoch:102, knn_val_accu: 64.76, contrast_loss: 6.42, contrast_acc: 32.00, gan_train_loss: 0.6380, gan_eval_loss: 0.5886
2022-07-09 14:33:54,773 DEBUG epoch:103, knn_val_accu: 65.26, contrast_loss: 6.43, contrast_acc: 32.11, gan_train_loss: 0.6398, gan_eval_loss: 0.5843
2022-07-09 14:36:33,066 DEBUG epoch:104, knn_val_accu: 65.37, contrast_loss: 6.44, contrast_acc: 32.39, gan_train_loss: 0.6290, gan_eval_loss: 0.5879
2022-07-09 14:39:15,250 DEBUG epoch:105, knn_val_accu: 65.36, contrast_loss: 6.46, contrast_acc: 32.36, gan_train_loss: 0.6484, gan_eval_loss: 0.5901
2022-07-09 14:41:52,160 DEBUG epoch:106, knn_val_accu: 65.22, contrast_loss: 6.48, contrast_acc: 32.75, gan_train_loss: 0.6824, gan_eval_loss: 0.5799
2022-07-09 14:44:29,239 DEBUG epoch:107, knn_val_accu: 64.55, contrast_loss: 6.46, contrast_acc: 31.55, gan_train_loss: 0.6831, gan_eval_loss: 0.5825
2022-07-09 14:47:11,292 DEBUG epoch:108, knn_val_accu: 65.05, contrast_loss: 6.36, contrast_acc: 34.05, gan_train_loss: 0.6562, gan_eval_loss: 0.5859
2022-07-09 14:49:50,494 DEBUG epoch:109, knn_val_accu: 65.61, contrast_loss: 6.38, contrast_acc: 32.54, gan_train_loss: 0.6414, gan_eval_loss: 0.5920
2022-07-09 14:52:29,178 DEBUG epoch:110, knn_val_accu: 65.35, contrast_loss: 6.46, contrast_acc: 32.51, gan_train_loss: 0.6553, gan_eval_loss: 0.5916
2022-07-09 14:55:10,000 DEBUG epoch:111, knn_val_accu: 64.80, contrast_loss: 6.37, contrast_acc: 33.00, gan_train_loss: 0.6700, gan_eval_loss: 0.5830
2022-07-09 14:57:48,185 DEBUG epoch:112, knn_val_accu: 65.52, contrast_loss: 6.31, contrast_acc: 33.07, gan_train_loss: 0.6787, gan_eval_loss: 0.5869
2022-07-09 15:00:25,765 DEBUG epoch:113, knn_val_accu: 65.13, contrast_loss: 6.36, contrast_acc: 32.65, gan_train_loss: 0.6738, gan_eval_loss: 0.5860
2022-07-09 15:03:08,207 DEBUG epoch:114, knn_val_accu: 65.48, contrast_loss: 6.30, contrast_acc: 32.92, gan_train_loss: 0.6392, gan_eval_loss: 0.5927
2022-07-09 15:05:49,206 DEBUG epoch:115, knn_val_accu: 65.14, contrast_loss: 6.28, contrast_acc: 32.91, gan_train_loss: 0.6120, gan_eval_loss: 0.5983
2022-07-09 15:08:33,686 DEBUG epoch:116, knn_val_accu: 64.61, contrast_loss: 6.23, contrast_acc: 33.27, gan_train_loss: 0.6125, gan_eval_loss: 0.5974
2022-07-09 15:11:12,181 DEBUG epoch:117, knn_val_accu: 65.20, contrast_loss: 6.20, contrast_acc: 33.35, gan_train_loss: 0.6388, gan_eval_loss: 0.5924
2022-07-09 15:13:51,137 DEBUG epoch:118, knn_val_accu: 64.86, contrast_loss: 6.25, contrast_acc: 32.75, gan_train_loss: 0.6461, gan_eval_loss: 0.5928
2022-07-09 15:16:31,139 DEBUG epoch:119, knn_val_accu: 65.64, contrast_loss: 6.36, contrast_acc: 32.24, gan_train_loss: 0.6800, gan_eval_loss: 0.5856
2022-07-09 15:19:07,524 DEBUG epoch:120, knn_val_accu: 65.81, contrast_loss: 6.38, contrast_acc: 32.98, gan_train_loss: 0.6852, gan_eval_loss: 0.5787
2022-07-09 15:21:44,939 DEBUG epoch:121, knn_val_accu: 65.93, contrast_loss: 6.19, contrast_acc: 33.76, gan_train_loss: 0.6300, gan_eval_loss: 0.5853
2022-07-09 15:24:26,172 DEBUG epoch:122, knn_val_accu: 65.91, contrast_loss: 6.10, contrast_acc: 34.42, gan_train_loss: 0.6084, gan_eval_loss: 0.5882
2022-07-09 15:27:02,969 DEBUG epoch:123, knn_val_accu: 66.23, contrast_loss: 6.01, contrast_acc: 35.22, gan_train_loss: 0.5962, gan_eval_loss: 0.5875
2022-07-09 15:29:44,464 DEBUG epoch:124, knn_val_accu: 65.55, contrast_loss: 5.97, contrast_acc: 35.42, gan_train_loss: 0.6006, gan_eval_loss: 0.5900
2022-07-09 15:32:22,073 DEBUG epoch:125, knn_val_accu: 66.67, contrast_loss: 5.95, contrast_acc: 35.92, gan_train_loss: 0.5940, gan_eval_loss: 0.5921
2022-07-09 15:35:00,313 DEBUG epoch:126, knn_val_accu: 66.58, contrast_loss: 5.90, contrast_acc: 36.48, gan_train_loss: 0.5930, gan_eval_loss: 0.5930
2022-07-09 15:37:42,537 DEBUG epoch:127, knn_val_accu: 66.74, contrast_loss: 5.89, contrast_acc: 36.23, gan_train_loss: 0.5936, gan_eval_loss: 0.5940
2022-07-09 15:40:21,454 DEBUG epoch:128, knn_val_accu: 66.71, contrast_loss: 5.86, contrast_acc: 36.65, gan_train_loss: 0.5927, gan_eval_loss: 0.5930
2022-07-09 15:42:59,877 DEBUG epoch:129, knn_val_accu: 66.44, contrast_loss: 5.86, contrast_acc: 36.56, gan_train_loss: 0.5950, gan_eval_loss: 0.5934
2022-07-09 15:45:41,694 DEBUG epoch:130, knn_val_accu: 66.65, contrast_loss: 5.83, contrast_acc: 36.79, gan_train_loss: 0.5967, gan_eval_loss: 0.5938
2022-07-09 15:48:19,855 DEBUG epoch:131, knn_val_accu: 67.71, contrast_loss: 5.81, contrast_acc: 36.55, gan_train_loss: 0.5995, gan_eval_loss: 0.5918
2022-07-09 15:51:02,733 DEBUG epoch:132, knn_val_accu: 66.49, contrast_loss: 5.79, contrast_acc: 36.67, gan_train_loss: 0.5990, gan_eval_loss: 0.5939
2022-07-09 15:53:41,034 DEBUG epoch:133, knn_val_accu: 66.66, contrast_loss: 5.77, contrast_acc: 36.98, gan_train_loss: 0.5979, gan_eval_loss: 0.5942
2022-07-09 15:56:19,422 DEBUG epoch:134, knn_val_accu: 67.17, contrast_loss: 5.75, contrast_acc: 37.32, gan_train_loss: 0.5956, gan_eval_loss: 0.5949
2022-07-09 15:59:01,549 DEBUG epoch:135, knn_val_accu: 66.65, contrast_loss: 5.73, contrast_acc: 37.44, gan_train_loss: 0.5950, gan_eval_loss: 0.5935
2022-07-09 16:01:39,890 DEBUG epoch:136, knn_val_accu: 66.99, contrast_loss: 5.72, contrast_acc: 37.49, gan_train_loss: 0.5923, gan_eval_loss: 0.5920
2022-07-09 16:04:18,075 DEBUG epoch:137, knn_val_accu: 67.59, contrast_loss: 5.69, contrast_acc: 37.86, gan_train_loss: 0.5937, gan_eval_loss: 0.5932
2022-07-09 16:07:00,073 DEBUG epoch:138, knn_val_accu: 67.53, contrast_loss: 5.68, contrast_acc: 37.83, gan_train_loss: 0.5934, gan_eval_loss: 0.5937
2022-07-09 16:09:38,391 DEBUG epoch:139, knn_val_accu: 67.09, contrast_loss: 5.66, contrast_acc: 37.94, gan_train_loss: 0.5916, gan_eval_loss: 0.5922
2022-07-09 16:12:16,559 DEBUG epoch:140, knn_val_accu: 67.00, contrast_loss: 5.65, contrast_acc: 38.11, gan_train_loss: 0.5925, gan_eval_loss: 0.5922
2022-07-09 16:14:57,944 DEBUG epoch:141, knn_val_accu: 66.94, contrast_loss: 5.63, contrast_acc: 38.23, gan_train_loss: 0.5935, gan_eval_loss: 0.5928
2022-07-09 16:17:35,980 DEBUG epoch:142, knn_val_accu: 67.28, contrast_loss: 5.61, contrast_acc: 38.50, gan_train_loss: 0.5931, gan_eval_loss: 0.5911
2022-07-09 16:20:17,474 DEBUG epoch:143, knn_val_accu: 66.80, contrast_loss: 5.61, contrast_acc: 38.51, gan_train_loss: 0.5971, gan_eval_loss: 0.5913
2022-07-09 16:22:55,930 DEBUG epoch:144, knn_val_accu: 67.09, contrast_loss: 5.59, contrast_acc: 38.45, gan_train_loss: 0.5945, gan_eval_loss: 0.5920
2022-07-09 16:25:34,584 DEBUG epoch:145, knn_val_accu: 68.18, contrast_loss: 5.56, contrast_acc: 38.37, gan_train_loss: 0.5963, gan_eval_loss: 0.5930
2022-07-09 16:28:16,759 DEBUG epoch:146, knn_val_accu: 67.74, contrast_loss: 5.54, contrast_acc: 38.62, gan_train_loss: 0.5961, gan_eval_loss: 0.5941
2022-07-09 16:30:55,542 DEBUG epoch:147, knn_val_accu: 67.16, contrast_loss: 5.55, contrast_acc: 38.84, gan_train_loss: 0.5943, gan_eval_loss: 0.5945
2022-07-09 16:33:34,301 DEBUG epoch:148, knn_val_accu: 67.73, contrast_loss: 5.51, contrast_acc: 38.90, gan_train_loss: 0.5949, gan_eval_loss: 0.5952
2022-07-09 16:36:16,804 DEBUG epoch:149, knn_val_accu: 67.15, contrast_loss: 5.52, contrast_acc: 39.08, gan_train_loss: 0.5948, gan_eval_loss: 0.5951
2022-07-09 16:38:55,827 DEBUG epoch:150, knn_val_accu: 68.14, contrast_loss: 5.49, contrast_acc: 39.34, gan_train_loss: 0.5950, gan_eval_loss: 0.5954
2022-07-09 16:41:38,363 DEBUG epoch:151, knn_val_accu: 67.55, contrast_loss: 5.46, contrast_acc: 39.29, gan_train_loss: 0.5944, gan_eval_loss: 0.5944
2022-07-09 16:44:16,948 DEBUG epoch:152, knn_val_accu: 67.17, contrast_loss: 5.45, contrast_acc: 39.29, gan_train_loss: 0.5937, gan_eval_loss: 0.5941
2022-07-09 16:46:55,555 DEBUG epoch:153, knn_val_accu: 67.38, contrast_loss: 5.45, contrast_acc: 39.31, gan_train_loss: 0.5946, gan_eval_loss: 0.5947
2022-07-09 16:49:37,890 DEBUG epoch:154, knn_val_accu: 68.07, contrast_loss: 5.43, contrast_acc: 39.56, gan_train_loss: 0.5937, gan_eval_loss: 0.5941
2022-07-09 16:52:16,234 DEBUG epoch:155, knn_val_accu: 67.96, contrast_loss: 5.43, contrast_acc: 39.77, gan_train_loss: 0.5933, gan_eval_loss: 0.5934
2022-07-09 16:54:54,356 DEBUG epoch:156, knn_val_accu: 68.53, contrast_loss: 5.41, contrast_acc: 39.73, gan_train_loss: 0.5925, gan_eval_loss: 0.5929
2022-07-09 16:57:35,930 DEBUG epoch:157, knn_val_accu: 68.18, contrast_loss: 5.39, contrast_acc: 39.93, gan_train_loss: 0.5932, gan_eval_loss: 0.5939
2022-07-09 17:00:13,859 DEBUG epoch:158, knn_val_accu: 67.84, contrast_loss: 5.38, contrast_acc: 39.82, gan_train_loss: 0.5927, gan_eval_loss: 0.5928
2022-07-09 17:02:56,169 DEBUG epoch:159, knn_val_accu: 68.09, contrast_loss: 5.34, contrast_acc: 40.15, gan_train_loss: 0.5932, gan_eval_loss: 0.5934
2022-07-09 17:05:35,332 DEBUG epoch:160, knn_val_accu: 68.33, contrast_loss: 5.37, contrast_acc: 40.04, gan_train_loss: 0.5937, gan_eval_loss: 0.5938
2022-07-09 17:08:12,891 DEBUG epoch:161, knn_val_accu: 68.11, contrast_loss: 5.31, contrast_acc: 40.47, gan_train_loss: 0.5930, gan_eval_loss: 0.5920
2022-07-09 17:10:53,563 DEBUG epoch:162, knn_val_accu: 68.76, contrast_loss: 5.31, contrast_acc: 40.39, gan_train_loss: 0.5894, gan_eval_loss: 0.5891
2022-07-09 17:13:30,296 DEBUG epoch:163, knn_val_accu: 68.95, contrast_loss: 5.29, contrast_acc: 40.53, gan_train_loss: 0.5874, gan_eval_loss: 0.5877
2022-07-09 17:16:05,950 DEBUG epoch:164, knn_val_accu: 68.94, contrast_loss: 5.29, contrast_acc: 40.59, gan_train_loss: 0.5872, gan_eval_loss: 0.5875
2022-07-09 17:18:45,505 DEBUG epoch:165, knn_val_accu: 69.14, contrast_loss: 5.24, contrast_acc: 40.79, gan_train_loss: 0.5884, gan_eval_loss: 0.5887
2022-07-09 17:21:22,038 DEBUG epoch:166, knn_val_accu: 68.93, contrast_loss: 5.24, contrast_acc: 41.03, gan_train_loss: 0.5876, gan_eval_loss: 0.5879
2022-07-09 17:23:57,706 DEBUG epoch:167, knn_val_accu: 69.20, contrast_loss: 5.23, contrast_acc: 40.86, gan_train_loss: 0.5878, gan_eval_loss: 0.5881
2022-07-09 17:26:37,391 DEBUG epoch:168, knn_val_accu: 69.54, contrast_loss: 5.20, contrast_acc: 41.00, gan_train_loss: 0.5862, gan_eval_loss: 0.5867
2022-07-09 17:29:13,341 DEBUG epoch:169, knn_val_accu: 69.23, contrast_loss: 5.19, contrast_acc: 41.07, gan_train_loss: 0.5878, gan_eval_loss: 0.5882
2022-07-09 17:31:53,410 DEBUG epoch:170, knn_val_accu: 69.41, contrast_loss: 5.16, contrast_acc: 41.47, gan_train_loss: 0.5860, gan_eval_loss: 0.5863
2022-07-09 17:34:28,482 DEBUG epoch:171, knn_val_accu: 69.22, contrast_loss: 5.15, contrast_acc: 41.45, gan_train_loss: 0.5856, gan_eval_loss: 0.5859
2022-07-09 17:37:04,777 DEBUG epoch:172, knn_val_accu: 69.68, contrast_loss: 5.15, contrast_acc: 41.35, gan_train_loss: 0.5880, gan_eval_loss: 0.5885
2022-07-09 17:39:44,185 DEBUG epoch:173, knn_val_accu: 69.73, contrast_loss: 5.14, contrast_acc: 41.62, gan_train_loss: 0.5872, gan_eval_loss: 0.5875
2022-07-09 17:42:20,307 DEBUG epoch:174, knn_val_accu: 69.51, contrast_loss: 5.12, contrast_acc: 41.78, gan_train_loss: 0.5892, gan_eval_loss: 0.5896
2022-07-09 17:44:56,561 DEBUG epoch:175, knn_val_accu: 69.10, contrast_loss: 5.11, contrast_acc: 41.91, gan_train_loss: 0.5879, gan_eval_loss: 0.5884
2022-07-09 17:47:36,399 DEBUG epoch:176, knn_val_accu: 69.88, contrast_loss: 5.09, contrast_acc: 41.56, gan_train_loss: 0.5884, gan_eval_loss: 0.5889
2022-07-09 17:50:12,410 DEBUG epoch:177, knn_val_accu: 69.71, contrast_loss: 5.08, contrast_acc: 41.94, gan_train_loss: 0.5876, gan_eval_loss: 0.5879
2022-07-09 17:52:48,619 DEBUG epoch:178, knn_val_accu: 69.89, contrast_loss: 5.07, contrast_acc: 41.78, gan_train_loss: 0.5884, gan_eval_loss: 0.5888
2022-07-09 17:55:28,193 DEBUG epoch:179, knn_val_accu: 69.71, contrast_loss: 5.07, contrast_acc: 42.04, gan_train_loss: 0.5876, gan_eval_loss: 0.5880
2022-07-09 17:58:04,134 DEBUG epoch:180, knn_val_accu: 69.51, contrast_loss: 5.06, contrast_acc: 41.97, gan_train_loss: 0.5873, gan_eval_loss: 0.5878
2022-07-09 18:00:44,182 DEBUG epoch:181, knn_val_accu: 69.85, contrast_loss: 5.07, contrast_acc: 41.96, gan_train_loss: 0.5882, gan_eval_loss: 0.5887
2022-07-09 18:03:20,398 DEBUG epoch:182, knn_val_accu: 69.64, contrast_loss: 5.04, contrast_acc: 42.06, gan_train_loss: 0.5885, gan_eval_loss: 0.5890
2022-07-09 18:05:56,362 DEBUG epoch:183, knn_val_accu: 69.42, contrast_loss: 5.02, contrast_acc: 42.08, gan_train_loss: 0.5881, gan_eval_loss: 0.5885
2022-07-09 18:08:36,715 DEBUG epoch:184, knn_val_accu: 69.52, contrast_loss: 5.02, contrast_acc: 41.82, gan_train_loss: 0.5879, gan_eval_loss: 0.5885
2022-07-09 18:11:13,916 DEBUG epoch:185, knn_val_accu: 69.18, contrast_loss: 5.01, contrast_acc: 41.92, gan_train_loss: 0.5883, gan_eval_loss: 0.5888
2022-07-09 18:13:50,423 DEBUG epoch:186, knn_val_accu: 69.36, contrast_loss: 5.00, contrast_acc: 41.99, gan_train_loss: 0.5881, gan_eval_loss: 0.5887
2022-07-09 18:16:31,052 DEBUG epoch:187, knn_val_accu: 69.67, contrast_loss: 5.01, contrast_acc: 42.12, gan_train_loss: 0.5882, gan_eval_loss: 0.5887
2022-07-09 18:19:07,183 DEBUG epoch:188, knn_val_accu: 69.55, contrast_loss: 5.01, contrast_acc: 41.61, gan_train_loss: 0.5900, gan_eval_loss: 0.5905
2022-07-09 18:21:44,320 DEBUG epoch:189, knn_val_accu: 69.45, contrast_loss: 5.00, contrast_acc: 41.90, gan_train_loss: 0.5905, gan_eval_loss: 0.5910
2022-07-09 18:24:25,585 DEBUG epoch:190, knn_val_accu: 69.44, contrast_loss: 5.00, contrast_acc: 41.75, gan_train_loss: 0.5902, gan_eval_loss: 0.5907
2022-07-09 18:27:02,213 DEBUG epoch:191, knn_val_accu: 69.51, contrast_loss: 5.00, contrast_acc: 41.69, gan_train_loss: 0.5907, gan_eval_loss: 0.5912
2022-07-09 18:29:43,091 DEBUG epoch:192, knn_val_accu: 69.48, contrast_loss: 4.99, contrast_acc: 41.62, gan_train_loss: 0.5921, gan_eval_loss: 0.5927
2022-07-09 18:32:21,377 DEBUG epoch:193, knn_val_accu: 69.34, contrast_loss: 4.99, contrast_acc: 41.68, gan_train_loss: 0.5911, gan_eval_loss: 0.5916
2022-07-09 18:34:58,922 DEBUG epoch:194, knn_val_accu: 69.47, contrast_loss: 4.98, contrast_acc: 41.68, gan_train_loss: 0.5925, gan_eval_loss: 0.5930
2022-07-09 18:37:40,404 DEBUG epoch:195, knn_val_accu: 69.49, contrast_loss: 4.98, contrast_acc: 41.69, gan_train_loss: 0.5932, gan_eval_loss: 0.5938
2022-07-09 18:40:18,895 DEBUG epoch:196, knn_val_accu: 69.43, contrast_loss: 4.98, contrast_acc: 41.65, gan_train_loss: 0.5942, gan_eval_loss: 0.5947
2022-07-09 18:42:58,618 DEBUG epoch:197, knn_val_accu: 69.20, contrast_loss: 4.99, contrast_acc: 41.71, gan_train_loss: 0.5966, gan_eval_loss: 0.5973
2022-07-09 18:45:41,772 DEBUG epoch:198, knn_val_accu: 69.42, contrast_loss: 5.00, contrast_acc: 41.50, gan_train_loss: 0.5960, gan_eval_loss: 0.5965
2022-07-09 18:48:23,654 DEBUG epoch:199, knn_val_accu: 69.31, contrast_loss: 5.00, contrast_acc: 41.30, gan_train_loss: 0.5990, gan_eval_loss: 0.5997
2022-07-09 18:51:09,319 DEBUG epoch:200, knn_val_accu: 69.36, contrast_loss: 5.00, contrast_acc: 41.49, gan_train_loss: 0.5997, gan_eval_loss: 0.6004
2022-07-09 18:51:17,928 DEBUG final knn evaluation accuracy is 69.36
2022-07-09 19:03:22,040 DEBUG final linear-probe evaluation accuracy is 73.04
2022-07-09 19:07:34,726 DEBUG final semi-supervised evaluation accuracy with 10% data is 70.82
2022-07-09 19:10:48,024 DEBUG final semi-supervised evaluation accuracy with 1% data is 60.30
2022-07-10 04:49:27,662 DEBUG Enable ResSFL fine-tuning: arch-res_normN4C64-alpha-2.0-ssim-0.6, using cifar100 as auxiliary data
2022-07-10 04:49:36,817 DEBUG final knn evaluation accuracy is 69.89
