2022-07-13 06:24:03,427 DEBUG Enable ResSFL fine-tuning: arch-res_normN4C64-alpha-2.0-ssim-0.6, using cifar100 as auxiliary data
2022-07-13 06:24:03,751 DEBUG SFL-Moco (ResSFL-expert) Train on cifar10 with cutlayer 1: total epochs: 200
2022-07-13 06:25:40,206 DEBUG epoch:1, knn_val_accu: 35.50, contrast_loss: 13.43, contrast_acc: 14.01, gan_train_loss: 0.6314, gan_eval_loss: 0.6190
2022-07-13 06:27:14,903 DEBUG epoch:2, knn_val_accu: 38.57, contrast_loss: 13.04, contrast_acc: 14.30, gan_train_loss: 0.5983, gan_eval_loss: 0.5985
2022-07-13 06:28:49,410 DEBUG epoch:3, knn_val_accu: 41.16, contrast_loss: 12.77, contrast_acc: 15.39, gan_train_loss: 0.5968, gan_eval_loss: 0.5984
2022-07-13 06:30:24,055 DEBUG epoch:4, knn_val_accu: 42.86, contrast_loss: 12.64, contrast_acc: 15.88, gan_train_loss: 0.5981, gan_eval_loss: 0.5993
2022-07-13 06:31:59,437 DEBUG epoch:5, knn_val_accu: 44.40, contrast_loss: 12.41, contrast_acc: 17.79, gan_train_loss: 0.6006, gan_eval_loss: 0.6027
2022-07-13 06:33:35,093 DEBUG epoch:6, knn_val_accu: 45.71, contrast_loss: 12.21, contrast_acc: 18.78, gan_train_loss: 0.6036, gan_eval_loss: 0.6055
2022-07-13 06:35:11,031 DEBUG epoch:7, knn_val_accu: 47.89, contrast_loss: 12.03, contrast_acc: 19.78, gan_train_loss: 0.6043, gan_eval_loss: 0.6061
2022-07-13 06:36:47,257 DEBUG epoch:8, knn_val_accu: 49.09, contrast_loss: 11.86, contrast_acc: 21.09, gan_train_loss: 0.6068, gan_eval_loss: 0.6087
2022-07-13 06:38:23,477 DEBUG epoch:9, knn_val_accu: 50.28, contrast_loss: 11.74, contrast_acc: 21.65, gan_train_loss: 0.6081, gan_eval_loss: 0.6103
2022-07-13 06:39:59,780 DEBUG epoch:10, knn_val_accu: 51.71, contrast_loss: 11.57, contrast_acc: 22.68, gan_train_loss: 0.6100, gan_eval_loss: 0.6124
2022-07-13 06:41:36,405 DEBUG epoch:11, knn_val_accu: 52.14, contrast_loss: 11.44, contrast_acc: 23.26, gan_train_loss: 0.6134, gan_eval_loss: 0.6158
2022-07-13 06:43:13,316 DEBUG epoch:12, knn_val_accu: 53.20, contrast_loss: 11.34, contrast_acc: 23.55, gan_train_loss: 0.6161, gan_eval_loss: 0.6186
2022-07-13 06:44:50,608 DEBUG epoch:13, knn_val_accu: 53.27, contrast_loss: 11.24, contrast_acc: 23.77, gan_train_loss: 0.6180, gan_eval_loss: 0.6211
2022-07-13 06:46:27,936 DEBUG epoch:14, knn_val_accu: 54.50, contrast_loss: 11.15, contrast_acc: 24.56, gan_train_loss: 0.6190, gan_eval_loss: 0.6220
2022-07-13 06:48:05,265 DEBUG epoch:15, knn_val_accu: 54.86, contrast_loss: 10.98, contrast_acc: 25.48, gan_train_loss: 0.6235, gan_eval_loss: 0.6270
2022-07-13 06:49:42,958 DEBUG epoch:16, knn_val_accu: 55.04, contrast_loss: 10.94, contrast_acc: 25.49, gan_train_loss: 0.6240, gan_eval_loss: 0.6269
2022-07-13 06:51:21,059 DEBUG epoch:17, knn_val_accu: 55.55, contrast_loss: 10.83, contrast_acc: 26.09, gan_train_loss: 0.6292, gan_eval_loss: 0.6326
2022-07-13 06:52:59,169 DEBUG epoch:18, knn_val_accu: 56.26, contrast_loss: 10.71, contrast_acc: 26.55, gan_train_loss: 0.6310, gan_eval_loss: 0.6344
2022-07-13 06:54:37,216 DEBUG epoch:19, knn_val_accu: 56.68, contrast_loss: 10.58, contrast_acc: 27.46, gan_train_loss: 0.6349, gan_eval_loss: 0.6386
2022-07-13 06:56:15,042 DEBUG epoch:20, knn_val_accu: 56.60, contrast_loss: 10.45, contrast_acc: 28.37, gan_train_loss: 0.6369, gan_eval_loss: 0.6406
2022-07-13 06:57:52,905 DEBUG epoch:21, knn_val_accu: 57.21, contrast_loss: 10.38, contrast_acc: 28.63, gan_train_loss: 0.6408, gan_eval_loss: 0.6442
2022-07-13 06:59:30,879 DEBUG epoch:22, knn_val_accu: 58.02, contrast_loss: 10.25, contrast_acc: 29.21, gan_train_loss: 0.6442, gan_eval_loss: 0.6478
2022-07-13 07:01:08,609 DEBUG epoch:23, knn_val_accu: 58.57, contrast_loss: 10.18, contrast_acc: 29.92, gan_train_loss: 0.6432, gan_eval_loss: 0.6470
2022-07-13 07:02:46,321 DEBUG epoch:24, knn_val_accu: 59.11, contrast_loss: 10.12, contrast_acc: 30.25, gan_train_loss: 0.6463, gan_eval_loss: 0.6503
2022-07-13 07:04:23,946 DEBUG epoch:25, knn_val_accu: 59.61, contrast_loss: 10.07, contrast_acc: 30.67, gan_train_loss: 0.6463, gan_eval_loss: 0.6502
2022-07-13 07:06:01,497 DEBUG epoch:26, knn_val_accu: 59.08, contrast_loss: 9.96, contrast_acc: 31.71, gan_train_loss: 0.6482, gan_eval_loss: 0.6516
2022-07-13 07:07:39,345 DEBUG epoch:27, knn_val_accu: 59.73, contrast_loss: 9.88, contrast_acc: 32.18, gan_train_loss: 0.6525, gan_eval_loss: 0.6563
2022-07-13 07:09:16,992 DEBUG epoch:28, knn_val_accu: 59.71, contrast_loss: 9.86, contrast_acc: 32.51, gan_train_loss: 0.6486, gan_eval_loss: 0.6527
2022-07-13 07:10:54,229 DEBUG epoch:29, knn_val_accu: 59.68, contrast_loss: 9.80, contrast_acc: 33.19, gan_train_loss: 0.6503, gan_eval_loss: 0.6537
2022-07-13 07:12:32,134 DEBUG epoch:30, knn_val_accu: 59.56, contrast_loss: 9.68, contrast_acc: 33.92, gan_train_loss: 0.6529, gan_eval_loss: 0.6565
2022-07-13 07:14:10,332 DEBUG epoch:31, knn_val_accu: 60.40, contrast_loss: 9.68, contrast_acc: 34.17, gan_train_loss: 0.6503, gan_eval_loss: 0.6541
2022-07-13 07:15:47,731 DEBUG epoch:32, knn_val_accu: 60.95, contrast_loss: 9.62, contrast_acc: 34.97, gan_train_loss: 0.6512, gan_eval_loss: 0.6547
2022-07-13 07:17:25,719 DEBUG epoch:33, knn_val_accu: 61.31, contrast_loss: 9.55, contrast_acc: 35.13, gan_train_loss: 0.6530, gan_eval_loss: 0.6567
2022-07-13 07:19:03,458 DEBUG epoch:34, knn_val_accu: 61.12, contrast_loss: 9.50, contrast_acc: 35.55, gan_train_loss: 0.6504, gan_eval_loss: 0.6543
2022-07-13 07:20:41,200 DEBUG epoch:35, knn_val_accu: 61.28, contrast_loss: 9.44, contrast_acc: 36.02, gan_train_loss: 0.6498, gan_eval_loss: 0.6530
2022-07-13 07:22:18,568 DEBUG epoch:36, knn_val_accu: 61.26, contrast_loss: 9.42, contrast_acc: 36.31, gan_train_loss: 0.6475, gan_eval_loss: 0.6504
2022-07-13 07:23:56,302 DEBUG epoch:37, knn_val_accu: 61.91, contrast_loss: 9.35, contrast_acc: 36.50, gan_train_loss: 0.6524, gan_eval_loss: 0.6555
2022-07-13 07:25:33,990 DEBUG epoch:38, knn_val_accu: 62.22, contrast_loss: 9.30, contrast_acc: 37.36, gan_train_loss: 0.6506, gan_eval_loss: 0.6540
2022-07-13 07:27:11,618 DEBUG epoch:39, knn_val_accu: 61.74, contrast_loss: 9.24, contrast_acc: 37.74, gan_train_loss: 0.6517, gan_eval_loss: 0.6539
2022-07-13 07:28:49,263 DEBUG epoch:40, knn_val_accu: 62.08, contrast_loss: 9.24, contrast_acc: 38.00, gan_train_loss: 0.6520, gan_eval_loss: 0.6554
2022-07-13 07:30:26,819 DEBUG epoch:41, knn_val_accu: 62.18, contrast_loss: 9.15, contrast_acc: 38.60, gan_train_loss: 0.6563, gan_eval_loss: 0.6595
2022-07-13 07:32:04,515 DEBUG epoch:42, knn_val_accu: 62.40, contrast_loss: 9.17, contrast_acc: 38.70, gan_train_loss: 0.6567, gan_eval_loss: 0.6599
2022-07-13 07:33:42,477 DEBUG epoch:43, knn_val_accu: 62.99, contrast_loss: 9.10, contrast_acc: 39.04, gan_train_loss: 0.6560, gan_eval_loss: 0.6597
2022-07-13 07:35:20,565 DEBUG epoch:44, knn_val_accu: 62.29, contrast_loss: 9.07, contrast_acc: 39.44, gan_train_loss: 0.6545, gan_eval_loss: 0.6576
2022-07-13 07:36:58,779 DEBUG epoch:45, knn_val_accu: 62.22, contrast_loss: 9.04, contrast_acc: 39.82, gan_train_loss: 0.6583, gan_eval_loss: 0.6610
2022-07-13 07:38:36,907 DEBUG epoch:46, knn_val_accu: 63.04, contrast_loss: 9.03, contrast_acc: 39.79, gan_train_loss: 0.6557, gan_eval_loss: 0.6578
2022-07-13 07:40:14,789 DEBUG epoch:47, knn_val_accu: 63.03, contrast_loss: 8.97, contrast_acc: 40.41, gan_train_loss: 0.6591, gan_eval_loss: 0.6627
2022-07-13 07:41:52,752 DEBUG epoch:48, knn_val_accu: 63.71, contrast_loss: 8.98, contrast_acc: 40.05, gan_train_loss: 0.6559, gan_eval_loss: 0.6584
2022-07-13 07:43:30,502 DEBUG epoch:49, knn_val_accu: 63.56, contrast_loss: 8.88, contrast_acc: 41.16, gan_train_loss: 0.6579, gan_eval_loss: 0.6591
2022-07-13 07:45:08,086 DEBUG epoch:50, knn_val_accu: 63.31, contrast_loss: 8.90, contrast_acc: 41.12, gan_train_loss: 0.6572, gan_eval_loss: 0.6576
2022-07-13 07:46:45,675 DEBUG epoch:51, knn_val_accu: 63.55, contrast_loss: 8.97, contrast_acc: 40.27, gan_train_loss: 0.6544, gan_eval_loss: 0.6555
2022-07-13 07:48:23,335 DEBUG epoch:52, knn_val_accu: 63.87, contrast_loss: 8.89, contrast_acc: 41.16, gan_train_loss: 0.6589, gan_eval_loss: 0.6608
2022-07-13 07:50:01,070 DEBUG epoch:53, knn_val_accu: 64.01, contrast_loss: 8.85, contrast_acc: 41.61, gan_train_loss: 0.6601, gan_eval_loss: 0.6605
2022-07-13 07:51:38,582 DEBUG epoch:54, knn_val_accu: 63.90, contrast_loss: 8.81, contrast_acc: 42.02, gan_train_loss: 0.6621, gan_eval_loss: 0.6647
2022-07-13 07:53:16,245 DEBUG epoch:55, knn_val_accu: 64.46, contrast_loss: 8.80, contrast_acc: 42.59, gan_train_loss: 0.6592, gan_eval_loss: 0.6619
2022-07-13 07:54:54,195 DEBUG epoch:56, knn_val_accu: 64.78, contrast_loss: 8.74, contrast_acc: 42.91, gan_train_loss: 0.6603, gan_eval_loss: 0.6618
2022-07-13 07:56:32,071 DEBUG epoch:57, knn_val_accu: 64.09, contrast_loss: 8.73, contrast_acc: 42.66, gan_train_loss: 0.6637, gan_eval_loss: 0.6647
2022-07-13 07:58:10,122 DEBUG epoch:58, knn_val_accu: 64.21, contrast_loss: 8.69, contrast_acc: 43.23, gan_train_loss: 0.6645, gan_eval_loss: 0.6676
2022-07-13 07:59:48,325 DEBUG epoch:59, knn_val_accu: 64.39, contrast_loss: 8.68, contrast_acc: 43.23, gan_train_loss: 0.6584, gan_eval_loss: 0.6607
2022-07-13 08:01:26,474 DEBUG epoch:60, knn_val_accu: 63.58, contrast_loss: 8.68, contrast_acc: 43.42, gan_train_loss: 0.6622, gan_eval_loss: 0.6635
2022-07-13 08:03:04,381 DEBUG epoch:61, knn_val_accu: 64.18, contrast_loss: 8.67, contrast_acc: 43.32, gan_train_loss: 0.6610, gan_eval_loss: 0.6618
2022-07-13 08:04:42,100 DEBUG epoch:62, knn_val_accu: 64.53, contrast_loss: 8.58, contrast_acc: 44.23, gan_train_loss: 0.6697, gan_eval_loss: 0.6716
2022-07-13 08:06:19,060 DEBUG epoch:63, knn_val_accu: 64.16, contrast_loss: 8.75, contrast_acc: 42.32, gan_train_loss: 0.6482, gan_eval_loss: 0.6442
2022-07-13 08:07:56,744 DEBUG epoch:64, knn_val_accu: 64.64, contrast_loss: 8.65, contrast_acc: 43.77, gan_train_loss: 0.6341, gan_eval_loss: 0.6355
2022-07-13 08:09:34,162 DEBUG epoch:65, knn_val_accu: 64.78, contrast_loss: 8.58, contrast_acc: 44.44, gan_train_loss: 0.6394, gan_eval_loss: 0.6407
2022-07-13 08:11:11,215 DEBUG epoch:66, knn_val_accu: 65.05, contrast_loss: 8.50, contrast_acc: 45.40, gan_train_loss: 0.6402, gan_eval_loss: 0.6410
2022-07-13 08:12:47,976 DEBUG epoch:67, knn_val_accu: 64.89, contrast_loss: 8.49, contrast_acc: 44.96, gan_train_loss: 0.6433, gan_eval_loss: 0.6434
2022-07-13 08:14:25,309 DEBUG epoch:68, knn_val_accu: 64.57, contrast_loss: 8.42, contrast_acc: 45.86, gan_train_loss: 0.6514, gan_eval_loss: 0.6530
2022-07-13 08:16:02,806 DEBUG epoch:69, knn_val_accu: 65.08, contrast_loss: 8.43, contrast_acc: 45.56, gan_train_loss: 0.6428, gan_eval_loss: 0.6441
2022-07-13 08:17:40,084 DEBUG epoch:70, knn_val_accu: 65.48, contrast_loss: 8.38, contrast_acc: 46.28, gan_train_loss: 0.6488, gan_eval_loss: 0.6487
2022-07-13 08:19:17,450 DEBUG epoch:71, knn_val_accu: 65.35, contrast_loss: 8.41, contrast_acc: 45.93, gan_train_loss: 0.6457, gan_eval_loss: 0.6476
2022-07-13 08:20:55,203 DEBUG epoch:72, knn_val_accu: 65.58, contrast_loss: 8.35, contrast_acc: 46.32, gan_train_loss: 0.6396, gan_eval_loss: 0.6405
2022-07-13 08:22:32,633 DEBUG epoch:73, knn_val_accu: 65.36, contrast_loss: 8.35, contrast_acc: 46.35, gan_train_loss: 0.6326, gan_eval_loss: 0.6349
2022-07-13 08:24:09,836 DEBUG epoch:74, knn_val_accu: 64.96, contrast_loss: 8.36, contrast_acc: 46.53, gan_train_loss: 0.6319, gan_eval_loss: 0.6331
2022-07-13 08:25:46,946 DEBUG epoch:75, knn_val_accu: 65.32, contrast_loss: 8.37, contrast_acc: 46.47, gan_train_loss: 0.6303, gan_eval_loss: 0.6311
2022-07-13 08:27:23,846 DEBUG epoch:76, knn_val_accu: 65.48, contrast_loss: 8.30, contrast_acc: 47.03, gan_train_loss: 0.6368, gan_eval_loss: 0.6375
2022-07-13 08:29:01,183 DEBUG epoch:77, knn_val_accu: 65.21, contrast_loss: 8.27, contrast_acc: 47.01, gan_train_loss: 0.6380, gan_eval_loss: 0.6392
2022-07-13 08:30:38,316 DEBUG epoch:78, knn_val_accu: 65.13, contrast_loss: 8.33, contrast_acc: 46.67, gan_train_loss: 0.6417, gan_eval_loss: 0.6383
2022-07-13 08:32:14,878 DEBUG epoch:79, knn_val_accu: 65.65, contrast_loss: 8.30, contrast_acc: 46.68, gan_train_loss: 0.6395, gan_eval_loss: 0.6354
2022-07-13 08:33:51,467 DEBUG epoch:80, knn_val_accu: 65.51, contrast_loss: 8.28, contrast_acc: 46.50, gan_train_loss: 0.6454, gan_eval_loss: 0.6325
2022-07-13 08:35:29,066 DEBUG epoch:81, knn_val_accu: 65.36, contrast_loss: 8.28, contrast_acc: 47.18, gan_train_loss: 0.6503, gan_eval_loss: 0.6457
2022-07-13 08:37:06,089 DEBUG epoch:82, knn_val_accu: 66.06, contrast_loss: 8.30, contrast_acc: 46.62, gan_train_loss: 0.6503, gan_eval_loss: 0.6272
2022-07-13 08:38:41,747 DEBUG epoch:83, knn_val_accu: 65.35, contrast_loss: 8.65, contrast_acc: 41.46, gan_train_loss: 0.6381, gan_eval_loss: 0.6110
2022-07-13 08:40:17,318 DEBUG epoch:84, knn_val_accu: 65.04, contrast_loss: 8.50, contrast_acc: 43.98, gan_train_loss: 0.6552, gan_eval_loss: 0.6099
2022-07-13 08:41:53,498 DEBUG epoch:85, knn_val_accu: 65.22, contrast_loss: 8.52, contrast_acc: 43.57, gan_train_loss: 0.6489, gan_eval_loss: 0.6135
2022-07-13 08:43:28,344 DEBUG epoch:86, knn_val_accu: 65.74, contrast_loss: 8.48, contrast_acc: 43.86, gan_train_loss: 0.6639, gan_eval_loss: 0.6080
2022-07-13 08:45:02,446 DEBUG epoch:87, knn_val_accu: 64.33, contrast_loss: 8.52, contrast_acc: 41.60, gan_train_loss: 0.6688, gan_eval_loss: 0.5992
2022-07-13 08:46:38,777 DEBUG epoch:88, knn_val_accu: 65.16, contrast_loss: 8.39, contrast_acc: 46.15, gan_train_loss: 0.6441, gan_eval_loss: 0.6126
2022-07-13 08:48:13,872 DEBUG epoch:89, knn_val_accu: 65.38, contrast_loss: 8.44, contrast_acc: 43.00, gan_train_loss: 0.6404, gan_eval_loss: 0.6063
2022-07-13 08:49:50,004 DEBUG epoch:90, knn_val_accu: 65.33, contrast_loss: 8.45, contrast_acc: 43.27, gan_train_loss: 0.6471, gan_eval_loss: 0.6139
2022-07-13 08:51:26,219 DEBUG epoch:91, knn_val_accu: 65.48, contrast_loss: 8.38, contrast_acc: 44.76, gan_train_loss: 0.6405, gan_eval_loss: 0.6157
2022-07-13 08:53:01,731 DEBUG epoch:92, knn_val_accu: 65.73, contrast_loss: 8.48, contrast_acc: 42.48, gan_train_loss: 0.6424, gan_eval_loss: 0.6079
2022-07-13 08:54:37,710 DEBUG epoch:93, knn_val_accu: 65.77, contrast_loss: 8.38, contrast_acc: 43.78, gan_train_loss: 0.6445, gan_eval_loss: 0.6114
2022-07-13 08:56:14,050 DEBUG epoch:94, knn_val_accu: 65.36, contrast_loss: 8.27, contrast_acc: 45.87, gan_train_loss: 0.6468, gan_eval_loss: 0.6146
2022-07-13 08:57:50,351 DEBUG epoch:95, knn_val_accu: 65.22, contrast_loss: 8.20, contrast_acc: 47.80, gan_train_loss: 0.6577, gan_eval_loss: 0.6170
2022-07-13 08:59:26,281 DEBUG epoch:96, knn_val_accu: 65.39, contrast_loss: 8.35, contrast_acc: 44.35, gan_train_loss: 0.6458, gan_eval_loss: 0.6148
2022-07-13 09:01:03,087 DEBUG epoch:97, knn_val_accu: 65.75, contrast_loss: 8.30, contrast_acc: 44.80, gan_train_loss: 0.6390, gan_eval_loss: 0.6226
2022-07-13 09:02:38,893 DEBUG epoch:98, knn_val_accu: 65.79, contrast_loss: 8.41, contrast_acc: 41.96, gan_train_loss: 0.6549, gan_eval_loss: 0.6110
2022-07-13 09:04:15,460 DEBUG epoch:99, knn_val_accu: 66.02, contrast_loss: 8.47, contrast_acc: 41.41, gan_train_loss: 0.6406, gan_eval_loss: 0.6190
2022-07-13 09:05:51,659 DEBUG epoch:100, knn_val_accu: 65.21, contrast_loss: 8.34, contrast_acc: 44.98, gan_train_loss: 0.6524, gan_eval_loss: 0.6152
2022-07-13 09:07:26,717 DEBUG epoch:101, knn_val_accu: 65.59, contrast_loss: 8.84, contrast_acc: 33.81, gan_train_loss: 0.6521, gan_eval_loss: 0.6082
2022-07-13 09:09:03,274 DEBUG epoch:102, knn_val_accu: 66.04, contrast_loss: 8.28, contrast_acc: 46.59, gan_train_loss: 0.6468, gan_eval_loss: 0.6218
2022-07-13 09:10:39,651 DEBUG epoch:103, knn_val_accu: 65.93, contrast_loss: 8.10, contrast_acc: 48.52, gan_train_loss: 0.6481, gan_eval_loss: 0.6199
2022-07-13 09:12:15,953 DEBUG epoch:104, knn_val_accu: 65.95, contrast_loss: 8.10, contrast_acc: 48.44, gan_train_loss: 0.6507, gan_eval_loss: 0.6196
2022-07-13 09:13:52,196 DEBUG epoch:105, knn_val_accu: 66.67, contrast_loss: 8.22, contrast_acc: 45.94, gan_train_loss: 0.6564, gan_eval_loss: 0.6145
2022-07-13 09:15:29,366 DEBUG epoch:106, knn_val_accu: 66.00, contrast_loss: 8.00, contrast_acc: 49.24, gan_train_loss: 0.6522, gan_eval_loss: 0.6227
2022-07-13 09:17:05,264 DEBUG epoch:107, knn_val_accu: 66.25, contrast_loss: 8.49, contrast_acc: 41.03, gan_train_loss: 0.6479, gan_eval_loss: 0.6136
2022-07-13 09:18:42,704 DEBUG epoch:108, knn_val_accu: 66.38, contrast_loss: 8.08, contrast_acc: 48.30, gan_train_loss: 0.6472, gan_eval_loss: 0.6338
2022-07-13 09:20:20,598 DEBUG epoch:109, knn_val_accu: 66.83, contrast_loss: 7.94, contrast_acc: 50.54, gan_train_loss: 0.6485, gan_eval_loss: 0.6481
2022-07-13 09:21:57,919 DEBUG epoch:110, knn_val_accu: 66.48, contrast_loss: 7.93, contrast_acc: 50.16, gan_train_loss: 0.6478, gan_eval_loss: 0.6425
2022-07-13 09:23:35,147 DEBUG epoch:111, knn_val_accu: 66.22, contrast_loss: 8.00, contrast_acc: 48.24, gan_train_loss: 0.6520, gan_eval_loss: 0.6417
2022-07-13 09:25:12,167 DEBUG epoch:112, knn_val_accu: 66.57, contrast_loss: 8.01, contrast_acc: 48.40, gan_train_loss: 0.6542, gan_eval_loss: 0.6372
2022-07-13 09:26:49,610 DEBUG epoch:113, knn_val_accu: 67.09, contrast_loss: 7.83, contrast_acc: 51.36, gan_train_loss: 0.6515, gan_eval_loss: 0.6375
2022-07-13 09:28:27,420 DEBUG epoch:114, knn_val_accu: 67.37, contrast_loss: 7.80, contrast_acc: 51.99, gan_train_loss: 0.6510, gan_eval_loss: 0.6505
2022-07-13 09:30:04,565 DEBUG epoch:115, knn_val_accu: 66.17, contrast_loss: 7.86, contrast_acc: 50.28, gan_train_loss: 0.6550, gan_eval_loss: 0.6422
2022-07-13 09:31:41,894 DEBUG epoch:116, knn_val_accu: 66.48, contrast_loss: 7.89, contrast_acc: 50.75, gan_train_loss: 0.6552, gan_eval_loss: 0.6394
2022-07-13 09:33:19,022 DEBUG epoch:117, knn_val_accu: 66.56, contrast_loss: 7.91, contrast_acc: 50.65, gan_train_loss: 0.6534, gan_eval_loss: 0.6371
2022-07-13 09:34:56,123 DEBUG epoch:118, knn_val_accu: 67.09, contrast_loss: 7.94, contrast_acc: 49.82, gan_train_loss: 0.6449, gan_eval_loss: 0.6382
2022-07-13 09:36:33,151 DEBUG epoch:119, knn_val_accu: 67.14, contrast_loss: 7.73, contrast_acc: 52.73, gan_train_loss: 0.6513, gan_eval_loss: 0.6497
2022-07-13 09:38:10,719 DEBUG epoch:120, knn_val_accu: 67.48, contrast_loss: 7.68, contrast_acc: 53.02, gan_train_loss: 0.6550, gan_eval_loss: 0.6555
2022-07-13 09:39:48,062 DEBUG epoch:121, knn_val_accu: 67.01, contrast_loss: 7.80, contrast_acc: 50.63, gan_train_loss: 0.6475, gan_eval_loss: 0.6434
2022-07-13 09:41:25,705 DEBUG epoch:122, knn_val_accu: 67.39, contrast_loss: 7.76, contrast_acc: 51.52, gan_train_loss: 0.6393, gan_eval_loss: 0.6381
2022-07-13 09:43:03,503 DEBUG epoch:123, knn_val_accu: 66.84, contrast_loss: 7.66, contrast_acc: 53.10, gan_train_loss: 0.6409, gan_eval_loss: 0.6359
2022-07-13 09:44:41,289 DEBUG epoch:124, knn_val_accu: 67.28, contrast_loss: 7.63, contrast_acc: 53.59, gan_train_loss: 0.6402, gan_eval_loss: 0.6396
2022-07-13 09:46:18,871 DEBUG epoch:125, knn_val_accu: 67.38, contrast_loss: 7.59, contrast_acc: 53.87, gan_train_loss: 0.6409, gan_eval_loss: 0.6416
2022-07-13 09:47:56,759 DEBUG epoch:126, knn_val_accu: 67.59, contrast_loss: 7.51, contrast_acc: 54.62, gan_train_loss: 0.6434, gan_eval_loss: 0.6432
2022-07-13 09:49:34,431 DEBUG epoch:127, knn_val_accu: 67.72, contrast_loss: 7.52, contrast_acc: 54.49, gan_train_loss: 0.6415, gan_eval_loss: 0.6411
2022-07-13 09:51:11,915 DEBUG epoch:128, knn_val_accu: 67.68, contrast_loss: 7.51, contrast_acc: 54.61, gan_train_loss: 0.6410, gan_eval_loss: 0.6408
2022-07-13 09:52:49,327 DEBUG epoch:129, knn_val_accu: 67.75, contrast_loss: 7.50, contrast_acc: 54.56, gan_train_loss: 0.6383, gan_eval_loss: 0.6375
2022-07-13 09:54:27,078 DEBUG epoch:130, knn_val_accu: 67.60, contrast_loss: 7.47, contrast_acc: 55.13, gan_train_loss: 0.6438, gan_eval_loss: 0.6439
2022-07-13 09:56:04,503 DEBUG epoch:131, knn_val_accu: 68.27, contrast_loss: 7.45, contrast_acc: 55.23, gan_train_loss: 0.6414, gan_eval_loss: 0.6409
2022-07-13 09:57:42,036 DEBUG epoch:132, knn_val_accu: 67.72, contrast_loss: 7.42, contrast_acc: 55.64, gan_train_loss: 0.6445, gan_eval_loss: 0.6452
2022-07-13 09:59:19,922 DEBUG epoch:133, knn_val_accu: 68.41, contrast_loss: 7.39, contrast_acc: 55.62, gan_train_loss: 0.6460, gan_eval_loss: 0.6465
2022-07-13 10:00:57,386 DEBUG epoch:134, knn_val_accu: 68.01, contrast_loss: 7.40, contrast_acc: 55.46, gan_train_loss: 0.6466, gan_eval_loss: 0.6471
2022-07-13 10:02:34,827 DEBUG epoch:135, knn_val_accu: 68.26, contrast_loss: 7.35, contrast_acc: 56.58, gan_train_loss: 0.6490, gan_eval_loss: 0.6501
2022-07-13 10:04:12,209 DEBUG epoch:136, knn_val_accu: 68.01, contrast_loss: 7.40, contrast_acc: 55.67, gan_train_loss: 0.6443, gan_eval_loss: 0.6456
2022-07-13 10:05:49,779 DEBUG epoch:137, knn_val_accu: 68.47, contrast_loss: 7.34, contrast_acc: 56.23, gan_train_loss: 0.6446, gan_eval_loss: 0.6457
2022-07-13 10:07:27,134 DEBUG epoch:138, knn_val_accu: 67.90, contrast_loss: 7.37, contrast_acc: 56.18, gan_train_loss: 0.6466, gan_eval_loss: 0.6476
2022-07-13 10:09:04,437 DEBUG epoch:139, knn_val_accu: 68.13, contrast_loss: 7.31, contrast_acc: 56.46, gan_train_loss: 0.6476, gan_eval_loss: 0.6483
2022-07-13 10:10:41,841 DEBUG epoch:140, knn_val_accu: 68.11, contrast_loss: 7.30, contrast_acc: 56.51, gan_train_loss: 0.6482, gan_eval_loss: 0.6493
2022-07-13 10:12:19,025 DEBUG epoch:141, knn_val_accu: 68.24, contrast_loss: 7.29, contrast_acc: 56.74, gan_train_loss: 0.6503, gan_eval_loss: 0.6511
2022-07-13 10:13:56,123 DEBUG epoch:142, knn_val_accu: 68.28, contrast_loss: 7.27, contrast_acc: 56.80, gan_train_loss: 0.6538, gan_eval_loss: 0.6551
2022-07-13 10:15:33,530 DEBUG epoch:143, knn_val_accu: 68.20, contrast_loss: 7.26, contrast_acc: 56.90, gan_train_loss: 0.6488, gan_eval_loss: 0.6497
2022-07-13 10:17:11,013 DEBUG epoch:144, knn_val_accu: 67.83, contrast_loss: 7.29, contrast_acc: 56.52, gan_train_loss: 0.6445, gan_eval_loss: 0.6456
2022-07-13 10:18:49,169 DEBUG epoch:145, knn_val_accu: 68.35, contrast_loss: 7.25, contrast_acc: 56.98, gan_train_loss: 0.6440, gan_eval_loss: 0.6454
2022-07-13 10:20:27,019 DEBUG epoch:146, knn_val_accu: 67.87, contrast_loss: 7.23, contrast_acc: 57.15, gan_train_loss: 0.6438, gan_eval_loss: 0.6450
2022-07-13 10:22:04,800 DEBUG epoch:147, knn_val_accu: 68.16, contrast_loss: 7.22, contrast_acc: 57.32, gan_train_loss: 0.6431, gan_eval_loss: 0.6443
2022-07-13 10:23:42,675 DEBUG epoch:148, knn_val_accu: 68.56, contrast_loss: 7.19, contrast_acc: 57.54, gan_train_loss: 0.6457, gan_eval_loss: 0.6470
2022-07-13 10:25:20,430 DEBUG epoch:149, knn_val_accu: 68.42, contrast_loss: 7.20, contrast_acc: 57.63, gan_train_loss: 0.6464, gan_eval_loss: 0.6477
2022-07-13 10:26:58,021 DEBUG epoch:150, knn_val_accu: 68.52, contrast_loss: 7.17, contrast_acc: 57.88, gan_train_loss: 0.6456, gan_eval_loss: 0.6467
2022-07-13 10:28:35,174 DEBUG epoch:151, knn_val_accu: 68.47, contrast_loss: 7.16, contrast_acc: 58.01, gan_train_loss: 0.6481, gan_eval_loss: 0.6487
2022-07-13 10:30:12,766 DEBUG epoch:152, knn_val_accu: 68.60, contrast_loss: 7.18, contrast_acc: 57.84, gan_train_loss: 0.6470, gan_eval_loss: 0.6483
2022-07-13 10:31:50,272 DEBUG epoch:153, knn_val_accu: 68.49, contrast_loss: 7.09, contrast_acc: 58.31, gan_train_loss: 0.6473, gan_eval_loss: 0.6484
2022-07-13 10:33:27,847 DEBUG epoch:154, knn_val_accu: 68.38, contrast_loss: 7.13, contrast_acc: 58.26, gan_train_loss: 0.6440, gan_eval_loss: 0.6451
2022-07-13 10:35:05,769 DEBUG epoch:155, knn_val_accu: 69.06, contrast_loss: 7.06, contrast_acc: 58.72, gan_train_loss: 0.6467, gan_eval_loss: 0.6476
2022-07-13 10:36:43,188 DEBUG epoch:156, knn_val_accu: 68.60, contrast_loss: 7.08, contrast_acc: 58.32, gan_train_loss: 0.6488, gan_eval_loss: 0.6498
2022-07-13 10:38:20,614 DEBUG epoch:157, knn_val_accu: 68.79, contrast_loss: 7.07, contrast_acc: 58.68, gan_train_loss: 0.6469, gan_eval_loss: 0.6483
2022-07-13 10:39:58,084 DEBUG epoch:158, knn_val_accu: 69.04, contrast_loss: 7.09, contrast_acc: 58.39, gan_train_loss: 0.6458, gan_eval_loss: 0.6473
2022-07-13 10:41:35,592 DEBUG epoch:159, knn_val_accu: 68.43, contrast_loss: 7.09, contrast_acc: 58.37, gan_train_loss: 0.6454, gan_eval_loss: 0.6467
2022-07-13 10:43:12,872 DEBUG epoch:160, knn_val_accu: 68.84, contrast_loss: 7.13, contrast_acc: 57.62, gan_train_loss: 0.6427, gan_eval_loss: 0.6360
2022-07-13 10:44:50,188 DEBUG epoch:161, knn_val_accu: 68.68, contrast_loss: 7.09, contrast_acc: 58.58, gan_train_loss: 0.6345, gan_eval_loss: 0.6351
2022-07-13 10:46:28,369 DEBUG epoch:162, knn_val_accu: 69.18, contrast_loss: 7.03, contrast_acc: 58.93, gan_train_loss: 0.6380, gan_eval_loss: 0.6386
2022-07-13 10:48:06,423 DEBUG epoch:163, knn_val_accu: 69.12, contrast_loss: 6.99, contrast_acc: 59.33, gan_train_loss: 0.6400, gan_eval_loss: 0.6409
2022-07-13 10:49:44,403 DEBUG epoch:164, knn_val_accu: 69.05, contrast_loss: 7.00, contrast_acc: 59.26, gan_train_loss: 0.6382, gan_eval_loss: 0.6392
2022-07-13 10:51:22,190 DEBUG epoch:165, knn_val_accu: 69.04, contrast_loss: 6.97, contrast_acc: 59.64, gan_train_loss: 0.6370, gan_eval_loss: 0.6379
2022-07-13 10:52:59,714 DEBUG epoch:166, knn_val_accu: 68.76, contrast_loss: 6.98, contrast_acc: 59.21, gan_train_loss: 0.6371, gan_eval_loss: 0.6380
2022-07-13 10:54:37,286 DEBUG epoch:167, knn_val_accu: 69.05, contrast_loss: 6.98, contrast_acc: 59.52, gan_train_loss: 0.6363, gan_eval_loss: 0.6372
2022-07-13 10:56:14,977 DEBUG epoch:168, knn_val_accu: 69.32, contrast_loss: 6.94, contrast_acc: 59.87, gan_train_loss: 0.6354, gan_eval_loss: 0.6366
2022-07-13 10:57:52,326 DEBUG epoch:169, knn_val_accu: 69.37, contrast_loss: 6.96, contrast_acc: 59.59, gan_train_loss: 0.6366, gan_eval_loss: 0.6375
2022-07-13 10:59:29,850 DEBUG epoch:170, knn_val_accu: 69.29, contrast_loss: 6.90, contrast_acc: 60.19, gan_train_loss: 0.6395, gan_eval_loss: 0.6405
2022-07-13 11:01:07,519 DEBUG epoch:171, knn_val_accu: 69.62, contrast_loss: 6.94, contrast_acc: 59.79, gan_train_loss: 0.6376, gan_eval_loss: 0.6386
2022-07-13 11:02:45,034 DEBUG epoch:172, knn_val_accu: 69.03, contrast_loss: 6.85, contrast_acc: 60.71, gan_train_loss: 0.6373, gan_eval_loss: 0.6385
2022-07-13 11:04:22,587 DEBUG epoch:173, knn_val_accu: 69.20, contrast_loss: 6.86, contrast_acc: 60.20, gan_train_loss: 0.6383, gan_eval_loss: 0.6393
2022-07-13 11:06:00,184 DEBUG epoch:174, knn_val_accu: 69.17, contrast_loss: 6.86, contrast_acc: 60.49, gan_train_loss: 0.6394, gan_eval_loss: 0.6405
2022-07-13 11:07:37,511 DEBUG epoch:175, knn_val_accu: 69.04, contrast_loss: 6.85, contrast_acc: 60.58, gan_train_loss: 0.6388, gan_eval_loss: 0.6398
2022-07-13 11:09:15,138 DEBUG epoch:176, knn_val_accu: 69.30, contrast_loss: 6.87, contrast_acc: 60.49, gan_train_loss: 0.6401, gan_eval_loss: 0.6413
2022-07-13 11:10:52,607 DEBUG epoch:177, knn_val_accu: 69.16, contrast_loss: 6.84, contrast_acc: 60.81, gan_train_loss: 0.6401, gan_eval_loss: 0.6413
2022-07-13 11:12:29,911 DEBUG epoch:178, knn_val_accu: 69.26, contrast_loss: 6.83, contrast_acc: 60.64, gan_train_loss: 0.6391, gan_eval_loss: 0.6406
2022-07-13 11:14:07,503 DEBUG epoch:179, knn_val_accu: 69.00, contrast_loss: 6.82, contrast_acc: 61.06, gan_train_loss: 0.6400, gan_eval_loss: 0.6412
2022-07-13 11:15:44,765 DEBUG epoch:180, knn_val_accu: 69.26, contrast_loss: 6.82, contrast_acc: 60.86, gan_train_loss: 0.6403, gan_eval_loss: 0.6414
2022-07-13 11:17:22,122 DEBUG epoch:181, knn_val_accu: 69.09, contrast_loss: 6.82, contrast_acc: 61.08, gan_train_loss: 0.6413, gan_eval_loss: 0.6426
2022-07-13 11:18:59,819 DEBUG epoch:182, knn_val_accu: 69.06, contrast_loss: 6.78, contrast_acc: 61.05, gan_train_loss: 0.6417, gan_eval_loss: 0.6429
2022-07-13 11:20:37,267 DEBUG epoch:183, knn_val_accu: 69.36, contrast_loss: 6.80, contrast_acc: 61.16, gan_train_loss: 0.6421, gan_eval_loss: 0.6433
2022-07-13 11:22:14,909 DEBUG epoch:184, knn_val_accu: 69.06, contrast_loss: 6.80, contrast_acc: 61.06, gan_train_loss: 0.6426, gan_eval_loss: 0.6436
2022-07-13 11:23:53,050 DEBUG epoch:185, knn_val_accu: 69.39, contrast_loss: 6.77, contrast_acc: 61.41, gan_train_loss: 0.6415, gan_eval_loss: 0.6427
2022-07-13 11:25:31,153 DEBUG epoch:186, knn_val_accu: 69.24, contrast_loss: 6.78, contrast_acc: 61.30, gan_train_loss: 0.6432, gan_eval_loss: 0.6444
2022-07-13 11:27:09,166 DEBUG epoch:187, knn_val_accu: 69.24, contrast_loss: 6.73, contrast_acc: 61.82, gan_train_loss: 0.6441, gan_eval_loss: 0.6451
2022-07-13 11:28:47,186 DEBUG epoch:188, knn_val_accu: 69.27, contrast_loss: 6.79, contrast_acc: 61.16, gan_train_loss: 0.6414, gan_eval_loss: 0.6426
2022-07-13 11:30:24,929 DEBUG epoch:189, knn_val_accu: 69.39, contrast_loss: 6.77, contrast_acc: 61.44, gan_train_loss: 0.6406, gan_eval_loss: 0.6419
2022-07-13 11:32:02,644 DEBUG epoch:190, knn_val_accu: 69.19, contrast_loss: 6.79, contrast_acc: 61.24, gan_train_loss: 0.6434, gan_eval_loss: 0.6446
2022-07-13 11:33:40,457 DEBUG epoch:191, knn_val_accu: 69.20, contrast_loss: 6.78, contrast_acc: 61.22, gan_train_loss: 0.6446, gan_eval_loss: 0.6460
2022-07-13 11:35:18,187 DEBUG epoch:192, knn_val_accu: 69.20, contrast_loss: 6.74, contrast_acc: 61.53, gan_train_loss: 0.6450, gan_eval_loss: 0.6463
2022-07-13 11:36:55,798 DEBUG epoch:193, knn_val_accu: 69.13, contrast_loss: 6.77, contrast_acc: 61.33, gan_train_loss: 0.6451, gan_eval_loss: 0.6464
2022-07-13 11:38:33,313 DEBUG epoch:194, knn_val_accu: 69.20, contrast_loss: 6.76, contrast_acc: 61.51, gan_train_loss: 0.6464, gan_eval_loss: 0.6477
2022-07-13 11:40:10,600 DEBUG epoch:195, knn_val_accu: 69.18, contrast_loss: 6.75, contrast_acc: 61.50, gan_train_loss: 0.6474, gan_eval_loss: 0.6488
2022-07-13 11:41:48,210 DEBUG epoch:196, knn_val_accu: 69.29, contrast_loss: 6.72, contrast_acc: 61.88, gan_train_loss: 0.6460, gan_eval_loss: 0.6473
2022-07-13 11:43:25,514 DEBUG epoch:197, knn_val_accu: 69.17, contrast_loss: 6.72, contrast_acc: 61.91, gan_train_loss: 0.6477, gan_eval_loss: 0.6491
2022-07-13 11:45:02,722 DEBUG epoch:198, knn_val_accu: 69.15, contrast_loss: 6.76, contrast_acc: 61.15, gan_train_loss: 0.6468, gan_eval_loss: 0.6481
2022-07-13 11:46:39,862 DEBUG epoch:199, knn_val_accu: 69.21, contrast_loss: 6.71, contrast_acc: 61.87, gan_train_loss: 0.6477, gan_eval_loss: 0.6493
2022-07-13 11:48:17,136 DEBUG epoch:200, knn_val_accu: 69.23, contrast_loss: 6.77, contrast_acc: 61.50, gan_train_loss: 0.6483, gan_eval_loss: 0.6500
2022-07-13 11:48:26,553 DEBUG final knn evaluation accuracy is 69.62
2022-07-13 12:04:20,821 DEBUG final linear-probe evaluation accuracy is 71.69
2022-07-13 12:09:40,553 DEBUG final semi-supervised evaluation accuracy with 10% data is 70.15
2022-07-13 12:13:53,327 DEBUG final semi-supervised evaluation accuracy with 1% data is 60.56
2022-07-13 12:14:02,772 DEBUG final knn evaluation accuracy is 69.62
