2022-07-10 19:46:38,955 DEBUG Generating IR ...... (may take a while)
2022-07-10 19:46:41,924 DEBUG epoch [1/50], train_loss 0.0632 (0.0739), val_loss 0.0710 (0.0605)
2022-07-10 19:46:43,216 DEBUG epoch [2/50], train_loss 0.1002 (0.0686), val_loss 0.0525 (0.0594)
2022-07-10 19:46:44,506 DEBUG epoch [3/50], train_loss 0.0797 (0.0664), val_loss 0.0604 (0.0590)
2022-07-10 19:46:45,857 DEBUG epoch [4/50], train_loss 0.0788 (0.0647), val_loss 0.0627 (0.0581)
2022-07-10 19:46:47,151 DEBUG epoch [5/50], train_loss 0.1070 (0.0632), val_loss 0.0537 (0.0577)
2022-07-10 19:46:48,488 DEBUG epoch [6/50], train_loss 0.0799 (0.0620), val_loss 0.0449 (0.0572)
2022-07-10 19:46:49,728 DEBUG epoch [7/50], train_loss 0.0560 (0.0610), val_loss 0.0516 (0.0569)
2022-07-10 19:46:51,025 DEBUG epoch [8/50], train_loss 0.0382 (0.0599), val_loss 0.0509 (0.0565)
2022-07-10 19:46:52,388 DEBUG epoch [9/50], train_loss 0.0382 (0.0589), val_loss 0.0497 (0.0560)
2022-07-10 19:46:53,620 DEBUG epoch [10/50], train_loss 0.0444 (0.0580), val_loss 0.0546 (0.0555)
2022-07-10 19:46:54,819 DEBUG epoch [11/50], train_loss 0.0350 (0.0572), val_loss 0.0505 (0.0550)
2022-07-10 19:46:56,143 DEBUG epoch [12/50], train_loss 0.0213 (0.0562), val_loss 0.0498 (0.0548)
2022-07-10 19:46:57,386 DEBUG epoch [13/50], train_loss 0.0480 (0.0554), val_loss 0.0558 (0.0546)
2022-07-10 19:46:58,655 DEBUG epoch [14/50], train_loss 0.0613 (0.0546), val_loss 0.0555 (0.0543)
2022-07-10 19:46:59,905 DEBUG epoch [15/50], train_loss 0.0427 (0.0541), val_loss 0.0451 (0.0542)
2022-07-10 19:47:01,203 DEBUG epoch [16/50], train_loss 0.0728 (0.0534), val_loss 0.0583 (0.0540)
2022-07-10 19:47:02,467 DEBUG epoch [17/50], train_loss 0.0368 (0.0528), val_loss 0.0599 (0.0540)
2022-07-10 19:47:03,817 DEBUG epoch [18/50], train_loss 0.0471 (0.0521), val_loss 0.0383 (0.0537)
2022-07-10 19:47:05,089 DEBUG epoch [19/50], train_loss 0.0470 (0.0514), val_loss 0.0475 (0.0537)
2022-07-10 19:47:06,295 DEBUG epoch [20/50], train_loss 0.0823 (0.0508), val_loss 0.0598 (0.0536)
2022-07-10 19:47:07,551 DEBUG epoch [21/50], train_loss 0.0459 (0.0504), val_loss 0.0562 (0.0536)
2022-07-10 19:47:08,810 DEBUG epoch [22/50], train_loss 0.0645 (0.0499), val_loss 0.0596 (0.0536)
2022-07-10 19:47:10,117 DEBUG epoch [23/50], train_loss 0.0610 (0.0494), val_loss 0.0587 (0.0534)
2022-07-10 19:47:11,525 DEBUG epoch [24/50], train_loss 0.0577 (0.0492), val_loss 0.0491 (0.0532)
2022-07-10 19:47:12,850 DEBUG epoch [25/50], train_loss 0.0772 (0.0489), val_loss 0.0506 (0.0531)
2022-07-10 19:47:14,202 DEBUG epoch [26/50], train_loss 0.0707 (0.0485), val_loss 0.0491 (0.0532)
2022-07-10 19:47:15,414 DEBUG epoch [27/50], train_loss 0.0977 (0.0481), val_loss 0.0449 (0.0531)
2022-07-10 19:47:16,809 DEBUG epoch [28/50], train_loss 0.0362 (0.0477), val_loss 0.0564 (0.0530)
2022-07-10 19:47:18,021 DEBUG epoch [29/50], train_loss 0.0306 (0.0472), val_loss 0.0477 (0.0529)
2022-07-10 19:47:19,341 DEBUG epoch [30/50], train_loss 0.0381 (0.0467), val_loss 0.0403 (0.0528)
2022-07-10 19:47:20,580 DEBUG epoch [31/50], train_loss 0.0762 (0.0461), val_loss 0.0476 (0.0528)
2022-07-10 19:47:21,847 DEBUG epoch [32/50], train_loss 0.0490 (0.0457), val_loss 0.0557 (0.0528)
2022-07-10 19:47:23,230 DEBUG epoch [33/50], train_loss 0.0457 (0.0453), val_loss 0.0410 (0.0527)
2022-07-10 19:47:24,680 DEBUG epoch [34/50], train_loss 0.0411 (0.0448), val_loss 0.0491 (0.0526)
2022-07-10 19:47:26,060 DEBUG epoch [35/50], train_loss 0.0872 (0.0443), val_loss 0.0458 (0.0526)
2022-07-10 19:47:27,468 DEBUG epoch [36/50], train_loss 0.0211 (0.0440), val_loss 0.0708 (0.0527)
2022-07-10 19:47:28,800 DEBUG epoch [37/50], train_loss 0.0452 (0.0436), val_loss 0.0390 (0.0526)
2022-07-10 19:47:30,092 DEBUG epoch [38/50], train_loss 0.0994 (0.0432), val_loss 0.0587 (0.0527)
2022-07-10 19:47:31,554 DEBUG epoch [39/50], train_loss 0.0471 (0.0429), val_loss 0.0595 (0.0527)
2022-07-10 19:47:32,955 DEBUG epoch [40/50], train_loss 0.0395 (0.0425), val_loss 0.0423 (0.0526)
2022-07-10 19:47:34,300 DEBUG epoch [41/50], train_loss 0.0380 (0.0420), val_loss 0.0446 (0.0527)
2022-07-10 19:47:35,569 DEBUG epoch [42/50], train_loss 0.0482 (0.0416), val_loss 0.0565 (0.0526)
2022-07-10 19:47:36,886 DEBUG epoch [43/50], train_loss 0.0342 (0.0412), val_loss 0.0626 (0.0527)
2022-07-10 19:47:38,252 DEBUG epoch [44/50], train_loss 0.0396 (0.0408), val_loss 0.0494 (0.0527)
2022-07-10 19:47:39,619 DEBUG epoch [45/50], train_loss 0.0749 (0.0404), val_loss 0.0464 (0.0528)
2022-07-10 19:47:40,859 DEBUG epoch [46/50], train_loss 0.0256 (0.0400), val_loss 0.0440 (0.0527)
2022-07-10 19:47:42,102 DEBUG epoch [47/50], train_loss 0.0326 (0.0396), val_loss 0.0403 (0.0527)
2022-07-10 19:47:43,316 DEBUG epoch [48/50], train_loss 0.0582 (0.0392), val_loss 0.0684 (0.0527)
2022-07-10 19:47:44,591 DEBUG epoch [49/50], train_loss 0.0222 (0.0388), val_loss 0.0492 (0.0527)
2022-07-10 19:47:45,883 DEBUG epoch [50/50], train_loss 0.0311 (0.0384), val_loss 0.0665 (0.0528)
2022-07-10 19:47:45,883 DEBUG Using MIA arch res_normN4C64 Best Validation Loss is 0.03832798823714256
2022-07-10 19:47:47,011 DEBUG MSE Loss on ALL Image is 0.0423 (Real Attack Results on the Target Client)
2022-07-10 19:47:47,011 DEBUG SSIM Loss on ALL Image is 0.4626 (Real Attack Results on the Target Client)
2022-07-10 19:47:47,011 DEBUG PSNR Loss on ALL Image is 14.8061 (Real Attack Results on the Target Client)
