2022-07-07 22:07:23,101 DEBUG Enable ResSFL fine-tuning: arch-res_normN4C64-alpha-2.0-ssim-0.6, using cifar100 as auxiliary data
2022-07-07 22:07:23,440 DEBUG SFL-Moco (ResSFL-expert) Train on cifar10 with cutlayer 1: total epochs: 200
2022-07-07 22:11:22,336 DEBUG epoch:1, knn_val_accu: 36.85, contrast_loss: 14.31, contrast_acc: 12.87, gan_train_loss: 0.5906, gan_eval_loss: 0.5754
2022-07-07 22:15:24,931 DEBUG epoch:2, knn_val_accu: 40.60, contrast_loss: 13.71, contrast_acc: 11.05, gan_train_loss: 0.5885, gan_eval_loss: 0.5888
2022-07-07 22:19:27,467 DEBUG epoch:3, knn_val_accu: 43.34, contrast_loss: 13.21, contrast_acc: 11.59, gan_train_loss: 0.5987, gan_eval_loss: 0.5894
2022-07-07 22:23:37,531 DEBUG epoch:4, knn_val_accu: 45.41, contrast_loss: 12.87, contrast_acc: 11.59, gan_train_loss: 0.5998, gan_eval_loss: 0.5934
2022-07-07 22:27:45,734 DEBUG epoch:5, knn_val_accu: 46.65, contrast_loss: 12.48, contrast_acc: 12.09, gan_train_loss: 0.5980, gan_eval_loss: 0.5984
2022-07-07 22:31:52,714 DEBUG epoch:6, knn_val_accu: 49.22, contrast_loss: 12.11, contrast_acc: 13.16, gan_train_loss: 0.6008, gan_eval_loss: 0.6010
2022-07-07 22:36:02,951 DEBUG epoch:7, knn_val_accu: 51.68, contrast_loss: 11.63, contrast_acc: 14.52, gan_train_loss: 0.6048, gan_eval_loss: 0.6051
2022-07-07 22:40:13,824 DEBUG epoch:8, knn_val_accu: 52.71, contrast_loss: 11.26, contrast_acc: 15.52, gan_train_loss: 0.6077, gan_eval_loss: 0.6077
2022-07-07 22:44:28,284 DEBUG epoch:9, knn_val_accu: 52.80, contrast_loss: 10.95, contrast_acc: 16.17, gan_train_loss: 0.6122, gan_eval_loss: 0.6125
2022-07-07 22:48:43,578 DEBUG epoch:10, knn_val_accu: 54.64, contrast_loss: 10.67, contrast_acc: 16.71, gan_train_loss: 0.6157, gan_eval_loss: 0.6160
2022-07-07 22:52:56,603 DEBUG epoch:11, knn_val_accu: 55.54, contrast_loss: 10.42, contrast_acc: 17.42, gan_train_loss: 0.6193, gan_eval_loss: 0.6200
2022-07-07 22:57:09,292 DEBUG epoch:12, knn_val_accu: 54.89, contrast_loss: 10.17, contrast_acc: 17.74, gan_train_loss: 0.6220, gan_eval_loss: 0.6222
2022-07-07 23:01:22,560 DEBUG epoch:13, knn_val_accu: 56.48, contrast_loss: 9.92, contrast_acc: 18.38, gan_train_loss: 0.6304, gan_eval_loss: 0.6309
2022-07-07 23:05:35,504 DEBUG epoch:14, knn_val_accu: 55.87, contrast_loss: 9.77, contrast_acc: 18.61, gan_train_loss: 0.6353, gan_eval_loss: 0.6352
2022-07-07 23:09:51,721 DEBUG epoch:15, knn_val_accu: 55.66, contrast_loss: 9.57, contrast_acc: 19.29, gan_train_loss: 0.6395, gan_eval_loss: 0.6399
2022-07-07 23:14:10,268 DEBUG epoch:16, knn_val_accu: 56.15, contrast_loss: 9.42, contrast_acc: 19.69, gan_train_loss: 0.6411, gan_eval_loss: 0.6406
2022-07-07 23:18:27,735 DEBUG epoch:17, knn_val_accu: 56.69, contrast_loss: 9.29, contrast_acc: 19.71, gan_train_loss: 0.6441, gan_eval_loss: 0.6433
2022-07-07 23:22:42,880 DEBUG epoch:18, knn_val_accu: 56.70, contrast_loss: 9.14, contrast_acc: 20.24, gan_train_loss: 0.6475, gan_eval_loss: 0.6480
2022-07-07 23:26:55,857 DEBUG epoch:19, knn_val_accu: 57.14, contrast_loss: 9.19, contrast_acc: 19.57, gan_train_loss: 0.6376, gan_eval_loss: 0.6234
2022-07-07 23:31:05,009 DEBUG epoch:20, knn_val_accu: 57.41, contrast_loss: 9.01, contrast_acc: 20.28, gan_train_loss: 0.6424, gan_eval_loss: 0.6094
2022-07-07 23:35:11,905 DEBUG epoch:21, knn_val_accu: 58.61, contrast_loss: 8.83, contrast_acc: 20.96, gan_train_loss: 0.6441, gan_eval_loss: 0.6107
2022-07-07 23:39:17,081 DEBUG epoch:22, knn_val_accu: 59.39, contrast_loss: 8.76, contrast_acc: 20.97, gan_train_loss: 0.6470, gan_eval_loss: 0.5933
2022-07-07 23:43:22,566 DEBUG epoch:23, knn_val_accu: 57.79, contrast_loss: 9.67, contrast_acc: 17.85, gan_train_loss: 0.6623, gan_eval_loss: 0.6013
2022-07-07 23:47:29,907 DEBUG epoch:24, knn_val_accu: 58.16, contrast_loss: 9.18, contrast_acc: 18.59, gan_train_loss: 0.6560, gan_eval_loss: 0.6055
2022-07-07 23:51:35,065 DEBUG epoch:25, knn_val_accu: 59.00, contrast_loss: 8.92, contrast_acc: 20.87, gan_train_loss: 0.6697, gan_eval_loss: 0.5898
2022-07-07 23:55:40,331 DEBUG epoch:26, knn_val_accu: 59.14, contrast_loss: 8.60, contrast_acc: 21.31, gan_train_loss: 0.6682, gan_eval_loss: 0.5928
2022-07-07 23:59:43,382 DEBUG epoch:27, knn_val_accu: 60.73, contrast_loss: 8.52, contrast_acc: 21.29, gan_train_loss: 0.6858, gan_eval_loss: 0.5817
2022-07-08 00:03:48,369 DEBUG epoch:28, knn_val_accu: 60.29, contrast_loss: 8.46, contrast_acc: 21.66, gan_train_loss: 0.6840, gan_eval_loss: 0.5912
2022-07-08 00:07:54,328 DEBUG epoch:29, knn_val_accu: 60.94, contrast_loss: 8.59, contrast_acc: 23.13, gan_train_loss: 0.7105, gan_eval_loss: 0.5831
2022-07-08 00:12:02,901 DEBUG epoch:30, knn_val_accu: 60.78, contrast_loss: 8.33, contrast_acc: 22.14, gan_train_loss: 0.6871, gan_eval_loss: 0.5866
2022-07-08 00:16:09,269 DEBUG epoch:31, knn_val_accu: 61.53, contrast_loss: 8.02, contrast_acc: 23.56, gan_train_loss: 0.7062, gan_eval_loss: 0.5847
2022-07-08 00:20:12,735 DEBUG epoch:32, knn_val_accu: 61.24, contrast_loss: 8.04, contrast_acc: 22.99, gan_train_loss: 0.7132, gan_eval_loss: 0.5896
2022-07-08 00:24:14,322 DEBUG epoch:33, knn_val_accu: 62.25, contrast_loss: 7.84, contrast_acc: 24.64, gan_train_loss: 0.7377, gan_eval_loss: 0.5619
2022-07-08 00:28:17,423 DEBUG epoch:34, knn_val_accu: 62.46, contrast_loss: 7.84, contrast_acc: 24.38, gan_train_loss: 0.7370, gan_eval_loss: 0.5815
2022-07-08 00:32:17,826 DEBUG epoch:35, knn_val_accu: 62.73, contrast_loss: 7.76, contrast_acc: 24.21, gan_train_loss: 0.7655, gan_eval_loss: 0.5697
2022-07-08 00:36:17,885 DEBUG epoch:36, knn_val_accu: 62.00, contrast_loss: 7.60, contrast_acc: 25.47, gan_train_loss: 0.7582, gan_eval_loss: 0.5578
2022-07-08 00:40:19,311 DEBUG epoch:37, knn_val_accu: 62.02, contrast_loss: 7.67, contrast_acc: 25.02, gan_train_loss: 0.7472, gan_eval_loss: 0.5676
2022-07-08 00:44:20,479 DEBUG epoch:38, knn_val_accu: 62.41, contrast_loss: 7.56, contrast_acc: 25.82, gan_train_loss: 0.7657, gan_eval_loss: 0.5557
2022-07-08 00:48:20,916 DEBUG epoch:39, knn_val_accu: 62.96, contrast_loss: 7.45, contrast_acc: 26.23, gan_train_loss: 0.7844, gan_eval_loss: 0.5637
2022-07-08 00:52:22,619 DEBUG epoch:40, knn_val_accu: 63.51, contrast_loss: 7.40, contrast_acc: 26.19, gan_train_loss: 0.8000, gan_eval_loss: 0.5575
2022-07-08 00:56:25,257 DEBUG epoch:41, knn_val_accu: 63.70, contrast_loss: 7.42, contrast_acc: 26.34, gan_train_loss: 0.7661, gan_eval_loss: 0.5717
2022-07-08 01:00:25,879 DEBUG epoch:42, knn_val_accu: 62.25, contrast_loss: 7.31, contrast_acc: 27.06, gan_train_loss: 0.8068, gan_eval_loss: 0.5618
2022-07-08 01:04:27,409 DEBUG epoch:43, knn_val_accu: 62.54, contrast_loss: 7.38, contrast_acc: 26.32, gan_train_loss: 0.7795, gan_eval_loss: 0.5735
2022-07-08 01:08:29,180 DEBUG epoch:44, knn_val_accu: 62.62, contrast_loss: 7.63, contrast_acc: 25.36, gan_train_loss: 0.7781, gan_eval_loss: 0.5762
2022-07-08 01:12:29,258 DEBUG epoch:45, knn_val_accu: 62.74, contrast_loss: 7.28, contrast_acc: 27.19, gan_train_loss: 0.7917, gan_eval_loss: 0.5641
2022-07-08 01:16:30,525 DEBUG epoch:46, knn_val_accu: 63.51, contrast_loss: 7.41, contrast_acc: 25.93, gan_train_loss: 0.7952, gan_eval_loss: 0.5720
2022-07-08 01:20:32,088 DEBUG epoch:47, knn_val_accu: 63.29, contrast_loss: 7.20, contrast_acc: 27.56, gan_train_loss: 0.8153, gan_eval_loss: 0.5494
2022-07-08 01:24:34,678 DEBUG epoch:48, knn_val_accu: 62.89, contrast_loss: 7.80, contrast_acc: 23.95, gan_train_loss: 0.7801, gan_eval_loss: 0.5819
2022-07-08 01:28:37,430 DEBUG epoch:49, knn_val_accu: 60.75, contrast_loss: 7.52, contrast_acc: 25.56, gan_train_loss: 0.7573, gan_eval_loss: 0.5804
2022-07-08 01:32:37,745 DEBUG epoch:50, knn_val_accu: 62.54, contrast_loss: 7.20, contrast_acc: 27.27, gan_train_loss: 0.7967, gan_eval_loss: 0.5630
2022-07-08 01:36:39,014 DEBUG epoch:51, knn_val_accu: 63.04, contrast_loss: 7.38, contrast_acc: 26.62, gan_train_loss: 0.7794, gan_eval_loss: 0.5720
2022-07-08 01:40:41,566 DEBUG epoch:52, knn_val_accu: 63.15, contrast_loss: 7.30, contrast_acc: 27.16, gan_train_loss: 0.8120, gan_eval_loss: 0.5679
2022-07-08 01:44:41,508 DEBUG epoch:53, knn_val_accu: 63.42, contrast_loss: 7.18, contrast_acc: 27.60, gan_train_loss: 0.8264, gan_eval_loss: 0.5507
2022-07-08 01:48:41,111 DEBUG epoch:54, knn_val_accu: 63.76, contrast_loss: 7.05, contrast_acc: 28.15, gan_train_loss: 0.8410, gan_eval_loss: 0.5440
2022-07-08 01:52:42,260 DEBUG epoch:55, knn_val_accu: 62.14, contrast_loss: 7.88, contrast_acc: 23.22, gan_train_loss: 0.8076, gan_eval_loss: 0.5677
2022-07-08 01:56:43,980 DEBUG epoch:56, knn_val_accu: 62.43, contrast_loss: 7.39, contrast_acc: 27.15, gan_train_loss: 0.7699, gan_eval_loss: 0.5831
2022-07-08 02:00:47,487 DEBUG epoch:57, knn_val_accu: 53.93, contrast_loss: 10.13, contrast_acc: 19.38, gan_train_loss: 0.7146, gan_eval_loss: 0.5847
2022-07-08 02:04:49,568 DEBUG epoch:58, knn_val_accu: 60.93, contrast_loss: 8.98, contrast_acc: 21.90, gan_train_loss: 0.7317, gan_eval_loss: 0.5785
2022-07-08 02:08:49,838 DEBUG epoch:59, knn_val_accu: 62.53, contrast_loss: 7.50, contrast_acc: 26.30, gan_train_loss: 0.8042, gan_eval_loss: 0.5459
2022-07-08 02:12:54,900 DEBUG epoch:60, knn_val_accu: 62.45, contrast_loss: 7.32, contrast_acc: 26.58, gan_train_loss: 0.7973, gan_eval_loss: 0.5739
2022-07-08 02:16:58,496 DEBUG epoch:61, knn_val_accu: 62.53, contrast_loss: 8.42, contrast_acc: 21.05, gan_train_loss: 0.7239, gan_eval_loss: 0.5879
2022-07-08 02:21:00,702 DEBUG epoch:62, knn_val_accu: 63.40, contrast_loss: 7.37, contrast_acc: 26.99, gan_train_loss: 0.7249, gan_eval_loss: 0.5828
2022-07-08 02:25:04,641 DEBUG epoch:63, knn_val_accu: 61.87, contrast_loss: 7.58, contrast_acc: 25.79, gan_train_loss: 0.7099, gan_eval_loss: 0.5897
2022-07-08 02:29:07,664 DEBUG epoch:64, knn_val_accu: 61.59, contrast_loss: 7.37, contrast_acc: 27.35, gan_train_loss: 0.6988, gan_eval_loss: 0.5916
2022-07-08 02:33:09,863 DEBUG epoch:65, knn_val_accu: 62.57, contrast_loss: 7.30, contrast_acc: 27.57, gan_train_loss: 0.6862, gan_eval_loss: 0.5862
2022-07-08 02:37:11,173 DEBUG epoch:66, knn_val_accu: 63.07, contrast_loss: 7.24, contrast_acc: 27.50, gan_train_loss: 0.6860, gan_eval_loss: 0.5875
2022-07-08 02:41:15,703 DEBUG epoch:67, knn_val_accu: 62.92, contrast_loss: 7.26, contrast_acc: 27.95, gan_train_loss: 0.7048, gan_eval_loss: 0.5873
2022-07-08 02:45:24,045 DEBUG epoch:68, knn_val_accu: 63.12, contrast_loss: 7.40, contrast_acc: 26.57, gan_train_loss: 0.6980, gan_eval_loss: 0.5908
2022-07-08 02:49:26,644 DEBUG epoch:69, knn_val_accu: 62.96, contrast_loss: 7.18, contrast_acc: 28.04, gan_train_loss: 0.6982, gan_eval_loss: 0.5892
2022-07-08 02:53:33,428 DEBUG epoch:70, knn_val_accu: 63.36, contrast_loss: 7.24, contrast_acc: 27.38, gan_train_loss: 0.6820, gan_eval_loss: 0.5919
2022-07-08 02:57:40,301 DEBUG epoch:71, knn_val_accu: 63.53, contrast_loss: 7.06, contrast_acc: 28.02, gan_train_loss: 0.6852, gan_eval_loss: 0.5871
2022-07-08 03:01:47,318 DEBUG epoch:72, knn_val_accu: 62.30, contrast_loss: 7.01, contrast_acc: 28.42, gan_train_loss: 0.7021, gan_eval_loss: 0.5838
2022-07-08 03:05:54,898 DEBUG epoch:73, knn_val_accu: 63.53, contrast_loss: 6.96, contrast_acc: 29.13, gan_train_loss: 0.6710, gan_eval_loss: 0.5815
2022-07-08 03:10:00,217 DEBUG epoch:74, knn_val_accu: 62.99, contrast_loss: 7.44, contrast_acc: 26.26, gan_train_loss: 0.6710, gan_eval_loss: 0.5925
2022-07-08 03:14:03,004 DEBUG epoch:75, knn_val_accu: 63.62, contrast_loss: 6.89, contrast_acc: 29.28, gan_train_loss: 0.6048, gan_eval_loss: 0.5918
2022-07-08 03:18:07,723 DEBUG epoch:76, knn_val_accu: 64.26, contrast_loss: 6.83, contrast_acc: 29.87, gan_train_loss: 0.5973, gan_eval_loss: 0.5970
2022-07-08 03:22:12,167 DEBUG epoch:77, knn_val_accu: 63.50, contrast_loss: 6.87, contrast_acc: 29.37, gan_train_loss: 0.6075, gan_eval_loss: 0.5956
2022-07-08 03:26:16,128 DEBUG epoch:78, knn_val_accu: 63.03, contrast_loss: 6.91, contrast_acc: 29.15, gan_train_loss: 0.6364, gan_eval_loss: 0.5928
2022-07-08 03:30:20,432 DEBUG epoch:79, knn_val_accu: 63.52, contrast_loss: 7.43, contrast_acc: 26.26, gan_train_loss: 0.6345, gan_eval_loss: 0.5945
2022-07-08 03:34:22,922 DEBUG epoch:80, knn_val_accu: 63.96, contrast_loss: 6.90, contrast_acc: 28.99, gan_train_loss: 0.6618, gan_eval_loss: 0.5916
2022-07-08 03:38:28,396 DEBUG epoch:81, knn_val_accu: 63.63, contrast_loss: 6.99, contrast_acc: 28.52, gan_train_loss: 0.6447, gan_eval_loss: 0.5966
2022-07-08 03:42:34,718 DEBUG epoch:82, knn_val_accu: 63.31, contrast_loss: 6.85, contrast_acc: 29.36, gan_train_loss: 0.6195, gan_eval_loss: 0.5971
2022-07-08 03:46:38,046 DEBUG epoch:83, knn_val_accu: 63.99, contrast_loss: 6.92, contrast_acc: 29.03, gan_train_loss: 0.6276, gan_eval_loss: 0.5938
2022-07-08 03:50:40,085 DEBUG epoch:84, knn_val_accu: 63.97, contrast_loss: 6.71, contrast_acc: 30.27, gan_train_loss: 0.6311, gan_eval_loss: 0.5882
2022-07-08 03:54:44,830 DEBUG epoch:85, knn_val_accu: 63.52, contrast_loss: 6.75, contrast_acc: 30.18, gan_train_loss: 0.6217, gan_eval_loss: 0.5977
2022-07-08 03:58:49,155 DEBUG epoch:86, knn_val_accu: 62.81, contrast_loss: 6.90, contrast_acc: 28.96, gan_train_loss: 0.6249, gan_eval_loss: 0.5949
2022-07-08 04:02:54,187 DEBUG epoch:87, knn_val_accu: 64.21, contrast_loss: 7.42, contrast_acc: 26.38, gan_train_loss: 0.6569, gan_eval_loss: 0.5959
2022-07-08 04:06:59,284 DEBUG epoch:88, knn_val_accu: 63.28, contrast_loss: 6.92, contrast_acc: 29.12, gan_train_loss: 0.6552, gan_eval_loss: 0.5938
2022-07-08 04:11:04,399 DEBUG epoch:89, knn_val_accu: 63.70, contrast_loss: 6.89, contrast_acc: 29.49, gan_train_loss: 0.6649, gan_eval_loss: 0.5990
2022-07-08 04:15:10,222 DEBUG epoch:90, knn_val_accu: 63.72, contrast_loss: 6.83, contrast_acc: 29.40, gan_train_loss: 0.6530, gan_eval_loss: 0.5999
2022-07-08 04:19:18,905 DEBUG epoch:91, knn_val_accu: 63.53, contrast_loss: 6.82, contrast_acc: 29.54, gan_train_loss: 0.6582, gan_eval_loss: 0.6036
2022-07-08 04:23:28,139 DEBUG epoch:92, knn_val_accu: 63.65, contrast_loss: 6.92, contrast_acc: 29.32, gan_train_loss: 0.6441, gan_eval_loss: 0.6074
2022-07-08 04:27:34,001 DEBUG epoch:93, knn_val_accu: 63.73, contrast_loss: 6.82, contrast_acc: 29.45, gan_train_loss: 0.6521, gan_eval_loss: 0.5996
2022-07-08 04:31:38,820 DEBUG epoch:94, knn_val_accu: 63.78, contrast_loss: 6.78, contrast_acc: 30.03, gan_train_loss: 0.6871, gan_eval_loss: 0.5955
2022-07-08 04:35:43,393 DEBUG epoch:95, knn_val_accu: 63.15, contrast_loss: 6.80, contrast_acc: 29.76, gan_train_loss: 0.6811, gan_eval_loss: 0.5939
2022-07-08 04:39:48,368 DEBUG epoch:96, knn_val_accu: 64.09, contrast_loss: 6.89, contrast_acc: 28.91, gan_train_loss: 0.6903, gan_eval_loss: 0.5930
2022-07-08 04:43:53,609 DEBUG epoch:97, knn_val_accu: 63.26, contrast_loss: 6.97, contrast_acc: 29.33, gan_train_loss: 0.6779, gan_eval_loss: 0.5966
2022-07-08 04:47:58,367 DEBUG epoch:98, knn_val_accu: 63.58, contrast_loss: 6.96, contrast_acc: 28.98, gan_train_loss: 0.6853, gan_eval_loss: 0.5951
2022-07-08 04:52:04,650 DEBUG epoch:99, knn_val_accu: 63.81, contrast_loss: 6.75, contrast_acc: 30.21, gan_train_loss: 0.6870, gan_eval_loss: 0.5985
2022-07-08 04:56:12,186 DEBUG epoch:100, knn_val_accu: 63.41, contrast_loss: 6.82, contrast_acc: 29.32, gan_train_loss: 0.6745, gan_eval_loss: 0.5978
2022-07-08 05:00:21,757 DEBUG epoch:101, knn_val_accu: 64.16, contrast_loss: 6.76, contrast_acc: 30.06, gan_train_loss: 0.6740, gan_eval_loss: 0.6047
2022-07-08 05:04:29,100 DEBUG epoch:102, knn_val_accu: 63.95, contrast_loss: 6.76, contrast_acc: 30.11, gan_train_loss: 0.6830, gan_eval_loss: 0.5900
2022-07-08 05:08:32,353 DEBUG epoch:103, knn_val_accu: 63.74, contrast_loss: 6.73, contrast_acc: 30.28, gan_train_loss: 0.7138, gan_eval_loss: 0.5850
2022-07-08 05:12:35,414 DEBUG epoch:104, knn_val_accu: 64.06, contrast_loss: 6.65, contrast_acc: 31.03, gan_train_loss: 0.7111, gan_eval_loss: 0.5875
2022-07-08 05:16:38,742 DEBUG epoch:105, knn_val_accu: 62.59, contrast_loss: 6.99, contrast_acc: 28.80, gan_train_loss: 0.7113, gan_eval_loss: 0.5907
2022-07-08 05:20:41,942 DEBUG epoch:106, knn_val_accu: 64.19, contrast_loss: 6.81, contrast_acc: 29.36, gan_train_loss: 0.7164, gan_eval_loss: 0.5862
2022-07-08 05:24:44,124 DEBUG epoch:107, knn_val_accu: 65.06, contrast_loss: 6.65, contrast_acc: 30.28, gan_train_loss: 0.7358, gan_eval_loss: 0.5874
2022-07-08 05:28:46,913 DEBUG epoch:108, knn_val_accu: 63.83, contrast_loss: 6.81, contrast_acc: 30.34, gan_train_loss: 0.7097, gan_eval_loss: 0.5901
2022-07-08 05:32:50,133 DEBUG epoch:109, knn_val_accu: 62.89, contrast_loss: 7.12, contrast_acc: 27.00, gan_train_loss: 0.7329, gan_eval_loss: 0.5818
2022-07-08 05:36:55,065 DEBUG epoch:110, knn_val_accu: 64.46, contrast_loss: 6.95, contrast_acc: 29.04, gan_train_loss: 0.7124, gan_eval_loss: 0.5911
2022-07-08 05:40:58,149 DEBUG epoch:111, knn_val_accu: 64.20, contrast_loss: 6.73, contrast_acc: 30.97, gan_train_loss: 0.7414, gan_eval_loss: 0.5813
2022-07-08 05:45:03,730 DEBUG epoch:112, knn_val_accu: 64.03, contrast_loss: 6.69, contrast_acc: 30.71, gan_train_loss: 0.7164, gan_eval_loss: 0.5910
2022-07-08 05:49:05,301 DEBUG epoch:113, knn_val_accu: 64.14, contrast_loss: 6.53, contrast_acc: 31.28, gan_train_loss: 0.7282, gan_eval_loss: 0.5834
2022-07-08 05:53:08,310 DEBUG epoch:114, knn_val_accu: 12.58, contrast_loss: 9.10, contrast_acc: 25.01, gan_train_loss: 0.7205, gan_eval_loss: 0.5845
2022-07-08 05:57:12,926 DEBUG epoch:115, knn_val_accu: 9.08, contrast_loss: 15.54, contrast_acc: 100.00, gan_train_loss: 0.5941, gan_eval_loss: 0.5954
2022-07-08 06:01:12,061 DEBUG epoch:116, knn_val_accu: 14.46, contrast_loss: 15.49, contrast_acc: 100.00, gan_train_loss: 0.5759, gan_eval_loss: 0.5755
2022-07-08 06:05:11,152 DEBUG epoch:117, knn_val_accu: 16.34, contrast_loss: 14.88, contrast_acc: 99.93, gan_train_loss: 0.5782, gan_eval_loss: 0.5779
2022-07-08 06:09:17,402 DEBUG epoch:118, knn_val_accu: 14.24, contrast_loss: 14.62, contrast_acc: 97.81, gan_train_loss: 0.5753, gan_eval_loss: 0.5748
2022-07-08 06:13:24,480 DEBUG epoch:119, knn_val_accu: 15.51, contrast_loss: 14.43, contrast_acc: 99.36, gan_train_loss: 0.5784, gan_eval_loss: 0.5777
2022-07-08 06:17:30,882 DEBUG epoch:120, knn_val_accu: 14.33, contrast_loss: 14.40, contrast_acc: 100.00, gan_train_loss: 0.5669, gan_eval_loss: 0.5666
2022-07-08 06:21:37,374 DEBUG epoch:121, knn_val_accu: 19.64, contrast_loss: 14.46, contrast_acc: 95.35, gan_train_loss: 0.5704, gan_eval_loss: 0.5713
2022-07-08 06:25:44,289 DEBUG epoch:122, knn_val_accu: 16.43, contrast_loss: 14.44, contrast_acc: 82.06, gan_train_loss: 0.5703, gan_eval_loss: 0.5712
2022-07-08 06:29:51,248 DEBUG epoch:123, knn_val_accu: 15.95, contrast_loss: 14.30, contrast_acc: 92.59, gan_train_loss: 0.5710, gan_eval_loss: 0.5719
2022-07-08 06:33:58,979 DEBUG epoch:124, knn_val_accu: 16.93, contrast_loss: 14.36, contrast_acc: 95.87, gan_train_loss: 0.5702, gan_eval_loss: 0.5709
2022-07-08 06:38:04,613 DEBUG epoch:125, knn_val_accu: 14.64, contrast_loss: 13.99, contrast_acc: 99.48, gan_train_loss: 0.5716, gan_eval_loss: 0.5725
2022-07-08 06:42:10,304 DEBUG epoch:126, knn_val_accu: 12.09, contrast_loss: 14.21, contrast_acc: 98.98, gan_train_loss: 0.5671, gan_eval_loss: 0.5678
2022-07-08 06:46:18,099 DEBUG epoch:127, knn_val_accu: 13.19, contrast_loss: 14.48, contrast_acc: 99.05, gan_train_loss: 0.5681, gan_eval_loss: 0.5688
2022-07-08 06:50:24,946 DEBUG epoch:128, knn_val_accu: 14.42, contrast_loss: 14.09, contrast_acc: 84.43, gan_train_loss: 0.5650, gan_eval_loss: 0.5657
2022-07-08 06:54:31,597 DEBUG epoch:129, knn_val_accu: 14.45, contrast_loss: 13.94, contrast_acc: 99.96, gan_train_loss: 0.5695, gan_eval_loss: 0.5705
2022-07-08 06:58:39,084 DEBUG epoch:130, knn_val_accu: 17.15, contrast_loss: 14.26, contrast_acc: 49.67, gan_train_loss: 0.5772, gan_eval_loss: 0.5786
2022-07-08 07:02:46,410 DEBUG epoch:131, knn_val_accu: 12.65, contrast_loss: 14.46, contrast_acc: 66.41, gan_train_loss: 0.5722, gan_eval_loss: 0.5731
2022-07-08 07:06:53,922 DEBUG epoch:132, knn_val_accu: 16.85, contrast_loss: 14.23, contrast_acc: 98.38, gan_train_loss: 0.5715, gan_eval_loss: 0.5724
2022-07-08 07:11:00,867 DEBUG epoch:133, knn_val_accu: 15.09, contrast_loss: 14.03, contrast_acc: 74.32, gan_train_loss: 0.5628, gan_eval_loss: 0.5637
2022-07-08 07:15:07,802 DEBUG epoch:134, knn_val_accu: 19.08, contrast_loss: 13.98, contrast_acc: 91.08, gan_train_loss: 0.5648, gan_eval_loss: 0.5656
2022-07-08 07:19:15,417 DEBUG epoch:135, knn_val_accu: 12.60, contrast_loss: 14.06, contrast_acc: 92.14, gan_train_loss: 0.5517, gan_eval_loss: 0.5522
2022-07-08 07:23:22,304 DEBUG epoch:136, knn_val_accu: 12.80, contrast_loss: 13.92, contrast_acc: 96.12, gan_train_loss: 0.5649, gan_eval_loss: 0.5654
2022-07-08 07:27:28,235 DEBUG epoch:137, knn_val_accu: 14.54, contrast_loss: 14.02, contrast_acc: 99.69, gan_train_loss: 0.5661, gan_eval_loss: 0.5672
2022-07-08 07:31:35,578 DEBUG epoch:138, knn_val_accu: 8.98, contrast_loss: 13.89, contrast_acc: 99.82, gan_train_loss: 0.5702, gan_eval_loss: 0.5721
2022-07-08 07:35:42,346 DEBUG epoch:139, knn_val_accu: 10.62, contrast_loss: 13.87, contrast_acc: 100.00, gan_train_loss: 0.5772, gan_eval_loss: 0.5781
2022-07-08 07:39:49,882 DEBUG epoch:140, knn_val_accu: 10.62, contrast_loss: 14.23, contrast_acc: 100.00, gan_train_loss: 0.5723, gan_eval_loss: 0.5736
2022-07-08 07:43:56,655 DEBUG epoch:141, knn_val_accu: 8.79, contrast_loss: 14.08, contrast_acc: 100.00, gan_train_loss: 0.5765, gan_eval_loss: 0.5773
2022-07-08 07:48:03,569 DEBUG epoch:142, knn_val_accu: 10.07, contrast_loss: 13.67, contrast_acc: 100.00, gan_train_loss: 0.5671, gan_eval_loss: 0.5683
2022-07-08 07:52:09,190 DEBUG epoch:143, knn_val_accu: 11.65, contrast_loss: 14.06, contrast_acc: 100.00, gan_train_loss: 0.5667, gan_eval_loss: 0.5676
2022-07-08 07:56:14,801 DEBUG epoch:144, knn_val_accu: 12.11, contrast_loss: 13.88, contrast_acc: 100.00, gan_train_loss: 0.5678, gan_eval_loss: 0.5693
2022-07-08 08:00:21,863 DEBUG epoch:145, knn_val_accu: 9.75, contrast_loss: 15.75, contrast_acc: 100.00, gan_train_loss: 0.5614, gan_eval_loss: 0.5622
2022-07-08 08:04:28,732 DEBUG epoch:146, knn_val_accu: 11.38, contrast_loss: 13.74, contrast_acc: 100.00, gan_train_loss: 0.5696, gan_eval_loss: 0.5703
2022-07-08 08:08:35,216 DEBUG epoch:147, knn_val_accu: 12.87, contrast_loss: 14.06, contrast_acc: 100.00, gan_train_loss: 0.5670, gan_eval_loss: 0.5681
2022-07-08 08:12:42,318 DEBUG epoch:148, knn_val_accu: 12.13, contrast_loss: 14.23, contrast_acc: 99.93, gan_train_loss: 0.5726, gan_eval_loss: 0.5736
2022-07-08 08:16:48,785 DEBUG epoch:149, knn_val_accu: 11.29, contrast_loss: 14.09, contrast_acc: 99.89, gan_train_loss: 0.5723, gan_eval_loss: 0.5736
2022-07-08 08:20:56,552 DEBUG epoch:150, knn_val_accu: 9.00, contrast_loss: 14.69, contrast_acc: 100.00, gan_train_loss: 0.5659, gan_eval_loss: 0.5666
2022-07-08 08:25:03,869 DEBUG epoch:151, knn_val_accu: 9.78, contrast_loss: 14.35, contrast_acc: 100.00, gan_train_loss: 0.5569, gan_eval_loss: 0.5581
2022-07-08 08:29:10,681 DEBUG epoch:152, knn_val_accu: 12.15, contrast_loss: 15.09, contrast_acc: 100.00, gan_train_loss: 0.5676, gan_eval_loss: 0.5679
2022-07-08 08:33:17,626 DEBUG epoch:153, knn_val_accu: 10.24, contrast_loss: 15.60, contrast_acc: 100.00, gan_train_loss: 0.5662, gan_eval_loss: 0.5671
2022-07-08 08:37:24,653 DEBUG epoch:154, knn_val_accu: 9.84, contrast_loss: 16.04, contrast_acc: 100.00, gan_train_loss: 0.5595, gan_eval_loss: 0.5604
2022-07-08 08:41:31,007 DEBUG epoch:155, knn_val_accu: 10.01, contrast_loss: 15.16, contrast_acc: 97.95, gan_train_loss: 0.5709, gan_eval_loss: 0.5712
2022-07-08 08:45:36,008 DEBUG epoch:156, knn_val_accu: 11.82, contrast_loss: 14.43, contrast_acc: 100.00, gan_train_loss: 0.5700, gan_eval_loss: 0.5711
2022-07-08 08:49:39,229 DEBUG epoch:157, knn_val_accu: 8.21, contrast_loss: 14.81, contrast_acc: 100.00, gan_train_loss: 0.5762, gan_eval_loss: 0.5770
2022-07-08 08:53:41,233 DEBUG epoch:158, knn_val_accu: 8.47, contrast_loss: 14.81, contrast_acc: 100.00, gan_train_loss: 0.5634, gan_eval_loss: 0.5643
2022-07-08 08:57:43,031 DEBUG epoch:159, knn_val_accu: 6.89, contrast_loss: 15.01, contrast_acc: 100.00, gan_train_loss: 0.5754, gan_eval_loss: 0.5762
2022-07-08 09:01:44,985 DEBUG epoch:160, knn_val_accu: 7.61, contrast_loss: 15.78, contrast_acc: 100.00, gan_train_loss: 0.5739, gan_eval_loss: 0.5749
2022-07-08 09:05:47,893 DEBUG epoch:161, knn_val_accu: 8.50, contrast_loss: 15.13, contrast_acc: 100.00, gan_train_loss: 0.5697, gan_eval_loss: 0.5702
2022-07-08 09:09:51,611 DEBUG epoch:162, knn_val_accu: 11.16, contrast_loss: 14.56, contrast_acc: 100.00, gan_train_loss: 0.5687, gan_eval_loss: 0.5694
2022-07-08 09:13:55,441 DEBUG epoch:163, knn_val_accu: 11.77, contrast_loss: 14.43, contrast_acc: 99.23, gan_train_loss: 0.5698, gan_eval_loss: 0.5704
2022-07-08 09:18:01,464 DEBUG epoch:164, knn_val_accu: 9.28, contrast_loss: 17.43, contrast_acc: 96.42, gan_train_loss: 0.5790, gan_eval_loss: 0.5794
2022-07-08 09:22:08,115 DEBUG epoch:165, knn_val_accu: 9.71, contrast_loss: 17.40, contrast_acc: 58.56, gan_train_loss: 0.5754, gan_eval_loss: 0.5759
2022-07-08 09:26:16,390 DEBUG epoch:166, knn_val_accu: 10.35, contrast_loss: 17.40, contrast_acc: 0.33, gan_train_loss: 0.5685, gan_eval_loss: 0.5690
2022-07-08 09:30:20,437 DEBUG epoch:167, knn_val_accu: 10.90, contrast_loss: 17.40, contrast_acc: 0.34, gan_train_loss: 0.5718, gan_eval_loss: 0.5722
2022-07-08 09:34:27,055 DEBUG epoch:168, knn_val_accu: 8.88, contrast_loss: 17.40, contrast_acc: 1.26, gan_train_loss: 0.5604, gan_eval_loss: 0.5608
2022-07-08 09:38:34,707 DEBUG epoch:169, knn_val_accu: 9.98, contrast_loss: 17.40, contrast_acc: 2.18, gan_train_loss: 0.5692, gan_eval_loss: 0.5695
2022-07-08 09:42:42,634 DEBUG epoch:170, knn_val_accu: 8.77, contrast_loss: 17.40, contrast_acc: 1.77, gan_train_loss: 0.5583, gan_eval_loss: 0.5587
2022-07-08 09:46:49,819 DEBUG epoch:171, knn_val_accu: 10.50, contrast_loss: 17.40, contrast_acc: 0.89, gan_train_loss: 0.5734, gan_eval_loss: 0.5739
2022-07-08 09:50:57,133 DEBUG epoch:172, knn_val_accu: 9.68, contrast_loss: 17.40, contrast_acc: 2.02, gan_train_loss: 0.5705, gan_eval_loss: 0.5709
2022-07-08 09:55:04,465 DEBUG epoch:173, knn_val_accu: 10.01, contrast_loss: 17.40, contrast_acc: 2.99, gan_train_loss: 0.5538, gan_eval_loss: 0.5542
2022-07-08 09:59:11,452 DEBUG epoch:174, knn_val_accu: 10.59, contrast_loss: 17.40, contrast_acc: 5.20, gan_train_loss: 0.5647, gan_eval_loss: 0.5654
2022-07-08 10:03:18,872 DEBUG epoch:175, knn_val_accu: 10.29, contrast_loss: 17.40, contrast_acc: 0.79, gan_train_loss: 0.5546, gan_eval_loss: 0.5552
2022-07-08 10:07:25,308 DEBUG epoch:176, knn_val_accu: 10.63, contrast_loss: 17.40, contrast_acc: 2.05, gan_train_loss: 0.5709, gan_eval_loss: 0.5715
2022-07-08 10:11:31,395 DEBUG epoch:177, knn_val_accu: 9.17, contrast_loss: 17.40, contrast_acc: 2.23, gan_train_loss: 0.5664, gan_eval_loss: 0.5669
2022-07-08 10:15:36,737 DEBUG epoch:178, knn_val_accu: 9.68, contrast_loss: 17.40, contrast_acc: 0.42, gan_train_loss: 0.5594, gan_eval_loss: 0.5599
2022-07-08 10:19:43,369 DEBUG epoch:179, knn_val_accu: 10.59, contrast_loss: 17.40, contrast_acc: 1.51, gan_train_loss: 0.5609, gan_eval_loss: 0.5615
2022-07-08 10:23:50,537 DEBUG epoch:180, knn_val_accu: 11.94, contrast_loss: 17.40, contrast_acc: 4.14, gan_train_loss: 0.5689, gan_eval_loss: 0.5695
2022-07-08 10:27:57,960 DEBUG epoch:181, knn_val_accu: 11.33, contrast_loss: 17.40, contrast_acc: 0.18, gan_train_loss: 0.5580, gan_eval_loss: 0.5587
2022-07-08 10:32:05,712 DEBUG epoch:182, knn_val_accu: 9.77, contrast_loss: 17.40, contrast_acc: 0.55, gan_train_loss: 0.5668, gan_eval_loss: 0.5676
2022-07-08 10:36:11,758 DEBUG epoch:183, knn_val_accu: 9.26, contrast_loss: 17.40, contrast_acc: 0.28, gan_train_loss: 0.5648, gan_eval_loss: 0.5655
2022-07-08 10:40:19,854 DEBUG epoch:184, knn_val_accu: 10.76, contrast_loss: 17.40, contrast_acc: 0.26, gan_train_loss: 0.5733, gan_eval_loss: 0.5740
2022-07-08 10:44:26,332 DEBUG epoch:185, knn_val_accu: 10.71, contrast_loss: 17.40, contrast_acc: 2.34, gan_train_loss: 0.5605, gan_eval_loss: 0.5612
2022-07-08 10:48:33,410 DEBUG epoch:186, knn_val_accu: 10.23, contrast_loss: 17.40, contrast_acc: 6.55, gan_train_loss: 0.5645, gan_eval_loss: 0.5653
2022-07-08 10:52:40,946 DEBUG epoch:187, knn_val_accu: 11.55, contrast_loss: 17.40, contrast_acc: 3.17, gan_train_loss: 0.5628, gan_eval_loss: 0.5635
2022-07-08 10:56:48,780 DEBUG epoch:188, knn_val_accu: 9.81, contrast_loss: 17.40, contrast_acc: 6.58, gan_train_loss: 0.5665, gan_eval_loss: 0.5673
2022-07-08 11:00:55,798 DEBUG epoch:189, knn_val_accu: 9.67, contrast_loss: 17.40, contrast_acc: 21.55, gan_train_loss: 0.5651, gan_eval_loss: 0.5658
2022-07-08 11:05:03,373 DEBUG epoch:190, knn_val_accu: 8.44, contrast_loss: 17.40, contrast_acc: 10.79, gan_train_loss: 0.5727, gan_eval_loss: 0.5733
2022-07-08 11:09:09,874 DEBUG epoch:191, knn_val_accu: 9.71, contrast_loss: 17.40, contrast_acc: 12.71, gan_train_loss: 0.5644, gan_eval_loss: 0.5653
2022-07-08 11:13:14,890 DEBUG epoch:192, knn_val_accu: 9.03, contrast_loss: 17.40, contrast_acc: 2.85, gan_train_loss: 0.5729, gan_eval_loss: 0.5737
2022-07-08 11:17:21,704 DEBUG epoch:193, knn_val_accu: 11.36, contrast_loss: 17.40, contrast_acc: 11.77, gan_train_loss: 0.5755, gan_eval_loss: 0.5763
2022-07-08 11:21:29,265 DEBUG epoch:194, knn_val_accu: 10.03, contrast_loss: 17.40, contrast_acc: 5.56, gan_train_loss: 0.5714, gan_eval_loss: 0.5722
2022-07-08 11:25:35,248 DEBUG epoch:195, knn_val_accu: 9.42, contrast_loss: 17.40, contrast_acc: 10.04, gan_train_loss: 0.5741, gan_eval_loss: 0.5749
2022-07-08 11:29:42,978 DEBUG epoch:196, knn_val_accu: 9.68, contrast_loss: 17.40, contrast_acc: 1.82, gan_train_loss: 0.5723, gan_eval_loss: 0.5732
2022-07-08 11:33:49,424 DEBUG epoch:197, knn_val_accu: 10.87, contrast_loss: 17.40, contrast_acc: 0.31, gan_train_loss: 0.5750, gan_eval_loss: 0.5759
2022-07-08 11:37:55,842 DEBUG epoch:198, knn_val_accu: 11.17, contrast_loss: 17.40, contrast_acc: 0.02, gan_train_loss: 0.5769, gan_eval_loss: 0.5777
2022-07-08 11:42:02,928 DEBUG epoch:199, knn_val_accu: 7.71, contrast_loss: 17.40, contrast_acc: 0.05, gan_train_loss: 0.5775, gan_eval_loss: 0.5784
2022-07-08 11:46:09,240 DEBUG epoch:200, knn_val_accu: 7.60, contrast_loss: 17.40, contrast_acc: 0.09, gan_train_loss: 0.5785, gan_eval_loss: 0.5794
2022-07-08 11:46:18,752 DEBUG final knn evaluation accuracy is 7.60
2022-07-08 12:01:19,140 DEBUG final linear-probe evaluation accuracy is 10.00
2022-07-08 12:06:54,442 DEBUG final semi-supervised evaluation accuracy with 10% data is 12.41
2022-07-08 12:11:26,195 DEBUG final semi-supervised evaluation accuracy with 1% data is 10.05
2022-07-10 19:46:28,626 DEBUG Enable ResSFL fine-tuning: arch-res_normN4C64-alpha-2.0-ssim-0.6, using cifar100 as auxiliary data
2022-07-10 19:46:38,045 DEBUG final knn evaluation accuracy is 65.06
