2022-07-13 20:52:19,031 DEBUG Enable ResSFL fine-tuning: arch-res_normN4C64-alpha-2.0-ssim-0.6, using svhn as auxiliary data
2022-07-13 20:52:19,338 DEBUG SFL-Moco (ResSFL-expert) Train on cifar10 with cutlayer 2: total epochs: 200
2022-07-13 20:54:22,728 DEBUG epoch:1, knn_val_accu: 27.04, contrast_loss: 13.43, contrast_acc: 14.79, gan_train_loss: 0.5962, gan_eval_loss: 0.5863
2022-07-13 20:56:27,746 DEBUG epoch:2, knn_val_accu: 28.26, contrast_loss: 13.39, contrast_acc: 10.64, gan_train_loss: 0.5879, gan_eval_loss: 0.5846
2022-07-13 20:58:31,402 DEBUG epoch:3, knn_val_accu: 29.15, contrast_loss: 13.30, contrast_acc: 8.56, gan_train_loss: 0.5807, gan_eval_loss: 0.5796
2022-07-13 21:00:34,917 DEBUG epoch:4, knn_val_accu: 29.07, contrast_loss: 13.24, contrast_acc: 7.56, gan_train_loss: 0.5816, gan_eval_loss: 0.5817
2022-07-13 21:02:38,787 DEBUG epoch:5, knn_val_accu: 29.81, contrast_loss: 13.21, contrast_acc: 8.04, gan_train_loss: 0.5810, gan_eval_loss: 0.5816
2022-07-13 21:04:42,970 DEBUG epoch:6, knn_val_accu: 31.16, contrast_loss: 13.21, contrast_acc: 8.16, gan_train_loss: 0.5824, gan_eval_loss: 0.5844
2022-07-13 21:06:47,689 DEBUG epoch:7, knn_val_accu: 32.36, contrast_loss: 13.04, contrast_acc: 9.63, gan_train_loss: 0.5845, gan_eval_loss: 0.5858
2022-07-13 21:08:52,933 DEBUG epoch:8, knn_val_accu: 32.89, contrast_loss: 12.71, contrast_acc: 10.99, gan_train_loss: 0.5839, gan_eval_loss: 0.5877
2022-07-13 21:10:58,588 DEBUG epoch:9, knn_val_accu: 34.53, contrast_loss: 12.21, contrast_acc: 14.23, gan_train_loss: 0.5852, gan_eval_loss: 0.5885
2022-07-13 21:13:04,537 DEBUG epoch:10, knn_val_accu: 37.41, contrast_loss: 11.64, contrast_acc: 17.41, gan_train_loss: 0.5874, gan_eval_loss: 0.5911
2022-07-13 21:15:11,093 DEBUG epoch:11, knn_val_accu: 38.26, contrast_loss: 11.14, contrast_acc: 19.50, gan_train_loss: 0.5889, gan_eval_loss: 0.5935
2022-07-13 21:17:17,979 DEBUG epoch:12, knn_val_accu: 38.30, contrast_loss: 10.66, contrast_acc: 21.98, gan_train_loss: 0.5912, gan_eval_loss: 0.5952
2022-07-13 21:19:25,556 DEBUG epoch:13, knn_val_accu: 40.49, contrast_loss: 10.22, contrast_acc: 24.10, gan_train_loss: 0.5951, gan_eval_loss: 0.5984
2022-07-13 21:21:33,280 DEBUG epoch:14, knn_val_accu: 40.69, contrast_loss: 9.81, contrast_acc: 26.65, gan_train_loss: 0.5942, gan_eval_loss: 0.5982
2022-07-13 21:23:40,716 DEBUG epoch:15, knn_val_accu: 40.47, contrast_loss: 9.42, contrast_acc: 30.02, gan_train_loss: 0.5925, gan_eval_loss: 0.5960
2022-07-13 21:25:48,230 DEBUG epoch:16, knn_val_accu: 40.35, contrast_loss: 9.15, contrast_acc: 32.41, gan_train_loss: 0.5925, gan_eval_loss: 0.5964
2022-07-13 21:27:55,823 DEBUG epoch:17, knn_val_accu: 41.16, contrast_loss: 8.92, contrast_acc: 34.59, gan_train_loss: 0.5917, gan_eval_loss: 0.5956
2022-07-13 21:30:02,272 DEBUG epoch:18, knn_val_accu: 41.68, contrast_loss: 8.72, contrast_acc: 36.58, gan_train_loss: 0.5894, gan_eval_loss: 0.5935
2022-07-13 21:32:08,978 DEBUG epoch:19, knn_val_accu: 41.74, contrast_loss: 8.55, contrast_acc: 38.47, gan_train_loss: 0.5896, gan_eval_loss: 0.5938
2022-07-13 21:34:15,283 DEBUG epoch:20, knn_val_accu: 42.19, contrast_loss: 8.34, contrast_acc: 40.40, gan_train_loss: 0.5897, gan_eval_loss: 0.5923
2022-07-13 21:36:21,724 DEBUG epoch:21, knn_val_accu: 42.87, contrast_loss: 8.24, contrast_acc: 41.41, gan_train_loss: 0.5887, gan_eval_loss: 0.5928
2022-07-13 21:38:28,266 DEBUG epoch:22, knn_val_accu: 42.67, contrast_loss: 8.16, contrast_acc: 42.33, gan_train_loss: 0.5903, gan_eval_loss: 0.5937
2022-07-13 21:40:35,113 DEBUG epoch:23, knn_val_accu: 42.55, contrast_loss: 8.03, contrast_acc: 43.84, gan_train_loss: 0.5917, gan_eval_loss: 0.5951
2022-07-13 21:42:41,916 DEBUG epoch:24, knn_val_accu: 42.60, contrast_loss: 7.92, contrast_acc: 44.62, gan_train_loss: 0.5919, gan_eval_loss: 0.5960
2022-07-13 21:44:49,173 DEBUG epoch:25, knn_val_accu: 42.91, contrast_loss: 7.88, contrast_acc: 44.97, gan_train_loss: 0.5906, gan_eval_loss: 0.5952
2022-07-13 21:46:56,067 DEBUG epoch:26, knn_val_accu: 43.03, contrast_loss: 7.80, contrast_acc: 46.08, gan_train_loss: 0.5891, gan_eval_loss: 0.5934
2022-07-13 21:49:02,751 DEBUG epoch:27, knn_val_accu: 42.79, contrast_loss: 7.71, contrast_acc: 46.94, gan_train_loss: 0.5889, gan_eval_loss: 0.5936
2022-07-13 21:51:09,386 DEBUG epoch:28, knn_val_accu: 42.62, contrast_loss: 7.64, contrast_acc: 47.48, gan_train_loss: 0.5888, gan_eval_loss: 0.5934
2022-07-13 21:53:16,422 DEBUG epoch:29, knn_val_accu: 42.22, contrast_loss: 7.60, contrast_acc: 47.76, gan_train_loss: 0.5924, gan_eval_loss: 0.5969
2022-07-13 21:55:23,389 DEBUG epoch:30, knn_val_accu: 43.70, contrast_loss: 7.52, contrast_acc: 48.65, gan_train_loss: 0.5913, gan_eval_loss: 0.5957
2022-07-13 21:57:30,093 DEBUG epoch:31, knn_val_accu: 43.58, contrast_loss: 7.47, contrast_acc: 49.18, gan_train_loss: 0.5897, gan_eval_loss: 0.5943
2022-07-13 21:59:37,121 DEBUG epoch:32, knn_val_accu: 43.53, contrast_loss: 7.43, contrast_acc: 49.50, gan_train_loss: 0.5924, gan_eval_loss: 0.5969
2022-07-13 22:01:44,275 DEBUG epoch:33, knn_val_accu: 42.97, contrast_loss: 7.38, contrast_acc: 50.09, gan_train_loss: 0.5920, gan_eval_loss: 0.5962
2022-07-13 22:03:51,030 DEBUG epoch:34, knn_val_accu: 43.57, contrast_loss: 7.37, contrast_acc: 50.53, gan_train_loss: 0.5904, gan_eval_loss: 0.5952
2022-07-13 22:05:58,692 DEBUG epoch:35, knn_val_accu: 43.36, contrast_loss: 7.29, contrast_acc: 50.98, gan_train_loss: 0.5918, gan_eval_loss: 0.5963
2022-07-13 22:08:06,225 DEBUG epoch:36, knn_val_accu: 43.46, contrast_loss: 7.23, contrast_acc: 51.42, gan_train_loss: 0.5932, gan_eval_loss: 0.5970
2022-07-13 22:10:13,997 DEBUG epoch:37, knn_val_accu: 43.49, contrast_loss: 7.24, contrast_acc: 51.55, gan_train_loss: 0.5930, gan_eval_loss: 0.5971
2022-07-13 22:12:21,468 DEBUG epoch:38, knn_val_accu: 43.27, contrast_loss: 7.20, contrast_acc: 51.63, gan_train_loss: 0.5935, gan_eval_loss: 0.5977
2022-07-13 22:14:28,611 DEBUG epoch:39, knn_val_accu: 43.36, contrast_loss: 7.18, contrast_acc: 51.88, gan_train_loss: 0.5927, gan_eval_loss: 0.5962
2022-07-13 22:16:35,693 DEBUG epoch:40, knn_val_accu: 43.93, contrast_loss: 7.15, contrast_acc: 52.39, gan_train_loss: 0.5935, gan_eval_loss: 0.5973
2022-07-13 22:18:43,257 DEBUG epoch:41, knn_val_accu: 43.94, contrast_loss: 7.12, contrast_acc: 52.41, gan_train_loss: 0.5948, gan_eval_loss: 0.5988
2022-07-13 22:20:50,341 DEBUG epoch:42, knn_val_accu: 43.66, contrast_loss: 7.09, contrast_acc: 52.79, gan_train_loss: 0.5939, gan_eval_loss: 0.5978
2022-07-13 22:22:57,908 DEBUG epoch:43, knn_val_accu: 44.11, contrast_loss: 7.08, contrast_acc: 52.94, gan_train_loss: 0.5951, gan_eval_loss: 0.5977
2022-07-13 22:25:05,246 DEBUG epoch:44, knn_val_accu: 43.45, contrast_loss: 7.06, contrast_acc: 53.06, gan_train_loss: 0.5930, gan_eval_loss: 0.5968
2022-07-13 22:27:12,854 DEBUG epoch:45, knn_val_accu: 44.55, contrast_loss: 7.00, contrast_acc: 53.46, gan_train_loss: 0.5959, gan_eval_loss: 0.5999
2022-07-13 22:29:20,531 DEBUG epoch:46, knn_val_accu: 44.63, contrast_loss: 6.98, contrast_acc: 53.64, gan_train_loss: 0.5963, gan_eval_loss: 0.6003
2022-07-13 22:31:27,932 DEBUG epoch:47, knn_val_accu: 43.64, contrast_loss: 6.97, contrast_acc: 53.80, gan_train_loss: 0.5944, gan_eval_loss: 0.5979
2022-07-13 22:33:35,044 DEBUG epoch:48, knn_val_accu: 43.01, contrast_loss: 6.97, contrast_acc: 53.91, gan_train_loss: 0.5944, gan_eval_loss: 0.5973
2022-07-13 22:35:42,392 DEBUG epoch:49, knn_val_accu: 43.83, contrast_loss: 6.96, contrast_acc: 54.15, gan_train_loss: 0.5934, gan_eval_loss: 0.5974
2022-07-13 22:37:49,288 DEBUG epoch:50, knn_val_accu: 44.07, contrast_loss: 6.91, contrast_acc: 54.44, gan_train_loss: 0.5897, gan_eval_loss: 0.5944
2022-07-13 22:39:56,296 DEBUG epoch:51, knn_val_accu: 43.51, contrast_loss: 6.88, contrast_acc: 54.57, gan_train_loss: 0.5914, gan_eval_loss: 0.5954
2022-07-13 22:42:04,025 DEBUG epoch:52, knn_val_accu: 43.78, contrast_loss: 6.87, contrast_acc: 54.71, gan_train_loss: 0.5926, gan_eval_loss: 0.5968
2022-07-13 22:44:11,122 DEBUG epoch:53, knn_val_accu: 44.12, contrast_loss: 6.85, contrast_acc: 55.08, gan_train_loss: 0.5905, gan_eval_loss: 0.5937
2022-07-13 22:46:17,498 DEBUG epoch:54, knn_val_accu: 43.96, contrast_loss: 6.79, contrast_acc: 55.40, gan_train_loss: 0.5883, gan_eval_loss: 0.5888
2022-07-13 22:48:24,216 DEBUG epoch:55, knn_val_accu: 44.50, contrast_loss: 6.74, contrast_acc: 55.90, gan_train_loss: 0.5885, gan_eval_loss: 0.5917
2022-07-13 22:50:31,687 DEBUG epoch:56, knn_val_accu: 44.93, contrast_loss: 6.72, contrast_acc: 56.22, gan_train_loss: 0.5947, gan_eval_loss: 0.5986
2022-07-13 22:52:38,943 DEBUG epoch:57, knn_val_accu: 44.82, contrast_loss: 6.69, contrast_acc: 56.79, gan_train_loss: 0.5924, gan_eval_loss: 0.5969
2022-07-13 22:54:46,382 DEBUG epoch:58, knn_val_accu: 44.96, contrast_loss: 6.65, contrast_acc: 57.07, gan_train_loss: 0.5948, gan_eval_loss: 0.5987
2022-07-13 22:56:53,833 DEBUG epoch:59, knn_val_accu: 44.75, contrast_loss: 6.63, contrast_acc: 57.25, gan_train_loss: 0.5949, gan_eval_loss: 0.5988
2022-07-13 22:59:01,431 DEBUG epoch:60, knn_val_accu: 45.45, contrast_loss: 6.55, contrast_acc: 57.91, gan_train_loss: 0.5952, gan_eval_loss: 0.5992
2022-07-13 23:01:09,126 DEBUG epoch:61, knn_val_accu: 45.09, contrast_loss: 6.53, contrast_acc: 58.11, gan_train_loss: 0.5986, gan_eval_loss: 0.6005
2022-07-13 23:03:17,170 DEBUG epoch:62, knn_val_accu: 45.68, contrast_loss: 6.50, contrast_acc: 58.40, gan_train_loss: 0.5987, gan_eval_loss: 0.6005
2022-07-13 23:05:24,876 DEBUG epoch:63, knn_val_accu: 46.01, contrast_loss: 6.53, contrast_acc: 58.27, gan_train_loss: 0.5976, gan_eval_loss: 0.5995
2022-07-13 23:07:32,060 DEBUG epoch:64, knn_val_accu: 45.24, contrast_loss: 6.44, contrast_acc: 59.07, gan_train_loss: 0.5942, gan_eval_loss: 0.5958
2022-07-13 23:09:38,778 DEBUG epoch:65, knn_val_accu: 44.78, contrast_loss: 6.41, contrast_acc: 59.08, gan_train_loss: 0.5927, gan_eval_loss: 0.5947
2022-07-13 23:11:44,981 DEBUG epoch:66, knn_val_accu: 45.45, contrast_loss: 6.37, contrast_acc: 59.83, gan_train_loss: 0.5893, gan_eval_loss: 0.5917
2022-07-13 23:13:49,415 DEBUG epoch:67, knn_val_accu: 45.39, contrast_loss: 6.33, contrast_acc: 60.06, gan_train_loss: 0.5798, gan_eval_loss: 0.5835
2022-07-13 23:15:53,940 DEBUG epoch:68, knn_val_accu: 46.56, contrast_loss: 6.29, contrast_acc: 60.28, gan_train_loss: 0.5774, gan_eval_loss: 0.5799
2022-07-13 23:17:58,699 DEBUG epoch:69, knn_val_accu: 46.10, contrast_loss: 6.23, contrast_acc: 60.71, gan_train_loss: 0.5810, gan_eval_loss: 0.5834
2022-07-13 23:20:04,079 DEBUG epoch:70, knn_val_accu: 45.91, contrast_loss: 6.20, contrast_acc: 60.88, gan_train_loss: 0.5842, gan_eval_loss: 0.5853
2022-07-13 23:22:10,231 DEBUG epoch:71, knn_val_accu: 45.14, contrast_loss: 6.17, contrast_acc: 61.20, gan_train_loss: 0.5890, gan_eval_loss: 0.5904
2022-07-13 23:24:17,095 DEBUG epoch:72, knn_val_accu: 45.62, contrast_loss: 6.16, contrast_acc: 61.30, gan_train_loss: 0.5900, gan_eval_loss: 0.5905
2022-07-13 23:26:23,786 DEBUG epoch:73, knn_val_accu: 46.06, contrast_loss: 6.16, contrast_acc: 61.28, gan_train_loss: 0.5911, gan_eval_loss: 0.5918
2022-07-13 23:28:30,469 DEBUG epoch:74, knn_val_accu: 46.03, contrast_loss: 6.15, contrast_acc: 61.27, gan_train_loss: 0.5933, gan_eval_loss: 0.5923
2022-07-13 23:30:37,104 DEBUG epoch:75, knn_val_accu: 46.06, contrast_loss: 6.10, contrast_acc: 61.33, gan_train_loss: 0.5940, gan_eval_loss: 0.5946
2022-07-13 23:32:43,658 DEBUG epoch:76, knn_val_accu: 46.36, contrast_loss: 6.08, contrast_acc: 61.82, gan_train_loss: 0.5924, gan_eval_loss: 0.5936
2022-07-13 23:34:50,407 DEBUG epoch:77, knn_val_accu: 45.68, contrast_loss: 6.04, contrast_acc: 62.13, gan_train_loss: 0.5914, gan_eval_loss: 0.5929
2022-07-13 23:36:56,806 DEBUG epoch:78, knn_val_accu: 45.94, contrast_loss: 6.01, contrast_acc: 62.19, gan_train_loss: 0.5905, gan_eval_loss: 0.5922
2022-07-13 23:39:02,858 DEBUG epoch:79, knn_val_accu: 46.12, contrast_loss: 5.95, contrast_acc: 62.94, gan_train_loss: 0.5914, gan_eval_loss: 0.5933
2022-07-13 23:41:09,056 DEBUG epoch:80, knn_val_accu: 45.51, contrast_loss: 5.92, contrast_acc: 62.96, gan_train_loss: 0.5893, gan_eval_loss: 0.5911
2022-07-13 23:43:15,475 DEBUG epoch:81, knn_val_accu: 46.26, contrast_loss: 5.88, contrast_acc: 63.38, gan_train_loss: 0.5916, gan_eval_loss: 0.5932
2022-07-13 23:45:21,559 DEBUG epoch:82, knn_val_accu: 45.53, contrast_loss: 5.86, contrast_acc: 63.64, gan_train_loss: 0.5912, gan_eval_loss: 0.5927
2022-07-13 23:47:27,947 DEBUG epoch:83, knn_val_accu: 46.79, contrast_loss: 5.86, contrast_acc: 63.50, gan_train_loss: 0.5908, gan_eval_loss: 0.5923
2022-07-13 23:49:34,218 DEBUG epoch:84, knn_val_accu: 45.27, contrast_loss: 5.84, contrast_acc: 63.51, gan_train_loss: 0.5911, gan_eval_loss: 0.5927
2022-07-13 23:51:40,560 DEBUG epoch:85, knn_val_accu: 46.06, contrast_loss: 5.83, contrast_acc: 63.57, gan_train_loss: 0.5912, gan_eval_loss: 0.5930
2022-07-13 23:53:46,843 DEBUG epoch:86, knn_val_accu: 45.97, contrast_loss: 5.74, contrast_acc: 64.51, gan_train_loss: 0.5911, gan_eval_loss: 0.5929
2022-07-13 23:55:53,450 DEBUG epoch:87, knn_val_accu: 45.87, contrast_loss: 5.72, contrast_acc: 64.70, gan_train_loss: 0.5911, gan_eval_loss: 0.5928
2022-07-13 23:58:00,172 DEBUG epoch:88, knn_val_accu: 46.05, contrast_loss: 5.73, contrast_acc: 64.51, gan_train_loss: 0.5897, gan_eval_loss: 0.5917
2022-07-14 00:00:06,993 DEBUG epoch:89, knn_val_accu: 46.34, contrast_loss: 5.72, contrast_acc: 64.68, gan_train_loss: 0.5908, gan_eval_loss: 0.5927
2022-07-14 00:02:13,852 DEBUG epoch:90, knn_val_accu: 46.57, contrast_loss: 5.70, contrast_acc: 64.84, gan_train_loss: 0.5910, gan_eval_loss: 0.5929
2022-07-14 00:04:20,691 DEBUG epoch:91, knn_val_accu: 46.05, contrast_loss: 5.68, contrast_acc: 64.95, gan_train_loss: 0.5913, gan_eval_loss: 0.5932
2022-07-14 00:06:27,211 DEBUG epoch:92, knn_val_accu: 46.42, contrast_loss: 5.68, contrast_acc: 64.99, gan_train_loss: 0.5909, gan_eval_loss: 0.5928
2022-07-14 00:08:33,676 DEBUG epoch:93, knn_val_accu: 46.23, contrast_loss: 5.64, contrast_acc: 65.18, gan_train_loss: 0.5918, gan_eval_loss: 0.5935
2022-07-14 00:10:40,376 DEBUG epoch:94, knn_val_accu: 46.18, contrast_loss: 5.64, contrast_acc: 65.26, gan_train_loss: 0.5927, gan_eval_loss: 0.5946
2022-07-14 00:12:46,853 DEBUG epoch:95, knn_val_accu: 45.48, contrast_loss: 5.60, contrast_acc: 65.82, gan_train_loss: 0.5914, gan_eval_loss: 0.5935
2022-07-14 00:14:53,433 DEBUG epoch:96, knn_val_accu: 45.91, contrast_loss: 5.63, contrast_acc: 65.42, gan_train_loss: 0.5930, gan_eval_loss: 0.5953
2022-07-14 00:16:59,938 DEBUG epoch:97, knn_val_accu: 45.66, contrast_loss: 5.61, contrast_acc: 65.62, gan_train_loss: 0.5919, gan_eval_loss: 0.5943
2022-07-14 00:19:06,737 DEBUG epoch:98, knn_val_accu: 46.64, contrast_loss: 5.60, contrast_acc: 65.58, gan_train_loss: 0.5911, gan_eval_loss: 0.5930
2022-07-14 00:21:13,260 DEBUG epoch:99, knn_val_accu: 44.80, contrast_loss: 5.58, contrast_acc: 65.70, gan_train_loss: 0.5907, gan_eval_loss: 0.5929
2022-07-14 00:23:20,014 DEBUG epoch:100, knn_val_accu: 45.47, contrast_loss: 5.57, contrast_acc: 65.93, gan_train_loss: 0.5938, gan_eval_loss: 0.5960
2022-07-14 00:25:26,798 DEBUG epoch:101, knn_val_accu: 46.05, contrast_loss: 5.56, contrast_acc: 65.95, gan_train_loss: 0.5928, gan_eval_loss: 0.5951
2022-07-14 00:27:33,575 DEBUG epoch:102, knn_val_accu: 46.61, contrast_loss: 5.54, contrast_acc: 65.98, gan_train_loss: 0.5931, gan_eval_loss: 0.5949
2022-07-14 00:29:40,169 DEBUG epoch:103, knn_val_accu: 46.14, contrast_loss: 5.53, contrast_acc: 66.33, gan_train_loss: 0.5922, gan_eval_loss: 0.5944
2022-07-14 00:31:46,745 DEBUG epoch:104, knn_val_accu: 45.91, contrast_loss: 5.51, contrast_acc: 66.60, gan_train_loss: 0.5922, gan_eval_loss: 0.5941
2022-07-14 00:33:53,740 DEBUG epoch:105, knn_val_accu: 46.62, contrast_loss: 5.52, contrast_acc: 66.22, gan_train_loss: 0.5931, gan_eval_loss: 0.5954
2022-07-14 00:36:01,181 DEBUG epoch:106, knn_val_accu: 46.35, contrast_loss: 5.52, contrast_acc: 66.20, gan_train_loss: 0.5929, gan_eval_loss: 0.5952
2022-07-14 00:38:08,725 DEBUG epoch:107, knn_val_accu: 45.48, contrast_loss: 5.48, contrast_acc: 66.67, gan_train_loss: 0.5944, gan_eval_loss: 0.5965
2022-07-14 00:40:16,160 DEBUG epoch:108, knn_val_accu: 46.61, contrast_loss: 5.47, contrast_acc: 66.63, gan_train_loss: 0.5939, gan_eval_loss: 0.5962
2022-07-14 00:42:23,215 DEBUG epoch:109, knn_val_accu: 46.89, contrast_loss: 5.48, contrast_acc: 66.50, gan_train_loss: 0.5936, gan_eval_loss: 0.5959
2022-07-14 00:44:30,202 DEBUG epoch:110, knn_val_accu: 46.90, contrast_loss: 5.45, contrast_acc: 66.89, gan_train_loss: 0.5924, gan_eval_loss: 0.5945
2022-07-14 00:46:36,960 DEBUG epoch:111, knn_val_accu: 46.67, contrast_loss: 5.43, contrast_acc: 66.92, gan_train_loss: 0.5928, gan_eval_loss: 0.5948
2022-07-14 00:48:43,685 DEBUG epoch:112, knn_val_accu: 46.84, contrast_loss: 5.42, contrast_acc: 67.06, gan_train_loss: 0.5925, gan_eval_loss: 0.5944
2022-07-14 00:50:50,488 DEBUG epoch:113, knn_val_accu: 45.89, contrast_loss: 5.41, contrast_acc: 67.06, gan_train_loss: 0.5925, gan_eval_loss: 0.5947
2022-07-14 00:52:56,999 DEBUG epoch:114, knn_val_accu: 45.75, contrast_loss: 5.39, contrast_acc: 67.37, gan_train_loss: 0.5924, gan_eval_loss: 0.5943
2022-07-14 00:55:03,439 DEBUG epoch:115, knn_val_accu: 46.60, contrast_loss: 5.40, contrast_acc: 67.14, gan_train_loss: 0.5923, gan_eval_loss: 0.5942
2022-07-14 00:57:09,933 DEBUG epoch:116, knn_val_accu: 46.22, contrast_loss: 5.35, contrast_acc: 67.94, gan_train_loss: 0.5924, gan_eval_loss: 0.5946
2022-07-14 00:59:16,521 DEBUG epoch:117, knn_val_accu: 46.54, contrast_loss: 5.34, contrast_acc: 68.04, gan_train_loss: 0.5923, gan_eval_loss: 0.5944
2022-07-14 01:01:23,153 DEBUG epoch:118, knn_val_accu: 45.96, contrast_loss: 5.34, contrast_acc: 67.73, gan_train_loss: 0.5922, gan_eval_loss: 0.5949
2022-07-14 01:03:29,710 DEBUG epoch:119, knn_val_accu: 46.32, contrast_loss: 5.33, contrast_acc: 67.86, gan_train_loss: 0.5913, gan_eval_loss: 0.5933
2022-07-14 01:05:36,239 DEBUG epoch:120, knn_val_accu: 46.09, contrast_loss: 5.30, contrast_acc: 68.16, gan_train_loss: 0.5914, gan_eval_loss: 0.5935
2022-07-14 01:07:42,451 DEBUG epoch:121, knn_val_accu: 45.62, contrast_loss: 5.30, contrast_acc: 68.05, gan_train_loss: 0.5908, gan_eval_loss: 0.5920
2022-07-14 01:09:48,584 DEBUG epoch:122, knn_val_accu: 46.15, contrast_loss: 5.26, contrast_acc: 68.39, gan_train_loss: 0.5917, gan_eval_loss: 0.5929
2022-07-14 01:11:54,702 DEBUG epoch:123, knn_val_accu: 46.06, contrast_loss: 5.24, contrast_acc: 68.53, gan_train_loss: 0.5897, gan_eval_loss: 0.5909
2022-07-14 01:14:00,935 DEBUG epoch:124, knn_val_accu: 46.12, contrast_loss: 5.26, contrast_acc: 68.50, gan_train_loss: 0.5875, gan_eval_loss: 0.5886
2022-07-14 01:16:07,255 DEBUG epoch:125, knn_val_accu: 46.85, contrast_loss: 5.22, contrast_acc: 68.90, gan_train_loss: 0.5868, gan_eval_loss: 0.5880
2022-07-14 01:18:13,454 DEBUG epoch:126, knn_val_accu: 46.27, contrast_loss: 5.21, contrast_acc: 68.87, gan_train_loss: 0.5885, gan_eval_loss: 0.5897
2022-07-14 01:20:19,310 DEBUG epoch:127, knn_val_accu: 46.38, contrast_loss: 5.18, contrast_acc: 68.86, gan_train_loss: 0.5870, gan_eval_loss: 0.5882
2022-07-14 01:22:24,791 DEBUG epoch:128, knn_val_accu: 46.54, contrast_loss: 5.16, contrast_acc: 69.25, gan_train_loss: 0.5868, gan_eval_loss: 0.5881
2022-07-14 01:24:30,407 DEBUG epoch:129, knn_val_accu: 46.55, contrast_loss: 5.17, contrast_acc: 69.29, gan_train_loss: 0.5860, gan_eval_loss: 0.5872
2022-07-14 01:26:36,046 DEBUG epoch:130, knn_val_accu: 46.32, contrast_loss: 5.16, contrast_acc: 69.48, gan_train_loss: 0.5865, gan_eval_loss: 0.5878
2022-07-14 01:28:41,371 DEBUG epoch:131, knn_val_accu: 46.37, contrast_loss: 5.13, contrast_acc: 69.57, gan_train_loss: 0.5875, gan_eval_loss: 0.5886
2022-07-14 01:30:46,296 DEBUG epoch:132, knn_val_accu: 46.02, contrast_loss: 5.11, contrast_acc: 69.71, gan_train_loss: 0.5861, gan_eval_loss: 0.5873
2022-07-14 01:32:51,495 DEBUG epoch:133, knn_val_accu: 45.82, contrast_loss: 5.10, contrast_acc: 69.92, gan_train_loss: 0.5859, gan_eval_loss: 0.5872
2022-07-14 01:34:57,137 DEBUG epoch:134, knn_val_accu: 46.13, contrast_loss: 5.07, contrast_acc: 70.14, gan_train_loss: 0.5873, gan_eval_loss: 0.5885
2022-07-14 01:37:02,503 DEBUG epoch:135, knn_val_accu: 46.95, contrast_loss: 5.04, contrast_acc: 70.25, gan_train_loss: 0.5840, gan_eval_loss: 0.5850
2022-07-14 01:39:07,560 DEBUG epoch:136, knn_val_accu: 46.14, contrast_loss: 5.06, contrast_acc: 70.08, gan_train_loss: 0.5860, gan_eval_loss: 0.5872
2022-07-14 01:41:12,268 DEBUG epoch:137, knn_val_accu: 45.61, contrast_loss: 5.02, contrast_acc: 70.65, gan_train_loss: 0.5854, gan_eval_loss: 0.5867
2022-07-14 01:43:17,118 DEBUG epoch:138, knn_val_accu: 46.80, contrast_loss: 5.04, contrast_acc: 70.16, gan_train_loss: 0.5859, gan_eval_loss: 0.5873
2022-07-14 01:45:22,641 DEBUG epoch:139, knn_val_accu: 46.69, contrast_loss: 5.02, contrast_acc: 70.45, gan_train_loss: 0.5865, gan_eval_loss: 0.5876
2022-07-14 01:47:27,886 DEBUG epoch:140, knn_val_accu: 47.00, contrast_loss: 5.02, contrast_acc: 70.46, gan_train_loss: 0.5838, gan_eval_loss: 0.5849
2022-07-14 01:49:33,175 DEBUG epoch:141, knn_val_accu: 47.25, contrast_loss: 5.01, contrast_acc: 70.61, gan_train_loss: 0.5859, gan_eval_loss: 0.5871
2022-07-14 01:51:38,329 DEBUG epoch:142, knn_val_accu: 46.48, contrast_loss: 5.00, contrast_acc: 70.74, gan_train_loss: 0.5842, gan_eval_loss: 0.5854
2022-07-14 01:53:43,421 DEBUG epoch:143, knn_val_accu: 46.60, contrast_loss: 4.97, contrast_acc: 70.94, gan_train_loss: 0.5853, gan_eval_loss: 0.5865
2022-07-14 01:55:48,736 DEBUG epoch:144, knn_val_accu: 46.38, contrast_loss: 4.97, contrast_acc: 70.83, gan_train_loss: 0.5858, gan_eval_loss: 0.5871
2022-07-14 01:57:54,334 DEBUG epoch:145, knn_val_accu: 47.12, contrast_loss: 4.92, contrast_acc: 71.54, gan_train_loss: 0.5861, gan_eval_loss: 0.5874
2022-07-14 01:59:59,966 DEBUG epoch:146, knn_val_accu: 46.51, contrast_loss: 4.93, contrast_acc: 71.26, gan_train_loss: 0.5840, gan_eval_loss: 0.5853
2022-07-14 02:02:05,514 DEBUG epoch:147, knn_val_accu: 46.21, contrast_loss: 4.91, contrast_acc: 71.49, gan_train_loss: 0.5849, gan_eval_loss: 0.5861
2022-07-14 02:04:10,661 DEBUG epoch:148, knn_val_accu: 46.66, contrast_loss: 4.90, contrast_acc: 71.61, gan_train_loss: 0.5852, gan_eval_loss: 0.5863
2022-07-14 02:06:15,834 DEBUG epoch:149, knn_val_accu: 46.04, contrast_loss: 4.89, contrast_acc: 71.72, gan_train_loss: 0.5846, gan_eval_loss: 0.5858
2022-07-14 02:08:20,818 DEBUG epoch:150, knn_val_accu: 47.16, contrast_loss: 4.86, contrast_acc: 71.99, gan_train_loss: 0.5838, gan_eval_loss: 0.5849
2022-07-14 02:10:25,812 DEBUG epoch:151, knn_val_accu: 46.97, contrast_loss: 4.84, contrast_acc: 72.14, gan_train_loss: 0.5834, gan_eval_loss: 0.5846
2022-07-14 02:12:30,948 DEBUG epoch:152, knn_val_accu: 46.65, contrast_loss: 4.85, contrast_acc: 72.02, gan_train_loss: 0.5859, gan_eval_loss: 0.5871
2022-07-14 02:14:36,095 DEBUG epoch:153, knn_val_accu: 47.06, contrast_loss: 4.85, contrast_acc: 72.07, gan_train_loss: 0.5836, gan_eval_loss: 0.5848
2022-07-14 02:16:41,179 DEBUG epoch:154, knn_val_accu: 47.15, contrast_loss: 4.85, contrast_acc: 72.16, gan_train_loss: 0.5841, gan_eval_loss: 0.5854
2022-07-14 02:18:46,153 DEBUG epoch:155, knn_val_accu: 46.65, contrast_loss: 4.83, contrast_acc: 72.06, gan_train_loss: 0.5829, gan_eval_loss: 0.5843
2022-07-14 02:20:51,532 DEBUG epoch:156, knn_val_accu: 47.30, contrast_loss: 4.82, contrast_acc: 72.27, gan_train_loss: 0.5833, gan_eval_loss: 0.5846
2022-07-14 02:22:56,767 DEBUG epoch:157, knn_val_accu: 46.97, contrast_loss: 4.80, contrast_acc: 72.20, gan_train_loss: 0.5841, gan_eval_loss: 0.5855
2022-07-14 02:25:01,885 DEBUG epoch:158, knn_val_accu: 47.09, contrast_loss: 4.78, contrast_acc: 72.45, gan_train_loss: 0.5838, gan_eval_loss: 0.5851
2022-07-14 02:27:07,497 DEBUG epoch:159, knn_val_accu: 47.37, contrast_loss: 4.78, contrast_acc: 72.62, gan_train_loss: 0.5860, gan_eval_loss: 0.5873
2022-07-14 02:29:12,433 DEBUG epoch:160, knn_val_accu: 47.09, contrast_loss: 4.78, contrast_acc: 72.77, gan_train_loss: 0.5837, gan_eval_loss: 0.5849
2022-07-14 02:31:17,431 DEBUG epoch:161, knn_val_accu: 47.27, contrast_loss: 4.77, contrast_acc: 72.76, gan_train_loss: 0.5833, gan_eval_loss: 0.5843
2022-07-14 02:33:22,372 DEBUG epoch:162, knn_val_accu: 47.59, contrast_loss: 4.75, contrast_acc: 72.90, gan_train_loss: 0.5831, gan_eval_loss: 0.5841
2022-07-14 02:35:27,712 DEBUG epoch:163, knn_val_accu: 47.81, contrast_loss: 4.75, contrast_acc: 72.92, gan_train_loss: 0.5827, gan_eval_loss: 0.5838
2022-07-14 02:37:32,238 DEBUG epoch:164, knn_val_accu: 47.05, contrast_loss: 4.72, contrast_acc: 73.15, gan_train_loss: 0.5816, gan_eval_loss: 0.5828
2022-07-14 02:39:36,957 DEBUG epoch:165, knn_val_accu: 47.59, contrast_loss: 4.73, contrast_acc: 73.13, gan_train_loss: 0.5821, gan_eval_loss: 0.5831
2022-07-14 02:41:41,824 DEBUG epoch:166, knn_val_accu: 46.89, contrast_loss: 4.73, contrast_acc: 73.00, gan_train_loss: 0.5818, gan_eval_loss: 0.5829
2022-07-14 02:43:46,903 DEBUG epoch:167, knn_val_accu: 47.17, contrast_loss: 4.72, contrast_acc: 72.95, gan_train_loss: 0.5818, gan_eval_loss: 0.5829
2022-07-14 02:45:52,397 DEBUG epoch:168, knn_val_accu: 46.83, contrast_loss: 4.65, contrast_acc: 73.62, gan_train_loss: 0.5812, gan_eval_loss: 0.5823
2022-07-14 02:47:57,276 DEBUG epoch:169, knn_val_accu: 46.89, contrast_loss: 4.68, contrast_acc: 73.78, gan_train_loss: 0.5816, gan_eval_loss: 0.5826
2022-07-14 02:50:02,397 DEBUG epoch:170, knn_val_accu: 47.71, contrast_loss: 4.66, contrast_acc: 73.68, gan_train_loss: 0.5817, gan_eval_loss: 0.5829
2022-07-14 02:52:06,895 DEBUG epoch:171, knn_val_accu: 47.52, contrast_loss: 4.66, contrast_acc: 73.78, gan_train_loss: 0.5814, gan_eval_loss: 0.5825
2022-07-14 02:54:11,455 DEBUG epoch:172, knn_val_accu: 47.23, contrast_loss: 4.66, contrast_acc: 73.72, gan_train_loss: 0.5808, gan_eval_loss: 0.5819
2022-07-14 02:56:15,878 DEBUG epoch:173, knn_val_accu: 47.36, contrast_loss: 4.63, contrast_acc: 74.03, gan_train_loss: 0.5798, gan_eval_loss: 0.5808
2022-07-14 02:58:20,551 DEBUG epoch:174, knn_val_accu: 47.21, contrast_loss: 4.63, contrast_acc: 74.10, gan_train_loss: 0.5822, gan_eval_loss: 0.5832
2022-07-14 03:00:24,880 DEBUG epoch:175, knn_val_accu: 47.25, contrast_loss: 4.63, contrast_acc: 74.08, gan_train_loss: 0.5799, gan_eval_loss: 0.5809
2022-07-14 03:02:29,104 DEBUG epoch:176, knn_val_accu: 47.31, contrast_loss: 4.60, contrast_acc: 74.32, gan_train_loss: 0.5810, gan_eval_loss: 0.5821
2022-07-14 03:04:33,804 DEBUG epoch:177, knn_val_accu: 47.01, contrast_loss: 4.64, contrast_acc: 73.85, gan_train_loss: 0.5816, gan_eval_loss: 0.5827
2022-07-14 03:06:38,677 DEBUG epoch:178, knn_val_accu: 47.42, contrast_loss: 4.58, contrast_acc: 74.32, gan_train_loss: 0.5807, gan_eval_loss: 0.5819
2022-07-14 03:08:42,873 DEBUG epoch:179, knn_val_accu: 47.15, contrast_loss: 4.58, contrast_acc: 74.35, gan_train_loss: 0.5808, gan_eval_loss: 0.5819
2022-07-14 03:10:47,295 DEBUG epoch:180, knn_val_accu: 47.12, contrast_loss: 4.58, contrast_acc: 74.32, gan_train_loss: 0.5806, gan_eval_loss: 0.5816
2022-07-14 03:12:51,571 DEBUG epoch:181, knn_val_accu: 46.74, contrast_loss: 4.59, contrast_acc: 74.14, gan_train_loss: 0.5796, gan_eval_loss: 0.5806
2022-07-14 03:14:55,881 DEBUG epoch:182, knn_val_accu: 46.87, contrast_loss: 4.57, contrast_acc: 74.52, gan_train_loss: 0.5803, gan_eval_loss: 0.5814
2022-07-14 03:17:00,289 DEBUG epoch:183, knn_val_accu: 46.98, contrast_loss: 4.59, contrast_acc: 74.15, gan_train_loss: 0.5805, gan_eval_loss: 0.5814
2022-07-14 03:19:04,672 DEBUG epoch:184, knn_val_accu: 47.13, contrast_loss: 4.59, contrast_acc: 74.36, gan_train_loss: 0.5812, gan_eval_loss: 0.5822
2022-07-14 03:21:09,246 DEBUG epoch:185, knn_val_accu: 46.78, contrast_loss: 4.57, contrast_acc: 74.23, gan_train_loss: 0.5797, gan_eval_loss: 0.5806
2022-07-14 03:23:14,187 DEBUG epoch:186, knn_val_accu: 47.21, contrast_loss: 4.55, contrast_acc: 74.49, gan_train_loss: 0.5796, gan_eval_loss: 0.5807
2022-07-14 03:25:18,969 DEBUG epoch:187, knn_val_accu: 47.35, contrast_loss: 4.56, contrast_acc: 74.39, gan_train_loss: 0.5812, gan_eval_loss: 0.5823
2022-07-14 03:27:23,920 DEBUG epoch:188, knn_val_accu: 47.11, contrast_loss: 4.56, contrast_acc: 74.47, gan_train_loss: 0.5800, gan_eval_loss: 0.5811
2022-07-14 03:29:28,479 DEBUG epoch:189, knn_val_accu: 47.42, contrast_loss: 4.54, contrast_acc: 74.69, gan_train_loss: 0.5805, gan_eval_loss: 0.5815
2022-07-14 03:31:32,935 DEBUG epoch:190, knn_val_accu: 47.14, contrast_loss: 4.56, contrast_acc: 74.38, gan_train_loss: 0.5816, gan_eval_loss: 0.5827
2022-07-14 03:33:37,710 DEBUG epoch:191, knn_val_accu: 47.01, contrast_loss: 4.54, contrast_acc: 74.70, gan_train_loss: 0.5812, gan_eval_loss: 0.5823
2022-07-14 03:35:42,190 DEBUG epoch:192, knn_val_accu: 47.01, contrast_loss: 4.53, contrast_acc: 74.83, gan_train_loss: 0.5800, gan_eval_loss: 0.5811
2022-07-14 03:37:46,499 DEBUG epoch:193, knn_val_accu: 47.21, contrast_loss: 4.54, contrast_acc: 74.61, gan_train_loss: 0.5799, gan_eval_loss: 0.5808
2022-07-14 03:39:51,309 DEBUG epoch:194, knn_val_accu: 47.27, contrast_loss: 4.55, contrast_acc: 74.72, gan_train_loss: 0.5815, gan_eval_loss: 0.5827
2022-07-14 03:41:56,074 DEBUG epoch:195, knn_val_accu: 47.36, contrast_loss: 4.53, contrast_acc: 74.76, gan_train_loss: 0.5812, gan_eval_loss: 0.5823
2022-07-14 03:44:00,772 DEBUG epoch:196, knn_val_accu: 47.44, contrast_loss: 4.54, contrast_acc: 74.78, gan_train_loss: 0.5803, gan_eval_loss: 0.5812
2022-07-14 03:46:05,403 DEBUG epoch:197, knn_val_accu: 47.17, contrast_loss: 4.54, contrast_acc: 74.47, gan_train_loss: 0.5811, gan_eval_loss: 0.5821
2022-07-14 03:48:10,367 DEBUG epoch:198, knn_val_accu: 47.31, contrast_loss: 4.54, contrast_acc: 74.57, gan_train_loss: 0.5813, gan_eval_loss: 0.5823
2022-07-14 03:50:14,968 DEBUG epoch:199, knn_val_accu: 47.39, contrast_loss: 4.54, contrast_acc: 74.65, gan_train_loss: 0.5819, gan_eval_loss: 0.5830
2022-07-14 03:52:19,778 DEBUG epoch:200, knn_val_accu: 47.39, contrast_loss: 4.53, contrast_acc: 74.71, gan_train_loss: 0.5822, gan_eval_loss: 0.5833
2022-07-14 03:52:29,336 DEBUG final knn evaluation accuracy is 47.81
2022-07-14 04:08:22,974 DEBUG final linear-probe evaluation accuracy is 56.73
2022-07-14 04:13:48,451 DEBUG final semi-supervised evaluation accuracy with 10% data is 54.84
2022-07-14 04:18:12,498 DEBUG final semi-supervised evaluation accuracy with 1% data is 43.29
2022-07-14 04:18:22,024 DEBUG final knn evaluation accuracy is 47.81
2022-07-17 02:14:27,951 DEBUG Enable ResSFL fine-tuning: arch-res_normN4C64-alpha-2.0-ssim-0.6, using svhn as auxiliary data
2022-07-17 02:14:37,522 DEBUG final knn evaluation accuracy is 47.81
2022-07-17 02:14:58,027 DEBUG Enable ResSFL fine-tuning: arch-res_normN4C64-alpha-2.0-ssim-0.6, using svhn as auxiliary data
2022-07-17 02:15:07,849 DEBUG final knn evaluation accuracy is 47.81
