2022-09-24 13:21:30,612 DEBUG Generating IR ...... (may take a while)
2022-09-24 13:21:33,037 DEBUG epoch [1/50], train_loss 0.0317 (0.0700), val_loss 0.0552 (0.0592)
2022-09-24 13:21:33,781 DEBUG epoch [2/50], train_loss 0.0800 (0.0651), val_loss 0.0535 (0.0590)
2022-09-24 13:21:34,541 DEBUG epoch [3/50], train_loss 0.0784 (0.0630), val_loss 0.0653 (0.0595)
2022-09-24 13:21:35,244 DEBUG epoch [4/50], train_loss 0.1105 (0.0617), val_loss 0.0628 (0.0593)
2022-09-24 13:21:35,989 DEBUG epoch [5/50], train_loss 0.0689 (0.0604), val_loss 0.0531 (0.0590)
2022-09-24 13:21:36,723 DEBUG epoch [6/50], train_loss 0.0671 (0.0595), val_loss 0.0537 (0.0588)
2022-09-24 13:21:37,428 DEBUG epoch [7/50], train_loss 0.0459 (0.0587), val_loss 0.0555 (0.0585)
2022-09-24 13:21:38,213 DEBUG epoch [8/50], train_loss 0.0449 (0.0579), val_loss 0.0518 (0.0584)
2022-09-24 13:21:38,941 DEBUG epoch [9/50], train_loss 0.0673 (0.0571), val_loss 0.0587 (0.0586)
2022-09-24 13:21:39,637 DEBUG epoch [10/50], train_loss 0.0442 (0.0562), val_loss 0.0566 (0.0585)
2022-09-24 13:21:40,385 DEBUG epoch [11/50], train_loss 0.0971 (0.0555), val_loss 0.0568 (0.0582)
2022-09-24 13:21:41,164 DEBUG epoch [12/50], train_loss 0.0511 (0.0548), val_loss 0.0546 (0.0582)
2022-09-24 13:21:41,893 DEBUG epoch [13/50], train_loss 0.1052 (0.0541), val_loss 0.0640 (0.0582)
2022-09-24 13:21:42,619 DEBUG epoch [14/50], train_loss 0.0413 (0.0535), val_loss 0.0606 (0.0583)
2022-09-24 13:21:43,361 DEBUG epoch [15/50], train_loss 0.0413 (0.0529), val_loss 0.0545 (0.0583)
2022-09-24 13:21:44,110 DEBUG epoch [16/50], train_loss 0.0537 (0.0521), val_loss 0.0672 (0.0585)
2022-09-24 13:21:44,793 DEBUG epoch [17/50], train_loss 0.0847 (0.0512), val_loss 0.0653 (0.0585)
2022-09-24 13:21:45,557 DEBUG epoch [18/50], train_loss 0.0510 (0.0505), val_loss 0.0579 (0.0588)
2022-09-24 13:21:46,274 DEBUG epoch [19/50], train_loss 0.0773 (0.0496), val_loss 0.0596 (0.0592)
2022-09-24 13:21:47,037 DEBUG epoch [20/50], train_loss 0.0350 (0.0488), val_loss 0.0704 (0.0598)
2022-09-24 13:21:47,767 DEBUG epoch [21/50], train_loss 0.0476 (0.0480), val_loss 0.0691 (0.0601)
2022-09-24 13:21:48,530 DEBUG epoch [22/50], train_loss 0.0937 (0.0473), val_loss 0.0807 (0.0604)
2022-09-24 13:21:49,261 DEBUG epoch [23/50], train_loss 0.0537 (0.0468), val_loss 0.0662 (0.0608)
2022-09-24 13:21:49,985 DEBUG epoch [24/50], train_loss 0.0453 (0.0463), val_loss 0.0561 (0.0609)
2022-09-24 13:21:50,720 DEBUG epoch [25/50], train_loss 0.0632 (0.0457), val_loss 0.0519 (0.0609)
2022-09-24 13:21:51,422 DEBUG epoch [26/50], train_loss 0.0300 (0.0452), val_loss 0.0637 (0.0612)
2022-09-24 13:21:52,171 DEBUG epoch [27/50], train_loss 0.0821 (0.0445), val_loss 0.0566 (0.0614)
2022-09-24 13:21:52,941 DEBUG epoch [28/50], train_loss 0.1217 (0.0440), val_loss 0.0753 (0.0616)
2022-09-24 13:21:53,676 DEBUG epoch [29/50], train_loss 0.0271 (0.0435), val_loss 0.0651 (0.0617)
2022-09-24 13:21:54,452 DEBUG epoch [30/50], train_loss 0.0602 (0.0429), val_loss 0.0638 (0.0620)
2022-09-24 13:21:55,209 DEBUG epoch [31/50], train_loss 0.0533 (0.0423), val_loss 0.0783 (0.0623)
2022-09-24 13:21:55,973 DEBUG epoch [32/50], train_loss 0.0276 (0.0417), val_loss 0.0551 (0.0624)
2022-09-24 13:21:56,708 DEBUG epoch [33/50], train_loss 0.0541 (0.0411), val_loss 0.0781 (0.0625)
2022-09-24 13:21:57,525 DEBUG epoch [34/50], train_loss 0.0321 (0.0407), val_loss 0.0541 (0.0626)
2022-09-24 13:21:58,285 DEBUG epoch [35/50], train_loss 0.0276 (0.0402), val_loss 0.0683 (0.0628)
2022-09-24 13:21:59,019 DEBUG epoch [36/50], train_loss 0.0815 (0.0397), val_loss 0.0765 (0.0629)
2022-09-24 13:21:59,701 DEBUG epoch [37/50], train_loss 0.0293 (0.0391), val_loss 0.0647 (0.0632)
2022-09-24 13:22:00,467 DEBUG epoch [38/50], train_loss 0.0562 (0.0386), val_loss 0.0606 (0.0633)
2022-09-24 13:22:01,190 DEBUG epoch [39/50], train_loss 0.0269 (0.0381), val_loss 0.0798 (0.0634)
2022-09-24 13:22:01,886 DEBUG epoch [40/50], train_loss 0.0457 (0.0376), val_loss 0.0678 (0.0636)
2022-09-24 13:22:02,637 DEBUG epoch [41/50], train_loss 0.0572 (0.0371), val_loss 0.0742 (0.0638)
2022-09-24 13:22:03,355 DEBUG epoch [42/50], train_loss 0.0221 (0.0367), val_loss 0.0730 (0.0640)
2022-09-24 13:22:04,064 DEBUG epoch [43/50], train_loss 0.0492 (0.0363), val_loss 0.0707 (0.0641)
2022-09-24 13:22:04,813 DEBUG epoch [44/50], train_loss 0.0420 (0.0359), val_loss 0.0615 (0.0643)
2022-09-24 13:22:05,590 DEBUG epoch [45/50], train_loss 0.0385 (0.0354), val_loss 0.0603 (0.0644)
2022-09-24 13:22:06,273 DEBUG epoch [46/50], train_loss 0.0420 (0.0351), val_loss 0.0733 (0.0646)
2022-09-24 13:22:07,028 DEBUG epoch [47/50], train_loss 0.0426 (0.0347), val_loss 0.0758 (0.0647)
2022-09-24 13:22:07,816 DEBUG epoch [48/50], train_loss 0.0278 (0.0343), val_loss 0.0707 (0.0647)
2022-09-24 13:22:08,569 DEBUG epoch [49/50], train_loss 0.0624 (0.0340), val_loss 0.0645 (0.0649)
2022-09-24 13:22:09,343 DEBUG epoch [50/50], train_loss 0.0337 (0.0338), val_loss 0.0652 (0.0650)
2022-09-24 13:22:09,344 DEBUG Using MIA arch res_normN4C64 Best Validation Loss is 0.05177869275212288
2022-09-24 13:22:10,126 DEBUG MSE Loss on ALL Image is 0.0401 (Real Attack Results on the Target Client)
2022-09-24 13:22:10,127 DEBUG SSIM Loss on ALL Image is 0.4086 (Real Attack Results on the Target Client)
2022-09-24 13:22:10,127 DEBUG PSNR Loss on ALL Image is 14.6319 (Real Attack Results on the Target Client)
