2022-09-24 01:55:00,977 DEBUG Enable ResSFL fine-tuning: arch-res_normN4C64-alpha-1.0-ssim-0.6, using cifar100 as auxiliary data
2022-09-24 01:55:01,311 DEBUG SFL-Moco (ResSFL-expert) Train on cifar10 with cutlayer 2: total epochs: 200
2022-09-24 01:58:11,789 DEBUG epoch:1, knn_val_accu: 35.79, contrast_loss: 14.28, contrast_acc: 11.91, gan_train_loss: 0.6047, gan_eval_loss: 0.5776
2022-09-24 02:01:27,749 DEBUG epoch:2, knn_val_accu: 41.43, contrast_loss: 13.69, contrast_acc: 10.80, gan_train_loss: 0.5995, gan_eval_loss: 0.5992
2022-09-24 02:04:47,857 DEBUG epoch:3, knn_val_accu: 43.38, contrast_loss: 13.14, contrast_acc: 11.33, gan_train_loss: 0.6076, gan_eval_loss: 0.6076
2022-09-24 02:08:10,257 DEBUG epoch:4, knn_val_accu: 45.14, contrast_loss: 12.68, contrast_acc: 11.96, gan_train_loss: 0.6146, gan_eval_loss: 0.6155
2022-09-24 02:11:32,393 DEBUG epoch:5, knn_val_accu: 46.71, contrast_loss: 12.32, contrast_acc: 12.37, gan_train_loss: 0.6194, gan_eval_loss: 0.6207
2022-09-24 02:14:55,246 DEBUG epoch:6, knn_val_accu: 47.80, contrast_loss: 11.96, contrast_acc: 13.33, gan_train_loss: 0.6232, gan_eval_loss: 0.6246
2022-09-24 02:18:18,307 DEBUG epoch:7, knn_val_accu: 49.70, contrast_loss: 11.53, contrast_acc: 14.32, gan_train_loss: 0.6280, gan_eval_loss: 0.6296
2022-09-24 02:21:40,784 DEBUG epoch:8, knn_val_accu: 51.54, contrast_loss: 11.18, contrast_acc: 15.09, gan_train_loss: 0.6310, gan_eval_loss: 0.6322
2022-09-24 02:25:03,496 DEBUG epoch:9, knn_val_accu: 52.41, contrast_loss: 10.82, contrast_acc: 16.32, gan_train_loss: 0.6368, gan_eval_loss: 0.6384
2022-09-24 02:28:26,709 DEBUG epoch:10, knn_val_accu: 52.74, contrast_loss: 10.54, contrast_acc: 16.91, gan_train_loss: 0.6443, gan_eval_loss: 0.6461
2022-09-24 02:31:49,639 DEBUG epoch:11, knn_val_accu: 53.93, contrast_loss: 10.25, contrast_acc: 17.66, gan_train_loss: 0.6492, gan_eval_loss: 0.6514
2022-09-24 02:35:12,021 DEBUG epoch:12, knn_val_accu: 53.78, contrast_loss: 9.98, contrast_acc: 18.26, gan_train_loss: 0.6542, gan_eval_loss: 0.6566
2022-09-24 02:38:35,288 DEBUG epoch:13, knn_val_accu: 54.88, contrast_loss: 9.72, contrast_acc: 18.99, gan_train_loss: 0.6579, gan_eval_loss: 0.6599
2022-09-24 02:41:57,385 DEBUG epoch:14, knn_val_accu: 54.77, contrast_loss: 9.51, contrast_acc: 19.21, gan_train_loss: 0.6627, gan_eval_loss: 0.6649
2022-09-24 02:45:19,946 DEBUG epoch:15, knn_val_accu: 55.34, contrast_loss: 9.29, contrast_acc: 19.88, gan_train_loss: 0.6653, gan_eval_loss: 0.6672
2022-09-24 02:48:42,550 DEBUG epoch:16, knn_val_accu: 54.73, contrast_loss: 9.12, contrast_acc: 20.55, gan_train_loss: 0.6677, gan_eval_loss: 0.6703
2022-09-24 02:52:05,496 DEBUG epoch:17, knn_val_accu: 56.03, contrast_loss: 9.00, contrast_acc: 20.66, gan_train_loss: 0.6704, gan_eval_loss: 0.6723
2022-09-24 02:55:27,759 DEBUG epoch:18, knn_val_accu: 56.23, contrast_loss: 8.84, contrast_acc: 21.27, gan_train_loss: 0.6717, gan_eval_loss: 0.6738
2022-09-24 02:58:50,111 DEBUG epoch:19, knn_val_accu: 55.94, contrast_loss: 8.68, contrast_acc: 21.52, gan_train_loss: 0.6735, gan_eval_loss: 0.6760
2022-09-24 03:02:12,505 DEBUG epoch:20, knn_val_accu: 56.38, contrast_loss: 8.57, contrast_acc: 21.95, gan_train_loss: 0.6736, gan_eval_loss: 0.6764
2022-09-24 03:05:35,287 DEBUG epoch:21, knn_val_accu: 56.69, contrast_loss: 8.46, contrast_acc: 22.22, gan_train_loss: 0.6707, gan_eval_loss: 0.6724
2022-09-24 03:08:57,880 DEBUG epoch:22, knn_val_accu: 56.72, contrast_loss: 8.37, contrast_acc: 22.35, gan_train_loss: 0.6750, gan_eval_loss: 0.6780
2022-09-24 03:12:20,027 DEBUG epoch:23, knn_val_accu: 57.22, contrast_loss: 8.27, contrast_acc: 22.62, gan_train_loss: 0.6762, gan_eval_loss: 0.6787
2022-09-24 03:15:42,049 DEBUG epoch:24, knn_val_accu: 57.41, contrast_loss: 8.17, contrast_acc: 23.31, gan_train_loss: 0.6771, gan_eval_loss: 0.6800
2022-09-24 03:19:04,989 DEBUG epoch:25, knn_val_accu: 57.87, contrast_loss: 8.13, contrast_acc: 23.51, gan_train_loss: 0.6795, gan_eval_loss: 0.6821
2022-09-24 03:22:27,114 DEBUG epoch:26, knn_val_accu: 56.83, contrast_loss: 8.06, contrast_acc: 23.63, gan_train_loss: 0.6806, gan_eval_loss: 0.6834
2022-09-24 03:25:49,620 DEBUG epoch:27, knn_val_accu: 58.10, contrast_loss: 7.99, contrast_acc: 23.83, gan_train_loss: 0.6789, gan_eval_loss: 0.6817
2022-09-24 03:29:12,225 DEBUG epoch:28, knn_val_accu: 58.16, contrast_loss: 7.99, contrast_acc: 23.75, gan_train_loss: 0.6808, gan_eval_loss: 0.6834
2022-09-24 03:32:34,834 DEBUG epoch:29, knn_val_accu: 58.78, contrast_loss: 7.92, contrast_acc: 24.11, gan_train_loss: 0.6794, gan_eval_loss: 0.6823
2022-09-24 03:35:57,033 DEBUG epoch:30, knn_val_accu: 58.79, contrast_loss: 7.84, contrast_acc: 24.45, gan_train_loss: 0.6794, gan_eval_loss: 0.6822
2022-09-24 03:39:20,122 DEBUG epoch:31, knn_val_accu: 58.16, contrast_loss: 7.80, contrast_acc: 24.21, gan_train_loss: 0.6802, gan_eval_loss: 0.6831
2022-09-24 03:42:43,201 DEBUG epoch:32, knn_val_accu: 59.02, contrast_loss: 7.77, contrast_acc: 24.69, gan_train_loss: 0.6795, gan_eval_loss: 0.6825
2022-09-24 03:46:05,201 DEBUG epoch:33, knn_val_accu: 58.57, contrast_loss: 7.74, contrast_acc: 24.62, gan_train_loss: 0.6785, gan_eval_loss: 0.6813
2022-09-24 03:49:27,326 DEBUG epoch:34, knn_val_accu: 58.99, contrast_loss: 7.67, contrast_acc: 25.05, gan_train_loss: 0.6781, gan_eval_loss: 0.6809
2022-09-24 03:52:49,687 DEBUG epoch:35, knn_val_accu: 59.18, contrast_loss: 7.66, contrast_acc: 24.99, gan_train_loss: 0.6800, gan_eval_loss: 0.6825
2022-09-24 03:56:12,113 DEBUG epoch:36, knn_val_accu: 59.25, contrast_loss: 7.61, contrast_acc: 25.08, gan_train_loss: 0.6822, gan_eval_loss: 0.6848
2022-09-24 03:59:34,266 DEBUG epoch:37, knn_val_accu: 59.21, contrast_loss: 7.60, contrast_acc: 25.21, gan_train_loss: 0.6832, gan_eval_loss: 0.6859
2022-09-24 04:02:55,968 DEBUG epoch:38, knn_val_accu: 59.06, contrast_loss: 7.56, contrast_acc: 25.59, gan_train_loss: 0.6837, gan_eval_loss: 0.6864
2022-09-24 04:06:18,148 DEBUG epoch:39, knn_val_accu: 58.91, contrast_loss: 7.50, contrast_acc: 25.68, gan_train_loss: 0.6873, gan_eval_loss: 0.6899
2022-09-24 04:09:40,523 DEBUG epoch:40, knn_val_accu: 59.00, contrast_loss: 7.49, contrast_acc: 25.86, gan_train_loss: 0.6874, gan_eval_loss: 0.6901
2022-09-24 04:13:02,478 DEBUG epoch:41, knn_val_accu: 59.75, contrast_loss: 7.47, contrast_acc: 25.97, gan_train_loss: 0.6865, gan_eval_loss: 0.6888
2022-09-24 04:16:24,455 DEBUG epoch:42, knn_val_accu: 59.52, contrast_loss: 7.44, contrast_acc: 25.96, gan_train_loss: 0.6888, gan_eval_loss: 0.6912
2022-09-24 04:19:46,807 DEBUG epoch:43, knn_val_accu: 60.10, contrast_loss: 7.38, contrast_acc: 26.30, gan_train_loss: 0.6920, gan_eval_loss: 0.6948
2022-09-24 04:23:08,675 DEBUG epoch:44, knn_val_accu: 59.88, contrast_loss: 7.38, contrast_acc: 26.17, gan_train_loss: 0.6909, gan_eval_loss: 0.6935
2022-09-24 04:26:30,968 DEBUG epoch:45, knn_val_accu: 60.48, contrast_loss: 7.35, contrast_acc: 26.19, gan_train_loss: 0.6901, gan_eval_loss: 0.6928
2022-09-24 04:29:53,118 DEBUG epoch:46, knn_val_accu: 58.43, contrast_loss: 7.35, contrast_acc: 26.35, gan_train_loss: 0.6918, gan_eval_loss: 0.6939
2022-09-24 04:33:14,952 DEBUG epoch:47, knn_val_accu: 59.34, contrast_loss: 7.30, contrast_acc: 26.72, gan_train_loss: 0.6925, gan_eval_loss: 0.6948
2022-09-24 04:36:36,582 DEBUG epoch:48, knn_val_accu: 59.21, contrast_loss: 7.29, contrast_acc: 26.66, gan_train_loss: 0.6953, gan_eval_loss: 0.6979
2022-09-24 04:39:58,850 DEBUG epoch:49, knn_val_accu: 60.13, contrast_loss: 7.25, contrast_acc: 27.01, gan_train_loss: 0.6949, gan_eval_loss: 0.6968
2022-09-24 04:43:20,385 DEBUG epoch:50, knn_val_accu: 60.12, contrast_loss: 7.23, contrast_acc: 27.00, gan_train_loss: 0.6925, gan_eval_loss: 0.6949
2022-09-24 04:46:42,059 DEBUG epoch:51, knn_val_accu: 60.31, contrast_loss: 7.25, contrast_acc: 26.73, gan_train_loss: 0.6928, gan_eval_loss: 0.6951
2022-09-24 04:50:04,368 DEBUG epoch:52, knn_val_accu: 60.29, contrast_loss: 7.23, contrast_acc: 26.84, gan_train_loss: 0.6943, gan_eval_loss: 0.6968
2022-09-24 04:53:26,057 DEBUG epoch:53, knn_val_accu: 60.47, contrast_loss: 7.20, contrast_acc: 27.10, gan_train_loss: 0.6938, gan_eval_loss: 0.6965
2022-09-24 04:56:47,878 DEBUG epoch:54, knn_val_accu: 59.56, contrast_loss: 7.19, contrast_acc: 27.19, gan_train_loss: 0.6935, gan_eval_loss: 0.6953
2022-09-24 05:00:10,146 DEBUG epoch:55, knn_val_accu: 60.70, contrast_loss: 7.14, contrast_acc: 27.23, gan_train_loss: 0.6986, gan_eval_loss: 0.7006
2022-09-24 05:03:32,154 DEBUG epoch:56, knn_val_accu: 59.83, contrast_loss: 7.16, contrast_acc: 27.25, gan_train_loss: 0.6922, gan_eval_loss: 0.6949
2022-09-24 05:06:54,150 DEBUG epoch:57, knn_val_accu: 60.48, contrast_loss: 7.12, contrast_acc: 27.55, gan_train_loss: 0.6941, gan_eval_loss: 0.6960
2022-09-24 05:10:17,368 DEBUG epoch:58, knn_val_accu: 60.75, contrast_loss: 7.11, contrast_acc: 27.56, gan_train_loss: 0.6900, gan_eval_loss: 0.6915
2022-09-24 05:13:39,382 DEBUG epoch:59, knn_val_accu: 60.25, contrast_loss: 7.12, contrast_acc: 27.48, gan_train_loss: 0.6881, gan_eval_loss: 0.6885
2022-09-24 05:17:01,191 DEBUG epoch:60, knn_val_accu: 60.51, contrast_loss: 7.10, contrast_acc: 27.51, gan_train_loss: 0.6843, gan_eval_loss: 0.6823
2022-09-24 05:20:23,423 DEBUG epoch:61, knn_val_accu: 61.85, contrast_loss: 7.19, contrast_acc: 26.63, gan_train_loss: 0.6625, gan_eval_loss: 0.6619
2022-09-24 05:23:45,005 DEBUG epoch:62, knn_val_accu: 61.46, contrast_loss: 7.08, contrast_acc: 27.54, gan_train_loss: 0.6576, gan_eval_loss: 0.6565
2022-09-24 05:27:06,620 DEBUG epoch:63, knn_val_accu: 61.82, contrast_loss: 7.06, contrast_acc: 27.86, gan_train_loss: 0.6408, gan_eval_loss: 0.6406
2022-09-24 05:30:29,066 DEBUG epoch:64, knn_val_accu: 62.08, contrast_loss: 7.01, contrast_acc: 28.00, gan_train_loss: 0.6348, gan_eval_loss: 0.6353
2022-09-24 05:33:51,040 DEBUG epoch:65, knn_val_accu: 61.79, contrast_loss: 7.02, contrast_acc: 28.21, gan_train_loss: 0.6265, gan_eval_loss: 0.6282
2022-09-24 05:37:12,156 DEBUG epoch:66, knn_val_accu: 61.72, contrast_loss: 6.93, contrast_acc: 28.78, gan_train_loss: 0.6226, gan_eval_loss: 0.6237
2022-09-24 05:40:34,962 DEBUG epoch:67, knn_val_accu: 62.34, contrast_loss: 6.88, contrast_acc: 28.99, gan_train_loss: 0.6270, gan_eval_loss: 0.6287
2022-09-24 05:43:56,874 DEBUG epoch:68, knn_val_accu: 62.30, contrast_loss: 6.86, contrast_acc: 29.23, gan_train_loss: 0.6310, gan_eval_loss: 0.6316
2022-09-24 05:47:18,821 DEBUG epoch:69, knn_val_accu: 62.85, contrast_loss: 6.83, contrast_acc: 29.28, gan_train_loss: 0.6310, gan_eval_loss: 0.6317
2022-09-24 05:50:41,395 DEBUG epoch:70, knn_val_accu: 62.55, contrast_loss: 6.77, contrast_acc: 30.01, gan_train_loss: 0.6274, gan_eval_loss: 0.6284
2022-09-24 05:54:04,203 DEBUG epoch:71, knn_val_accu: 63.12, contrast_loss: 6.74, contrast_acc: 30.14, gan_train_loss: 0.6283, gan_eval_loss: 0.6297
2022-09-24 05:57:26,287 DEBUG epoch:72, knn_val_accu: 63.37, contrast_loss: 6.72, contrast_acc: 29.95, gan_train_loss: 0.6337, gan_eval_loss: 0.6350
2022-09-24 06:00:49,236 DEBUG epoch:73, knn_val_accu: 63.56, contrast_loss: 6.69, contrast_acc: 30.52, gan_train_loss: 0.6277, gan_eval_loss: 0.6289
2022-09-24 06:04:11,749 DEBUG epoch:74, knn_val_accu: 63.83, contrast_loss: 6.70, contrast_acc: 30.29, gan_train_loss: 0.6287, gan_eval_loss: 0.6303
2022-09-24 06:07:33,817 DEBUG epoch:75, knn_val_accu: 63.16, contrast_loss: 6.65, contrast_acc: 30.79, gan_train_loss: 0.6274, gan_eval_loss: 0.6287
2022-09-24 06:10:56,777 DEBUG epoch:76, knn_val_accu: 63.62, contrast_loss: 6.60, contrast_acc: 31.03, gan_train_loss: 0.6317, gan_eval_loss: 0.6331
2022-09-24 06:14:18,568 DEBUG epoch:77, knn_val_accu: 62.64, contrast_loss: 6.62, contrast_acc: 30.79, gan_train_loss: 0.6330, gan_eval_loss: 0.6338
2022-09-24 06:17:40,622 DEBUG epoch:78, knn_val_accu: 63.46, contrast_loss: 6.58, contrast_acc: 30.79, gan_train_loss: 0.6342, gan_eval_loss: 0.6345
2022-09-24 06:21:03,195 DEBUG epoch:79, knn_val_accu: 63.53, contrast_loss: 6.59, contrast_acc: 30.83, gan_train_loss: 0.6297, gan_eval_loss: 0.6301
2022-09-24 06:24:25,516 DEBUG epoch:80, knn_val_accu: 64.12, contrast_loss: 6.53, contrast_acc: 31.37, gan_train_loss: 0.6273, gan_eval_loss: 0.6286
2022-09-24 06:27:47,936 DEBUG epoch:81, knn_val_accu: 63.94, contrast_loss: 6.50, contrast_acc: 31.63, gan_train_loss: 0.6323, gan_eval_loss: 0.6334
2022-09-24 06:31:10,659 DEBUG epoch:82, knn_val_accu: 62.87, contrast_loss: 6.51, contrast_acc: 31.54, gan_train_loss: 0.6313, gan_eval_loss: 0.6319
2022-09-24 06:34:32,866 DEBUG epoch:83, knn_val_accu: 64.11, contrast_loss: 6.48, contrast_acc: 31.82, gan_train_loss: 0.6296, gan_eval_loss: 0.6301
2022-09-24 06:37:54,881 DEBUG epoch:84, knn_val_accu: 63.71, contrast_loss: 6.45, contrast_acc: 31.95, gan_train_loss: 0.6253, gan_eval_loss: 0.6262
2022-09-24 06:41:17,912 DEBUG epoch:85, knn_val_accu: 64.05, contrast_loss: 6.44, contrast_acc: 31.92, gan_train_loss: 0.6281, gan_eval_loss: 0.6296
2022-09-24 06:44:40,309 DEBUG epoch:86, knn_val_accu: 64.47, contrast_loss: 6.40, contrast_acc: 32.31, gan_train_loss: 0.6266, gan_eval_loss: 0.6279
2022-09-24 06:48:02,653 DEBUG epoch:87, knn_val_accu: 64.54, contrast_loss: 6.39, contrast_acc: 32.32, gan_train_loss: 0.6222, gan_eval_loss: 0.6235
2022-09-24 06:51:25,155 DEBUG epoch:88, knn_val_accu: 63.46, contrast_loss: 6.34, contrast_acc: 32.92, gan_train_loss: 0.6269, gan_eval_loss: 0.6278
2022-09-24 06:54:47,381 DEBUG epoch:89, knn_val_accu: 64.77, contrast_loss: 6.35, contrast_acc: 32.77, gan_train_loss: 0.6274, gan_eval_loss: 0.6280
2022-09-24 06:58:09,466 DEBUG epoch:90, knn_val_accu: 64.71, contrast_loss: 6.36, contrast_acc: 32.61, gan_train_loss: 0.6260, gan_eval_loss: 0.6266
2022-09-24 07:01:32,144 DEBUG epoch:91, knn_val_accu: 64.92, contrast_loss: 6.35, contrast_acc: 32.29, gan_train_loss: 0.6278, gan_eval_loss: 0.6253
2022-09-24 07:04:52,685 DEBUG epoch:92, knn_val_accu: 63.81, contrast_loss: 6.35, contrast_acc: 32.50, gan_train_loss: 0.6246, gan_eval_loss: 0.6182
2022-09-24 07:08:12,305 DEBUG epoch:93, knn_val_accu: 64.80, contrast_loss: 6.39, contrast_acc: 32.36, gan_train_loss: 0.6177, gan_eval_loss: 0.6134
2022-09-24 07:11:34,156 DEBUG epoch:94, knn_val_accu: 65.05, contrast_loss: 6.28, contrast_acc: 33.29, gan_train_loss: 0.6174, gan_eval_loss: 0.6181
2022-09-24 07:14:55,057 DEBUG epoch:95, knn_val_accu: 64.52, contrast_loss: 6.28, contrast_acc: 33.14, gan_train_loss: 0.6209, gan_eval_loss: 0.6220
2022-09-24 07:18:15,974 DEBUG epoch:96, knn_val_accu: 64.75, contrast_loss: 6.26, contrast_acc: 33.23, gan_train_loss: 0.6215, gan_eval_loss: 0.6221
2022-09-24 07:21:35,214 DEBUG epoch:97, knn_val_accu: 64.51, contrast_loss: 6.69, contrast_acc: 30.77, gan_train_loss: 0.6326, gan_eval_loss: 0.6153
2022-09-24 07:24:53,391 DEBUG epoch:98, knn_val_accu: 65.15, contrast_loss: 6.52, contrast_acc: 30.30, gan_train_loss: 0.6169, gan_eval_loss: 0.6101
2022-09-24 07:28:13,731 DEBUG epoch:99, knn_val_accu: 65.00, contrast_loss: 6.32, contrast_acc: 31.59, gan_train_loss: 0.6143, gan_eval_loss: 0.6152
2022-09-24 07:31:32,342 DEBUG epoch:100, knn_val_accu: 64.74, contrast_loss: 6.57, contrast_acc: 32.70, gan_train_loss: 0.6246, gan_eval_loss: 0.6100
2022-09-24 07:34:49,409 DEBUG epoch:101, knn_val_accu: 65.08, contrast_loss: 6.63, contrast_acc: 32.21, gan_train_loss: 0.6264, gan_eval_loss: 0.6049
2022-09-24 07:38:06,993 DEBUG epoch:102, knn_val_accu: 64.86, contrast_loss: 6.37, contrast_acc: 32.29, gan_train_loss: 0.6248, gan_eval_loss: 0.6081
2022-09-24 07:41:27,325 DEBUG epoch:103, knn_val_accu: 63.96, contrast_loss: 6.24, contrast_acc: 32.74, gan_train_loss: 0.6133, gan_eval_loss: 0.6151
2022-09-24 07:44:46,703 DEBUG epoch:104, knn_val_accu: 64.70, contrast_loss: 6.28, contrast_acc: 32.00, gan_train_loss: 0.6104, gan_eval_loss: 0.6121
2022-09-24 07:48:07,107 DEBUG epoch:105, knn_val_accu: 65.35, contrast_loss: 6.22, contrast_acc: 32.82, gan_train_loss: 0.6155, gan_eval_loss: 0.6173
2022-09-24 07:51:27,863 DEBUG epoch:106, knn_val_accu: 65.49, contrast_loss: 6.14, contrast_acc: 33.84, gan_train_loss: 0.6186, gan_eval_loss: 0.6200
2022-09-24 07:54:48,386 DEBUG epoch:107, knn_val_accu: 65.40, contrast_loss: 6.11, contrast_acc: 34.15, gan_train_loss: 0.6187, gan_eval_loss: 0.6201
2022-09-24 07:58:08,608 DEBUG epoch:108, knn_val_accu: 64.53, contrast_loss: 6.09, contrast_acc: 34.40, gan_train_loss: 0.6171, gan_eval_loss: 0.6173
2022-09-24 08:01:29,668 DEBUG epoch:109, knn_val_accu: 64.29, contrast_loss: 6.05, contrast_acc: 34.85, gan_train_loss: 0.6217, gan_eval_loss: 0.6234
2022-09-24 08:04:50,586 DEBUG epoch:110, knn_val_accu: 65.49, contrast_loss: 6.06, contrast_acc: 34.66, gan_train_loss: 0.6205, gan_eval_loss: 0.6223
2022-09-24 08:08:11,907 DEBUG epoch:111, knn_val_accu: 65.57, contrast_loss: 6.04, contrast_acc: 34.78, gan_train_loss: 0.6199, gan_eval_loss: 0.6205
2022-09-24 08:11:32,862 DEBUG epoch:112, knn_val_accu: 65.31, contrast_loss: 6.02, contrast_acc: 34.88, gan_train_loss: 0.6222, gan_eval_loss: 0.6233
2022-09-24 08:14:51,946 DEBUG epoch:113, knn_val_accu: 65.14, contrast_loss: 6.17, contrast_acc: 34.32, gan_train_loss: 0.6270, gan_eval_loss: 0.6154
2022-09-24 08:18:09,151 DEBUG epoch:114, knn_val_accu: 66.00, contrast_loss: 6.31, contrast_acc: 33.49, gan_train_loss: 0.6325, gan_eval_loss: 0.6052
2022-09-24 08:21:27,764 DEBUG epoch:115, knn_val_accu: 65.66, contrast_loss: 6.11, contrast_acc: 33.70, gan_train_loss: 0.6319, gan_eval_loss: 0.6085
2022-09-24 08:24:45,752 DEBUG epoch:116, knn_val_accu: 65.97, contrast_loss: 6.22, contrast_acc: 33.36, gan_train_loss: 0.6285, gan_eval_loss: 0.6086
2022-09-24 08:28:04,152 DEBUG epoch:117, knn_val_accu: 65.74, contrast_loss: 6.15, contrast_acc: 33.72, gan_train_loss: 0.6196, gan_eval_loss: 0.6096
2022-09-24 08:31:23,953 DEBUG epoch:118, knn_val_accu: 65.18, contrast_loss: 6.00, contrast_acc: 34.71, gan_train_loss: 0.6168, gan_eval_loss: 0.6124
2022-09-24 08:34:42,341 DEBUG epoch:119, knn_val_accu: 65.01, contrast_loss: 6.17, contrast_acc: 34.15, gan_train_loss: 0.6215, gan_eval_loss: 0.6100
2022-09-24 08:38:02,669 DEBUG epoch:120, knn_val_accu: 65.06, contrast_loss: 6.01, contrast_acc: 34.31, gan_train_loss: 0.6157, gan_eval_loss: 0.6164
2022-09-24 08:41:18,062 DEBUG epoch:121, knn_val_accu: 65.85, contrast_loss: 6.00, contrast_acc: 34.16, gan_train_loss: 0.6070, gan_eval_loss: 0.6000
2022-09-24 08:44:33,881 DEBUG epoch:122, knn_val_accu: 66.39, contrast_loss: 5.92, contrast_acc: 35.24, gan_train_loss: 0.6037, gan_eval_loss: 0.6008
2022-09-24 08:47:49,539 DEBUG epoch:123, knn_val_accu: 66.22, contrast_loss: 5.83, contrast_acc: 36.48, gan_train_loss: 0.6007, gan_eval_loss: 0.6014
2022-09-24 08:51:05,652 DEBUG epoch:124, knn_val_accu: 66.39, contrast_loss: 5.80, contrast_acc: 37.00, gan_train_loss: 0.6017, gan_eval_loss: 0.6022
2022-09-24 08:54:21,512 DEBUG epoch:125, knn_val_accu: 66.05, contrast_loss: 5.77, contrast_acc: 37.27, gan_train_loss: 0.6013, gan_eval_loss: 0.6018
2022-09-24 08:57:37,647 DEBUG epoch:126, knn_val_accu: 66.74, contrast_loss: 5.75, contrast_acc: 37.46, gan_train_loss: 0.6012, gan_eval_loss: 0.6015
2022-09-24 09:00:55,393 DEBUG epoch:127, knn_val_accu: 66.69, contrast_loss: 5.75, contrast_acc: 37.49, gan_train_loss: 0.6067, gan_eval_loss: 0.6057
2022-09-24 09:04:12,635 DEBUG epoch:128, knn_val_accu: 66.50, contrast_loss: 5.74, contrast_acc: 37.36, gan_train_loss: 0.6054, gan_eval_loss: 0.6053
2022-09-24 09:07:30,381 DEBUG epoch:129, knn_val_accu: 67.14, contrast_loss: 5.71, contrast_acc: 37.64, gan_train_loss: 0.6045, gan_eval_loss: 0.6052
2022-09-24 09:10:48,543 DEBUG epoch:130, knn_val_accu: 67.36, contrast_loss: 5.71, contrast_acc: 37.61, gan_train_loss: 0.6034, gan_eval_loss: 0.6041
2022-09-24 09:14:05,114 DEBUG epoch:131, knn_val_accu: 66.27, contrast_loss: 5.71, contrast_acc: 37.64, gan_train_loss: 0.6025, gan_eval_loss: 0.6030
2022-09-24 09:17:21,386 DEBUG epoch:132, knn_val_accu: 65.87, contrast_loss: 5.67, contrast_acc: 37.97, gan_train_loss: 0.6017, gan_eval_loss: 0.6024
2022-09-24 09:20:38,585 DEBUG epoch:133, knn_val_accu: 66.62, contrast_loss: 5.65, contrast_acc: 38.03, gan_train_loss: 0.6029, gan_eval_loss: 0.6033
2022-09-24 09:23:55,693 DEBUG epoch:134, knn_val_accu: 66.67, contrast_loss: 5.65, contrast_acc: 38.09, gan_train_loss: 0.6041, gan_eval_loss: 0.6047
2022-09-24 09:27:13,616 DEBUG epoch:135, knn_val_accu: 66.80, contrast_loss: 5.62, contrast_acc: 38.26, gan_train_loss: 0.6054, gan_eval_loss: 0.6058
2022-09-24 09:30:31,004 DEBUG epoch:136, knn_val_accu: 66.70, contrast_loss: 5.61, contrast_acc: 38.35, gan_train_loss: 0.6037, gan_eval_loss: 0.6043
2022-09-24 09:33:48,207 DEBUG epoch:137, knn_val_accu: 66.66, contrast_loss: 5.61, contrast_acc: 38.34, gan_train_loss: 0.6045, gan_eval_loss: 0.6045
2022-09-24 09:37:05,728 DEBUG epoch:138, knn_val_accu: 66.87, contrast_loss: 5.58, contrast_acc: 38.72, gan_train_loss: 0.6058, gan_eval_loss: 0.6056
2022-09-24 09:40:23,385 DEBUG epoch:139, knn_val_accu: 67.32, contrast_loss: 5.58, contrast_acc: 38.70, gan_train_loss: 0.6051, gan_eval_loss: 0.6045
2022-09-24 09:43:39,657 DEBUG epoch:140, knn_val_accu: 66.90, contrast_loss: 5.54, contrast_acc: 38.82, gan_train_loss: 0.6032, gan_eval_loss: 0.6028
2022-09-24 09:46:55,513 DEBUG epoch:141, knn_val_accu: 67.22, contrast_loss: 5.54, contrast_acc: 39.03, gan_train_loss: 0.6022, gan_eval_loss: 0.6023
2022-09-24 09:50:11,868 DEBUG epoch:142, knn_val_accu: 66.37, contrast_loss: 5.53, contrast_acc: 38.87, gan_train_loss: 0.6023, gan_eval_loss: 0.6028
2022-09-24 09:53:27,168 DEBUG epoch:143, knn_val_accu: 67.30, contrast_loss: 5.60, contrast_acc: 38.25, gan_train_loss: 0.6021, gan_eval_loss: 0.5997
2022-09-24 09:56:44,677 DEBUG epoch:144, knn_val_accu: 67.64, contrast_loss: 5.55, contrast_acc: 38.75, gan_train_loss: 0.6044, gan_eval_loss: 0.6037
2022-09-24 10:00:02,725 DEBUG epoch:145, knn_val_accu: 67.27, contrast_loss: 5.49, contrast_acc: 39.41, gan_train_loss: 0.6048, gan_eval_loss: 0.6048
2022-09-24 10:03:20,133 DEBUG epoch:146, knn_val_accu: 67.20, contrast_loss: 5.47, contrast_acc: 39.66, gan_train_loss: 0.6058, gan_eval_loss: 0.6061
2022-09-24 10:06:35,745 DEBUG epoch:147, knn_val_accu: 67.26, contrast_loss: 5.47, contrast_acc: 39.42, gan_train_loss: 0.6006, gan_eval_loss: 0.6007
2022-09-24 10:09:51,020 DEBUG epoch:148, knn_val_accu: 67.43, contrast_loss: 5.41, contrast_acc: 39.94, gan_train_loss: 0.5987, gan_eval_loss: 0.5992
2022-09-24 10:13:05,936 DEBUG epoch:149, knn_val_accu: 67.46, contrast_loss: 5.41, contrast_acc: 39.92, gan_train_loss: 0.5993, gan_eval_loss: 0.5994
2022-09-24 10:16:21,662 DEBUG epoch:150, knn_val_accu: 67.25, contrast_loss: 5.59, contrast_acc: 38.40, gan_train_loss: 0.6063, gan_eval_loss: 0.6019
2022-09-24 10:19:38,540 DEBUG epoch:151, knn_val_accu: 67.99, contrast_loss: 5.49, contrast_acc: 39.44, gan_train_loss: 0.6021, gan_eval_loss: 0.6021
2022-09-24 10:22:55,667 DEBUG epoch:152, knn_val_accu: 67.45, contrast_loss: 5.40, contrast_acc: 39.78, gan_train_loss: 0.6025, gan_eval_loss: 0.6028
2022-09-24 10:26:11,487 DEBUG epoch:153, knn_val_accu: 68.34, contrast_loss: 5.37, contrast_acc: 40.22, gan_train_loss: 0.6004, gan_eval_loss: 0.6006
2022-09-24 10:29:26,344 DEBUG epoch:154, knn_val_accu: 67.80, contrast_loss: 5.38, contrast_acc: 39.77, gan_train_loss: 0.5988, gan_eval_loss: 0.5993
2022-09-24 10:32:40,896 DEBUG epoch:155, knn_val_accu: 67.59, contrast_loss: 5.32, contrast_acc: 40.47, gan_train_loss: 0.5991, gan_eval_loss: 0.5997
2022-09-24 10:35:55,931 DEBUG epoch:156, knn_val_accu: 67.49, contrast_loss: 5.33, contrast_acc: 40.46, gan_train_loss: 0.5996, gan_eval_loss: 0.6002
2022-09-24 10:39:11,496 DEBUG epoch:157, knn_val_accu: 67.55, contrast_loss: 5.33, contrast_acc: 40.37, gan_train_loss: 0.6003, gan_eval_loss: 0.6011
2022-09-24 10:42:27,058 DEBUG epoch:158, knn_val_accu: 68.02, contrast_loss: 5.29, contrast_acc: 40.74, gan_train_loss: 0.6019, gan_eval_loss: 0.6027
2022-09-24 10:45:43,473 DEBUG epoch:159, knn_val_accu: 67.92, contrast_loss: 5.28, contrast_acc: 40.82, gan_train_loss: 0.6024, gan_eval_loss: 0.6032
2022-09-24 10:49:00,866 DEBUG epoch:160, knn_val_accu: 68.39, contrast_loss: 5.28, contrast_acc: 40.80, gan_train_loss: 0.6040, gan_eval_loss: 0.6047
2022-09-24 10:52:16,766 DEBUG epoch:161, knn_val_accu: 67.59, contrast_loss: 5.25, contrast_acc: 41.01, gan_train_loss: 0.6015, gan_eval_loss: 0.6018
2022-09-24 10:55:31,832 DEBUG epoch:162, knn_val_accu: 68.23, contrast_loss: 5.25, contrast_acc: 41.14, gan_train_loss: 0.5996, gan_eval_loss: 0.6002
2022-09-24 10:58:45,764 DEBUG epoch:163, knn_val_accu: 68.34, contrast_loss: 5.21, contrast_acc: 41.32, gan_train_loss: 0.5959, gan_eval_loss: 0.5963
2022-09-24 11:01:59,658 DEBUG epoch:164, knn_val_accu: 68.76, contrast_loss: 5.21, contrast_acc: 41.17, gan_train_loss: 0.5963, gan_eval_loss: 0.5968
2022-09-24 11:05:12,369 DEBUG epoch:165, knn_val_accu: 68.24, contrast_loss: 5.21, contrast_acc: 41.01, gan_train_loss: 0.5942, gan_eval_loss: 0.5948
2022-09-24 11:08:25,255 DEBUG epoch:166, knn_val_accu: 68.67, contrast_loss: 5.18, contrast_acc: 41.22, gan_train_loss: 0.5943, gan_eval_loss: 0.5948
2022-09-24 11:11:38,107 DEBUG epoch:167, knn_val_accu: 68.83, contrast_loss: 5.15, contrast_acc: 41.80, gan_train_loss: 0.5940, gan_eval_loss: 0.5944
2022-09-24 11:14:51,097 DEBUG epoch:168, knn_val_accu: 68.79, contrast_loss: 5.13, contrast_acc: 41.83, gan_train_loss: 0.5948, gan_eval_loss: 0.5953
2022-09-24 11:18:04,578 DEBUG epoch:169, knn_val_accu: 69.10, contrast_loss: 5.12, contrast_acc: 42.09, gan_train_loss: 0.5941, gan_eval_loss: 0.5947
2022-09-24 11:21:17,356 DEBUG epoch:170, knn_val_accu: 68.85, contrast_loss: 5.09, contrast_acc: 42.03, gan_train_loss: 0.5939, gan_eval_loss: 0.5944
2022-09-24 11:24:30,131 DEBUG epoch:171, knn_val_accu: 68.42, contrast_loss: 5.09, contrast_acc: 42.28, gan_train_loss: 0.5942, gan_eval_loss: 0.5947
2022-09-24 11:27:42,972 DEBUG epoch:172, knn_val_accu: 68.99, contrast_loss: 5.09, contrast_acc: 42.29, gan_train_loss: 0.5945, gan_eval_loss: 0.5950
2022-09-24 11:30:55,445 DEBUG epoch:173, knn_val_accu: 69.00, contrast_loss: 5.08, contrast_acc: 42.18, gan_train_loss: 0.5943, gan_eval_loss: 0.5949
2022-09-24 11:34:08,248 DEBUG epoch:174, knn_val_accu: 68.91, contrast_loss: 5.05, contrast_acc: 42.42, gan_train_loss: 0.5949, gan_eval_loss: 0.5954
2022-09-24 11:37:21,668 DEBUG epoch:175, knn_val_accu: 69.07, contrast_loss: 5.04, contrast_acc: 42.58, gan_train_loss: 0.5948, gan_eval_loss: 0.5953
2022-09-24 11:40:34,788 DEBUG epoch:176, knn_val_accu: 68.98, contrast_loss: 5.04, contrast_acc: 42.35, gan_train_loss: 0.5951, gan_eval_loss: 0.5956
2022-09-24 11:43:47,700 DEBUG epoch:177, knn_val_accu: 68.99, contrast_loss: 5.03, contrast_acc: 42.48, gan_train_loss: 0.5952, gan_eval_loss: 0.5957
2022-09-24 11:47:01,497 DEBUG epoch:178, knn_val_accu: 69.00, contrast_loss: 5.02, contrast_acc: 42.44, gan_train_loss: 0.5944, gan_eval_loss: 0.5950
2022-09-24 11:50:14,394 DEBUG epoch:179, knn_val_accu: 69.02, contrast_loss: 5.01, contrast_acc: 42.42, gan_train_loss: 0.5952, gan_eval_loss: 0.5957
2022-09-24 11:53:27,644 DEBUG epoch:180, knn_val_accu: 68.77, contrast_loss: 5.01, contrast_acc: 42.53, gan_train_loss: 0.5951, gan_eval_loss: 0.5955
2022-09-24 11:56:41,648 DEBUG epoch:181, knn_val_accu: 69.26, contrast_loss: 4.99, contrast_acc: 42.68, gan_train_loss: 0.5960, gan_eval_loss: 0.5964
2022-09-24 11:59:54,934 DEBUG epoch:182, knn_val_accu: 69.29, contrast_loss: 4.97, contrast_acc: 42.76, gan_train_loss: 0.5963, gan_eval_loss: 0.5969
2022-09-24 12:03:09,528 DEBUG epoch:183, knn_val_accu: 69.33, contrast_loss: 4.97, contrast_acc: 42.54, gan_train_loss: 0.5962, gan_eval_loss: 0.5967
2022-09-24 12:06:23,664 DEBUG epoch:184, knn_val_accu: 69.11, contrast_loss: 4.96, contrast_acc: 42.52, gan_train_loss: 0.5972, gan_eval_loss: 0.5977
2022-09-24 12:09:38,113 DEBUG epoch:185, knn_val_accu: 69.08, contrast_loss: 4.96, contrast_acc: 42.51, gan_train_loss: 0.5968, gan_eval_loss: 0.5973
2022-09-24 12:12:52,053 DEBUG epoch:186, knn_val_accu: 68.92, contrast_loss: 4.96, contrast_acc: 42.57, gan_train_loss: 0.5968, gan_eval_loss: 0.5974
2022-09-24 12:16:06,457 DEBUG epoch:187, knn_val_accu: 69.04, contrast_loss: 4.94, contrast_acc: 42.58, gan_train_loss: 0.5974, gan_eval_loss: 0.5979
2022-09-24 12:19:20,488 DEBUG epoch:188, knn_val_accu: 68.96, contrast_loss: 4.93, contrast_acc: 42.53, gan_train_loss: 0.5973, gan_eval_loss: 0.5978
2022-09-24 12:22:34,903 DEBUG epoch:189, knn_val_accu: 69.10, contrast_loss: 4.92, contrast_acc: 42.37, gan_train_loss: 0.5980, gan_eval_loss: 0.5984
2022-09-24 12:25:49,348 DEBUG epoch:190, knn_val_accu: 69.13, contrast_loss: 4.93, contrast_acc: 42.62, gan_train_loss: 0.5971, gan_eval_loss: 0.5976
2022-09-24 12:29:04,045 DEBUG epoch:191, knn_val_accu: 69.26, contrast_loss: 4.92, contrast_acc: 42.32, gan_train_loss: 0.5982, gan_eval_loss: 0.5986
2022-09-24 12:32:19,493 DEBUG epoch:192, knn_val_accu: 69.39, contrast_loss: 4.92, contrast_acc: 42.51, gan_train_loss: 0.5991, gan_eval_loss: 0.5996
2022-09-24 12:35:34,835 DEBUG epoch:193, knn_val_accu: 69.38, contrast_loss: 4.94, contrast_acc: 42.16, gan_train_loss: 0.5991, gan_eval_loss: 0.5997
2022-09-24 12:38:49,652 DEBUG epoch:194, knn_val_accu: 69.33, contrast_loss: 4.92, contrast_acc: 42.47, gan_train_loss: 0.5991, gan_eval_loss: 0.5996
2022-09-24 12:42:05,709 DEBUG epoch:195, knn_val_accu: 69.26, contrast_loss: 4.91, contrast_acc: 42.31, gan_train_loss: 0.6001, gan_eval_loss: 0.6006
2022-09-24 12:45:21,273 DEBUG epoch:196, knn_val_accu: 69.24, contrast_loss: 4.92, contrast_acc: 42.15, gan_train_loss: 0.5996, gan_eval_loss: 0.6003
2022-09-24 12:48:36,968 DEBUG epoch:197, knn_val_accu: 69.36, contrast_loss: 4.90, contrast_acc: 42.31, gan_train_loss: 0.6009, gan_eval_loss: 0.6014
2022-09-24 12:51:53,918 DEBUG epoch:198, knn_val_accu: 69.40, contrast_loss: 4.89, contrast_acc: 42.24, gan_train_loss: 0.6024, gan_eval_loss: 0.6030
2022-09-24 12:55:10,769 DEBUG epoch:199, knn_val_accu: 69.32, contrast_loss: 4.92, contrast_acc: 42.08, gan_train_loss: 0.6033, gan_eval_loss: 0.6039
2022-09-24 12:58:28,232 DEBUG epoch:200, knn_val_accu: 69.27, contrast_loss: 4.91, contrast_acc: 42.22, gan_train_loss: 0.6051, gan_eval_loss: 0.6057
2022-09-24 12:58:37,077 DEBUG final knn evaluation accuracy is 69.40
2022-09-24 13:13:27,971 DEBUG final linear-probe evaluation accuracy is 73.32
2022-09-24 13:17:56,920 DEBUG final semi-supervised evaluation accuracy with 10% data is 70.44
2022-09-24 13:21:21,133 DEBUG final semi-supervised evaluation accuracy with 1% data is 59.10
2022-09-24 13:21:29,999 DEBUG final knn evaluation accuracy is 69.40
