2022-07-10 04:48:51,223 DEBUG Generating IR ...... (may take a while)
2022-07-10 04:48:53,329 DEBUG epoch [1/50], train_loss 0.0550 (0.0758), val_loss 0.0616 (0.0603)
2022-07-10 04:48:53,893 DEBUG epoch [2/50], train_loss 0.0686 (0.0702), val_loss 0.0520 (0.0575)
2022-07-10 04:48:54,437 DEBUG epoch [3/50], train_loss 0.0604 (0.0666), val_loss 0.0616 (0.0566)
2022-07-10 04:48:54,993 DEBUG epoch [4/50], train_loss 0.0573 (0.0634), val_loss 0.0550 (0.0543)
2022-07-10 04:48:55,544 DEBUG epoch [5/50], train_loss 0.0581 (0.0602), val_loss 0.0505 (0.0527)
2022-07-10 04:48:56,128 DEBUG epoch [6/50], train_loss 0.0711 (0.0578), val_loss 0.0381 (0.0508)
2022-07-10 04:48:56,696 DEBUG epoch [7/50], train_loss 0.1055 (0.0560), val_loss 0.0368 (0.0498)
2022-07-10 04:48:57,245 DEBUG epoch [8/50], train_loss 0.0800 (0.0541), val_loss 0.0386 (0.0483)
2022-07-10 04:48:57,844 DEBUG epoch [9/50], train_loss 0.0940 (0.0526), val_loss 0.0395 (0.0472)
2022-07-10 04:48:58,411 DEBUG epoch [10/50], train_loss 0.0435 (0.0512), val_loss 0.0400 (0.0460)
2022-07-10 04:48:58,961 DEBUG epoch [11/50], train_loss 0.0405 (0.0496), val_loss 0.0336 (0.0452)
2022-07-10 04:48:59,545 DEBUG epoch [12/50], train_loss 0.0377 (0.0480), val_loss 0.0321 (0.0442)
2022-07-10 04:49:00,137 DEBUG epoch [13/50], train_loss 0.0428 (0.0465), val_loss 0.0372 (0.0435)
2022-07-10 04:49:00,718 DEBUG epoch [14/50], train_loss 0.0616 (0.0458), val_loss 0.0386 (0.0432)
2022-07-10 04:49:01,328 DEBUG epoch [15/50], train_loss 0.0492 (0.0451), val_loss 0.0424 (0.0428)
2022-07-10 04:49:01,922 DEBUG epoch [16/50], train_loss 0.0317 (0.0441), val_loss 0.0293 (0.0424)
2022-07-10 04:49:02,494 DEBUG epoch [17/50], train_loss 0.0284 (0.0432), val_loss 0.0383 (0.0420)
2022-07-10 04:49:03,072 DEBUG epoch [18/50], train_loss 0.0532 (0.0422), val_loss 0.0315 (0.0415)
2022-07-10 04:49:03,646 DEBUG epoch [19/50], train_loss 0.0508 (0.0415), val_loss 0.0344 (0.0414)
2022-07-10 04:49:04,199 DEBUG epoch [20/50], train_loss 0.0408 (0.0408), val_loss 0.0400 (0.0410)
2022-07-10 04:49:04,764 DEBUG epoch [21/50], train_loss 0.0621 (0.0401), val_loss 0.0321 (0.0405)
2022-07-10 04:49:05,326 DEBUG epoch [22/50], train_loss 0.0591 (0.0396), val_loss 0.0385 (0.0403)
2022-07-10 04:49:05,910 DEBUG epoch [23/50], train_loss 0.0226 (0.0390), val_loss 0.0316 (0.0401)
2022-07-10 04:49:06,482 DEBUG epoch [24/50], train_loss 0.0313 (0.0382), val_loss 0.0355 (0.0397)
2022-07-10 04:49:07,062 DEBUG epoch [25/50], train_loss 0.0449 (0.0376), val_loss 0.0305 (0.0393)
2022-07-10 04:49:07,620 DEBUG epoch [26/50], train_loss 0.0235 (0.0369), val_loss 0.0275 (0.0390)
2022-07-10 04:49:08,205 DEBUG epoch [27/50], train_loss 0.0773 (0.0363), val_loss 0.0358 (0.0387)
2022-07-10 04:49:08,794 DEBUG epoch [28/50], train_loss 0.0887 (0.0357), val_loss 0.0386 (0.0385)
2022-07-10 04:49:09,354 DEBUG epoch [29/50], train_loss 0.0277 (0.0351), val_loss 0.0353 (0.0383)
2022-07-10 04:49:09,958 DEBUG epoch [30/50], train_loss 0.0220 (0.0345), val_loss 0.0369 (0.0380)
2022-07-10 04:49:10,536 DEBUG epoch [31/50], train_loss 0.0260 (0.0339), val_loss 0.0287 (0.0377)
2022-07-10 04:49:11,125 DEBUG epoch [32/50], train_loss 0.0314 (0.0334), val_loss 0.0398 (0.0376)
2022-07-10 04:49:11,677 DEBUG epoch [33/50], train_loss 0.0248 (0.0329), val_loss 0.0320 (0.0374)
2022-07-10 04:49:12,255 DEBUG epoch [34/50], train_loss 0.0545 (0.0324), val_loss 0.0306 (0.0372)
2022-07-10 04:49:12,832 DEBUG epoch [35/50], train_loss 0.0170 (0.0321), val_loss 0.0409 (0.0370)
2022-07-10 04:49:13,379 DEBUG epoch [36/50], train_loss 0.1178 (0.0316), val_loss 0.0396 (0.0370)
2022-07-10 04:49:13,946 DEBUG epoch [37/50], train_loss 0.0374 (0.0314), val_loss 0.0413 (0.0369)
2022-07-10 04:49:14,521 DEBUG epoch [38/50], train_loss 0.0307 (0.0310), val_loss 0.0295 (0.0367)
2022-07-10 04:49:15,097 DEBUG epoch [39/50], train_loss 0.0166 (0.0307), val_loss 0.0367 (0.0366)
2022-07-10 04:49:15,686 DEBUG epoch [40/50], train_loss 0.0465 (0.0303), val_loss 0.0297 (0.0364)
2022-07-10 04:49:16,235 DEBUG epoch [41/50], train_loss 0.0178 (0.0299), val_loss 0.0302 (0.0363)
2022-07-10 04:49:16,824 DEBUG epoch [42/50], train_loss 0.0244 (0.0295), val_loss 0.0280 (0.0361)
2022-07-10 04:49:17,422 DEBUG epoch [43/50], train_loss 0.0249 (0.0291), val_loss 0.0278 (0.0360)
2022-07-10 04:49:18,023 DEBUG epoch [44/50], train_loss 0.0301 (0.0288), val_loss 0.0375 (0.0359)
2022-07-10 04:49:18,594 DEBUG epoch [45/50], train_loss 0.0499 (0.0285), val_loss 0.0286 (0.0359)
2022-07-10 04:49:19,182 DEBUG epoch [46/50], train_loss 0.0390 (0.0285), val_loss 0.0347 (0.0358)
2022-07-10 04:49:19,756 DEBUG epoch [47/50], train_loss 0.0409 (0.0284), val_loss 0.0296 (0.0357)
2022-07-10 04:49:20,311 DEBUG epoch [48/50], train_loss 0.0318 (0.0282), val_loss 0.0307 (0.0356)
2022-07-10 04:49:20,900 DEBUG epoch [49/50], train_loss 0.0255 (0.0280), val_loss 0.0261 (0.0355)
2022-07-10 04:49:21,493 DEBUG epoch [50/50], train_loss 0.0149 (0.0277), val_loss 0.0223 (0.0354)
2022-07-10 04:49:21,493 DEBUG Using MIA arch res_normN4C64 Best Validation Loss is 0.022261450067162514
2022-07-10 04:49:22,274 DEBUG MSE Loss on ALL Image is 0.0267 (Real Attack Results on the Target Client)
2022-07-10 04:49:22,274 DEBUG SSIM Loss on ALL Image is 0.6375 (Real Attack Results on the Target Client)
2022-07-10 04:49:22,274 DEBUG PSNR Loss on ALL Image is 16.7066 (Real Attack Results on the Target Client)
