2022-07-08 19:00:33,333 DEBUG Enable ResSFL fine-tuning: arch-res_normN4C64-alpha-2.0-ssim-0.5, using cifar100 as auxiliary data
2022-07-08 19:00:33,849 DEBUG SFL-Moco (ResSFL-expert) Train on cifar10 with cutlayer 2: total epochs: 200
2022-07-08 19:04:50,174 DEBUG epoch:1, knn_val_accu: 9.60, contrast_loss: 14.26, contrast_acc: 30.54, gan_train_loss: 0.5485, gan_eval_loss: 0.5082
2022-07-08 19:09:11,320 DEBUG epoch:2, knn_val_accu: 21.95, contrast_loss: 15.15, contrast_acc: 59.45, gan_train_loss: 0.5512, gan_eval_loss: 0.5286
2022-07-08 19:13:34,047 DEBUG epoch:3, knn_val_accu: 26.13, contrast_loss: 14.75, contrast_acc: 12.18, gan_train_loss: 0.5294, gan_eval_loss: 0.5235
2022-07-08 19:17:57,631 DEBUG epoch:4, knn_val_accu: 28.91, contrast_loss: 14.58, contrast_acc: 14.40, gan_train_loss: 0.5271, gan_eval_loss: 0.5240
2022-07-08 19:22:20,819 DEBUG epoch:5, knn_val_accu: 30.86, contrast_loss: 14.36, contrast_acc: 13.68, gan_train_loss: 0.5273, gan_eval_loss: 0.5266
2022-07-08 19:26:43,857 DEBUG epoch:6, knn_val_accu: 34.19, contrast_loss: 14.14, contrast_acc: 10.07, gan_train_loss: 0.5274, gan_eval_loss: 0.5264
2022-07-08 19:31:07,387 DEBUG epoch:7, knn_val_accu: 35.17, contrast_loss: 13.89, contrast_acc: 8.56, gan_train_loss: 0.5299, gan_eval_loss: 0.5282
2022-07-08 19:35:31,164 DEBUG epoch:8, knn_val_accu: 36.86, contrast_loss: 13.99, contrast_acc: 7.90, gan_train_loss: 0.5310, gan_eval_loss: 0.5290
2022-07-08 19:39:54,487 DEBUG epoch:9, knn_val_accu: 39.35, contrast_loss: 13.69, contrast_acc: 8.59, gan_train_loss: 0.5331, gan_eval_loss: 0.5313
2022-07-08 19:44:20,354 DEBUG epoch:10, knn_val_accu: 40.18, contrast_loss: 13.30, contrast_acc: 9.91, gan_train_loss: 0.5384, gan_eval_loss: 0.5310
2022-07-08 19:48:44,327 DEBUG epoch:11, knn_val_accu: 41.98, contrast_loss: 13.06, contrast_acc: 9.82, gan_train_loss: 0.5457, gan_eval_loss: 0.5347
2022-07-08 19:53:07,394 DEBUG epoch:12, knn_val_accu: 43.19, contrast_loss: 12.93, contrast_acc: 9.22, gan_train_loss: 0.5619, gan_eval_loss: 0.5302
2022-07-08 19:57:30,734 DEBUG epoch:13, knn_val_accu: 42.39, contrast_loss: 12.83, contrast_acc: 7.45, gan_train_loss: 0.5558, gan_eval_loss: 0.5335
2022-07-08 20:01:54,073 DEBUG epoch:14, knn_val_accu: 44.13, contrast_loss: 12.41, contrast_acc: 10.22, gan_train_loss: 0.5651, gan_eval_loss: 0.5377
2022-07-08 20:06:15,429 DEBUG epoch:15, knn_val_accu: 45.30, contrast_loss: 12.15, contrast_acc: 9.57, gan_train_loss: 0.5853, gan_eval_loss: 0.5193
2022-07-08 20:10:37,993 DEBUG epoch:16, knn_val_accu: 45.75, contrast_loss: 11.87, contrast_acc: 9.31, gan_train_loss: 0.5692, gan_eval_loss: 0.5239
2022-07-08 20:14:59,545 DEBUG epoch:17, knn_val_accu: 47.72, contrast_loss: 11.45, contrast_acc: 10.23, gan_train_loss: 0.5876, gan_eval_loss: 0.5231
2022-07-08 20:19:18,907 DEBUG epoch:18, knn_val_accu: 47.43, contrast_loss: 11.54, contrast_acc: 8.24, gan_train_loss: 0.5998, gan_eval_loss: 0.5124
2022-07-08 20:23:41,573 DEBUG epoch:19, knn_val_accu: 47.85, contrast_loss: 11.08, contrast_acc: 11.54, gan_train_loss: 0.5894, gan_eval_loss: 0.5294
2022-07-08 20:28:06,861 DEBUG epoch:20, knn_val_accu: 49.13, contrast_loss: 10.63, contrast_acc: 11.87, gan_train_loss: 0.5911, gan_eval_loss: 0.5362
2022-07-08 20:32:27,554 DEBUG epoch:21, knn_val_accu: 50.67, contrast_loss: 10.47, contrast_acc: 12.26, gan_train_loss: 0.5946, gan_eval_loss: 0.5256
2022-07-08 20:36:49,233 DEBUG epoch:22, knn_val_accu: 51.81, contrast_loss: 10.34, contrast_acc: 12.28, gan_train_loss: 0.5792, gan_eval_loss: 0.5265
2022-07-08 20:41:10,533 DEBUG epoch:23, knn_val_accu: 52.15, contrast_loss: 10.08, contrast_acc: 12.74, gan_train_loss: 0.5902, gan_eval_loss: 0.5243
2022-07-08 20:45:30,803 DEBUG epoch:24, knn_val_accu: 52.72, contrast_loss: 10.14, contrast_acc: 13.13, gan_train_loss: 0.6127, gan_eval_loss: 0.5182
2022-07-08 20:49:51,283 DEBUG epoch:25, knn_val_accu: 52.52, contrast_loss: 9.75, contrast_acc: 13.89, gan_train_loss: 0.6002, gan_eval_loss: 0.5250
2022-07-08 20:54:12,988 DEBUG epoch:26, knn_val_accu: 52.82, contrast_loss: 9.71, contrast_acc: 13.00, gan_train_loss: 0.5988, gan_eval_loss: 0.5271
2022-07-08 20:58:34,862 DEBUG epoch:27, knn_val_accu: 53.89, contrast_loss: 9.46, contrast_acc: 14.31, gan_train_loss: 0.6019, gan_eval_loss: 0.5239
2022-07-08 21:02:55,241 DEBUG epoch:28, knn_val_accu: 54.45, contrast_loss: 9.47, contrast_acc: 14.27, gan_train_loss: 0.6132, gan_eval_loss: 0.5223
2022-07-08 21:07:16,238 DEBUG epoch:29, knn_val_accu: 54.35, contrast_loss: 9.15, contrast_acc: 15.31, gan_train_loss: 0.6088, gan_eval_loss: 0.5216
2022-07-08 21:11:38,530 DEBUG epoch:30, knn_val_accu: 55.88, contrast_loss: 9.22, contrast_acc: 15.10, gan_train_loss: 0.6119, gan_eval_loss: 0.5251
2022-07-08 21:15:59,712 DEBUG epoch:31, knn_val_accu: 55.82, contrast_loss: 9.19, contrast_acc: 15.37, gan_train_loss: 0.6030, gan_eval_loss: 0.5167
2022-07-08 21:20:18,968 DEBUG epoch:32, knn_val_accu: 55.74, contrast_loss: 8.99, contrast_acc: 16.65, gan_train_loss: 0.6201, gan_eval_loss: 0.5101
2022-07-08 21:24:37,325 DEBUG epoch:33, knn_val_accu: 56.10, contrast_loss: 8.90, contrast_acc: 16.45, gan_train_loss: 0.6335, gan_eval_loss: 0.5133
2022-07-08 21:28:55,586 DEBUG epoch:34, knn_val_accu: 56.26, contrast_loss: 8.94, contrast_acc: 17.25, gan_train_loss: 0.6316, gan_eval_loss: 0.5134
2022-07-08 21:33:12,637 DEBUG epoch:35, knn_val_accu: 55.84, contrast_loss: 9.10, contrast_acc: 16.27, gan_train_loss: 0.6149, gan_eval_loss: 0.5124
2022-07-08 21:37:33,233 DEBUG epoch:36, knn_val_accu: 56.92, contrast_loss: 8.85, contrast_acc: 18.15, gan_train_loss: 0.6178, gan_eval_loss: 0.5187
2022-07-08 21:41:52,532 DEBUG epoch:37, knn_val_accu: 56.36, contrast_loss: 8.95, contrast_acc: 17.21, gan_train_loss: 0.6288, gan_eval_loss: 0.5185
2022-07-08 21:46:12,050 DEBUG epoch:38, knn_val_accu: 57.98, contrast_loss: 8.76, contrast_acc: 17.24, gan_train_loss: 0.6397, gan_eval_loss: 0.5165
2022-07-08 21:50:32,601 DEBUG epoch:39, knn_val_accu: 56.74, contrast_loss: 8.65, contrast_acc: 18.12, gan_train_loss: 0.6328, gan_eval_loss: 0.5226
2022-07-08 21:54:49,164 DEBUG epoch:40, knn_val_accu: 56.98, contrast_loss: 8.78, contrast_acc: 17.02, gan_train_loss: 0.6375, gan_eval_loss: 0.5067
2022-07-08 21:59:04,628 DEBUG epoch:41, knn_val_accu: 56.66, contrast_loss: 8.71, contrast_acc: 18.65, gan_train_loss: 0.6471, gan_eval_loss: 0.5026
2022-07-08 22:03:20,897 DEBUG epoch:42, knn_val_accu: 57.23, contrast_loss: 8.70, contrast_acc: 18.90, gan_train_loss: 0.6659, gan_eval_loss: 0.5065
2022-07-08 22:07:37,849 DEBUG epoch:43, knn_val_accu: 57.58, contrast_loss: 9.00, contrast_acc: 18.12, gan_train_loss: 0.6652, gan_eval_loss: 0.5048
2022-07-08 22:11:54,162 DEBUG epoch:44, knn_val_accu: 57.06, contrast_loss: 8.70, contrast_acc: 19.55, gan_train_loss: 0.6546, gan_eval_loss: 0.5026
2022-07-08 22:16:06,761 DEBUG epoch:45, knn_val_accu: 58.56, contrast_loss: 8.33, contrast_acc: 21.51, gan_train_loss: 0.6938, gan_eval_loss: 0.4933
2022-07-08 22:20:17,160 DEBUG epoch:46, knn_val_accu: 57.98, contrast_loss: 8.41, contrast_acc: 20.87, gan_train_loss: 0.6923, gan_eval_loss: 0.4837
2022-07-08 22:24:29,134 DEBUG epoch:47, knn_val_accu: 58.40, contrast_loss: 8.32, contrast_acc: 19.97, gan_train_loss: 0.6942, gan_eval_loss: 0.4891
2022-07-08 22:28:39,151 DEBUG epoch:48, knn_val_accu: 59.23, contrast_loss: 8.21, contrast_acc: 22.46, gan_train_loss: 0.6992, gan_eval_loss: 0.4680
2022-07-08 22:32:50,730 DEBUG epoch:49, knn_val_accu: 58.56, contrast_loss: 8.18, contrast_acc: 20.29, gan_train_loss: 0.6992, gan_eval_loss: 0.4900
2022-07-08 22:37:05,597 DEBUG epoch:50, knn_val_accu: 58.57, contrast_loss: 8.31, contrast_acc: 20.57, gan_train_loss: 0.6661, gan_eval_loss: 0.5022
2022-07-08 22:41:18,087 DEBUG epoch:51, knn_val_accu: 58.89, contrast_loss: 8.32, contrast_acc: 20.00, gan_train_loss: 0.6804, gan_eval_loss: 0.4960
2022-07-08 22:45:30,511 DEBUG epoch:52, knn_val_accu: 58.56, contrast_loss: 8.23, contrast_acc: 20.52, gan_train_loss: 0.6917, gan_eval_loss: 0.4940
2022-07-08 22:49:43,534 DEBUG epoch:53, knn_val_accu: 59.55, contrast_loss: 8.24, contrast_acc: 19.91, gan_train_loss: 0.6810, gan_eval_loss: 0.4963
2022-07-08 22:53:56,490 DEBUG epoch:54, knn_val_accu: 58.95, contrast_loss: 8.21, contrast_acc: 19.83, gan_train_loss: 0.6804, gan_eval_loss: 0.4952
2022-07-08 22:58:09,262 DEBUG epoch:55, knn_val_accu: 57.79, contrast_loss: 8.43, contrast_acc: 20.25, gan_train_loss: 0.6854, gan_eval_loss: 0.4945
2022-07-08 23:02:22,058 DEBUG epoch:56, knn_val_accu: 59.69, contrast_loss: 8.00, contrast_acc: 21.54, gan_train_loss: 0.6990, gan_eval_loss: 0.4937
2022-07-08 23:06:35,205 DEBUG epoch:57, knn_val_accu: 59.62, contrast_loss: 8.06, contrast_acc: 20.76, gan_train_loss: 0.7133, gan_eval_loss: 0.4922
2022-07-08 23:10:46,979 DEBUG epoch:58, knn_val_accu: 59.57, contrast_loss: 8.01, contrast_acc: 21.50, gan_train_loss: 0.7183, gan_eval_loss: 0.4894
2022-07-08 23:14:58,328 DEBUG epoch:59, knn_val_accu: 59.08, contrast_loss: 8.18, contrast_acc: 20.73, gan_train_loss: 0.7046, gan_eval_loss: 0.4861
2022-07-08 23:19:13,536 DEBUG epoch:60, knn_val_accu: 59.30, contrast_loss: 8.39, contrast_acc: 20.59, gan_train_loss: 0.6772, gan_eval_loss: 0.5022
2022-07-08 23:23:26,805 DEBUG epoch:61, knn_val_accu: 58.60, contrast_loss: 8.26, contrast_acc: 21.14, gan_train_loss: 0.6536, gan_eval_loss: 0.4978
2022-07-08 23:27:39,529 DEBUG epoch:62, knn_val_accu: 59.71, contrast_loss: 8.30, contrast_acc: 19.93, gan_train_loss: 0.6608, gan_eval_loss: 0.4915
2022-07-08 23:31:52,420 DEBUG epoch:63, knn_val_accu: 59.48, contrast_loss: 8.05, contrast_acc: 21.42, gan_train_loss: 0.6922, gan_eval_loss: 0.4937
2022-07-08 23:36:02,080 DEBUG epoch:64, knn_val_accu: 59.82, contrast_loss: 8.06, contrast_acc: 21.98, gan_train_loss: 0.7150, gan_eval_loss: 0.4813
2022-07-08 23:40:11,157 DEBUG epoch:65, knn_val_accu: 59.25, contrast_loss: 8.26, contrast_acc: 20.33, gan_train_loss: 0.6976, gan_eval_loss: 0.4849
2022-07-08 23:44:20,601 DEBUG epoch:66, knn_val_accu: 60.29, contrast_loss: 8.10, contrast_acc: 21.85, gan_train_loss: 0.6769, gan_eval_loss: 0.4832
2022-07-08 23:48:28,639 DEBUG epoch:67, knn_val_accu: 59.45, contrast_loss: 7.97, contrast_acc: 22.52, gan_train_loss: 0.7052, gan_eval_loss: 0.4786
2022-07-08 23:52:39,763 DEBUG epoch:68, knn_val_accu: 59.49, contrast_loss: 7.92, contrast_acc: 22.35, gan_train_loss: 0.6371, gan_eval_loss: 0.4911
2022-07-08 23:56:48,399 DEBUG epoch:69, knn_val_accu: 60.11, contrast_loss: 8.04, contrast_acc: 22.23, gan_train_loss: 0.6625, gan_eval_loss: 0.4674
2022-07-09 00:00:57,803 DEBUG epoch:70, knn_val_accu: 59.23, contrast_loss: 7.86, contrast_acc: 22.87, gan_train_loss: 0.7183, gan_eval_loss: 0.4820
2022-07-09 00:05:09,031 DEBUG epoch:71, knn_val_accu: 60.13, contrast_loss: 8.22, contrast_acc: 21.19, gan_train_loss: 0.7260, gan_eval_loss: 0.4921
2022-07-09 00:09:19,117 DEBUG epoch:72, knn_val_accu: 59.63, contrast_loss: 8.02, contrast_acc: 22.95, gan_train_loss: 0.7041, gan_eval_loss: 0.4742
2022-07-09 00:13:28,113 DEBUG epoch:73, knn_val_accu: 60.49, contrast_loss: 8.00, contrast_acc: 22.55, gan_train_loss: 0.7049, gan_eval_loss: 0.4791
2022-07-09 00:18:01,978 DEBUG epoch:74, knn_val_accu: 60.12, contrast_loss: 7.93, contrast_acc: 23.69, gan_train_loss: 0.7025, gan_eval_loss: 0.4787
2022-07-09 00:22:38,541 DEBUG epoch:75, knn_val_accu: 60.32, contrast_loss: 8.00, contrast_acc: 22.09, gan_train_loss: 0.6913, gan_eval_loss: 0.4913
2022-07-09 00:27:14,290 DEBUG epoch:76, knn_val_accu: 59.52, contrast_loss: 7.86, contrast_acc: 22.26, gan_train_loss: 0.7065, gan_eval_loss: 0.4858
2022-07-09 00:31:41,199 DEBUG epoch:77, knn_val_accu: 59.60, contrast_loss: 7.99, contrast_acc: 22.65, gan_train_loss: 0.7212, gan_eval_loss: 0.4825
2022-07-09 00:35:55,991 DEBUG epoch:78, knn_val_accu: 58.50, contrast_loss: 8.43, contrast_acc: 19.59, gan_train_loss: 0.7202, gan_eval_loss: 0.4883
2022-07-09 00:40:05,030 DEBUG epoch:79, knn_val_accu: 60.38, contrast_loss: 8.33, contrast_acc: 20.38, gan_train_loss: 0.7000, gan_eval_loss: 0.4890
2022-07-09 00:44:15,846 DEBUG epoch:80, knn_val_accu: 58.89, contrast_loss: 8.37, contrast_acc: 19.43, gan_train_loss: 0.7284, gan_eval_loss: 0.4877
2022-07-09 00:48:27,949 DEBUG epoch:81, knn_val_accu: 59.99, contrast_loss: 8.01, contrast_acc: 22.21, gan_train_loss: 0.7013, gan_eval_loss: 0.4839
2022-07-09 00:52:39,956 DEBUG epoch:82, knn_val_accu: 61.07, contrast_loss: 7.98, contrast_acc: 22.00, gan_train_loss: 0.6903, gan_eval_loss: 0.4836
2022-07-09 00:56:53,536 DEBUG epoch:83, knn_val_accu: 59.69, contrast_loss: 8.06, contrast_acc: 22.12, gan_train_loss: 0.7166, gan_eval_loss: 0.4762
2022-07-09 01:01:07,518 DEBUG epoch:84, knn_val_accu: 60.67, contrast_loss: 7.77, contrast_acc: 22.95, gan_train_loss: 0.7108, gan_eval_loss: 0.4914
2022-07-09 01:05:21,221 DEBUG epoch:85, knn_val_accu: 59.35, contrast_loss: 7.95, contrast_acc: 22.39, gan_train_loss: 0.6993, gan_eval_loss: 0.4918
2022-07-09 01:09:35,413 DEBUG epoch:86, knn_val_accu: 59.61, contrast_loss: 8.11, contrast_acc: 20.48, gan_train_loss: 0.7134, gan_eval_loss: 0.4864
2022-07-09 01:13:48,577 DEBUG epoch:87, knn_val_accu: 60.80, contrast_loss: 7.90, contrast_acc: 21.96, gan_train_loss: 0.7053, gan_eval_loss: 0.4897
2022-07-09 01:18:05,130 DEBUG epoch:88, knn_val_accu: 59.76, contrast_loss: 7.95, contrast_acc: 21.94, gan_train_loss: 0.7204, gan_eval_loss: 0.4896
2022-07-09 01:22:17,023 DEBUG epoch:89, knn_val_accu: 59.16, contrast_loss: 7.75, contrast_acc: 23.10, gan_train_loss: 0.7169, gan_eval_loss: 0.4793
2022-07-09 01:26:29,683 DEBUG epoch:90, knn_val_accu: 60.44, contrast_loss: 7.75, contrast_acc: 23.45, gan_train_loss: 0.7202, gan_eval_loss: 0.4893
2022-07-09 01:30:43,407 DEBUG epoch:91, knn_val_accu: 60.88, contrast_loss: 7.66, contrast_acc: 23.06, gan_train_loss: 0.7065, gan_eval_loss: 0.4836
2022-07-09 01:34:54,409 DEBUG epoch:92, knn_val_accu: 60.91, contrast_loss: 7.76, contrast_acc: 22.74, gan_train_loss: 0.6906, gan_eval_loss: 0.4699
2022-07-09 01:39:05,230 DEBUG epoch:93, knn_val_accu: 61.39, contrast_loss: 7.78, contrast_acc: 21.92, gan_train_loss: 0.7023, gan_eval_loss: 0.4762
2022-07-09 01:43:17,242 DEBUG epoch:94, knn_val_accu: 62.44, contrast_loss: 7.97, contrast_acc: 21.35, gan_train_loss: 0.7487, gan_eval_loss: 0.4666
2022-07-09 01:47:27,605 DEBUG epoch:95, knn_val_accu: 61.89, contrast_loss: 7.56, contrast_acc: 23.53, gan_train_loss: 0.7439, gan_eval_loss: 0.4781
2022-07-09 01:51:40,036 DEBUG epoch:96, knn_val_accu: 61.64, contrast_loss: 7.59, contrast_acc: 22.85, gan_train_loss: 0.7230, gan_eval_loss: 0.4707
2022-07-09 01:55:52,055 DEBUG epoch:97, knn_val_accu: 9.37, contrast_loss: 10.69, contrast_acc: 31.29, gan_train_loss: 0.7324, gan_eval_loss: 0.4695
2022-07-09 02:00:07,915 DEBUG epoch:98, knn_val_accu: 10.13, contrast_loss: 15.31, contrast_acc: 100.00, gan_train_loss: 0.5853, gan_eval_loss: 0.4995
2022-07-09 02:04:26,457 DEBUG epoch:99, knn_val_accu: 9.96, contrast_loss: 14.35, contrast_acc: 100.00, gan_train_loss: 0.5515, gan_eval_loss: 0.5084
2022-07-09 02:08:47,439 DEBUG epoch:100, knn_val_accu: 11.96, contrast_loss: 14.33, contrast_acc: 99.99, gan_train_loss: 0.5227, gan_eval_loss: 0.5188
2022-07-09 02:13:08,970 DEBUG epoch:101, knn_val_accu: 11.94, contrast_loss: 14.23, contrast_acc: 99.94, gan_train_loss: 0.5138, gan_eval_loss: 0.5137
2022-07-09 02:17:31,691 DEBUG epoch:102, knn_val_accu: 10.00, contrast_loss: 14.43, contrast_acc: 96.29, gan_train_loss: 0.5210, gan_eval_loss: 0.5208
2022-07-09 02:21:52,948 DEBUG epoch:103, knn_val_accu: 10.02, contrast_loss: 14.14, contrast_acc: 100.00, gan_train_loss: 0.5201, gan_eval_loss: 0.5194
2022-07-09 02:26:15,329 DEBUG epoch:104, knn_val_accu: 10.36, contrast_loss: 14.27, contrast_acc: 100.00, gan_train_loss: 0.5252, gan_eval_loss: 0.5238
2022-07-09 02:30:37,866 DEBUG epoch:105, knn_val_accu: 10.03, contrast_loss: 14.23, contrast_acc: 96.99, gan_train_loss: 0.5211, gan_eval_loss: 0.5209
2022-07-09 02:34:59,729 DEBUG epoch:106, knn_val_accu: 12.44, contrast_loss: 14.23, contrast_acc: 88.00, gan_train_loss: 0.5256, gan_eval_loss: 0.5019
2022-07-09 02:39:15,140 DEBUG epoch:107, knn_val_accu: 10.00, contrast_loss: 13.74, contrast_acc: 99.97, gan_train_loss: 0.5388, gan_eval_loss: 0.4892
2022-07-09 02:43:33,384 DEBUG epoch:108, knn_val_accu: 15.20, contrast_loss: 14.11, contrast_acc: 94.53, gan_train_loss: 0.5171, gan_eval_loss: 0.5032
2022-07-09 02:47:55,652 DEBUG epoch:109, knn_val_accu: 9.62, contrast_loss: 14.11, contrast_acc: 99.42, gan_train_loss: 0.5138, gan_eval_loss: 0.5081
2022-07-09 02:52:10,475 DEBUG epoch:110, knn_val_accu: 10.13, contrast_loss: 13.81, contrast_acc: 100.00, gan_train_loss: 0.5633, gan_eval_loss: 0.4888
2022-07-09 02:56:23,645 DEBUG epoch:111, knn_val_accu: 10.17, contrast_loss: 13.89, contrast_acc: 100.00, gan_train_loss: 0.5639, gan_eval_loss: 0.4789
2022-07-09 03:00:39,299 DEBUG epoch:112, knn_val_accu: 10.00, contrast_loss: 13.96, contrast_acc: 100.00, gan_train_loss: 0.5532, gan_eval_loss: 0.4689
2022-07-09 03:04:58,071 DEBUG epoch:113, knn_val_accu: 10.00, contrast_loss: 14.13, contrast_acc: 98.88, gan_train_loss: 0.5274, gan_eval_loss: 0.5050
2022-07-09 03:09:16,040 DEBUG epoch:114, knn_val_accu: 10.00, contrast_loss: 15.14, contrast_acc: 100.00, gan_train_loss: 0.5313, gan_eval_loss: 0.4992
2022-07-09 03:13:27,726 DEBUG epoch:115, knn_val_accu: 10.49, contrast_loss: 14.23, contrast_acc: 100.00, gan_train_loss: 0.5584, gan_eval_loss: 0.4912
2022-07-09 03:17:43,834 DEBUG epoch:116, knn_val_accu: 10.00, contrast_loss: 14.15, contrast_acc: 100.00, gan_train_loss: 0.5305, gan_eval_loss: 0.4935
2022-07-09 03:21:55,621 DEBUG epoch:117, knn_val_accu: 10.34, contrast_loss: 14.40, contrast_acc: 100.00, gan_train_loss: 0.5601, gan_eval_loss: 0.4588
2022-07-09 03:26:04,884 DEBUG epoch:118, knn_val_accu: 10.00, contrast_loss: 14.46, contrast_acc: 100.00, gan_train_loss: 0.5532, gan_eval_loss: 0.4601
2022-07-09 03:30:16,543 DEBUG epoch:119, knn_val_accu: 9.69, contrast_loss: 14.16, contrast_acc: 100.00, gan_train_loss: 0.5775, gan_eval_loss: 0.4431
2022-07-09 03:34:26,291 DEBUG epoch:120, knn_val_accu: 11.13, contrast_loss: 13.89, contrast_acc: 100.00, gan_train_loss: 0.5632, gan_eval_loss: 0.4478
2022-07-09 03:38:34,274 DEBUG epoch:121, knn_val_accu: 10.00, contrast_loss: 13.91, contrast_acc: 100.00, gan_train_loss: 0.5421, gan_eval_loss: 0.4655
2022-07-09 03:42:45,048 DEBUG epoch:122, knn_val_accu: 10.00, contrast_loss: 14.24, contrast_acc: 100.00, gan_train_loss: 0.5406, gan_eval_loss: 0.4607
2022-07-09 03:46:55,538 DEBUG epoch:123, knn_val_accu: 10.00, contrast_loss: 14.44, contrast_acc: 99.74, gan_train_loss: 0.5271, gan_eval_loss: 0.4892
2022-07-09 03:51:06,604 DEBUG epoch:124, knn_val_accu: 9.99, contrast_loss: 15.44, contrast_acc: 97.85, gan_train_loss: 0.5126, gan_eval_loss: 0.4744
2022-07-09 03:55:28,178 DEBUG epoch:125, knn_val_accu: 10.04, contrast_loss: 14.59, contrast_acc: 100.00, gan_train_loss: 0.5098, gan_eval_loss: 0.5050
2022-07-09 03:59:47,730 DEBUG epoch:126, knn_val_accu: 10.20, contrast_loss: 14.77, contrast_acc: 100.00, gan_train_loss: 0.5122, gan_eval_loss: 0.5036
2022-07-09 04:04:01,157 DEBUG epoch:127, knn_val_accu: 10.18, contrast_loss: 15.60, contrast_acc: 100.00, gan_train_loss: 0.5327, gan_eval_loss: 0.4938
2022-07-09 04:08:15,850 DEBUG epoch:128, knn_val_accu: 10.58, contrast_loss: 14.38, contrast_acc: 100.00, gan_train_loss: 0.5078, gan_eval_loss: 0.4960
2022-07-09 04:12:36,532 DEBUG epoch:129, knn_val_accu: 10.00, contrast_loss: 13.89, contrast_acc: 100.00, gan_train_loss: 0.5161, gan_eval_loss: 0.5065
2022-07-09 04:16:50,080 DEBUG epoch:130, knn_val_accu: 10.00, contrast_loss: 14.66, contrast_acc: 100.00, gan_train_loss: 0.5553, gan_eval_loss: 0.4879
2022-07-09 04:21:00,702 DEBUG epoch:131, knn_val_accu: 9.72, contrast_loss: 14.51, contrast_acc: 100.00, gan_train_loss: 0.5331, gan_eval_loss: 0.4832
2022-07-09 04:25:18,717 DEBUG epoch:132, knn_val_accu: 10.00, contrast_loss: 14.56, contrast_acc: 93.51, gan_train_loss: 0.5137, gan_eval_loss: 0.5019
2022-07-09 04:29:36,890 DEBUG epoch:133, knn_val_accu: 10.00, contrast_loss: 14.46, contrast_acc: 99.99, gan_train_loss: 0.5064, gan_eval_loss: 0.5014
2022-07-09 04:33:53,964 DEBUG epoch:134, knn_val_accu: 10.00, contrast_loss: 15.05, contrast_acc: 100.00, gan_train_loss: 0.5310, gan_eval_loss: 0.4991
2022-07-09 04:38:13,973 DEBUG epoch:135, knn_val_accu: 10.00, contrast_loss: 15.26, contrast_acc: 100.00, gan_train_loss: 0.5097, gan_eval_loss: 0.5033
2022-07-09 04:42:32,176 DEBUG epoch:136, knn_val_accu: 10.00, contrast_loss: 14.14, contrast_acc: 100.00, gan_train_loss: 0.5233, gan_eval_loss: 0.5029
2022-07-09 04:46:43,052 DEBUG epoch:137, knn_val_accu: 10.00, contrast_loss: 14.38, contrast_acc: 100.00, gan_train_loss: 0.5702, gan_eval_loss: 0.4686
2022-07-09 04:50:55,759 DEBUG epoch:138, knn_val_accu: 10.00, contrast_loss: 15.79, contrast_acc: 100.00, gan_train_loss: 0.5042, gan_eval_loss: 0.4869
2022-07-09 04:55:13,767 DEBUG epoch:139, knn_val_accu: 10.00, contrast_loss: 16.18, contrast_acc: 100.00, gan_train_loss: 0.5065, gan_eval_loss: 0.5034
2022-07-09 04:59:38,071 DEBUG epoch:140, knn_val_accu: 10.00, contrast_loss: 16.31, contrast_acc: 100.00, gan_train_loss: 0.5112, gan_eval_loss: 0.5101
2022-07-09 05:04:01,063 DEBUG epoch:141, knn_val_accu: 10.00, contrast_loss: 16.27, contrast_acc: 100.00, gan_train_loss: 0.5133, gan_eval_loss: 0.5109
2022-07-09 05:08:18,499 DEBUG epoch:142, knn_val_accu: 10.00, contrast_loss: 14.97, contrast_acc: 100.00, gan_train_loss: 0.5285, gan_eval_loss: 0.5025
2022-07-09 05:12:29,494 DEBUG epoch:143, knn_val_accu: 10.00, contrast_loss: 15.59, contrast_acc: 100.00, gan_train_loss: 0.5686, gan_eval_loss: 0.4795
2022-07-09 05:16:39,895 DEBUG epoch:144, knn_val_accu: 10.00, contrast_loss: 15.10, contrast_acc: 100.00, gan_train_loss: 0.5744, gan_eval_loss: 0.4686
2022-07-09 05:20:51,199 DEBUG epoch:145, knn_val_accu: 10.06, contrast_loss: 14.34, contrast_acc: 99.49, gan_train_loss: 0.5201, gan_eval_loss: 0.4762
2022-07-09 05:25:10,536 DEBUG epoch:146, knn_val_accu: 10.00, contrast_loss: 14.47, contrast_acc: 100.00, gan_train_loss: 0.5093, gan_eval_loss: 0.5050
2022-07-09 05:29:23,783 DEBUG epoch:147, knn_val_accu: 10.00, contrast_loss: 16.00, contrast_acc: 90.80, gan_train_loss: 0.5577, gan_eval_loss: 0.4891
2022-07-09 05:33:34,308 DEBUG epoch:148, knn_val_accu: 10.00, contrast_loss: 16.33, contrast_acc: 100.00, gan_train_loss: 0.5676, gan_eval_loss: 0.4465
2022-07-09 05:37:43,287 DEBUG epoch:149, knn_val_accu: 10.00, contrast_loss: 15.33, contrast_acc: 100.00, gan_train_loss: 0.5697, gan_eval_loss: 0.4473
2022-07-09 05:41:53,152 DEBUG epoch:150, knn_val_accu: 10.00, contrast_loss: 15.38, contrast_acc: 100.00, gan_train_loss: 0.5602, gan_eval_loss: 0.4651
2022-07-09 05:46:07,435 DEBUG epoch:151, knn_val_accu: 10.00, contrast_loss: 15.60, contrast_acc: 100.00, gan_train_loss: 0.5321, gan_eval_loss: 0.4899
2022-07-09 05:50:27,769 DEBUG epoch:152, knn_val_accu: 10.00, contrast_loss: 16.19, contrast_acc: 100.00, gan_train_loss: 0.5092, gan_eval_loss: 0.5088
2022-07-09 05:54:51,273 DEBUG epoch:153, knn_val_accu: 9.83, contrast_loss: 15.41, contrast_acc: 100.00, gan_train_loss: 0.5114, gan_eval_loss: 0.5110
2022-07-09 05:59:15,071 DEBUG epoch:154, knn_val_accu: 10.00, contrast_loss: 15.64, contrast_acc: 99.97, gan_train_loss: 0.5130, gan_eval_loss: 0.5131
2022-07-09 06:03:38,524 DEBUG epoch:155, knn_val_accu: 10.30, contrast_loss: 15.02, contrast_acc: 70.11, gan_train_loss: 0.5127, gan_eval_loss: 0.5127
2022-07-09 06:08:03,959 DEBUG epoch:156, knn_val_accu: 10.00, contrast_loss: 14.52, contrast_acc: 90.78, gan_train_loss: 0.5137, gan_eval_loss: 0.5136
2022-07-09 06:12:26,875 DEBUG epoch:157, knn_val_accu: 10.00, contrast_loss: 15.27, contrast_acc: 100.00, gan_train_loss: 0.5141, gan_eval_loss: 0.5141
2022-07-09 06:16:50,750 DEBUG epoch:158, knn_val_accu: 10.00, contrast_loss: 14.89, contrast_acc: 99.81, gan_train_loss: 0.5130, gan_eval_loss: 0.5105
2022-07-09 06:21:09,605 DEBUG epoch:159, knn_val_accu: 10.00, contrast_loss: 15.09, contrast_acc: 100.00, gan_train_loss: 0.5171, gan_eval_loss: 0.5061
2022-07-09 06:25:33,575 DEBUG epoch:160, knn_val_accu: 10.00, contrast_loss: 16.97, contrast_acc: 100.00, gan_train_loss: 0.5164, gan_eval_loss: 0.5127
2022-07-09 06:29:52,971 DEBUG epoch:161, knn_val_accu: 10.00, contrast_loss: 16.17, contrast_acc: 100.00, gan_train_loss: 0.5008, gan_eval_loss: 0.4993
2022-07-09 06:34:11,740 DEBUG epoch:162, knn_val_accu: 9.99, contrast_loss: 17.15, contrast_acc: 100.00, gan_train_loss: 0.5052, gan_eval_loss: 0.5048
2022-07-09 06:38:35,696 DEBUG epoch:163, knn_val_accu: 9.98, contrast_loss: 17.09, contrast_acc: 100.00, gan_train_loss: 0.5110, gan_eval_loss: 0.5110
2022-07-09 06:42:58,384 DEBUG epoch:164, knn_val_accu: 10.00, contrast_loss: 16.85, contrast_acc: 100.00, gan_train_loss: 0.5107, gan_eval_loss: 0.5107
2022-07-09 06:47:22,903 DEBUG epoch:165, knn_val_accu: 11.32, contrast_loss: 15.51, contrast_acc: 76.85, gan_train_loss: 0.5131, gan_eval_loss: 0.5131
2022-07-09 06:51:46,417 DEBUG epoch:166, knn_val_accu: 10.58, contrast_loss: 14.46, contrast_acc: 91.45, gan_train_loss: 0.5137, gan_eval_loss: 0.5137
2022-07-09 06:56:09,930 DEBUG epoch:167, knn_val_accu: 10.25, contrast_loss: 14.52, contrast_acc: 97.27, gan_train_loss: 0.5132, gan_eval_loss: 0.5132
2022-07-09 07:00:34,503 DEBUG epoch:168, knn_val_accu: 10.00, contrast_loss: 15.57, contrast_acc: 93.43, gan_train_loss: 0.5128, gan_eval_loss: 0.5126
2022-07-09 07:04:56,522 DEBUG epoch:169, knn_val_accu: 10.50, contrast_loss: 16.12, contrast_acc: 86.98, gan_train_loss: 0.5141, gan_eval_loss: 0.5130
2022-07-09 07:09:17,492 DEBUG epoch:170, knn_val_accu: 10.00, contrast_loss: 17.30, contrast_acc: 99.10, gan_train_loss: 0.5131, gan_eval_loss: 0.4982
2022-07-09 07:13:41,116 DEBUG epoch:171, knn_val_accu: 10.00, contrast_loss: 17.36, contrast_acc: 100.00, gan_train_loss: 0.5134, gan_eval_loss: 0.5107
2022-07-09 07:18:05,786 DEBUG epoch:172, knn_val_accu: 10.00, contrast_loss: 17.19, contrast_acc: 100.00, gan_train_loss: 0.5151, gan_eval_loss: 0.5111
2022-07-09 07:22:28,655 DEBUG epoch:173, knn_val_accu: 9.52, contrast_loss: 14.95, contrast_acc: 100.00, gan_train_loss: 0.5136, gan_eval_loss: 0.5128
2022-07-09 07:26:51,694 DEBUG epoch:174, knn_val_accu: 10.00, contrast_loss: 15.37, contrast_acc: 100.00, gan_train_loss: 0.5117, gan_eval_loss: 0.5107
2022-07-09 07:31:16,519 DEBUG epoch:175, knn_val_accu: 9.55, contrast_loss: 16.85, contrast_acc: 95.70, gan_train_loss: 0.5156, gan_eval_loss: 0.5126
2022-07-09 07:35:38,508 DEBUG epoch:176, knn_val_accu: 11.30, contrast_loss: 15.87, contrast_acc: 96.40, gan_train_loss: 0.5132, gan_eval_loss: 0.5121
2022-07-09 07:40:01,900 DEBUG epoch:177, knn_val_accu: 10.18, contrast_loss: 15.09, contrast_acc: 100.00, gan_train_loss: 0.5152, gan_eval_loss: 0.5117
2022-07-09 07:44:18,827 DEBUG epoch:178, knn_val_accu: 10.00, contrast_loss: 14.89, contrast_acc: 100.00, gan_train_loss: 0.5273, gan_eval_loss: 0.5011
2022-07-09 07:48:32,499 DEBUG epoch:179, knn_val_accu: 10.00, contrast_loss: 15.14, contrast_acc: 100.00, gan_train_loss: 0.5238, gan_eval_loss: 0.4866
2022-07-09 07:52:50,380 DEBUG epoch:180, knn_val_accu: 10.00, contrast_loss: 15.37, contrast_acc: 98.80, gan_train_loss: 0.5235, gan_eval_loss: 0.4979
2022-07-09 07:57:05,369 DEBUG epoch:181, knn_val_accu: 11.14, contrast_loss: 16.52, contrast_acc: 98.13, gan_train_loss: 0.5341, gan_eval_loss: 0.4976
2022-07-09 08:01:21,127 DEBUG epoch:182, knn_val_accu: 10.00, contrast_loss: 17.00, contrast_acc: 100.00, gan_train_loss: 0.5063, gan_eval_loss: 0.4971
2022-07-09 08:05:37,693 DEBUG epoch:183, knn_val_accu: 10.00, contrast_loss: 15.89, contrast_acc: 99.49, gan_train_loss: 0.5204, gan_eval_loss: 0.5008
2022-07-09 08:09:56,545 DEBUG epoch:184, knn_val_accu: 10.05, contrast_loss: 16.45, contrast_acc: 100.00, gan_train_loss: 0.5081, gan_eval_loss: 0.5044
2022-07-09 08:14:19,403 DEBUG epoch:185, knn_val_accu: 10.03, contrast_loss: 16.81, contrast_acc: 97.95, gan_train_loss: 0.5099, gan_eval_loss: 0.5085
2022-07-09 08:18:41,179 DEBUG epoch:186, knn_val_accu: 10.00, contrast_loss: 15.45, contrast_acc: 100.00, gan_train_loss: 0.5097, gan_eval_loss: 0.5090
2022-07-09 08:23:05,499 DEBUG epoch:187, knn_val_accu: 10.00, contrast_loss: 16.54, contrast_acc: 100.00, gan_train_loss: 0.5153, gan_eval_loss: 0.5121
2022-07-09 08:27:28,244 DEBUG epoch:188, knn_val_accu: 10.00, contrast_loss: 15.38, contrast_acc: 100.00, gan_train_loss: 0.5145, gan_eval_loss: 0.5133
2022-07-09 08:31:54,710 DEBUG epoch:189, knn_val_accu: 9.71, contrast_loss: 16.38, contrast_acc: 100.00, gan_train_loss: 0.5186, gan_eval_loss: 0.5140
2022-07-09 08:36:13,688 DEBUG epoch:190, knn_val_accu: 9.71, contrast_loss: 16.86, contrast_acc: 100.00, gan_train_loss: 0.5145, gan_eval_loss: 0.5045
2022-07-09 08:40:36,554 DEBUG epoch:191, knn_val_accu: 10.00, contrast_loss: 17.11, contrast_acc: 100.00, gan_train_loss: 0.5174, gan_eval_loss: 0.5113
2022-07-09 08:45:00,763 DEBUG epoch:192, knn_val_accu: 10.00, contrast_loss: 17.15, contrast_acc: 100.00, gan_train_loss: 0.5194, gan_eval_loss: 0.5133
2022-07-09 08:49:22,644 DEBUG epoch:193, knn_val_accu: 9.36, contrast_loss: 17.32, contrast_acc: 98.76, gan_train_loss: 0.5142, gan_eval_loss: 0.5082
2022-07-09 08:53:47,562 DEBUG epoch:194, knn_val_accu: 9.98, contrast_loss: 17.40, contrast_acc: 22.19, gan_train_loss: 0.5192, gan_eval_loss: 0.5139
2022-07-09 08:58:10,076 DEBUG epoch:195, knn_val_accu: 10.00, contrast_loss: 17.40, contrast_acc: 14.17, gan_train_loss: 0.5118, gan_eval_loss: 0.5104
2022-07-09 09:02:37,574 DEBUG epoch:196, knn_val_accu: 10.00, contrast_loss: 17.40, contrast_acc: 38.21, gan_train_loss: 0.5161, gan_eval_loss: 0.5152
2022-07-09 09:07:03,186 DEBUG epoch:197, knn_val_accu: 10.00, contrast_loss: 17.40, contrast_acc: 0.00, gan_train_loss: 0.5192, gan_eval_loss: 0.5182
2022-07-09 09:11:26,954 DEBUG epoch:198, knn_val_accu: 10.00, contrast_loss: 17.40, contrast_acc: 0.00, gan_train_loss: 0.5210, gan_eval_loss: 0.5210
2022-07-09 09:15:52,591 DEBUG epoch:199, knn_val_accu: 10.00, contrast_loss: 17.40, contrast_acc: 0.00, gan_train_loss: 0.5251, gan_eval_loss: 0.5251
2022-07-09 09:20:16,970 DEBUG epoch:200, knn_val_accu: 10.00, contrast_loss: 17.40, contrast_acc: 0.00, gan_train_loss: 0.5326, gan_eval_loss: 0.5326
2022-07-09 09:20:26,002 DEBUG final knn evaluation accuracy is 10.00
2022-07-09 09:32:59,715 DEBUG final linear-probe evaluation accuracy is 10.00
2022-07-09 09:37:28,948 DEBUG final semi-supervised evaluation accuracy with 10% data is 18.75
2022-07-09 09:40:56,758 DEBUG final semi-supervised evaluation accuracy with 1% data is 13.98
2022-07-10 04:48:41,556 DEBUG Enable ResSFL fine-tuning: arch-res_normN4C64-alpha-2.0-ssim-0.5, using cifar100 as auxiliary data
2022-07-10 04:48:50,729 DEBUG final knn evaluation accuracy is 62.44
