2022-07-11 17:06:36,099 DEBUG Generating IR ...... (may take a while)
2022-07-11 17:06:39,780 DEBUG epoch [1/50], train_loss 0.0354 (0.0692), val_loss 0.0569 (0.0575)
2022-07-11 17:06:41,214 DEBUG epoch [2/50], train_loss 0.0483 (0.0594), val_loss 0.0424 (0.0533)
2022-07-11 17:06:42,722 DEBUG epoch [3/50], train_loss 0.0537 (0.0546), val_loss 0.0424 (0.0498)
2022-07-11 17:06:44,344 DEBUG epoch [4/50], train_loss 0.0205 (0.0504), val_loss 0.0477 (0.0474)
2022-07-11 17:06:45,894 DEBUG epoch [5/50], train_loss 0.0376 (0.0467), val_loss 0.0356 (0.0444)
2022-07-11 17:06:47,447 DEBUG epoch [6/50], train_loss 0.0214 (0.0434), val_loss 0.0316 (0.0422)
2022-07-11 17:06:49,050 DEBUG epoch [7/50], train_loss 0.1128 (0.0408), val_loss 0.0325 (0.0402)
2022-07-11 17:06:50,594 DEBUG epoch [8/50], train_loss 0.0343 (0.0389), val_loss 0.0302 (0.0389)
2022-07-11 17:06:52,135 DEBUG epoch [9/50], train_loss 0.0350 (0.0373), val_loss 0.0269 (0.0374)
2022-07-11 17:06:53,719 DEBUG epoch [10/50], train_loss 0.0437 (0.0358), val_loss 0.0279 (0.0361)
2022-07-11 17:06:55,178 DEBUG epoch [11/50], train_loss 0.0302 (0.0344), val_loss 0.0208 (0.0351)
2022-07-11 17:06:56,605 DEBUG epoch [12/50], train_loss 0.0210 (0.0331), val_loss 0.0200 (0.0341)
2022-07-11 17:06:58,117 DEBUG epoch [13/50], train_loss 0.0401 (0.0320), val_loss 0.0277 (0.0336)
2022-07-11 17:06:59,684 DEBUG epoch [14/50], train_loss 0.0220 (0.0313), val_loss 0.0216 (0.0331)
2022-07-11 17:07:01,339 DEBUG epoch [15/50], train_loss 0.0419 (0.0306), val_loss 0.0198 (0.0324)
2022-07-11 17:07:02,984 DEBUG epoch [16/50], train_loss 0.0457 (0.0298), val_loss 0.0207 (0.0318)
2022-07-11 17:07:04,445 DEBUG epoch [17/50], train_loss 0.0213 (0.0291), val_loss 0.0203 (0.0312)
2022-07-11 17:07:05,989 DEBUG epoch [18/50], train_loss 0.0344 (0.0284), val_loss 0.0224 (0.0307)
2022-07-11 17:07:07,506 DEBUG epoch [19/50], train_loss 0.0282 (0.0277), val_loss 0.0216 (0.0302)
2022-07-11 17:07:08,939 DEBUG epoch [20/50], train_loss 0.0127 (0.0271), val_loss 0.0206 (0.0297)
2022-07-11 17:07:10,465 DEBUG epoch [21/50], train_loss 0.0266 (0.0265), val_loss 0.0216 (0.0292)
2022-07-11 17:07:11,964 DEBUG epoch [22/50], train_loss 0.0221 (0.0259), val_loss 0.0240 (0.0288)
2022-07-11 17:07:13,583 DEBUG epoch [23/50], train_loss 0.0366 (0.0254), val_loss 0.0210 (0.0284)
2022-07-11 17:07:15,106 DEBUG epoch [24/50], train_loss 0.0277 (0.0249), val_loss 0.0217 (0.0281)
2022-07-11 17:07:16,702 DEBUG epoch [25/50], train_loss 0.0234 (0.0244), val_loss 0.0243 (0.0277)
2022-07-11 17:07:18,073 DEBUG epoch [26/50], train_loss 0.1028 (0.0240), val_loss 0.0201 (0.0275)
2022-07-11 17:07:19,638 DEBUG epoch [27/50], train_loss 0.0318 (0.0237), val_loss 0.0172 (0.0272)
2022-07-11 17:07:21,265 DEBUG epoch [28/50], train_loss 0.0318 (0.0234), val_loss 0.0182 (0.0270)
2022-07-11 17:07:22,727 DEBUG epoch [29/50], train_loss 0.0153 (0.0230), val_loss 0.0201 (0.0267)
2022-07-11 17:07:24,270 DEBUG epoch [30/50], train_loss 0.0167 (0.0227), val_loss 0.0216 (0.0265)
2022-07-11 17:07:25,738 DEBUG epoch [31/50], train_loss 0.0177 (0.0224), val_loss 0.0175 (0.0262)
2022-07-11 17:07:27,217 DEBUG epoch [32/50], train_loss 0.0474 (0.0220), val_loss 0.0184 (0.0260)
2022-07-11 17:07:28,716 DEBUG epoch [33/50], train_loss 0.0133 (0.0217), val_loss 0.0169 (0.0258)
2022-07-11 17:07:30,172 DEBUG epoch [34/50], train_loss 0.0233 (0.0214), val_loss 0.0277 (0.0256)
2022-07-11 17:07:31,665 DEBUG epoch [35/50], train_loss 0.0379 (0.0212), val_loss 0.0205 (0.0254)
2022-07-11 17:07:33,051 DEBUG epoch [36/50], train_loss 0.0372 (0.0209), val_loss 0.0195 (0.0253)
2022-07-11 17:07:34,540 DEBUG epoch [37/50], train_loss 0.0130 (0.0207), val_loss 0.0183 (0.0251)
2022-07-11 17:07:36,037 DEBUG epoch [38/50], train_loss 0.0173 (0.0205), val_loss 0.0220 (0.0250)
2022-07-11 17:07:37,655 DEBUG epoch [39/50], train_loss 0.0059 (0.0202), val_loss 0.0202 (0.0248)
2022-07-11 17:07:39,166 DEBUG epoch [40/50], train_loss 0.0246 (0.0199), val_loss 0.0192 (0.0246)
2022-07-11 17:07:40,649 DEBUG epoch [41/50], train_loss 0.0124 (0.0197), val_loss 0.0181 (0.0245)
2022-07-11 17:07:42,176 DEBUG epoch [42/50], train_loss 0.0251 (0.0194), val_loss 0.0192 (0.0243)
2022-07-11 17:07:43,644 DEBUG epoch [43/50], train_loss 0.0158 (0.0192), val_loss 0.0157 (0.0242)
2022-07-11 17:07:45,133 DEBUG epoch [44/50], train_loss 0.0110 (0.0190), val_loss 0.0135 (0.0241)
2022-07-11 17:07:46,622 DEBUG epoch [45/50], train_loss 0.0296 (0.0188), val_loss 0.0175 (0.0239)
2022-07-11 17:07:48,203 DEBUG epoch [46/50], train_loss 0.0251 (0.0186), val_loss 0.0217 (0.0238)
2022-07-11 17:07:49,770 DEBUG epoch [47/50], train_loss 0.0155 (0.0184), val_loss 0.0157 (0.0237)
2022-07-11 17:07:51,350 DEBUG epoch [48/50], train_loss 0.0214 (0.0182), val_loss 0.0156 (0.0236)
2022-07-11 17:07:52,851 DEBUG epoch [49/50], train_loss 0.0278 (0.0180), val_loss 0.0190 (0.0234)
2022-07-11 17:07:54,316 DEBUG epoch [50/50], train_loss 0.0243 (0.0178), val_loss 0.0201 (0.0233)
2022-07-11 17:07:54,317 DEBUG Using MIA arch res_normN4C64 Best Validation Loss is 0.013492750003933907
2022-07-11 17:07:55,737 DEBUG MSE Loss on ALL Image is 0.0123 (Real Attack Results on the Target Client)
2022-07-11 17:07:55,738 DEBUG SSIM Loss on ALL Image is 0.8093 (Real Attack Results on the Target Client)
2022-07-11 17:07:55,738 DEBUG PSNR Loss on ALL Image is 19.4752 (Real Attack Results on the Target Client)
2022-07-12 19:13:28,605 DEBUG Generating IR ...... (may take a while)
2022-07-12 19:13:32,313 DEBUG epoch [1/50], train_loss 0.0394 (0.0693), val_loss 0.0639 (0.0639)
2022-07-12 19:13:33,744 DEBUG epoch [2/50], train_loss 0.0759 (0.0621), val_loss 0.0524 (0.0604)
2022-07-12 19:13:35,060 DEBUG epoch [3/50], train_loss 0.0532 (0.0585), val_loss 0.0538 (0.0586)
2022-07-12 19:13:36,540 DEBUG epoch [4/50], train_loss 0.0530 (0.0559), val_loss 0.0636 (0.0576)
2022-07-12 19:13:37,879 DEBUG epoch [5/50], train_loss 0.0848 (0.0540), val_loss 0.0616 (0.0569)
2022-07-12 19:13:39,317 DEBUG epoch [6/50], train_loss 0.0287 (0.0527), val_loss 0.0546 (0.0564)
2022-07-12 19:13:40,882 DEBUG epoch [7/50], train_loss 0.1211 (0.0516), val_loss 0.0585 (0.0558)
2022-07-12 19:13:42,215 DEBUG epoch [8/50], train_loss 0.0507 (0.0506), val_loss 0.0544 (0.0557)
2022-07-12 19:13:43,639 DEBUG epoch [9/50], train_loss 0.0426 (0.0500), val_loss 0.0538 (0.0552)
2022-07-12 19:13:45,100 DEBUG epoch [10/50], train_loss 0.0849 (0.0494), val_loss 0.0510 (0.0549)
2022-07-12 19:13:46,465 DEBUG epoch [11/50], train_loss 0.0768 (0.0487), val_loss 0.0458 (0.0546)
2022-07-12 19:13:47,990 DEBUG epoch [12/50], train_loss 0.0292 (0.0481), val_loss 0.0405 (0.0541)
2022-07-12 19:13:49,407 DEBUG epoch [13/50], train_loss 0.0450 (0.0474), val_loss 0.0463 (0.0538)
2022-07-12 19:13:50,784 DEBUG epoch [14/50], train_loss 0.0449 (0.0467), val_loss 0.0424 (0.0536)
2022-07-12 19:13:52,238 DEBUG epoch [15/50], train_loss 0.0826 (0.0462), val_loss 0.0483 (0.0533)
2022-07-12 19:13:53,599 DEBUG epoch [16/50], train_loss 0.0618 (0.0457), val_loss 0.0522 (0.0531)
2022-07-12 19:13:54,994 DEBUG epoch [17/50], train_loss 0.0418 (0.0452), val_loss 0.0519 (0.0528)
2022-07-12 19:13:56,365 DEBUG epoch [18/50], train_loss 0.0694 (0.0447), val_loss 0.0535 (0.0526)
2022-07-12 19:13:57,688 DEBUG epoch [19/50], train_loss 0.0434 (0.0441), val_loss 0.0641 (0.0528)
2022-07-12 19:13:59,124 DEBUG epoch [20/50], train_loss 0.0343 (0.0439), val_loss 0.0546 (0.0527)
2022-07-12 19:14:00,477 DEBUG epoch [21/50], train_loss 0.0426 (0.0435), val_loss 0.0632 (0.0525)
2022-07-12 19:14:01,836 DEBUG epoch [22/50], train_loss 0.0421 (0.0429), val_loss 0.0496 (0.0524)
2022-07-12 19:14:03,140 DEBUG epoch [23/50], train_loss 0.0600 (0.0424), val_loss 0.0538 (0.0524)
2022-07-12 19:14:04,533 DEBUG epoch [24/50], train_loss 0.0498 (0.0418), val_loss 0.0496 (0.0523)
2022-07-12 19:14:05,939 DEBUG epoch [25/50], train_loss 0.0432 (0.0413), val_loss 0.0536 (0.0521)
2022-07-12 19:14:07,297 DEBUG epoch [26/50], train_loss 0.1141 (0.0408), val_loss 0.0469 (0.0521)
2022-07-12 19:14:08,659 DEBUG epoch [27/50], train_loss 0.0631 (0.0404), val_loss 0.0460 (0.0520)
2022-07-12 19:14:10,088 DEBUG epoch [28/50], train_loss 0.0663 (0.0401), val_loss 0.0455 (0.0519)
2022-07-12 19:14:11,450 DEBUG epoch [29/50], train_loss 0.0426 (0.0399), val_loss 0.0419 (0.0518)
2022-07-12 19:14:12,916 DEBUG epoch [30/50], train_loss 0.0439 (0.0395), val_loss 0.0522 (0.0518)
2022-07-12 19:14:14,223 DEBUG epoch [31/50], train_loss 0.0330 (0.0392), val_loss 0.0476 (0.0516)
2022-07-12 19:14:15,549 DEBUG epoch [32/50], train_loss 0.0532 (0.0388), val_loss 0.0392 (0.0514)
2022-07-12 19:14:17,041 DEBUG epoch [33/50], train_loss 0.0311 (0.0384), val_loss 0.0429 (0.0514)
2022-07-12 19:14:18,471 DEBUG epoch [34/50], train_loss 0.0682 (0.0380), val_loss 0.0528 (0.0513)
2022-07-12 19:14:19,888 DEBUG epoch [35/50], train_loss 0.0623 (0.0377), val_loss 0.0486 (0.0512)
2022-07-12 19:14:21,341 DEBUG epoch [36/50], train_loss 0.0669 (0.0374), val_loss 0.0593 (0.0512)
2022-07-12 19:14:22,730 DEBUG epoch [37/50], train_loss 0.0391 (0.0370), val_loss 0.0459 (0.0512)
2022-07-12 19:14:24,184 DEBUG epoch [38/50], train_loss 0.0192 (0.0367), val_loss 0.0504 (0.0510)
2022-07-12 19:14:25,686 DEBUG epoch [39/50], train_loss 0.0211 (0.0363), val_loss 0.0465 (0.0510)
2022-07-12 19:14:27,145 DEBUG epoch [40/50], train_loss 0.0440 (0.0359), val_loss 0.0538 (0.0510)
2022-07-12 19:14:28,703 DEBUG epoch [41/50], train_loss 0.0251 (0.0355), val_loss 0.0511 (0.0509)
2022-07-12 19:14:30,195 DEBUG epoch [42/50], train_loss 0.0259 (0.0352), val_loss 0.0498 (0.0509)
2022-07-12 19:14:31,615 DEBUG epoch [43/50], train_loss 0.0296 (0.0348), val_loss 0.0432 (0.0508)
2022-07-12 19:14:33,047 DEBUG epoch [44/50], train_loss 0.0342 (0.0344), val_loss 0.0502 (0.0508)
2022-07-12 19:14:34,468 DEBUG epoch [45/50], train_loss 0.0401 (0.0341), val_loss 0.0459 (0.0507)
2022-07-12 19:14:35,912 DEBUG epoch [46/50], train_loss 0.0308 (0.0338), val_loss 0.0512 (0.0507)
2022-07-12 19:14:37,299 DEBUG epoch [47/50], train_loss 0.0288 (0.0335), val_loss 0.0439 (0.0506)
2022-07-12 19:14:38,663 DEBUG epoch [48/50], train_loss 0.0359 (0.0332), val_loss 0.0430 (0.0506)
2022-07-12 19:14:39,984 DEBUG epoch [49/50], train_loss 0.0349 (0.0329), val_loss 0.0456 (0.0506)
2022-07-12 19:14:41,481 DEBUG epoch [50/50], train_loss 0.0318 (0.0326), val_loss 0.0477 (0.0505)
2022-07-12 19:14:41,482 DEBUG Using MIA arch res_normN4C64 Best Validation Loss is 0.03921730816364288
2022-07-12 19:14:42,681 DEBUG MSE Loss on ALL Image is 0.0284 (Real Attack Results on the Target Client)
2022-07-12 19:14:42,682 DEBUG SSIM Loss on ALL Image is 0.5685 (Real Attack Results on the Target Client)
2022-07-12 19:14:42,682 DEBUG PSNR Loss on ALL Image is 15.8295 (Real Attack Results on the Target Client)
2022-07-17 02:15:31,979 DEBUG Generating IR ...... (may take a while)
2022-07-17 02:15:35,435 DEBUG epoch [1/50], train_loss 0.0976 (0.0663), val_loss 0.0689 (0.0630)
2022-07-17 02:15:36,731 DEBUG epoch [2/50], train_loss 0.0618 (0.0599), val_loss 0.0594 (0.0601)
2022-07-17 02:15:38,053 DEBUG epoch [3/50], train_loss 0.0439 (0.0570), val_loss 0.0521 (0.0590)
2022-07-17 02:15:39,528 DEBUG epoch [4/50], train_loss 0.0523 (0.0551), val_loss 0.0533 (0.0581)
2022-07-17 02:15:40,873 DEBUG epoch [5/50], train_loss 0.0367 (0.0536), val_loss 0.0643 (0.0575)
2022-07-17 02:15:42,203 DEBUG epoch [6/50], train_loss 0.0429 (0.0524), val_loss 0.0624 (0.0571)
2022-07-17 02:15:43,632 DEBUG epoch [7/50], train_loss 0.0621 (0.0515), val_loss 0.0479 (0.0567)
2022-07-17 02:15:45,020 DEBUG epoch [8/50], train_loss 0.0548 (0.0507), val_loss 0.0584 (0.0563)
2022-07-17 02:15:46,457 DEBUG epoch [9/50], train_loss 0.0628 (0.0501), val_loss 0.0533 (0.0560)
2022-07-17 02:15:47,764 DEBUG epoch [10/50], train_loss 0.0402 (0.0496), val_loss 0.0557 (0.0557)
2022-07-17 02:15:49,195 DEBUG epoch [11/50], train_loss 0.0566 (0.0490), val_loss 0.0551 (0.0554)
2022-07-17 02:15:50,491 DEBUG epoch [12/50], train_loss 0.0513 (0.0485), val_loss 0.0598 (0.0552)
2022-07-17 02:15:51,948 DEBUG epoch [13/50], train_loss 0.0349 (0.0479), val_loss 0.0562 (0.0549)
2022-07-17 02:15:53,257 DEBUG epoch [14/50], train_loss 0.0587 (0.0473), val_loss 0.0616 (0.0548)
2022-07-17 02:15:54,534 DEBUG epoch [15/50], train_loss 0.0605 (0.0469), val_loss 0.0440 (0.0547)
2022-07-17 02:15:55,803 DEBUG epoch [16/50], train_loss 0.0604 (0.0465), val_loss 0.0424 (0.0545)
2022-07-17 02:15:57,219 DEBUG epoch [17/50], train_loss 0.0943 (0.0461), val_loss 0.0468 (0.0544)
2022-07-17 02:15:58,511 DEBUG epoch [18/50], train_loss 0.0769 (0.0456), val_loss 0.0569 (0.0541)
2022-07-17 02:15:59,943 DEBUG epoch [19/50], train_loss 0.0824 (0.0451), val_loss 0.0447 (0.0539)
2022-07-17 02:16:01,308 DEBUG epoch [20/50], train_loss 0.0839 (0.0446), val_loss 0.0561 (0.0538)
2022-07-17 02:16:02,682 DEBUG epoch [21/50], train_loss 0.0497 (0.0443), val_loss 0.0666 (0.0538)
2022-07-17 02:16:04,072 DEBUG epoch [22/50], train_loss 0.0391 (0.0439), val_loss 0.0545 (0.0537)
2022-07-17 02:16:05,418 DEBUG epoch [23/50], train_loss 0.0625 (0.0434), val_loss 0.0414 (0.0536)
2022-07-17 02:16:06,864 DEBUG epoch [24/50], train_loss 0.0380 (0.0431), val_loss 0.0560 (0.0536)
2022-07-17 02:16:08,166 DEBUG epoch [25/50], train_loss 0.0559 (0.0428), val_loss 0.0491 (0.0535)
2022-07-17 02:16:09,554 DEBUG epoch [26/50], train_loss 0.0420 (0.0424), val_loss 0.0511 (0.0533)
2022-07-17 02:16:10,934 DEBUG epoch [27/50], train_loss 0.0430 (0.0419), val_loss 0.0560 (0.0532)
2022-07-17 02:16:12,335 DEBUG epoch [28/50], train_loss 0.0527 (0.0414), val_loss 0.0551 (0.0534)
2022-07-17 02:16:13,695 DEBUG epoch [29/50], train_loss 0.0312 (0.0410), val_loss 0.0546 (0.0534)
2022-07-17 02:16:15,100 DEBUG epoch [30/50], train_loss 0.0940 (0.0406), val_loss 0.0473 (0.0534)
2022-07-17 02:16:16,486 DEBUG epoch [31/50], train_loss 0.0337 (0.0401), val_loss 0.0539 (0.0533)
2022-07-17 02:16:17,906 DEBUG epoch [32/50], train_loss 0.0501 (0.0398), val_loss 0.0530 (0.0533)
2022-07-17 02:16:19,229 DEBUG epoch [33/50], train_loss 0.0497 (0.0394), val_loss 0.0576 (0.0533)
2022-07-17 02:16:20,566 DEBUG epoch [34/50], train_loss 0.0299 (0.0391), val_loss 0.0574 (0.0533)
2022-07-17 02:16:21,861 DEBUG epoch [35/50], train_loss 0.0457 (0.0387), val_loss 0.0564 (0.0533)
2022-07-17 02:16:23,274 DEBUG epoch [36/50], train_loss 0.0310 (0.0383), val_loss 0.0485 (0.0532)
2022-07-17 02:16:24,576 DEBUG epoch [37/50], train_loss 0.0177 (0.0379), val_loss 0.0434 (0.0531)
2022-07-17 02:16:26,078 DEBUG epoch [38/50], train_loss 0.0417 (0.0375), val_loss 0.0575 (0.0531)
2022-07-17 02:16:27,528 DEBUG epoch [39/50], train_loss 0.0307 (0.0373), val_loss 0.0464 (0.0530)
2022-07-17 02:16:28,923 DEBUG epoch [40/50], train_loss 0.0628 (0.0370), val_loss 0.0499 (0.0531)
2022-07-17 02:16:30,369 DEBUG epoch [41/50], train_loss 0.0272 (0.0367), val_loss 0.0635 (0.0531)
2022-07-17 02:16:31,782 DEBUG epoch [42/50], train_loss 0.0237 (0.0364), val_loss 0.0564 (0.0531)
2022-07-17 02:16:33,183 DEBUG epoch [43/50], train_loss 0.0138 (0.0361), val_loss 0.0566 (0.0530)
2022-07-17 02:16:34,603 DEBUG epoch [44/50], train_loss 0.0374 (0.0357), val_loss 0.0484 (0.0530)
2022-07-17 02:16:35,961 DEBUG epoch [45/50], train_loss 0.0284 (0.0354), val_loss 0.0609 (0.0530)
2022-07-17 02:16:37,446 DEBUG epoch [46/50], train_loss 0.0337 (0.0350), val_loss 0.0541 (0.0530)
2022-07-17 02:16:38,858 DEBUG epoch [47/50], train_loss 0.0425 (0.0347), val_loss 0.0556 (0.0531)
2022-07-17 02:16:40,280 DEBUG epoch [48/50], train_loss 0.0471 (0.0344), val_loss 0.0552 (0.0530)
2022-07-17 02:16:41,542 DEBUG epoch [49/50], train_loss 0.0588 (0.0340), val_loss 0.0614 (0.0530)
2022-07-17 02:16:42,908 DEBUG epoch [50/50], train_loss 0.0872 (0.0338), val_loss 0.0485 (0.0531)
2022-07-17 02:16:42,908 DEBUG Using MIA arch res_normN4C64 Best Validation Loss is 0.04142763093113899
2022-07-17 02:16:44,249 DEBUG MSE Loss on ALL Image is 0.0329 (Real Attack Results on the Target Client)
2022-07-17 02:16:44,249 DEBUG SSIM Loss on ALL Image is 0.5228 (Real Attack Results on the Target Client)
2022-07-17 02:16:44,249 DEBUG PSNR Loss on ALL Image is 15.3283 (Real Attack Results on the Target Client)
