2022-07-10 21:38:44,851 DEBUG Enable ResSFL fine-tuning: arch-res_normN4C64-alpha-2.0-ssim-0.6, using svhn as auxiliary data
2022-07-10 21:38:45,196 DEBUG SFL-Moco (ResSFL-expert) Train on cifar10 with cutlayer 2: total epochs: 200
2022-07-10 21:44:26,124 DEBUG epoch:1, knn_val_accu: 39.21, contrast_loss: 13.78, contrast_acc: 14.26, gan_train_loss: 0.6091, gan_eval_loss: 0.5761
2022-07-10 21:50:14,750 DEBUG epoch:2, knn_val_accu: 40.66, contrast_loss: 13.18, contrast_acc: 8.73, gan_train_loss: 0.6543, gan_eval_loss: 0.5960
2022-07-10 21:56:01,741 DEBUG epoch:3, knn_val_accu: 31.57, contrast_loss: 13.08, contrast_acc: 7.80, gan_train_loss: 0.6694, gan_eval_loss: 0.5916
2022-07-10 22:01:51,593 DEBUG epoch:4, knn_val_accu: 41.15, contrast_loss: 13.04, contrast_acc: 9.28, gan_train_loss: 0.6375, gan_eval_loss: 0.5967
2022-07-10 22:07:37,009 DEBUG epoch:5, knn_val_accu: 44.70, contrast_loss: 12.52, contrast_acc: 9.65, gan_train_loss: 0.6631, gan_eval_loss: 0.5849
2022-07-10 22:13:29,181 DEBUG epoch:6, knn_val_accu: 46.72, contrast_loss: 11.75, contrast_acc: 11.41, gan_train_loss: 0.6511, gan_eval_loss: 0.6047
2022-07-10 22:19:30,119 DEBUG epoch:7, knn_val_accu: 48.68, contrast_loss: 11.22, contrast_acc: 13.21, gan_train_loss: 0.6564, gan_eval_loss: 0.6064
2022-07-10 22:25:25,478 DEBUG epoch:8, knn_val_accu: 51.00, contrast_loss: 10.49, contrast_acc: 16.13, gan_train_loss: 0.6861, gan_eval_loss: 0.5926
2022-07-10 22:31:24,076 DEBUG epoch:9, knn_val_accu: 52.21, contrast_loss: 9.88, contrast_acc: 18.31, gan_train_loss: 0.6943, gan_eval_loss: 0.6008
2022-07-10 22:37:18,236 DEBUG epoch:10, knn_val_accu: 52.52, contrast_loss: 9.49, contrast_acc: 19.70, gan_train_loss: 0.7213, gan_eval_loss: 0.5749
2022-07-10 22:43:13,464 DEBUG epoch:11, knn_val_accu: 52.95, contrast_loss: 8.96, contrast_acc: 21.58, gan_train_loss: 0.7455, gan_eval_loss: 0.5834
2022-07-10 22:49:12,093 DEBUG epoch:12, knn_val_accu: 52.68, contrast_loss: 8.93, contrast_acc: 19.80, gan_train_loss: 0.7360, gan_eval_loss: 0.5800
2022-07-10 22:55:13,491 DEBUG epoch:13, knn_val_accu: 53.64, contrast_loss: 8.32, contrast_acc: 23.98, gan_train_loss: 0.8105, gan_eval_loss: 0.5558
2022-07-10 23:01:17,748 DEBUG epoch:14, knn_val_accu: 52.67, contrast_loss: 8.15, contrast_acc: 23.74, gan_train_loss: 0.8289, gan_eval_loss: 0.5578
2022-07-10 23:07:20,660 DEBUG epoch:15, knn_val_accu: 53.14, contrast_loss: 8.01, contrast_acc: 23.96, gan_train_loss: 0.8219, gan_eval_loss: 0.5632
2022-07-10 23:13:26,165 DEBUG epoch:16, knn_val_accu: 52.79, contrast_loss: 9.04, contrast_acc: 19.52, gan_train_loss: 0.8438, gan_eval_loss: 0.5733
2022-07-10 23:19:28,570 DEBUG epoch:17, knn_val_accu: 52.33, contrast_loss: 7.81, contrast_acc: 24.59, gan_train_loss: 0.8609, gan_eval_loss: 0.5612
2022-07-10 23:25:16,509 DEBUG epoch:18, knn_val_accu: 53.82, contrast_loss: 7.87, contrast_acc: 23.58, gan_train_loss: 0.8854, gan_eval_loss: 0.5425
2022-07-10 23:31:06,501 DEBUG epoch:19, knn_val_accu: 12.61, contrast_loss: 11.36, contrast_acc: 41.54, gan_train_loss: 0.8071, gan_eval_loss: 0.5584
2022-07-10 23:36:53,630 DEBUG epoch:20, knn_val_accu: 16.90, contrast_loss: 15.20, contrast_acc: 97.41, gan_train_loss: 0.7222, gan_eval_loss: 0.4193
2022-07-10 23:42:41,758 DEBUG epoch:21, knn_val_accu: 9.03, contrast_loss: 14.43, contrast_acc: 92.26, gan_train_loss: 0.6360, gan_eval_loss: 0.4721
2022-07-10 23:48:29,325 DEBUG epoch:22, knn_val_accu: 9.67, contrast_loss: 14.13, contrast_acc: 100.00, gan_train_loss: 0.5753, gan_eval_loss: 0.4907
2022-07-10 23:54:18,070 DEBUG epoch:23, knn_val_accu: 9.50, contrast_loss: 14.00, contrast_acc: 99.99, gan_train_loss: 0.5900, gan_eval_loss: 0.4475
2022-07-11 00:00:06,178 DEBUG epoch:24, knn_val_accu: 11.13, contrast_loss: 13.97, contrast_acc: 99.53, gan_train_loss: 0.5801, gan_eval_loss: 0.4615
2022-07-11 00:05:52,813 DEBUG epoch:25, knn_val_accu: 8.78, contrast_loss: 14.13, contrast_acc: 95.35, gan_train_loss: 0.5649, gan_eval_loss: 0.4905
2022-07-11 00:11:40,803 DEBUG epoch:26, knn_val_accu: 10.17, contrast_loss: 14.30, contrast_acc: 99.96, gan_train_loss: 0.6221, gan_eval_loss: 0.4736
2022-07-11 00:17:26,384 DEBUG epoch:27, knn_val_accu: 8.77, contrast_loss: 14.24, contrast_acc: 97.91, gan_train_loss: 0.6256, gan_eval_loss: 0.4736
2022-07-11 00:23:11,646 DEBUG epoch:28, knn_val_accu: 10.59, contrast_loss: 14.95, contrast_acc: 99.37, gan_train_loss: 0.5556, gan_eval_loss: 0.5290
2022-07-11 00:28:56,215 DEBUG epoch:29, knn_val_accu: 9.59, contrast_loss: 14.28, contrast_acc: 90.43, gan_train_loss: 0.5639, gan_eval_loss: 0.5612
2022-07-11 00:34:40,540 DEBUG epoch:30, knn_val_accu: 11.06, contrast_loss: 14.14, contrast_acc: 99.98, gan_train_loss: 0.5095, gan_eval_loss: 0.5076
2022-07-11 00:40:26,430 DEBUG epoch:31, knn_val_accu: 7.06, contrast_loss: 14.83, contrast_acc: 100.00, gan_train_loss: 0.4797, gan_eval_loss: 0.4797
2022-07-11 00:46:12,015 DEBUG epoch:32, knn_val_accu: 9.34, contrast_loss: 15.59, contrast_acc: 97.91, gan_train_loss: 0.4795, gan_eval_loss: 0.4795
2022-07-11 00:51:58,067 DEBUG epoch:33, knn_val_accu: 10.39, contrast_loss: 15.76, contrast_acc: 100.00, gan_train_loss: 0.4809, gan_eval_loss: 0.4809
2022-07-11 00:57:46,163 DEBUG epoch:34, knn_val_accu: 8.11, contrast_loss: 15.04, contrast_acc: 98.08, gan_train_loss: 0.4906, gan_eval_loss: 0.4892
2022-07-11 01:03:31,019 DEBUG epoch:35, knn_val_accu: 10.90, contrast_loss: 14.71, contrast_acc: 100.00, gan_train_loss: 0.4813, gan_eval_loss: 0.4805
2022-07-11 01:09:16,256 DEBUG epoch:36, knn_val_accu: 9.98, contrast_loss: 15.12, contrast_acc: 100.00, gan_train_loss: 0.4833, gan_eval_loss: 0.4829
2022-07-11 01:15:02,320 DEBUG epoch:37, knn_val_accu: 12.27, contrast_loss: 14.24, contrast_acc: 100.00, gan_train_loss: 0.4999, gan_eval_loss: 0.4952
2022-07-11 01:20:52,691 DEBUG epoch:38, knn_val_accu: 8.15, contrast_loss: 14.18, contrast_acc: 100.00, gan_train_loss: 0.5259, gan_eval_loss: 0.5127
2022-07-11 01:26:47,721 DEBUG epoch:39, knn_val_accu: 9.66, contrast_loss: 14.74, contrast_acc: 100.00, gan_train_loss: 0.5403, gan_eval_loss: 0.5224
2022-07-11 01:32:41,573 DEBUG epoch:40, knn_val_accu: 9.24, contrast_loss: 15.43, contrast_acc: 100.00, gan_train_loss: 0.4962, gan_eval_loss: 0.4963
2022-07-11 01:38:38,283 DEBUG epoch:41, knn_val_accu: 9.37, contrast_loss: 16.37, contrast_acc: 100.00, gan_train_loss: 0.4956, gan_eval_loss: 0.4953
2022-07-11 01:44:31,349 DEBUG epoch:42, knn_val_accu: 11.02, contrast_loss: 16.34, contrast_acc: 100.00, gan_train_loss: 0.4942, gan_eval_loss: 0.4931
2022-07-11 01:50:25,186 DEBUG epoch:43, knn_val_accu: 10.03, contrast_loss: 14.53, contrast_acc: 99.65, gan_train_loss: 0.4926, gan_eval_loss: 0.4898
2022-07-11 01:56:13,734 DEBUG epoch:44, knn_val_accu: 9.79, contrast_loss: 14.61, contrast_acc: 99.48, gan_train_loss: 0.4915, gan_eval_loss: 0.4861
2022-07-11 02:01:56,603 DEBUG epoch:45, knn_val_accu: 9.89, contrast_loss: 16.07, contrast_acc: 99.65, gan_train_loss: 0.4902, gan_eval_loss: 0.4819
2022-07-11 02:07:39,502 DEBUG epoch:46, knn_val_accu: 9.47, contrast_loss: 15.78, contrast_acc: 100.00, gan_train_loss: 0.4888, gan_eval_loss: 0.4761
2022-07-11 02:13:23,006 DEBUG epoch:47, knn_val_accu: 10.00, contrast_loss: 16.47, contrast_acc: 98.43, gan_train_loss: 0.4863, gan_eval_loss: 0.4705
2022-07-11 02:19:06,977 DEBUG epoch:48, knn_val_accu: 10.00, contrast_loss: 16.49, contrast_acc: 100.00, gan_train_loss: 0.4851, gan_eval_loss: 0.4669
2022-07-11 02:24:48,303 DEBUG epoch:49, knn_val_accu: 10.51, contrast_loss: 15.69, contrast_acc: 100.00, gan_train_loss: 0.4838, gan_eval_loss: 0.4652
2022-07-11 02:30:24,598 DEBUG epoch:50, knn_val_accu: 10.10, contrast_loss: 14.90, contrast_acc: 100.00, gan_train_loss: 0.4820, gan_eval_loss: 0.4641
2022-07-11 02:36:00,371 DEBUG epoch:51, knn_val_accu: 10.00, contrast_loss: 14.91, contrast_acc: 100.00, gan_train_loss: 0.4814, gan_eval_loss: 0.4634
2022-07-11 02:41:44,438 DEBUG epoch:52, knn_val_accu: 10.00, contrast_loss: 14.62, contrast_acc: 100.00, gan_train_loss: 0.4806, gan_eval_loss: 0.4615
2022-07-11 02:47:20,662 DEBUG epoch:53, knn_val_accu: 10.00, contrast_loss: 15.14, contrast_acc: 98.43, gan_train_loss: 0.4799, gan_eval_loss: 0.4628
2022-07-11 02:52:55,144 DEBUG epoch:54, knn_val_accu: 10.01, contrast_loss: 15.17, contrast_acc: 100.00, gan_train_loss: 0.4793, gan_eval_loss: 0.4661
2022-07-11 02:58:32,868 DEBUG epoch:55, knn_val_accu: 10.00, contrast_loss: 16.41, contrast_acc: 100.00, gan_train_loss: 0.4790, gan_eval_loss: 0.4612
2022-07-11 03:04:10,354 DEBUG epoch:56, knn_val_accu: 10.00, contrast_loss: 15.98, contrast_acc: 97.91, gan_train_loss: 0.4792, gan_eval_loss: 0.4661
2022-07-11 03:09:46,649 DEBUG epoch:57, knn_val_accu: 10.00, contrast_loss: 15.40, contrast_acc: 100.00, gan_train_loss: 0.4791, gan_eval_loss: 0.4465
2022-07-11 03:15:29,453 DEBUG epoch:58, knn_val_accu: 10.00, contrast_loss: 14.76, contrast_acc: 100.00, gan_train_loss: 0.4795, gan_eval_loss: 0.4575
2022-07-11 03:21:12,993 DEBUG epoch:59, knn_val_accu: 10.00, contrast_loss: 15.68, contrast_acc: 100.00, gan_train_loss: 0.4792, gan_eval_loss: 0.4788
2022-07-11 03:26:54,863 DEBUG epoch:60, knn_val_accu: 10.00, contrast_loss: 15.95, contrast_acc: 100.00, gan_train_loss: 0.4790, gan_eval_loss: 0.4790
2022-07-11 03:32:37,138 DEBUG epoch:61, knn_val_accu: 10.00, contrast_loss: 16.21, contrast_acc: 100.00, gan_train_loss: 0.4787, gan_eval_loss: 0.4787
2022-07-11 03:38:19,331 DEBUG epoch:62, knn_val_accu: 10.00, contrast_loss: 17.10, contrast_acc: 100.00, gan_train_loss: 0.4796, gan_eval_loss: 0.4796
2022-07-11 03:44:01,914 DEBUG epoch:63, knn_val_accu: 10.00, contrast_loss: 15.29, contrast_acc: 100.00, gan_train_loss: 0.4784, gan_eval_loss: 0.4784
2022-07-11 03:49:44,829 DEBUG epoch:64, knn_val_accu: 10.00, contrast_loss: 15.38, contrast_acc: 100.00, gan_train_loss: 0.4792, gan_eval_loss: 0.4792
2022-07-11 03:55:27,812 DEBUG epoch:65, knn_val_accu: 10.00, contrast_loss: 15.24, contrast_acc: 100.00, gan_train_loss: 0.4789, gan_eval_loss: 0.4789
2022-07-11 04:01:09,886 DEBUG epoch:66, knn_val_accu: 10.00, contrast_loss: 15.23, contrast_acc: 100.00, gan_train_loss: 0.4793, gan_eval_loss: 0.4793
2022-07-11 04:06:52,000 DEBUG epoch:67, knn_val_accu: 10.00, contrast_loss: 15.71, contrast_acc: 100.00, gan_train_loss: 0.4792, gan_eval_loss: 0.4791
2022-07-11 04:12:34,897 DEBUG epoch:68, knn_val_accu: 10.00, contrast_loss: 16.10, contrast_acc: 100.00, gan_train_loss: 0.4793, gan_eval_loss: 0.4793
2022-07-11 04:18:18,263 DEBUG epoch:69, knn_val_accu: 10.00, contrast_loss: 16.68, contrast_acc: 100.00, gan_train_loss: 0.4787, gan_eval_loss: 0.4787
2022-07-11 04:24:00,694 DEBUG epoch:70, knn_val_accu: 10.00, contrast_loss: 15.86, contrast_acc: 100.00, gan_train_loss: 0.4789, gan_eval_loss: 0.4789
2022-07-11 04:29:43,991 DEBUG epoch:71, knn_val_accu: 10.00, contrast_loss: 15.23, contrast_acc: 100.00, gan_train_loss: 0.4789, gan_eval_loss: 0.4789
2022-07-11 04:35:25,523 DEBUG epoch:72, knn_val_accu: 10.00, contrast_loss: 15.41, contrast_acc: 100.00, gan_train_loss: 0.4790, gan_eval_loss: 0.4788
2022-07-11 04:41:09,197 DEBUG epoch:73, knn_val_accu: 10.00, contrast_loss: 15.17, contrast_acc: 100.00, gan_train_loss: 0.4787, gan_eval_loss: 0.4786
2022-07-11 04:46:52,116 DEBUG epoch:74, knn_val_accu: 10.00, contrast_loss: 15.13, contrast_acc: 98.95, gan_train_loss: 0.4790, gan_eval_loss: 0.4790
2022-07-11 04:52:36,469 DEBUG epoch:75, knn_val_accu: 10.00, contrast_loss: 16.23, contrast_acc: 100.00, gan_train_loss: 0.4787, gan_eval_loss: 0.4787
2022-07-11 04:58:14,890 DEBUG epoch:76, knn_val_accu: 10.00, contrast_loss: 15.09, contrast_acc: 99.65, gan_train_loss: 0.4790, gan_eval_loss: 0.4790
2022-07-11 05:03:55,152 DEBUG epoch:77, knn_val_accu: 10.00, contrast_loss: 15.09, contrast_acc: 100.00, gan_train_loss: 0.4793, gan_eval_loss: 0.4793
2022-07-11 05:09:30,494 DEBUG epoch:78, knn_val_accu: 10.00, contrast_loss: 15.02, contrast_acc: 100.00, gan_train_loss: 0.4792, gan_eval_loss: 0.4790
2022-07-11 05:15:08,063 DEBUG epoch:79, knn_val_accu: 10.00, contrast_loss: 15.34, contrast_acc: 100.00, gan_train_loss: 0.4791, gan_eval_loss: 0.4791
2022-07-11 05:20:44,776 DEBUG epoch:80, knn_val_accu: 10.00, contrast_loss: 15.39, contrast_acc: 99.48, gan_train_loss: 0.4788, gan_eval_loss: 0.4788
2022-07-11 05:26:19,384 DEBUG epoch:81, knn_val_accu: 10.00, contrast_loss: 15.63, contrast_acc: 100.00, gan_train_loss: 0.4790, gan_eval_loss: 0.4790
2022-07-11 05:32:02,974 DEBUG epoch:82, knn_val_accu: 10.00, contrast_loss: 16.04, contrast_acc: 100.00, gan_train_loss: 0.4788, gan_eval_loss: 0.4788
2022-07-11 05:37:46,568 DEBUG epoch:83, knn_val_accu: 10.00, contrast_loss: 16.26, contrast_acc: 100.00, gan_train_loss: 0.4788, gan_eval_loss: 0.4788
2022-07-11 05:43:31,012 DEBUG epoch:84, knn_val_accu: 10.00, contrast_loss: 16.40, contrast_acc: 100.00, gan_train_loss: 0.4794, gan_eval_loss: 0.4794
2022-07-11 05:49:14,912 DEBUG epoch:85, knn_val_accu: 10.00, contrast_loss: 15.49, contrast_acc: 100.00, gan_train_loss: 0.4786, gan_eval_loss: 0.4786
2022-07-11 05:54:57,632 DEBUG epoch:86, knn_val_accu: 10.00, contrast_loss: 15.66, contrast_acc: 100.00, gan_train_loss: 0.4790, gan_eval_loss: 0.4790
2022-07-11 06:00:40,502 DEBUG epoch:87, knn_val_accu: 10.00, contrast_loss: 15.35, contrast_acc: 100.00, gan_train_loss: 0.4790, gan_eval_loss: 0.4790
2022-07-11 06:06:22,170 DEBUG epoch:88, knn_val_accu: 10.00, contrast_loss: 15.10, contrast_acc: 99.83, gan_train_loss: 0.4786, gan_eval_loss: 0.4786
2022-07-11 06:12:07,365 DEBUG epoch:89, knn_val_accu: 10.00, contrast_loss: 15.18, contrast_acc: 100.00, gan_train_loss: 0.4792, gan_eval_loss: 0.4792
2022-07-11 06:17:51,217 DEBUG epoch:90, knn_val_accu: 10.00, contrast_loss: 15.79, contrast_acc: 100.00, gan_train_loss: 0.4789, gan_eval_loss: 0.4789
2022-07-11 06:23:34,067 DEBUG epoch:91, knn_val_accu: 10.00, contrast_loss: 15.18, contrast_acc: 99.65, gan_train_loss: 0.4792, gan_eval_loss: 0.4792
2022-07-11 06:29:17,460 DEBUG epoch:92, knn_val_accu: 10.00, contrast_loss: 15.58, contrast_acc: 99.30, gan_train_loss: 0.4792, gan_eval_loss: 0.4792
2022-07-11 06:35:00,166 DEBUG epoch:93, knn_val_accu: 10.00, contrast_loss: 17.32, contrast_acc: 100.00, gan_train_loss: 0.4792, gan_eval_loss: 0.4792
2022-07-11 06:40:41,838 DEBUG epoch:94, knn_val_accu: 10.00, contrast_loss: 16.57, contrast_acc: 100.00, gan_train_loss: 0.4794, gan_eval_loss: 0.4794
2022-07-11 06:46:24,576 DEBUG epoch:95, knn_val_accu: 10.00, contrast_loss: 17.18, contrast_acc: 100.00, gan_train_loss: 0.4790, gan_eval_loss: 0.4790
2022-07-11 06:52:06,357 DEBUG epoch:96, knn_val_accu: 10.00, contrast_loss: 16.63, contrast_acc: 100.00, gan_train_loss: 0.4792, gan_eval_loss: 0.4792
2022-07-11 06:57:47,903 DEBUG epoch:97, knn_val_accu: 10.00, contrast_loss: 15.38, contrast_acc: 100.00, gan_train_loss: 0.4794, gan_eval_loss: 0.4794
2022-07-11 07:03:29,970 DEBUG epoch:98, knn_val_accu: 10.00, contrast_loss: 16.10, contrast_acc: 100.00, gan_train_loss: 0.4792, gan_eval_loss: 0.4792
2022-07-11 07:09:13,170 DEBUG epoch:99, knn_val_accu: 10.00, contrast_loss: 16.66, contrast_acc: 100.00, gan_train_loss: 0.4791, gan_eval_loss: 0.4791
2022-07-11 07:14:56,662 DEBUG epoch:100, knn_val_accu: 10.00, contrast_loss: 16.13, contrast_acc: 100.00, gan_train_loss: 0.4789, gan_eval_loss: 0.4789
2022-07-11 07:20:39,271 DEBUG epoch:101, knn_val_accu: 10.00, contrast_loss: 17.02, contrast_acc: 100.00, gan_train_loss: 0.4790, gan_eval_loss: 0.4790
2022-07-11 07:26:22,528 DEBUG epoch:102, knn_val_accu: 10.00, contrast_loss: 15.06, contrast_acc: 99.48, gan_train_loss: 0.4795, gan_eval_loss: 0.4795
2022-07-11 07:32:04,210 DEBUG epoch:103, knn_val_accu: 10.00, contrast_loss: 16.21, contrast_acc: 100.00, gan_train_loss: 0.4792, gan_eval_loss: 0.4792
2022-07-11 07:37:46,518 DEBUG epoch:104, knn_val_accu: 10.00, contrast_loss: 16.56, contrast_acc: 100.00, gan_train_loss: 0.4789, gan_eval_loss: 0.4789
2022-07-11 07:43:28,906 DEBUG epoch:105, knn_val_accu: 10.00, contrast_loss: 16.74, contrast_acc: 100.00, gan_train_loss: 0.4790, gan_eval_loss: 0.4790
2022-07-11 07:49:12,124 DEBUG epoch:106, knn_val_accu: 10.00, contrast_loss: 16.58, contrast_acc: 100.00, gan_train_loss: 0.4788, gan_eval_loss: 0.4787
2022-07-11 07:54:55,379 DEBUG epoch:107, knn_val_accu: 10.00, contrast_loss: 16.23, contrast_acc: 100.00, gan_train_loss: 0.4793, gan_eval_loss: 0.4793
2022-07-11 08:00:37,892 DEBUG epoch:108, knn_val_accu: 10.00, contrast_loss: 17.02, contrast_acc: 100.00, gan_train_loss: 0.4791, gan_eval_loss: 0.4791
2022-07-11 08:06:20,727 DEBUG epoch:109, knn_val_accu: 10.00, contrast_loss: 16.04, contrast_acc: 100.00, gan_train_loss: 0.4793, gan_eval_loss: 0.4793
2022-07-11 08:12:02,776 DEBUG epoch:110, knn_val_accu: 10.00, contrast_loss: 15.73, contrast_acc: 100.00, gan_train_loss: 0.4790, gan_eval_loss: 0.4790
2022-07-11 08:17:43,775 DEBUG epoch:111, knn_val_accu: 10.00, contrast_loss: 15.65, contrast_acc: 100.00, gan_train_loss: 0.4789, gan_eval_loss: 0.4789
2022-07-11 08:23:23,677 DEBUG epoch:112, knn_val_accu: 10.00, contrast_loss: 16.78, contrast_acc: 100.00, gan_train_loss: 0.4789, gan_eval_loss: 0.4789
2022-07-11 08:29:04,292 DEBUG epoch:113, knn_val_accu: 10.00, contrast_loss: 17.21, contrast_acc: 100.00, gan_train_loss: 0.4791, gan_eval_loss: 0.4791
2022-07-11 08:34:44,972 DEBUG epoch:114, knn_val_accu: 10.00, contrast_loss: 17.29, contrast_acc: 100.00, gan_train_loss: 0.4790, gan_eval_loss: 0.4790
2022-07-11 08:40:27,630 DEBUG epoch:115, knn_val_accu: 10.00, contrast_loss: 17.29, contrast_acc: 100.00, gan_train_loss: 0.4790, gan_eval_loss: 0.4790
2022-07-11 08:46:13,171 DEBUG epoch:116, knn_val_accu: 10.00, contrast_loss: 17.28, contrast_acc: 100.00, gan_train_loss: 0.4791, gan_eval_loss: 0.4791
2022-07-11 08:51:55,340 DEBUG epoch:117, knn_val_accu: 10.00, contrast_loss: 17.27, contrast_acc: 100.00, gan_train_loss: 0.4787, gan_eval_loss: 0.4787
2022-07-11 08:57:34,431 DEBUG epoch:118, knn_val_accu: 10.00, contrast_loss: 17.27, contrast_acc: 100.00, gan_train_loss: 0.4795, gan_eval_loss: 0.4795
2022-07-11 09:03:06,956 DEBUG epoch:119, knn_val_accu: 10.00, contrast_loss: 17.28, contrast_acc: 100.00, gan_train_loss: 0.4793, gan_eval_loss: 0.4793
2022-07-11 09:08:42,243 DEBUG epoch:120, knn_val_accu: 10.00, contrast_loss: 17.28, contrast_acc: 100.00, gan_train_loss: 0.4793, gan_eval_loss: 0.4793
2022-07-11 09:14:16,918 DEBUG epoch:121, knn_val_accu: 10.00, contrast_loss: 17.29, contrast_acc: 100.00, gan_train_loss: 0.4794, gan_eval_loss: 0.4794
2022-07-11 09:19:52,256 DEBUG epoch:122, knn_val_accu: 10.00, contrast_loss: 17.21, contrast_acc: 100.00, gan_train_loss: 0.4797, gan_eval_loss: 0.4797
2022-07-11 09:25:27,836 DEBUG epoch:123, knn_val_accu: 10.00, contrast_loss: 15.41, contrast_acc: 100.00, gan_train_loss: 0.4793, gan_eval_loss: 0.4793
2022-07-11 09:31:04,811 DEBUG epoch:124, knn_val_accu: 10.00, contrast_loss: 16.06, contrast_acc: 100.00, gan_train_loss: 0.4789, gan_eval_loss: 0.4789
2022-07-11 09:36:40,657 DEBUG epoch:125, knn_val_accu: 10.00, contrast_loss: 15.66, contrast_acc: 100.00, gan_train_loss: 0.4790, gan_eval_loss: 0.4790
2022-07-11 09:42:15,876 DEBUG epoch:126, knn_val_accu: 10.00, contrast_loss: 16.12, contrast_acc: 100.00, gan_train_loss: 0.4791, gan_eval_loss: 0.4791
2022-07-11 09:47:52,059 DEBUG epoch:127, knn_val_accu: 10.00, contrast_loss: 16.80, contrast_acc: 100.00, gan_train_loss: 0.4789, gan_eval_loss: 0.4789
2022-07-11 09:53:25,458 DEBUG epoch:128, knn_val_accu: 10.00, contrast_loss: 16.60, contrast_acc: 100.00, gan_train_loss: 0.4787, gan_eval_loss: 0.4787
2022-07-11 09:58:58,207 DEBUG epoch:129, knn_val_accu: 10.00, contrast_loss: 17.38, contrast_acc: 100.00, gan_train_loss: 0.4796, gan_eval_loss: 0.4796
2022-07-11 10:04:32,643 DEBUG epoch:130, knn_val_accu: 10.00, contrast_loss: 17.40, contrast_acc: 100.00, gan_train_loss: 0.4789, gan_eval_loss: 0.4789
2022-07-11 10:10:06,571 DEBUG epoch:131, knn_val_accu: 10.00, contrast_loss: 17.40, contrast_acc: 100.00, gan_train_loss: 0.4790, gan_eval_loss: 0.4790
2022-07-11 10:15:39,595 DEBUG epoch:132, knn_val_accu: 10.00, contrast_loss: 17.40, contrast_acc: 100.00, gan_train_loss: 0.4789, gan_eval_loss: 0.4789
2022-07-11 10:21:15,630 DEBUG epoch:133, knn_val_accu: 10.00, contrast_loss: 17.40, contrast_acc: 100.00, gan_train_loss: 0.4794, gan_eval_loss: 0.4794
2022-07-11 10:26:57,606 DEBUG epoch:134, knn_val_accu: 10.00, contrast_loss: 17.40, contrast_acc: 100.00, gan_train_loss: 0.4789, gan_eval_loss: 0.4789
2022-07-11 10:32:40,179 DEBUG epoch:135, knn_val_accu: 10.00, contrast_loss: 17.39, contrast_acc: 100.00, gan_train_loss: 0.4792, gan_eval_loss: 0.4792
2022-07-11 10:38:19,639 DEBUG epoch:136, knn_val_accu: 10.00, contrast_loss: 17.33, contrast_acc: 100.00, gan_train_loss: 0.4789, gan_eval_loss: 0.4789
2022-07-11 10:44:01,626 DEBUG epoch:137, knn_val_accu: 10.00, contrast_loss: 17.23, contrast_acc: 100.00, gan_train_loss: 0.4793, gan_eval_loss: 0.4793
2022-07-11 10:49:42,078 DEBUG epoch:138, knn_val_accu: 10.00, contrast_loss: 17.26, contrast_acc: 100.00, gan_train_loss: 0.4785, gan_eval_loss: 0.4785
2022-07-11 10:55:23,936 DEBUG epoch:139, knn_val_accu: 10.00, contrast_loss: 17.32, contrast_acc: 100.00, gan_train_loss: 0.4795, gan_eval_loss: 0.4795
2022-07-11 11:01:05,106 DEBUG epoch:140, knn_val_accu: 10.00, contrast_loss: 17.35, contrast_acc: 100.00, gan_train_loss: 0.4789, gan_eval_loss: 0.4789
2022-07-11 11:06:47,100 DEBUG epoch:141, knn_val_accu: 10.00, contrast_loss: 17.37, contrast_acc: 100.00, gan_train_loss: 0.4789, gan_eval_loss: 0.4789
2022-07-11 11:12:28,579 DEBUG epoch:142, knn_val_accu: 10.00, contrast_loss: 17.37, contrast_acc: 100.00, gan_train_loss: 0.4789, gan_eval_loss: 0.4789
2022-07-11 11:18:10,038 DEBUG epoch:143, knn_val_accu: 10.00, contrast_loss: 17.37, contrast_acc: 100.00, gan_train_loss: 0.4790, gan_eval_loss: 0.4790
2022-07-11 11:23:52,040 DEBUG epoch:144, knn_val_accu: 10.00, contrast_loss: 17.37, contrast_acc: 100.00, gan_train_loss: 0.4792, gan_eval_loss: 0.4792
2022-07-11 11:29:34,012 DEBUG epoch:145, knn_val_accu: 10.00, contrast_loss: 17.36, contrast_acc: 100.00, gan_train_loss: 0.4791, gan_eval_loss: 0.4791
2022-07-11 11:35:16,449 DEBUG epoch:146, knn_val_accu: 10.00, contrast_loss: 17.36, contrast_acc: 100.00, gan_train_loss: 0.4791, gan_eval_loss: 0.4791
2022-07-11 11:40:59,013 DEBUG epoch:147, knn_val_accu: 10.00, contrast_loss: 17.36, contrast_acc: 100.00, gan_train_loss: 0.4794, gan_eval_loss: 0.4794
2022-07-11 11:46:42,109 DEBUG epoch:148, knn_val_accu: 10.00, contrast_loss: 17.36, contrast_acc: 100.00, gan_train_loss: 0.4784, gan_eval_loss: 0.4784
2022-07-11 11:52:24,829 DEBUG epoch:149, knn_val_accu: 10.00, contrast_loss: 17.37, contrast_acc: 100.00, gan_train_loss: 0.4787, gan_eval_loss: 0.4787
2022-07-11 11:58:06,095 DEBUG epoch:150, knn_val_accu: 10.00, contrast_loss: 17.37, contrast_acc: 100.00, gan_train_loss: 0.4793, gan_eval_loss: 0.4793
2022-07-11 12:03:39,824 DEBUG epoch:151, knn_val_accu: 10.00, contrast_loss: 17.38, contrast_acc: 100.00, gan_train_loss: 0.4789, gan_eval_loss: 0.4789
2022-07-11 12:09:18,489 DEBUG epoch:152, knn_val_accu: 10.00, contrast_loss: 17.38, contrast_acc: 100.00, gan_train_loss: 0.4792, gan_eval_loss: 0.4792
2022-07-11 12:14:53,333 DEBUG epoch:153, knn_val_accu: 10.00, contrast_loss: 17.39, contrast_acc: 100.00, gan_train_loss: 0.4791, gan_eval_loss: 0.4791
2022-07-11 12:20:26,545 DEBUG epoch:154, knn_val_accu: 10.00, contrast_loss: 17.39, contrast_acc: 100.00, gan_train_loss: 0.4790, gan_eval_loss: 0.4790
2022-07-11 12:26:09,498 DEBUG epoch:155, knn_val_accu: 10.00, contrast_loss: 17.39, contrast_acc: 100.00, gan_train_loss: 0.4795, gan_eval_loss: 0.4795
2022-07-11 12:31:50,841 DEBUG epoch:156, knn_val_accu: 10.00, contrast_loss: 17.39, contrast_acc: 100.00, gan_train_loss: 0.4790, gan_eval_loss: 0.4790
2022-07-11 12:37:33,579 DEBUG epoch:157, knn_val_accu: 10.00, contrast_loss: 17.40, contrast_acc: 100.00, gan_train_loss: 0.4793, gan_eval_loss: 0.4793
2022-07-11 12:43:15,968 DEBUG epoch:158, knn_val_accu: 10.00, contrast_loss: 17.40, contrast_acc: 100.00, gan_train_loss: 0.4795, gan_eval_loss: 0.4795
2022-07-11 12:48:58,345 DEBUG epoch:159, knn_val_accu: 10.00, contrast_loss: 17.40, contrast_acc: 100.00, gan_train_loss: 0.4786, gan_eval_loss: 0.4786
2022-07-11 12:54:33,737 DEBUG epoch:160, knn_val_accu: 10.00, contrast_loss: 17.40, contrast_acc: 100.00, gan_train_loss: 0.4793, gan_eval_loss: 0.4793
2022-07-11 13:00:15,352 DEBUG epoch:161, knn_val_accu: 10.00, contrast_loss: 17.40, contrast_acc: 100.00, gan_train_loss: 0.4792, gan_eval_loss: 0.4792
2022-07-11 13:05:52,447 DEBUG epoch:162, knn_val_accu: 10.00, contrast_loss: 17.40, contrast_acc: 100.00, gan_train_loss: 0.4792, gan_eval_loss: 0.4792
2022-07-11 13:11:25,898 DEBUG epoch:163, knn_val_accu: 10.00, contrast_loss: 17.40, contrast_acc: 99.83, gan_train_loss: 0.4788, gan_eval_loss: 0.4788
2022-07-11 13:17:00,313 DEBUG epoch:164, knn_val_accu: 10.00, contrast_loss: 17.40, contrast_acc: 86.21, gan_train_loss: 0.4792, gan_eval_loss: 0.4792
2022-07-11 13:22:34,343 DEBUG epoch:165, knn_val_accu: 10.00, contrast_loss: 17.40, contrast_acc: 48.69, gan_train_loss: 0.4789, gan_eval_loss: 0.4789
2022-07-11 13:28:06,237 DEBUG epoch:166, knn_val_accu: 10.00, contrast_loss: 17.40, contrast_acc: 16.40, gan_train_loss: 0.4790, gan_eval_loss: 0.4790
2022-07-11 13:33:38,062 DEBUG epoch:167, knn_val_accu: 10.00, contrast_loss: 17.40, contrast_acc: 15.01, gan_train_loss: 0.4785, gan_eval_loss: 0.4785
2022-07-11 13:39:15,591 DEBUG epoch:168, knn_val_accu: 10.00, contrast_loss: 17.40, contrast_acc: 28.62, gan_train_loss: 0.4788, gan_eval_loss: 0.4788
2022-07-11 13:44:57,321 DEBUG epoch:169, knn_val_accu: 10.00, contrast_loss: 17.40, contrast_acc: 29.32, gan_train_loss: 0.4789, gan_eval_loss: 0.4789
2022-07-11 13:50:41,462 DEBUG epoch:170, knn_val_accu: 10.00, contrast_loss: 17.40, contrast_acc: 48.69, gan_train_loss: 0.4789, gan_eval_loss: 0.4789
2022-07-11 13:56:09,328 DEBUG epoch:171, knn_val_accu: 10.00, contrast_loss: 17.40, contrast_acc: 41.01, gan_train_loss: 0.4795, gan_eval_loss: 0.4795
2022-07-11 14:01:39,562 DEBUG epoch:172, knn_val_accu: 10.00, contrast_loss: 17.40, contrast_acc: 36.82, gan_train_loss: 0.4794, gan_eval_loss: 0.4794
2022-07-11 14:07:16,135 DEBUG epoch:173, knn_val_accu: 10.00, contrast_loss: 17.40, contrast_acc: 33.16, gan_train_loss: 0.4788, gan_eval_loss: 0.4788
2022-07-11 14:12:58,171 DEBUG epoch:174, knn_val_accu: 10.00, contrast_loss: 17.40, contrast_acc: 30.54, gan_train_loss: 0.4794, gan_eval_loss: 0.4794
2022-07-11 14:18:40,607 DEBUG epoch:175, knn_val_accu: 10.00, contrast_loss: 17.40, contrast_acc: 37.00, gan_train_loss: 0.4791, gan_eval_loss: 0.4791
2022-07-11 14:24:21,709 DEBUG epoch:176, knn_val_accu: 10.00, contrast_loss: 17.40, contrast_acc: 34.38, gan_train_loss: 0.4793, gan_eval_loss: 0.4793
2022-07-11 14:30:02,523 DEBUG epoch:177, knn_val_accu: 10.00, contrast_loss: 17.40, contrast_acc: 43.80, gan_train_loss: 0.4796, gan_eval_loss: 0.4796
2022-07-11 14:35:44,042 DEBUG epoch:178, knn_val_accu: 10.00, contrast_loss: 17.40, contrast_acc: 28.45, gan_train_loss: 0.4797, gan_eval_loss: 0.4797
2022-07-11 14:41:21,309 DEBUG epoch:179, knn_val_accu: 10.00, contrast_loss: 17.40, contrast_acc: 40.14, gan_train_loss: 0.4785, gan_eval_loss: 0.4785
2022-07-11 14:47:05,740 DEBUG epoch:180, knn_val_accu: 10.00, contrast_loss: 17.40, contrast_acc: 43.63, gan_train_loss: 0.4790, gan_eval_loss: 0.4790
2022-07-11 14:52:48,083 DEBUG epoch:181, knn_val_accu: 10.00, contrast_loss: 17.40, contrast_acc: 40.14, gan_train_loss: 0.4786, gan_eval_loss: 0.4786
2022-07-11 14:58:28,607 DEBUG epoch:182, knn_val_accu: 10.00, contrast_loss: 17.40, contrast_acc: 44.85, gan_train_loss: 0.4792, gan_eval_loss: 0.4792
2022-07-11 15:04:06,277 DEBUG epoch:183, knn_val_accu: 10.00, contrast_loss: 17.40, contrast_acc: 42.06, gan_train_loss: 0.4791, gan_eval_loss: 0.4791
2022-07-11 15:09:37,639 DEBUG epoch:184, knn_val_accu: 10.00, contrast_loss: 17.40, contrast_acc: 43.11, gan_train_loss: 0.4796, gan_eval_loss: 0.4796
2022-07-11 15:15:08,437 DEBUG epoch:185, knn_val_accu: 10.00, contrast_loss: 17.40, contrast_acc: 43.28, gan_train_loss: 0.4796, gan_eval_loss: 0.4796
2022-07-11 15:20:38,292 DEBUG epoch:186, knn_val_accu: 10.00, contrast_loss: 17.40, contrast_acc: 25.48, gan_train_loss: 0.4794, gan_eval_loss: 0.4794
2022-07-11 15:26:08,017 DEBUG epoch:187, knn_val_accu: 10.00, contrast_loss: 17.40, contrast_acc: 29.32, gan_train_loss: 0.4797, gan_eval_loss: 0.4797
2022-07-11 15:31:38,235 DEBUG epoch:188, knn_val_accu: 10.00, contrast_loss: 17.40, contrast_acc: 25.31, gan_train_loss: 0.4787, gan_eval_loss: 0.4787
2022-07-11 15:37:08,845 DEBUG epoch:189, knn_val_accu: 10.00, contrast_loss: 17.40, contrast_acc: 25.48, gan_train_loss: 0.4787, gan_eval_loss: 0.4787
2022-07-11 15:42:42,406 DEBUG epoch:190, knn_val_accu: 10.00, contrast_loss: 17.40, contrast_acc: 19.55, gan_train_loss: 0.4787, gan_eval_loss: 0.4787
2022-07-11 15:48:18,710 DEBUG epoch:191, knn_val_accu: 10.00, contrast_loss: 17.40, contrast_acc: 20.07, gan_train_loss: 0.4793, gan_eval_loss: 0.4793
2022-07-11 15:53:57,822 DEBUG epoch:192, knn_val_accu: 10.00, contrast_loss: 17.40, contrast_acc: 26.70, gan_train_loss: 0.4790, gan_eval_loss: 0.4790
2022-07-11 15:59:51,529 DEBUG epoch:193, knn_val_accu: 10.00, contrast_loss: 17.40, contrast_acc: 29.49, gan_train_loss: 0.4793, gan_eval_loss: 0.4793
2022-07-11 16:05:45,396 DEBUG epoch:194, knn_val_accu: 10.00, contrast_loss: 17.40, contrast_acc: 39.09, gan_train_loss: 0.4790, gan_eval_loss: 0.4790
2022-07-11 16:11:38,518 DEBUG epoch:195, knn_val_accu: 10.00, contrast_loss: 17.40, contrast_acc: 20.77, gan_train_loss: 0.4790, gan_eval_loss: 0.4790
2022-07-11 16:17:27,333 DEBUG epoch:196, knn_val_accu: 10.00, contrast_loss: 17.40, contrast_acc: 36.47, gan_train_loss: 0.4788, gan_eval_loss: 0.4788
2022-07-11 16:23:07,267 DEBUG epoch:197, knn_val_accu: 10.00, contrast_loss: 17.40, contrast_acc: 58.29, gan_train_loss: 0.4790, gan_eval_loss: 0.4790
2022-07-11 16:28:39,361 DEBUG epoch:198, knn_val_accu: 10.00, contrast_loss: 17.40, contrast_acc: 24.78, gan_train_loss: 0.4790, gan_eval_loss: 0.4790
2022-07-11 16:34:11,273 DEBUG epoch:199, knn_val_accu: 10.00, contrast_loss: 17.40, contrast_acc: 12.22, gan_train_loss: 0.4801, gan_eval_loss: 0.4801
2022-07-11 16:39:45,714 DEBUG epoch:200, knn_val_accu: 10.00, contrast_loss: 17.40, contrast_acc: 83.42, gan_train_loss: 0.4789, gan_eval_loss: 0.4789
2022-07-11 16:39:55,444 DEBUG final knn evaluation accuracy is 53.82
2022-07-11 16:56:06,600 DEBUG final linear-probe evaluation accuracy is 60.59
2022-07-11 17:01:48,837 DEBUG final semi-supervised evaluation accuracy with 10% data is 58.22
2022-07-11 17:06:25,462 DEBUG final semi-supervised evaluation accuracy with 1% data is 49.16
2022-07-11 17:06:35,112 DEBUG final knn evaluation accuracy is 53.82
2022-07-11 23:20:26,348 DEBUG Enable ResSFL fine-tuning: arch-res_normN4C64-alpha-2.0-ssim-0.6, using svhn as auxiliary data
2022-07-11 23:20:26,695 DEBUG SFL-Moco (ResSFL-expert) Train on cifar10 with cutlayer 2: total epochs: 200
2022-07-11 23:26:18,104 DEBUG epoch:1, knn_val_accu: 41.31, contrast_loss: 13.93, contrast_acc: 10.62, gan_train_loss: 0.6174, gan_eval_loss: 0.5809
2022-07-11 23:32:16,633 DEBUG epoch:2, knn_val_accu: 45.35, contrast_loss: 12.99, contrast_acc: 9.57, gan_train_loss: 0.6164, gan_eval_loss: 0.6038
2022-07-11 23:38:20,437 DEBUG epoch:3, knn_val_accu: 46.70, contrast_loss: 12.17, contrast_acc: 9.99, gan_train_loss: 0.6359, gan_eval_loss: 0.6161
2022-07-11 23:44:33,261 DEBUG epoch:4, knn_val_accu: 48.50, contrast_loss: 11.76, contrast_acc: 11.46, gan_train_loss: 0.6581, gan_eval_loss: 0.6368
2022-07-11 23:50:48,160 DEBUG epoch:5, knn_val_accu: 49.28, contrast_loss: 10.86, contrast_acc: 13.40, gan_train_loss: 0.6772, gan_eval_loss: 0.6618
2022-07-11 23:56:58,494 DEBUG epoch:6, knn_val_accu: 50.31, contrast_loss: 10.81, contrast_acc: 14.96, gan_train_loss: 0.6807, gan_eval_loss: 0.6172
2022-07-12 00:03:00,232 DEBUG epoch:7, knn_val_accu: 51.47, contrast_loss: 10.10, contrast_acc: 16.69, gan_train_loss: 0.7176, gan_eval_loss: 0.5888
2022-07-12 00:09:03,234 DEBUG epoch:8, knn_val_accu: 51.13, contrast_loss: 9.71, contrast_acc: 17.90, gan_train_loss: 0.7333, gan_eval_loss: 0.5916
2022-07-12 00:15:08,809 DEBUG epoch:9, knn_val_accu: 51.91, contrast_loss: 9.44, contrast_acc: 19.88, gan_train_loss: 0.7400, gan_eval_loss: 0.5956
2022-07-12 00:21:14,820 DEBUG epoch:10, knn_val_accu: 52.03, contrast_loss: 9.31, contrast_acc: 19.52, gan_train_loss: 0.7353, gan_eval_loss: 0.6008
2022-07-12 00:27:16,194 DEBUG epoch:11, knn_val_accu: 51.49, contrast_loss: 9.07, contrast_acc: 22.19, gan_train_loss: 0.7343, gan_eval_loss: 0.5919
2022-07-12 00:33:17,669 DEBUG epoch:12, knn_val_accu: 52.12, contrast_loss: 8.73, contrast_acc: 22.63, gan_train_loss: 0.7515, gan_eval_loss: 0.5948
2022-07-12 00:39:18,684 DEBUG epoch:13, knn_val_accu: 51.88, contrast_loss: 8.34, contrast_acc: 23.80, gan_train_loss: 0.7712, gan_eval_loss: 0.5944
2022-07-12 00:45:22,132 DEBUG epoch:14, knn_val_accu: 52.21, contrast_loss: 8.91, contrast_acc: 21.55, gan_train_loss: 0.7585, gan_eval_loss: 0.5982
2022-07-12 00:51:27,317 DEBUG epoch:15, knn_val_accu: 51.74, contrast_loss: 8.42, contrast_acc: 21.99, gan_train_loss: 0.7417, gan_eval_loss: 0.6015
2022-07-12 00:57:31,372 DEBUG epoch:16, knn_val_accu: 51.84, contrast_loss: 8.25, contrast_acc: 23.56, gan_train_loss: 0.7516, gan_eval_loss: 0.5932
2022-07-12 01:03:33,182 DEBUG epoch:17, knn_val_accu: 51.91, contrast_loss: 7.90, contrast_acc: 25.05, gan_train_loss: 0.7769, gan_eval_loss: 0.5860
2022-07-12 01:09:35,159 DEBUG epoch:18, knn_val_accu: 51.44, contrast_loss: 7.70, contrast_acc: 25.33, gan_train_loss: 0.7860, gan_eval_loss: 0.5855
2022-07-12 01:15:35,897 DEBUG epoch:19, knn_val_accu: 50.86, contrast_loss: 7.65, contrast_acc: 26.04, gan_train_loss: 0.7903, gan_eval_loss: 0.5792
2022-07-12 01:21:39,594 DEBUG epoch:20, knn_val_accu: 48.59, contrast_loss: 7.44, contrast_acc: 26.17, gan_train_loss: 0.7843, gan_eval_loss: 0.5897
2022-07-12 01:27:42,716 DEBUG epoch:21, knn_val_accu: 48.90, contrast_loss: 7.58, contrast_acc: 25.37, gan_train_loss: 0.7857, gan_eval_loss: 0.5816
2022-07-12 01:33:44,784 DEBUG epoch:22, knn_val_accu: 51.08, contrast_loss: 7.48, contrast_acc: 25.47, gan_train_loss: 0.8028, gan_eval_loss: 0.5869
2022-07-12 01:39:48,422 DEBUG epoch:23, knn_val_accu: 49.37, contrast_loss: 7.55, contrast_acc: 24.19, gan_train_loss: 0.8016, gan_eval_loss: 0.5937
2022-07-12 01:45:46,533 DEBUG epoch:24, knn_val_accu: 49.74, contrast_loss: 7.74, contrast_acc: 23.54, gan_train_loss: 0.8284, gan_eval_loss: 0.5890
2022-07-12 01:51:37,567 DEBUG epoch:25, knn_val_accu: 49.62, contrast_loss: 7.49, contrast_acc: 25.12, gan_train_loss: 0.8382, gan_eval_loss: 0.5866
2022-07-12 01:57:28,598 DEBUG epoch:26, knn_val_accu: 48.95, contrast_loss: 7.42, contrast_acc: 24.69, gan_train_loss: 0.8363, gan_eval_loss: 0.5808
2022-07-12 02:03:21,765 DEBUG epoch:27, knn_val_accu: 50.12, contrast_loss: 7.03, contrast_acc: 28.13, gan_train_loss: 0.8438, gan_eval_loss: 0.5804
2022-07-12 02:09:20,985 DEBUG epoch:28, knn_val_accu: 49.51, contrast_loss: 7.00, contrast_acc: 27.48, gan_train_loss: 0.8426, gan_eval_loss: 0.5742
2022-07-12 02:15:20,318 DEBUG epoch:29, knn_val_accu: 49.65, contrast_loss: 7.04, contrast_acc: 27.07, gan_train_loss: 0.8565, gan_eval_loss: 0.5667
2022-07-12 02:21:20,788 DEBUG epoch:30, knn_val_accu: 48.22, contrast_loss: 6.95, contrast_acc: 28.13, gan_train_loss: 0.8714, gan_eval_loss: 0.5735
2022-07-12 02:27:18,893 DEBUG epoch:31, knn_val_accu: 49.11, contrast_loss: 6.66, contrast_acc: 29.50, gan_train_loss: 0.8762, gan_eval_loss: 0.5673
2022-07-12 02:33:17,076 DEBUG epoch:32, knn_val_accu: 50.16, contrast_loss: 6.54, contrast_acc: 30.01, gan_train_loss: 0.8819, gan_eval_loss: 0.5600
2022-07-12 02:39:16,697 DEBUG epoch:33, knn_val_accu: 48.59, contrast_loss: 6.62, contrast_acc: 29.86, gan_train_loss: 0.8851, gan_eval_loss: 0.5747
2022-07-12 02:45:13,405 DEBUG epoch:34, knn_val_accu: 48.36, contrast_loss: 6.34, contrast_acc: 31.06, gan_train_loss: 0.8981, gan_eval_loss: 0.5647
2022-07-12 02:51:10,850 DEBUG epoch:35, knn_val_accu: 50.82, contrast_loss: 6.67, contrast_acc: 28.49, gan_train_loss: 0.9044, gan_eval_loss: 0.5640
2022-07-12 02:57:07,595 DEBUG epoch:36, knn_val_accu: 51.12, contrast_loss: 6.72, contrast_acc: 27.62, gan_train_loss: 0.9098, gan_eval_loss: 0.5461
2022-07-12 03:03:06,776 DEBUG epoch:37, knn_val_accu: 49.35, contrast_loss: 6.46, contrast_acc: 30.60, gan_train_loss: 0.9050, gan_eval_loss: 0.5646
2022-07-12 03:09:04,815 DEBUG epoch:38, knn_val_accu: 49.33, contrast_loss: 6.92, contrast_acc: 26.77, gan_train_loss: 0.9095, gan_eval_loss: 0.5440
2022-07-12 03:15:02,134 DEBUG epoch:39, knn_val_accu: 48.80, contrast_loss: 6.76, contrast_acc: 26.74, gan_train_loss: 0.9124, gan_eval_loss: 0.5698
2022-07-12 03:21:06,938 DEBUG epoch:40, knn_val_accu: 47.09, contrast_loss: 6.73, contrast_acc: 27.74, gan_train_loss: 0.8851, gan_eval_loss: 0.5792
2022-07-12 03:27:04,430 DEBUG epoch:41, knn_val_accu: 47.67, contrast_loss: 6.61, contrast_acc: 30.30, gan_train_loss: 0.9042, gan_eval_loss: 0.5538
2022-07-12 03:33:04,938 DEBUG epoch:42, knn_val_accu: 46.87, contrast_loss: 6.41, contrast_acc: 30.05, gan_train_loss: 0.9008, gan_eval_loss: 0.5682
2022-07-12 03:39:01,543 DEBUG epoch:43, knn_val_accu: 48.81, contrast_loss: 6.09, contrast_acc: 31.54, gan_train_loss: 0.9050, gan_eval_loss: 0.5612
2022-07-12 03:44:59,650 DEBUG epoch:44, knn_val_accu: 47.63, contrast_loss: 6.06, contrast_acc: 31.55, gan_train_loss: 0.9130, gan_eval_loss: 0.5596
2022-07-12 03:50:57,591 DEBUG epoch:45, knn_val_accu: 45.17, contrast_loss: 6.69, contrast_acc: 27.54, gan_train_loss: 0.9131, gan_eval_loss: 0.5549
2022-07-12 03:56:57,865 DEBUG epoch:46, knn_val_accu: 45.05, contrast_loss: 8.42, contrast_acc: 19.38, gan_train_loss: 0.9099, gan_eval_loss: 0.5651
2022-07-12 04:02:54,990 DEBUG epoch:47, knn_val_accu: 9.56, contrast_loss: 11.86, contrast_acc: 67.51, gan_train_loss: 0.8885, gan_eval_loss: 0.5498
2022-07-12 04:08:48,030 DEBUG epoch:48, knn_val_accu: 14.77, contrast_loss: 14.68, contrast_acc: 100.00, gan_train_loss: 0.7436, gan_eval_loss: 0.4458
2022-07-12 04:14:40,668 DEBUG epoch:49, knn_val_accu: 9.59, contrast_loss: 14.57, contrast_acc: 100.00, gan_train_loss: 0.6541, gan_eval_loss: 0.4870
2022-07-12 04:20:35,310 DEBUG epoch:50, knn_val_accu: 11.08, contrast_loss: 14.62, contrast_acc: 100.00, gan_train_loss: 0.5748, gan_eval_loss: 0.5525
2022-07-12 04:26:30,114 DEBUG epoch:51, knn_val_accu: 10.31, contrast_loss: 14.61, contrast_acc: 100.00, gan_train_loss: 0.5775, gan_eval_loss: 0.5587
2022-07-12 04:32:23,703 DEBUG epoch:52, knn_val_accu: 10.38, contrast_loss: 14.67, contrast_acc: 100.00, gan_train_loss: 0.5780, gan_eval_loss: 0.5476
2022-07-12 04:38:18,806 DEBUG epoch:53, knn_val_accu: 9.64, contrast_loss: 14.58, contrast_acc: 100.00, gan_train_loss: 0.5748, gan_eval_loss: 0.5692
2022-07-12 04:44:13,454 DEBUG epoch:54, knn_val_accu: 10.23, contrast_loss: 14.54, contrast_acc: 100.00, gan_train_loss: 0.5759, gan_eval_loss: 0.5622
2022-07-12 04:50:08,041 DEBUG epoch:55, knn_val_accu: 10.45, contrast_loss: 14.64, contrast_acc: 100.00, gan_train_loss: 0.5753, gan_eval_loss: 0.5619
2022-07-12 04:56:02,803 DEBUG epoch:56, knn_val_accu: 9.80, contrast_loss: 14.64, contrast_acc: 100.00, gan_train_loss: 0.5793, gan_eval_loss: 0.5702
2022-07-12 05:01:56,745 DEBUG epoch:57, knn_val_accu: 12.61, contrast_loss: 14.64, contrast_acc: 100.00, gan_train_loss: 0.5749, gan_eval_loss: 0.5649
2022-07-12 05:07:49,218 DEBUG epoch:58, knn_val_accu: 7.16, contrast_loss: 14.53, contrast_acc: 100.00, gan_train_loss: 0.5730, gan_eval_loss: 0.5598
2022-07-12 05:13:43,450 DEBUG epoch:59, knn_val_accu: 15.90, contrast_loss: 14.64, contrast_acc: 100.00, gan_train_loss: 0.5691, gan_eval_loss: 0.5659
2022-07-12 05:19:38,793 DEBUG epoch:60, knn_val_accu: 9.27, contrast_loss: 14.43, contrast_acc: 100.00, gan_train_loss: 0.5745, gan_eval_loss: 0.5700
2022-07-12 05:25:33,985 DEBUG epoch:61, knn_val_accu: 9.90, contrast_loss: 14.49, contrast_acc: 100.00, gan_train_loss: 0.5642, gan_eval_loss: 0.5637
2022-07-12 05:31:28,152 DEBUG epoch:62, knn_val_accu: 12.18, contrast_loss: 14.57, contrast_acc: 100.00, gan_train_loss: 0.5695, gan_eval_loss: 0.5700
2022-07-12 05:37:06,571 DEBUG epoch:63, knn_val_accu: 8.61, contrast_loss: 14.50, contrast_acc: 100.00, gan_train_loss: 0.5706, gan_eval_loss: 0.5711
2022-07-12 05:42:46,425 DEBUG epoch:64, knn_val_accu: 10.88, contrast_loss: 14.55, contrast_acc: 100.00, gan_train_loss: 0.5707, gan_eval_loss: 0.5702
2022-07-12 05:48:25,050 DEBUG epoch:65, knn_val_accu: 10.44, contrast_loss: 14.48, contrast_acc: 100.00, gan_train_loss: 0.5641, gan_eval_loss: 0.5633
2022-07-12 05:54:06,137 DEBUG epoch:66, knn_val_accu: 9.59, contrast_loss: 14.35, contrast_acc: 100.00, gan_train_loss: 0.5686, gan_eval_loss: 0.5671
2022-07-12 05:59:43,805 DEBUG epoch:67, knn_val_accu: 11.20, contrast_loss: 14.14, contrast_acc: 100.00, gan_train_loss: 0.5702, gan_eval_loss: 0.5682
2022-07-12 06:05:23,774 DEBUG epoch:68, knn_val_accu: 9.19, contrast_loss: 14.54, contrast_acc: 100.00, gan_train_loss: 0.5723, gan_eval_loss: 0.5680
2022-07-12 06:11:05,214 DEBUG epoch:69, knn_val_accu: 9.04, contrast_loss: 14.08, contrast_acc: 100.00, gan_train_loss: 0.5724, gan_eval_loss: 0.5688
2022-07-12 06:16:48,708 DEBUG epoch:70, knn_val_accu: 10.10, contrast_loss: 14.11, contrast_acc: 100.00, gan_train_loss: 0.5561, gan_eval_loss: 0.5499
2022-07-12 06:22:38,594 DEBUG epoch:71, knn_val_accu: 8.93, contrast_loss: 14.29, contrast_acc: 100.00, gan_train_loss: 0.5645, gan_eval_loss: 0.5601
2022-07-12 06:28:33,926 DEBUG epoch:72, knn_val_accu: 10.88, contrast_loss: 14.16, contrast_acc: 100.00, gan_train_loss: 0.5715, gan_eval_loss: 0.5681
2022-07-12 06:34:30,002 DEBUG epoch:73, knn_val_accu: 9.07, contrast_loss: 14.41, contrast_acc: 100.00, gan_train_loss: 0.5743, gan_eval_loss: 0.5706
2022-07-12 06:40:25,070 DEBUG epoch:74, knn_val_accu: 11.54, contrast_loss: 14.80, contrast_acc: 100.00, gan_train_loss: 0.5764, gan_eval_loss: 0.5738
2022-07-12 06:46:18,975 DEBUG epoch:75, knn_val_accu: 12.93, contrast_loss: 14.69, contrast_acc: 100.00, gan_train_loss: 0.5775, gan_eval_loss: 0.5748
2022-07-12 06:52:13,493 DEBUG epoch:76, knn_val_accu: 11.62, contrast_loss: 14.13, contrast_acc: 100.00, gan_train_loss: 0.5352, gan_eval_loss: 0.5315
2022-07-12 06:58:06,542 DEBUG epoch:77, knn_val_accu: 12.75, contrast_loss: 14.19, contrast_acc: 100.00, gan_train_loss: 0.5572, gan_eval_loss: 0.5562
2022-07-12 07:04:00,091 DEBUG epoch:78, knn_val_accu: 9.41, contrast_loss: 14.74, contrast_acc: 99.83, gan_train_loss: 0.5656, gan_eval_loss: 0.5639
2022-07-12 07:09:53,965 DEBUG epoch:79, knn_val_accu: 9.89, contrast_loss: 15.36, contrast_acc: 100.00, gan_train_loss: 0.5697, gan_eval_loss: 0.5665
2022-07-12 07:15:49,777 DEBUG epoch:80, knn_val_accu: 9.51, contrast_loss: 15.05, contrast_acc: 99.48, gan_train_loss: 0.5727, gan_eval_loss: 0.5674
2022-07-12 07:21:44,609 DEBUG epoch:81, knn_val_accu: 9.06, contrast_loss: 15.18, contrast_acc: 99.90, gan_train_loss: 0.5754, gan_eval_loss: 0.5709
2022-07-12 07:27:38,208 DEBUG epoch:82, knn_val_accu: 7.99, contrast_loss: 14.47, contrast_acc: 100.00, gan_train_loss: 0.5641, gan_eval_loss: 0.5591
2022-07-12 07:33:30,932 DEBUG epoch:83, knn_val_accu: 8.30, contrast_loss: 14.92, contrast_acc: 100.00, gan_train_loss: 0.5476, gan_eval_loss: 0.5397
2022-07-12 07:39:25,299 DEBUG epoch:84, knn_val_accu: 12.99, contrast_loss: 15.00, contrast_acc: 100.00, gan_train_loss: 0.5421, gan_eval_loss: 0.5405
2022-07-12 07:45:20,444 DEBUG epoch:85, knn_val_accu: 10.55, contrast_loss: 15.50, contrast_acc: 100.00, gan_train_loss: 0.5488, gan_eval_loss: 0.5468
2022-07-12 07:51:15,981 DEBUG epoch:86, knn_val_accu: 12.45, contrast_loss: 16.05, contrast_acc: 100.00, gan_train_loss: 0.5521, gan_eval_loss: 0.5506
2022-07-12 07:57:09,413 DEBUG epoch:87, knn_val_accu: 9.00, contrast_loss: 15.25, contrast_acc: 100.00, gan_train_loss: 0.5554, gan_eval_loss: 0.5527
2022-07-12 08:03:04,558 DEBUG epoch:88, knn_val_accu: 6.76, contrast_loss: 14.84, contrast_acc: 98.00, gan_train_loss: 0.5586, gan_eval_loss: 0.5541
2022-07-12 08:08:58,665 DEBUG epoch:89, knn_val_accu: 10.33, contrast_loss: 14.77, contrast_acc: 100.00, gan_train_loss: 0.5587, gan_eval_loss: 0.5532
2022-07-12 08:14:52,636 DEBUG epoch:90, knn_val_accu: 10.74, contrast_loss: 14.49, contrast_acc: 100.00, gan_train_loss: 0.5591, gan_eval_loss: 0.5538
2022-07-12 08:20:47,291 DEBUG epoch:91, knn_val_accu: 12.78, contrast_loss: 14.30, contrast_acc: 100.00, gan_train_loss: 0.5608, gan_eval_loss: 0.5530
2022-07-12 08:26:43,014 DEBUG epoch:92, knn_val_accu: 8.96, contrast_loss: 14.55, contrast_acc: 100.00, gan_train_loss: 0.5615, gan_eval_loss: 0.5550
2022-07-12 08:32:38,198 DEBUG epoch:93, knn_val_accu: 9.57, contrast_loss: 14.82, contrast_acc: 99.48, gan_train_loss: 0.5623, gan_eval_loss: 0.5568
2022-07-12 08:38:34,038 DEBUG epoch:94, knn_val_accu: 9.25, contrast_loss: 14.50, contrast_acc: 100.00, gan_train_loss: 0.5625, gan_eval_loss: 0.5540
2022-07-12 08:44:28,574 DEBUG epoch:95, knn_val_accu: 12.48, contrast_loss: 14.56, contrast_acc: 100.00, gan_train_loss: 0.5628, gan_eval_loss: 0.5540
2022-07-12 08:50:23,058 DEBUG epoch:96, knn_val_accu: 9.25, contrast_loss: 15.58, contrast_acc: 100.00, gan_train_loss: 0.5642, gan_eval_loss: 0.5557
2022-07-12 08:56:16,203 DEBUG epoch:97, knn_val_accu: 10.05, contrast_loss: 16.44, contrast_acc: 100.00, gan_train_loss: 0.5655, gan_eval_loss: 0.5568
2022-07-12 09:02:10,727 DEBUG epoch:98, knn_val_accu: 10.83, contrast_loss: 16.43, contrast_acc: 100.00, gan_train_loss: 0.5657, gan_eval_loss: 0.5576
2022-07-12 09:08:03,332 DEBUG epoch:99, knn_val_accu: 6.15, contrast_loss: 17.03, contrast_acc: 100.00, gan_train_loss: 0.5657, gan_eval_loss: 0.5574
2022-07-12 09:13:44,829 DEBUG epoch:100, knn_val_accu: 9.46, contrast_loss: 15.62, contrast_acc: 100.00, gan_train_loss: 0.5655, gan_eval_loss: 0.5576
2022-07-12 09:19:26,519 DEBUG epoch:101, knn_val_accu: 9.73, contrast_loss: 14.74, contrast_acc: 100.00, gan_train_loss: 0.5660, gan_eval_loss: 0.5587
2022-07-12 09:25:08,054 DEBUG epoch:102, knn_val_accu: 10.22, contrast_loss: 14.57, contrast_acc: 100.00, gan_train_loss: 0.5665, gan_eval_loss: 0.5602
2022-07-12 09:30:48,679 DEBUG epoch:103, knn_val_accu: 10.70, contrast_loss: 14.58, contrast_acc: 100.00, gan_train_loss: 0.5668, gan_eval_loss: 0.5600
2022-07-12 09:36:29,451 DEBUG epoch:104, knn_val_accu: 9.60, contrast_loss: 14.84, contrast_acc: 100.00, gan_train_loss: 0.5668, gan_eval_loss: 0.5591
2022-07-12 09:42:14,379 DEBUG epoch:105, knn_val_accu: 10.60, contrast_loss: 15.32, contrast_acc: 100.00, gan_train_loss: 0.5675, gan_eval_loss: 0.5595
2022-07-12 09:47:59,546 DEBUG epoch:106, knn_val_accu: 10.10, contrast_loss: 16.38, contrast_acc: 100.00, gan_train_loss: 0.5678, gan_eval_loss: 0.5606
2022-07-12 09:53:43,664 DEBUG epoch:107, knn_val_accu: 9.83, contrast_loss: 15.44, contrast_acc: 100.00, gan_train_loss: 0.5683, gan_eval_loss: 0.5606
2022-07-12 09:59:25,923 DEBUG epoch:108, knn_val_accu: 9.83, contrast_loss: 14.00, contrast_acc: 100.00, gan_train_loss: 0.5690, gan_eval_loss: 0.5625
2022-07-12 10:05:05,986 DEBUG epoch:109, knn_val_accu: 9.24, contrast_loss: 16.21, contrast_acc: 100.00, gan_train_loss: 0.5694, gan_eval_loss: 0.5597
2022-07-12 10:10:46,921 DEBUG epoch:110, knn_val_accu: 10.29, contrast_loss: 14.91, contrast_acc: 99.65, gan_train_loss: 0.5708, gan_eval_loss: 0.5625
2022-07-12 10:16:27,947 DEBUG epoch:111, knn_val_accu: 11.64, contrast_loss: 15.34, contrast_acc: 100.00, gan_train_loss: 0.5708, gan_eval_loss: 0.5589
2022-07-12 10:22:08,130 DEBUG epoch:112, knn_val_accu: 9.26, contrast_loss: 15.18, contrast_acc: 100.00, gan_train_loss: 0.5710, gan_eval_loss: 0.5620
2022-07-12 10:27:47,694 DEBUG epoch:113, knn_val_accu: 9.49, contrast_loss: 16.00, contrast_acc: 100.00, gan_train_loss: 0.5717, gan_eval_loss: 0.5627
2022-07-12 10:33:26,603 DEBUG epoch:114, knn_val_accu: 8.28, contrast_loss: 15.41, contrast_acc: 100.00, gan_train_loss: 0.5720, gan_eval_loss: 0.5590
2022-07-12 10:39:07,047 DEBUG epoch:115, knn_val_accu: 6.51, contrast_loss: 15.35, contrast_acc: 97.39, gan_train_loss: 0.5717, gan_eval_loss: 0.5571
2022-07-12 10:44:45,274 DEBUG epoch:116, knn_val_accu: 7.37, contrast_loss: 15.38, contrast_acc: 95.33, gan_train_loss: 0.5479, gan_eval_loss: 0.5455
2022-07-12 10:50:23,752 DEBUG epoch:117, knn_val_accu: 11.15, contrast_loss: 15.23, contrast_acc: 97.43, gan_train_loss: 0.5562, gan_eval_loss: 0.5552
2022-07-12 10:56:02,097 DEBUG epoch:118, knn_val_accu: 8.99, contrast_loss: 15.15, contrast_acc: 94.24, gan_train_loss: 0.5600, gan_eval_loss: 0.5589
2022-07-12 11:01:40,583 DEBUG epoch:119, knn_val_accu: 10.89, contrast_loss: 15.57, contrast_acc: 100.00, gan_train_loss: 0.5614, gan_eval_loss: 0.5600
2022-07-12 11:07:18,006 DEBUG epoch:120, knn_val_accu: 8.42, contrast_loss: 14.73, contrast_acc: 100.00, gan_train_loss: 0.5631, gan_eval_loss: 0.5620
2022-07-12 11:12:56,829 DEBUG epoch:121, knn_val_accu: 8.92, contrast_loss: 14.62, contrast_acc: 98.43, gan_train_loss: 0.5653, gan_eval_loss: 0.5657
2022-07-12 11:18:34,976 DEBUG epoch:122, knn_val_accu: 8.48, contrast_loss: 15.40, contrast_acc: 100.00, gan_train_loss: 0.5656, gan_eval_loss: 0.5661
2022-07-12 11:24:14,200 DEBUG epoch:123, knn_val_accu: 11.91, contrast_loss: 15.02, contrast_acc: 97.91, gan_train_loss: 0.5660, gan_eval_loss: 0.5665
2022-07-12 11:29:54,886 DEBUG epoch:124, knn_val_accu: 12.13, contrast_loss: 15.14, contrast_acc: 100.00, gan_train_loss: 0.5497, gan_eval_loss: 0.5498
2022-07-12 11:35:35,645 DEBUG epoch:125, knn_val_accu: 9.36, contrast_loss: 15.16, contrast_acc: 100.00, gan_train_loss: 0.5035, gan_eval_loss: 0.5034
2022-07-12 11:41:17,071 DEBUG epoch:126, knn_val_accu: 8.43, contrast_loss: 15.16, contrast_acc: 100.00, gan_train_loss: 0.4987, gan_eval_loss: 0.4988
2022-07-12 11:46:54,751 DEBUG epoch:127, knn_val_accu: 9.58, contrast_loss: 15.05, contrast_acc: 100.00, gan_train_loss: 0.5004, gan_eval_loss: 0.5005
2022-07-12 11:52:33,563 DEBUG epoch:128, knn_val_accu: 9.66, contrast_loss: 15.20, contrast_acc: 94.76, gan_train_loss: 0.5016, gan_eval_loss: 0.5017
2022-07-12 11:58:12,947 DEBUG epoch:129, knn_val_accu: 10.11, contrast_loss: 14.48, contrast_acc: 100.00, gan_train_loss: 0.5032, gan_eval_loss: 0.5032
2022-07-12 12:03:51,832 DEBUG epoch:130, knn_val_accu: 9.95, contrast_loss: 15.51, contrast_acc: 99.65, gan_train_loss: 0.5027, gan_eval_loss: 0.5028
2022-07-12 12:09:32,709 DEBUG epoch:131, knn_val_accu: 9.63, contrast_loss: 14.76, contrast_acc: 100.00, gan_train_loss: 0.5033, gan_eval_loss: 0.5034
2022-07-12 12:15:10,852 DEBUG epoch:132, knn_val_accu: 8.17, contrast_loss: 14.79, contrast_acc: 100.00, gan_train_loss: 0.5032, gan_eval_loss: 0.5032
2022-07-12 12:21:01,165 DEBUG epoch:133, knn_val_accu: 9.46, contrast_loss: 14.73, contrast_acc: 100.00, gan_train_loss: 0.5040, gan_eval_loss: 0.5040
2022-07-12 12:26:49,614 DEBUG epoch:134, knn_val_accu: 9.53, contrast_loss: 15.28, contrast_acc: 97.91, gan_train_loss: 0.5032, gan_eval_loss: 0.5031
2022-07-12 12:32:36,578 DEBUG epoch:135, knn_val_accu: 10.10, contrast_loss: 14.97, contrast_acc: 95.81, gan_train_loss: 0.5037, gan_eval_loss: 0.5036
2022-07-12 12:38:23,274 DEBUG epoch:136, knn_val_accu: 11.93, contrast_loss: 15.39, contrast_acc: 100.00, gan_train_loss: 0.5033, gan_eval_loss: 0.5032
2022-07-12 12:44:11,480 DEBUG epoch:137, knn_val_accu: 10.17, contrast_loss: 15.28, contrast_acc: 100.00, gan_train_loss: 0.5034, gan_eval_loss: 0.5033
2022-07-12 12:50:00,634 DEBUG epoch:138, knn_val_accu: 10.00, contrast_loss: 15.59, contrast_acc: 100.00, gan_train_loss: 0.5029, gan_eval_loss: 0.5028
2022-07-12 12:55:47,001 DEBUG epoch:139, knn_val_accu: 10.01, contrast_loss: 15.32, contrast_acc: 100.00, gan_train_loss: 0.5032, gan_eval_loss: 0.5028
2022-07-12 13:01:35,877 DEBUG epoch:140, knn_val_accu: 10.00, contrast_loss: 15.96, contrast_acc: 100.00, gan_train_loss: 0.5025, gan_eval_loss: 0.5021
2022-07-12 13:07:23,360 DEBUG epoch:141, knn_val_accu: 10.00, contrast_loss: 17.22, contrast_acc: 100.00, gan_train_loss: 0.5024, gan_eval_loss: 0.5021
2022-07-12 13:12:56,586 DEBUG epoch:142, knn_val_accu: 10.01, contrast_loss: 16.70, contrast_acc: 100.00, gan_train_loss: 0.5024, gan_eval_loss: 0.5017
2022-07-12 13:18:31,589 DEBUG epoch:143, knn_val_accu: 11.20, contrast_loss: 16.48, contrast_acc: 100.00, gan_train_loss: 0.5023, gan_eval_loss: 0.5018
2022-07-12 13:24:04,337 DEBUG epoch:144, knn_val_accu: 9.77, contrast_loss: 16.02, contrast_acc: 100.00, gan_train_loss: 0.5019, gan_eval_loss: 0.5009
2022-07-12 13:29:38,061 DEBUG epoch:145, knn_val_accu: 9.08, contrast_loss: 14.90, contrast_acc: 100.00, gan_train_loss: 0.5016, gan_eval_loss: 0.5010
2022-07-12 13:35:20,882 DEBUG epoch:146, knn_val_accu: 10.00, contrast_loss: 16.02, contrast_acc: 100.00, gan_train_loss: 0.5015, gan_eval_loss: 0.5003
2022-07-12 13:41:10,138 DEBUG epoch:147, knn_val_accu: 10.00, contrast_loss: 15.89, contrast_acc: 99.30, gan_train_loss: 0.5017, gan_eval_loss: 0.5007
2022-07-12 13:46:58,352 DEBUG epoch:148, knn_val_accu: 10.00, contrast_loss: 16.28, contrast_acc: 97.91, gan_train_loss: 0.5002, gan_eval_loss: 0.4994
2022-07-12 13:52:45,323 DEBUG epoch:149, knn_val_accu: 10.02, contrast_loss: 17.34, contrast_acc: 100.00, gan_train_loss: 0.5006, gan_eval_loss: 0.4993
2022-07-12 13:58:32,566 DEBUG epoch:150, knn_val_accu: 9.83, contrast_loss: 16.97, contrast_acc: 100.00, gan_train_loss: 0.5008, gan_eval_loss: 0.4995
2022-07-12 14:04:17,423 DEBUG epoch:151, knn_val_accu: 10.02, contrast_loss: 16.83, contrast_acc: 100.00, gan_train_loss: 0.5002, gan_eval_loss: 0.4985
2022-07-12 14:10:05,624 DEBUG epoch:152, knn_val_accu: 10.02, contrast_loss: 16.51, contrast_acc: 100.00, gan_train_loss: 0.5006, gan_eval_loss: 0.4996
2022-07-12 14:15:54,089 DEBUG epoch:153, knn_val_accu: 9.87, contrast_loss: 16.87, contrast_acc: 100.00, gan_train_loss: 0.4999, gan_eval_loss: 0.4987
2022-07-12 14:21:41,385 DEBUG epoch:154, knn_val_accu: 10.27, contrast_loss: 16.28, contrast_acc: 100.00, gan_train_loss: 0.4999, gan_eval_loss: 0.4978
2022-07-12 14:27:28,419 DEBUG epoch:155, knn_val_accu: 10.01, contrast_loss: 16.14, contrast_acc: 100.00, gan_train_loss: 0.5000, gan_eval_loss: 0.4984
2022-07-12 14:33:14,872 DEBUG epoch:156, knn_val_accu: 9.74, contrast_loss: 15.15, contrast_acc: 100.00, gan_train_loss: 0.4995, gan_eval_loss: 0.4975
2022-07-12 14:39:03,603 DEBUG epoch:157, knn_val_accu: 10.00, contrast_loss: 15.45, contrast_acc: 100.00, gan_train_loss: 0.4993, gan_eval_loss: 0.4979
2022-07-12 14:44:51,523 DEBUG epoch:158, knn_val_accu: 10.17, contrast_loss: 16.41, contrast_acc: 100.00, gan_train_loss: 0.4994, gan_eval_loss: 0.4974
2022-07-12 14:50:40,340 DEBUG epoch:159, knn_val_accu: 9.79, contrast_loss: 16.16, contrast_acc: 100.00, gan_train_loss: 0.4984, gan_eval_loss: 0.4963
2022-07-12 14:56:27,095 DEBUG epoch:160, knn_val_accu: 10.43, contrast_loss: 16.65, contrast_acc: 100.00, gan_train_loss: 0.4990, gan_eval_loss: 0.4971
2022-07-12 15:02:16,542 DEBUG epoch:161, knn_val_accu: 10.01, contrast_loss: 16.92, contrast_acc: 100.00, gan_train_loss: 0.4985, gan_eval_loss: 0.4985
2022-07-12 15:08:06,451 DEBUG epoch:162, knn_val_accu: 10.87, contrast_loss: 17.18, contrast_acc: 100.00, gan_train_loss: 0.4984, gan_eval_loss: 0.4985
2022-07-12 15:13:53,053 DEBUG epoch:163, knn_val_accu: 10.10, contrast_loss: 17.22, contrast_acc: 100.00, gan_train_loss: 0.4981, gan_eval_loss: 0.4981
2022-07-12 15:19:41,910 DEBUG epoch:164, knn_val_accu: 9.78, contrast_loss: 16.05, contrast_acc: 100.00, gan_train_loss: 0.4983, gan_eval_loss: 0.4983
2022-07-12 15:25:29,547 DEBUG epoch:165, knn_val_accu: 9.05, contrast_loss: 16.49, contrast_acc: 100.00, gan_train_loss: 0.4978, gan_eval_loss: 0.4978
2022-07-12 15:31:04,357 DEBUG epoch:166, knn_val_accu: 12.45, contrast_loss: 16.79, contrast_acc: 100.00, gan_train_loss: 0.4978, gan_eval_loss: 0.4978
2022-07-12 15:36:36,696 DEBUG epoch:167, knn_val_accu: 9.57, contrast_loss: 14.63, contrast_acc: 100.00, gan_train_loss: 0.4974, gan_eval_loss: 0.4974
2022-07-12 15:42:13,325 DEBUG epoch:168, knn_val_accu: 9.63, contrast_loss: 15.14, contrast_acc: 100.00, gan_train_loss: 0.4973, gan_eval_loss: 0.4973
2022-07-12 15:47:46,689 DEBUG epoch:169, knn_val_accu: 9.95, contrast_loss: 15.61, contrast_acc: 100.00, gan_train_loss: 0.4975, gan_eval_loss: 0.4975
2022-07-12 15:53:18,394 DEBUG epoch:170, knn_val_accu: 10.00, contrast_loss: 15.54, contrast_acc: 100.00, gan_train_loss: 0.4974, gan_eval_loss: 0.4974
2022-07-12 15:58:49,971 DEBUG epoch:171, knn_val_accu: 10.32, contrast_loss: 16.62, contrast_acc: 100.00, gan_train_loss: 0.4977, gan_eval_loss: 0.4978
2022-07-12 16:04:32,967 DEBUG epoch:172, knn_val_accu: 10.28, contrast_loss: 15.71, contrast_acc: 100.00, gan_train_loss: 0.4977, gan_eval_loss: 0.4977
2022-07-12 16:10:21,170 DEBUG epoch:173, knn_val_accu: 9.14, contrast_loss: 15.53, contrast_acc: 99.48, gan_train_loss: 0.4966, gan_eval_loss: 0.4966
2022-07-12 16:16:11,313 DEBUG epoch:174, knn_val_accu: 8.35, contrast_loss: 16.44, contrast_acc: 100.00, gan_train_loss: 0.4974, gan_eval_loss: 0.4974
2022-07-12 16:21:58,744 DEBUG epoch:175, knn_val_accu: 10.30, contrast_loss: 17.08, contrast_acc: 100.00, gan_train_loss: 0.4973, gan_eval_loss: 0.4973
2022-07-12 16:27:46,848 DEBUG epoch:176, knn_val_accu: 9.84, contrast_loss: 17.40, contrast_acc: 99.96, gan_train_loss: 0.4972, gan_eval_loss: 0.4972
2022-07-12 16:33:33,873 DEBUG epoch:177, knn_val_accu: 9.43, contrast_loss: 17.40, contrast_acc: 33.32, gan_train_loss: 0.4973, gan_eval_loss: 0.4973
2022-07-12 16:39:20,993 DEBUG epoch:178, knn_val_accu: 10.02, contrast_loss: 17.40, contrast_acc: 15.50, gan_train_loss: 0.4973, gan_eval_loss: 0.4973
2022-07-12 16:45:08,783 DEBUG epoch:179, knn_val_accu: 9.44, contrast_loss: 17.40, contrast_acc: 13.34, gan_train_loss: 0.4961, gan_eval_loss: 0.4961
2022-07-12 16:50:55,791 DEBUG epoch:180, knn_val_accu: 10.97, contrast_loss: 17.40, contrast_acc: 12.72, gan_train_loss: 0.4965, gan_eval_loss: 0.4965
2022-07-12 16:56:42,257 DEBUG epoch:181, knn_val_accu: 10.05, contrast_loss: 17.40, contrast_acc: 22.05, gan_train_loss: 0.4960, gan_eval_loss: 0.4960
2022-07-12 17:02:29,069 DEBUG epoch:182, knn_val_accu: 10.10, contrast_loss: 17.40, contrast_acc: 17.12, gan_train_loss: 0.4965, gan_eval_loss: 0.4965
2022-07-12 17:08:16,085 DEBUG epoch:183, knn_val_accu: 10.26, contrast_loss: 17.40, contrast_acc: 14.43, gan_train_loss: 0.4967, gan_eval_loss: 0.4968
2022-07-12 17:14:03,617 DEBUG epoch:184, knn_val_accu: 9.12, contrast_loss: 17.40, contrast_acc: 21.38, gan_train_loss: 0.4971, gan_eval_loss: 0.4971
2022-07-12 17:19:50,916 DEBUG epoch:185, knn_val_accu: 10.02, contrast_loss: 17.40, contrast_acc: 30.85, gan_train_loss: 0.4971, gan_eval_loss: 0.4970
2022-07-12 17:25:38,229 DEBUG epoch:186, knn_val_accu: 10.00, contrast_loss: 17.40, contrast_acc: 21.91, gan_train_loss: 0.4965, gan_eval_loss: 0.4965
2022-07-12 17:31:26,466 DEBUG epoch:187, knn_val_accu: 9.98, contrast_loss: 17.40, contrast_acc: 25.76, gan_train_loss: 0.4970, gan_eval_loss: 0.4969
2022-07-12 17:37:14,894 DEBUG epoch:188, knn_val_accu: 10.01, contrast_loss: 17.40, contrast_acc: 27.99, gan_train_loss: 0.4962, gan_eval_loss: 0.4962
2022-07-12 17:43:02,736 DEBUG epoch:189, knn_val_accu: 10.00, contrast_loss: 17.40, contrast_acc: 28.55, gan_train_loss: 0.4962, gan_eval_loss: 0.4961
2022-07-12 17:48:49,877 DEBUG epoch:190, knn_val_accu: 10.02, contrast_loss: 17.40, contrast_acc: 28.83, gan_train_loss: 0.4962, gan_eval_loss: 0.4962
2022-07-12 17:54:38,876 DEBUG epoch:191, knn_val_accu: 10.09, contrast_loss: 17.40, contrast_acc: 24.18, gan_train_loss: 0.4966, gan_eval_loss: 0.4965
2022-07-12 18:00:25,947 DEBUG epoch:192, knn_val_accu: 9.94, contrast_loss: 17.40, contrast_acc: 19.49, gan_train_loss: 0.4964, gan_eval_loss: 0.4964
2022-07-12 18:06:13,163 DEBUG epoch:193, knn_val_accu: 9.85, contrast_loss: 17.40, contrast_acc: 58.16, gan_train_loss: 0.4963, gan_eval_loss: 0.4962
2022-07-12 18:12:02,308 DEBUG epoch:194, knn_val_accu: 10.00, contrast_loss: 17.40, contrast_acc: 42.80, gan_train_loss: 0.4964, gan_eval_loss: 0.4964
2022-07-12 18:17:48,700 DEBUG epoch:195, knn_val_accu: 9.64, contrast_loss: 17.40, contrast_acc: 29.14, gan_train_loss: 0.4964, gan_eval_loss: 0.4964
2022-07-12 18:23:33,792 DEBUG epoch:196, knn_val_accu: 10.20, contrast_loss: 17.40, contrast_acc: 27.07, gan_train_loss: 0.4961, gan_eval_loss: 0.4961
2022-07-12 18:29:20,486 DEBUG epoch:197, knn_val_accu: 10.00, contrast_loss: 17.40, contrast_acc: 36.00, gan_train_loss: 0.4963, gan_eval_loss: 0.4963
2022-07-12 18:35:08,845 DEBUG epoch:198, knn_val_accu: 10.00, contrast_loss: 17.40, contrast_acc: 10.61, gan_train_loss: 0.4965, gan_eval_loss: 0.4964
2022-07-12 18:40:57,044 DEBUG epoch:199, knn_val_accu: 10.07, contrast_loss: 17.40, contrast_acc: 1.68, gan_train_loss: 0.4972, gan_eval_loss: 0.4971
2022-07-12 18:46:48,569 DEBUG epoch:200, knn_val_accu: 10.00, contrast_loss: 17.40, contrast_acc: 0.03, gan_train_loss: 0.4964, gan_eval_loss: 0.4964
2022-07-12 18:46:58,417 DEBUG final knn evaluation accuracy is 52.21
2022-07-12 19:03:13,877 DEBUG final linear-probe evaluation accuracy is 56.74
2022-07-12 19:08:51,063 DEBUG final semi-supervised evaluation accuracy with 10% data is 56.23
2022-07-12 19:13:18,097 DEBUG final semi-supervised evaluation accuracy with 1% data is 46.85
2022-07-12 19:13:27,643 DEBUG final knn evaluation accuracy is 52.21
2022-07-17 02:15:21,248 DEBUG Enable ResSFL fine-tuning: arch-res_normN4C64-alpha-2.0-ssim-0.6, using svhn as auxiliary data
2022-07-17 02:15:31,027 DEBUG final knn evaluation accuracy is 52.21
