2022-07-10 19:49:38,009 DEBUG Generating IR ...... (may take a while)
2022-07-10 19:49:41,861 DEBUG epoch [1/50], train_loss 0.0653 (0.0741), val_loss 0.0711 (0.0627)
2022-07-10 19:49:43,266 DEBUG epoch [2/50], train_loss 0.0831 (0.0692), val_loss 0.0540 (0.0611)
2022-07-10 19:49:44,650 DEBUG epoch [3/50], train_loss 0.0677 (0.0666), val_loss 0.0631 (0.0607)
2022-07-10 19:49:45,968 DEBUG epoch [4/50], train_loss 0.0778 (0.0650), val_loss 0.0664 (0.0605)
2022-07-10 19:49:47,371 DEBUG epoch [5/50], train_loss 0.1086 (0.0637), val_loss 0.0538 (0.0601)
2022-07-10 19:49:48,788 DEBUG epoch [6/50], train_loss 0.0805 (0.0627), val_loss 0.0457 (0.0595)
2022-07-10 19:49:50,202 DEBUG epoch [7/50], train_loss 0.0680 (0.0618), val_loss 0.0526 (0.0591)
2022-07-10 19:49:51,541 DEBUG epoch [8/50], train_loss 0.0486 (0.0611), val_loss 0.0603 (0.0586)
2022-07-10 19:49:52,935 DEBUG epoch [9/50], train_loss 0.0477 (0.0603), val_loss 0.0529 (0.0582)
2022-07-10 19:49:54,333 DEBUG epoch [10/50], train_loss 0.0524 (0.0596), val_loss 0.0587 (0.0577)
2022-07-10 19:49:55,794 DEBUG epoch [11/50], train_loss 0.0415 (0.0590), val_loss 0.0556 (0.0573)
2022-07-10 19:49:57,157 DEBUG epoch [12/50], train_loss 0.0291 (0.0583), val_loss 0.0539 (0.0570)
2022-07-10 19:49:58,578 DEBUG epoch [13/50], train_loss 0.0305 (0.0577), val_loss 0.0575 (0.0567)
2022-07-10 19:49:59,920 DEBUG epoch [14/50], train_loss 0.0568 (0.0570), val_loss 0.0641 (0.0566)
2022-07-10 19:50:01,271 DEBUG epoch [15/50], train_loss 0.0614 (0.0565), val_loss 0.0490 (0.0565)
2022-07-10 19:50:02,585 DEBUG epoch [16/50], train_loss 0.0336 (0.0560), val_loss 0.0641 (0.0563)
2022-07-10 19:50:04,006 DEBUG epoch [17/50], train_loss 0.0699 (0.0554), val_loss 0.0548 (0.0562)
2022-07-10 19:50:05,446 DEBUG epoch [18/50], train_loss 0.0639 (0.0551), val_loss 0.0453 (0.0561)
2022-07-10 19:50:06,809 DEBUG epoch [19/50], train_loss 0.0343 (0.0547), val_loss 0.0486 (0.0560)
2022-07-10 19:50:08,182 DEBUG epoch [20/50], train_loss 0.0849 (0.0542), val_loss 0.0629 (0.0561)
2022-07-10 19:50:09,579 DEBUG epoch [21/50], train_loss 0.0267 (0.0538), val_loss 0.0528 (0.0561)
2022-07-10 19:50:11,026 DEBUG epoch [22/50], train_loss 0.0689 (0.0533), val_loss 0.0630 (0.0563)
2022-07-10 19:50:12,411 DEBUG epoch [23/50], train_loss 0.0865 (0.0528), val_loss 0.0655 (0.0562)
2022-07-10 19:50:13,774 DEBUG epoch [24/50], train_loss 0.0818 (0.0525), val_loss 0.0585 (0.0561)
2022-07-10 19:50:15,179 DEBUG epoch [25/50], train_loss 0.0364 (0.0522), val_loss 0.0610 (0.0561)
2022-07-10 19:50:16,538 DEBUG epoch [26/50], train_loss 0.0982 (0.0517), val_loss 0.0539 (0.0562)
2022-07-10 19:50:18,031 DEBUG epoch [27/50], train_loss 0.0828 (0.0514), val_loss 0.0508 (0.0561)
2022-07-10 19:50:19,426 DEBUG epoch [28/50], train_loss 0.0605 (0.0511), val_loss 0.0722 (0.0562)
2022-07-10 19:50:20,786 DEBUG epoch [29/50], train_loss 0.0377 (0.0508), val_loss 0.0484 (0.0562)
2022-07-10 19:50:22,189 DEBUG epoch [30/50], train_loss 0.0510 (0.0504), val_loss 0.0426 (0.0562)
2022-07-10 19:50:23,626 DEBUG epoch [31/50], train_loss 0.0606 (0.0499), val_loss 0.0629 (0.0564)
2022-07-10 19:50:25,020 DEBUG epoch [32/50], train_loss 0.0337 (0.0495), val_loss 0.0577 (0.0564)
2022-07-10 19:50:26,400 DEBUG epoch [33/50], train_loss 0.0494 (0.0491), val_loss 0.0521 (0.0566)
2022-07-10 19:50:27,771 DEBUG epoch [34/50], train_loss 0.0421 (0.0486), val_loss 0.0586 (0.0566)
2022-07-10 19:50:29,197 DEBUG epoch [35/50], train_loss 0.0498 (0.0482), val_loss 0.0569 (0.0566)
2022-07-10 19:50:30,651 DEBUG epoch [36/50], train_loss 0.0316 (0.0477), val_loss 0.0661 (0.0568)
2022-07-10 19:50:32,017 DEBUG epoch [37/50], train_loss 0.0390 (0.0472), val_loss 0.0575 (0.0569)
2022-07-10 19:50:33,366 DEBUG epoch [38/50], train_loss 0.0801 (0.0468), val_loss 0.0550 (0.0571)
2022-07-10 19:50:34,666 DEBUG epoch [39/50], train_loss 0.0547 (0.0464), val_loss 0.0585 (0.0572)
2022-07-10 19:50:36,021 DEBUG epoch [40/50], train_loss 0.0327 (0.0461), val_loss 0.0524 (0.0573)
2022-07-10 19:50:37,473 DEBUG epoch [41/50], train_loss 0.0343 (0.0456), val_loss 0.0537 (0.0573)
2022-07-10 19:50:38,850 DEBUG epoch [42/50], train_loss 0.0323 (0.0452), val_loss 0.0625 (0.0573)
2022-07-10 19:50:40,298 DEBUG epoch [43/50], train_loss 0.0600 (0.0447), val_loss 0.0595 (0.0575)
2022-07-10 19:50:41,700 DEBUG epoch [44/50], train_loss 0.0440 (0.0443), val_loss 0.0670 (0.0575)
2022-07-10 19:50:43,093 DEBUG epoch [45/50], train_loss 0.0768 (0.0439), val_loss 0.0628 (0.0576)
2022-07-10 19:50:44,479 DEBUG epoch [46/50], train_loss 0.0400 (0.0436), val_loss 0.0600 (0.0576)
2022-07-10 19:50:45,922 DEBUG epoch [47/50], train_loss 0.0404 (0.0433), val_loss 0.0586 (0.0577)
2022-07-10 19:50:47,382 DEBUG epoch [48/50], train_loss 0.0449 (0.0430), val_loss 0.0552 (0.0577)
2022-07-10 19:50:48,776 DEBUG epoch [49/50], train_loss 0.0476 (0.0427), val_loss 0.0581 (0.0576)
2022-07-10 19:50:50,131 DEBUG epoch [50/50], train_loss 0.0432 (0.0426), val_loss 0.0660 (0.0577)
2022-07-10 19:50:50,132 DEBUG Using MIA arch res_normN4C64 Best Validation Loss is 0.04260716587305069
2022-07-10 19:50:51,424 DEBUG MSE Loss on ALL Image is 0.0415 (Real Attack Results on the Target Client)
2022-07-10 19:50:51,425 DEBUG SSIM Loss on ALL Image is 0.4179 (Real Attack Results on the Target Client)
2022-07-10 19:50:51,425 DEBUG PSNR Loss on ALL Image is 14.3710 (Real Attack Results on the Target Client)
