2022-07-09 01:48:34,627 DEBUG Enable ResSFL fine-tuning: arch-res_normN4C64-alpha-2.0-ssim-0.6, using cifar100 as auxiliary data
2022-07-09 01:48:35,043 DEBUG SFL-Moco (ResSFL-expert) Train on cifar10 with cutlayer 3: total epochs: 200
2022-07-09 01:52:18,353 DEBUG epoch:1, knn_val_accu: 32.36, contrast_loss: 14.36, contrast_acc: 17.07, gan_train_loss: 0.5905, gan_eval_loss: 0.5638
2022-07-09 01:56:03,309 DEBUG epoch:2, knn_val_accu: 37.92, contrast_loss: 14.09, contrast_acc: 10.46, gan_train_loss: 0.5897, gan_eval_loss: 0.5894
2022-07-09 01:59:49,741 DEBUG epoch:3, knn_val_accu: 40.59, contrast_loss: 13.48, contrast_acc: 10.72, gan_train_loss: 0.5935, gan_eval_loss: 0.5938
2022-07-09 02:03:39,434 DEBUG epoch:4, knn_val_accu: 42.81, contrast_loss: 13.05, contrast_acc: 10.93, gan_train_loss: 0.5946, gan_eval_loss: 0.5954
2022-07-09 02:07:24,459 DEBUG epoch:5, knn_val_accu: 44.82, contrast_loss: 12.72, contrast_acc: 11.15, gan_train_loss: 0.6016, gan_eval_loss: 0.5839
2022-07-09 02:11:12,506 DEBUG epoch:6, knn_val_accu: 47.17, contrast_loss: 12.37, contrast_acc: 11.92, gan_train_loss: 0.5987, gan_eval_loss: 0.5964
2022-07-09 02:15:02,754 DEBUG epoch:7, knn_val_accu: 50.14, contrast_loss: 11.93, contrast_acc: 13.34, gan_train_loss: 0.5996, gan_eval_loss: 0.6007
2022-07-09 02:18:53,852 DEBUG epoch:8, knn_val_accu: 52.03, contrast_loss: 11.55, contrast_acc: 14.08, gan_train_loss: 0.5997, gan_eval_loss: 0.6014
2022-07-09 02:22:45,097 DEBUG epoch:9, knn_val_accu: 53.01, contrast_loss: 11.20, contrast_acc: 14.92, gan_train_loss: 0.6017, gan_eval_loss: 0.6031
2022-07-09 02:26:38,021 DEBUG epoch:10, knn_val_accu: 53.05, contrast_loss: 10.92, contrast_acc: 15.64, gan_train_loss: 0.6019, gan_eval_loss: 0.6038
2022-07-09 02:30:30,216 DEBUG epoch:11, knn_val_accu: 53.89, contrast_loss: 10.61, contrast_acc: 16.36, gan_train_loss: 0.6024, gan_eval_loss: 0.6045
2022-07-09 02:34:22,915 DEBUG epoch:12, knn_val_accu: 54.82, contrast_loss: 10.35, contrast_acc: 16.90, gan_train_loss: 0.6038, gan_eval_loss: 0.6056
2022-07-09 02:38:17,072 DEBUG epoch:13, knn_val_accu: 54.77, contrast_loss: 10.09, contrast_acc: 17.66, gan_train_loss: 0.6049, gan_eval_loss: 0.6067
2022-07-09 02:42:10,377 DEBUG epoch:14, knn_val_accu: 55.28, contrast_loss: 9.89, contrast_acc: 17.88, gan_train_loss: 0.6049, gan_eval_loss: 0.6067
2022-07-09 02:46:04,159 DEBUG epoch:15, knn_val_accu: 55.73, contrast_loss: 9.64, contrast_acc: 18.57, gan_train_loss: 0.6043, gan_eval_loss: 0.6063
2022-07-09 02:49:58,100 DEBUG epoch:16, knn_val_accu: 55.86, contrast_loss: 9.45, contrast_acc: 19.36, gan_train_loss: 0.6035, gan_eval_loss: 0.6060
2022-07-09 02:53:50,474 DEBUG epoch:17, knn_val_accu: 55.99, contrast_loss: 9.34, contrast_acc: 19.33, gan_train_loss: 0.6030, gan_eval_loss: 0.6057
2022-07-09 02:57:43,526 DEBUG epoch:18, knn_val_accu: 56.49, contrast_loss: 9.16, contrast_acc: 19.85, gan_train_loss: 0.6028, gan_eval_loss: 0.6053
2022-07-09 03:01:37,166 DEBUG epoch:19, knn_val_accu: 57.38, contrast_loss: 8.98, contrast_acc: 20.45, gan_train_loss: 0.6021, gan_eval_loss: 0.6044
2022-07-09 03:05:28,167 DEBUG epoch:20, knn_val_accu: 56.61, contrast_loss: 8.85, contrast_acc: 20.74, gan_train_loss: 0.6018, gan_eval_loss: 0.6040
2022-07-09 03:09:18,758 DEBUG epoch:21, knn_val_accu: 57.44, contrast_loss: 8.72, contrast_acc: 21.16, gan_train_loss: 0.5992, gan_eval_loss: 0.6011
2022-07-09 03:13:08,460 DEBUG epoch:22, knn_val_accu: 57.02, contrast_loss: 8.59, contrast_acc: 21.67, gan_train_loss: 0.6000, gan_eval_loss: 0.6019
2022-07-09 03:16:58,203 DEBUG epoch:23, knn_val_accu: 58.16, contrast_loss: 8.48, contrast_acc: 21.94, gan_train_loss: 0.5983, gan_eval_loss: 0.6007
2022-07-09 03:20:48,831 DEBUG epoch:24, knn_val_accu: 57.13, contrast_loss: 8.36, contrast_acc: 22.51, gan_train_loss: 0.5986, gan_eval_loss: 0.6007
2022-07-09 03:24:39,721 DEBUG epoch:25, knn_val_accu: 57.77, contrast_loss: 8.29, contrast_acc: 22.84, gan_train_loss: 0.5998, gan_eval_loss: 0.6018
2022-07-09 03:28:28,669 DEBUG epoch:26, knn_val_accu: 58.58, contrast_loss: 8.21, contrast_acc: 22.91, gan_train_loss: 0.6005, gan_eval_loss: 0.6010
2022-07-09 03:32:19,265 DEBUG epoch:27, knn_val_accu: 58.36, contrast_loss: 8.13, contrast_acc: 23.13, gan_train_loss: 0.6009, gan_eval_loss: 0.6029
2022-07-09 03:36:10,343 DEBUG epoch:28, knn_val_accu: 58.65, contrast_loss: 8.11, contrast_acc: 23.35, gan_train_loss: 0.6022, gan_eval_loss: 0.6041
2022-07-09 03:40:02,203 DEBUG epoch:29, knn_val_accu: 58.98, contrast_loss: 8.02, contrast_acc: 23.65, gan_train_loss: 0.6017, gan_eval_loss: 0.6034
2022-07-09 03:43:53,025 DEBUG epoch:30, knn_val_accu: 58.21, contrast_loss: 7.94, contrast_acc: 24.12, gan_train_loss: 0.6032, gan_eval_loss: 0.6048
2022-07-09 03:47:43,161 DEBUG epoch:31, knn_val_accu: 58.06, contrast_loss: 7.89, contrast_acc: 23.99, gan_train_loss: 0.6021, gan_eval_loss: 0.6034
2022-07-09 03:51:33,851 DEBUG epoch:32, knn_val_accu: 58.15, contrast_loss: 7.83, contrast_acc: 24.47, gan_train_loss: 0.6033, gan_eval_loss: 0.6051
2022-07-09 03:55:26,613 DEBUG epoch:33, knn_val_accu: 58.20, contrast_loss: 7.79, contrast_acc: 24.87, gan_train_loss: 0.6030, gan_eval_loss: 0.6053
2022-07-09 03:59:18,182 DEBUG epoch:34, knn_val_accu: 58.95, contrast_loss: 7.71, contrast_acc: 25.22, gan_train_loss: 0.6033, gan_eval_loss: 0.6051
2022-07-09 04:03:10,050 DEBUG epoch:35, knn_val_accu: 58.89, contrast_loss: 7.69, contrast_acc: 25.07, gan_train_loss: 0.6033, gan_eval_loss: 0.6059
2022-07-09 04:07:01,173 DEBUG epoch:36, knn_val_accu: 58.85, contrast_loss: 7.65, contrast_acc: 25.19, gan_train_loss: 0.6044, gan_eval_loss: 0.6066
2022-07-09 04:10:53,496 DEBUG epoch:37, knn_val_accu: 60.05, contrast_loss: 7.60, contrast_acc: 25.82, gan_train_loss: 0.6028, gan_eval_loss: 0.6052
2022-07-09 04:14:44,929 DEBUG epoch:38, knn_val_accu: 59.04, contrast_loss: 7.56, contrast_acc: 25.97, gan_train_loss: 0.6046, gan_eval_loss: 0.6069
2022-07-09 04:18:38,222 DEBUG epoch:39, knn_val_accu: 60.27, contrast_loss: 7.51, contrast_acc: 26.05, gan_train_loss: 0.6049, gan_eval_loss: 0.6067
2022-07-09 04:22:34,787 DEBUG epoch:40, knn_val_accu: 58.90, contrast_loss: 7.50, contrast_acc: 26.16, gan_train_loss: 0.6045, gan_eval_loss: 0.6070
2022-07-09 04:26:31,722 DEBUG epoch:41, knn_val_accu: 59.97, contrast_loss: 7.48, contrast_acc: 26.18, gan_train_loss: 0.6052, gan_eval_loss: 0.6070
2022-07-09 04:30:28,401 DEBUG epoch:42, knn_val_accu: 60.26, contrast_loss: 7.44, contrast_acc: 26.44, gan_train_loss: 0.6062, gan_eval_loss: 0.6076
2022-07-09 04:34:25,910 DEBUG epoch:43, knn_val_accu: 60.48, contrast_loss: 7.40, contrast_acc: 26.60, gan_train_loss: 0.6066, gan_eval_loss: 0.6080
2022-07-09 04:38:22,768 DEBUG epoch:44, knn_val_accu: 60.42, contrast_loss: 7.38, contrast_acc: 26.69, gan_train_loss: 0.6078, gan_eval_loss: 0.6082
2022-07-09 04:42:19,282 DEBUG epoch:45, knn_val_accu: 60.07, contrast_loss: 7.36, contrast_acc: 26.72, gan_train_loss: 0.6081, gan_eval_loss: 0.6081
2022-07-09 04:46:14,283 DEBUG epoch:46, knn_val_accu: 59.44, contrast_loss: 7.35, contrast_acc: 26.60, gan_train_loss: 0.6100, gan_eval_loss: 0.6058
2022-07-09 04:50:09,270 DEBUG epoch:47, knn_val_accu: 60.25, contrast_loss: 7.32, contrast_acc: 27.09, gan_train_loss: 0.6149, gan_eval_loss: 0.6015
2022-07-09 04:54:02,977 DEBUG epoch:48, knn_val_accu: 59.32, contrast_loss: 7.43, contrast_acc: 26.71, gan_train_loss: 0.6172, gan_eval_loss: 0.5985
2022-07-09 04:57:56,181 DEBUG epoch:49, knn_val_accu: 60.45, contrast_loss: 7.30, contrast_acc: 27.86, gan_train_loss: 0.6211, gan_eval_loss: 0.5946
2022-07-09 05:01:47,825 DEBUG epoch:50, knn_val_accu: 61.31, contrast_loss: 7.22, contrast_acc: 27.95, gan_train_loss: 0.6240, gan_eval_loss: 0.5964
2022-07-09 05:05:39,178 DEBUG epoch:51, knn_val_accu: 61.81, contrast_loss: 7.24, contrast_acc: 27.57, gan_train_loss: 0.6266, gan_eval_loss: 0.5922
2022-07-09 05:09:31,939 DEBUG epoch:52, knn_val_accu: 62.08, contrast_loss: 7.14, contrast_acc: 28.10, gan_train_loss: 0.6061, gan_eval_loss: 0.5952
2022-07-09 05:13:25,300 DEBUG epoch:53, knn_val_accu: 61.54, contrast_loss: 7.12, contrast_acc: 28.34, gan_train_loss: 0.6109, gan_eval_loss: 0.5991
2022-07-09 05:17:19,063 DEBUG epoch:54, knn_val_accu: 60.24, contrast_loss: 7.10, contrast_acc: 28.30, gan_train_loss: 0.6080, gan_eval_loss: 0.6013
2022-07-09 05:21:10,978 DEBUG epoch:55, knn_val_accu: 61.87, contrast_loss: 7.06, contrast_acc: 28.64, gan_train_loss: 0.6016, gan_eval_loss: 0.6016
2022-07-09 05:25:05,698 DEBUG epoch:56, knn_val_accu: 61.28, contrast_loss: 7.04, contrast_acc: 28.69, gan_train_loss: 0.6025, gan_eval_loss: 0.6028
2022-07-09 05:29:01,721 DEBUG epoch:57, knn_val_accu: 62.59, contrast_loss: 7.01, contrast_acc: 28.88, gan_train_loss: 0.6042, gan_eval_loss: 0.6038
2022-07-09 05:32:57,122 DEBUG epoch:58, knn_val_accu: 61.63, contrast_loss: 7.01, contrast_acc: 28.90, gan_train_loss: 0.6036, gan_eval_loss: 0.6032
2022-07-09 05:36:48,624 DEBUG epoch:59, knn_val_accu: 62.46, contrast_loss: 7.04, contrast_acc: 28.92, gan_train_loss: 0.6088, gan_eval_loss: 0.5990
2022-07-09 05:40:35,798 DEBUG epoch:60, knn_val_accu: 62.32, contrast_loss: 7.09, contrast_acc: 32.26, gan_train_loss: 0.6106, gan_eval_loss: 0.5973
2022-07-09 05:44:24,733 DEBUG epoch:61, knn_val_accu: 62.65, contrast_loss: 7.03, contrast_acc: 29.00, gan_train_loss: 0.6188, gan_eval_loss: 0.5976
2022-07-09 05:48:14,076 DEBUG epoch:62, knn_val_accu: 62.70, contrast_loss: 7.10, contrast_acc: 27.93, gan_train_loss: 0.6194, gan_eval_loss: 0.5923
2022-07-09 05:52:01,950 DEBUG epoch:63, knn_val_accu: 62.31, contrast_loss: 6.97, contrast_acc: 29.32, gan_train_loss: 0.6157, gan_eval_loss: 0.5952
2022-07-09 05:55:49,543 DEBUG epoch:64, knn_val_accu: 62.54, contrast_loss: 6.91, contrast_acc: 29.71, gan_train_loss: 0.6156, gan_eval_loss: 0.5974
2022-07-09 05:59:37,678 DEBUG epoch:65, knn_val_accu: 62.22, contrast_loss: 6.93, contrast_acc: 29.46, gan_train_loss: 0.6118, gan_eval_loss: 0.5994
2022-07-09 06:03:23,589 DEBUG epoch:66, knn_val_accu: 61.70, contrast_loss: 7.22, contrast_acc: 28.80, gan_train_loss: 0.6237, gan_eval_loss: 0.5890
2022-07-09 06:07:11,678 DEBUG epoch:67, knn_val_accu: 62.88, contrast_loss: 7.01, contrast_acc: 29.65, gan_train_loss: 0.6251, gan_eval_loss: 0.5924
2022-07-09 06:10:56,138 DEBUG epoch:68, knn_val_accu: 61.23, contrast_loss: 6.99, contrast_acc: 30.55, gan_train_loss: 0.6438, gan_eval_loss: 0.5800
2022-07-09 06:14:40,981 DEBUG epoch:69, knn_val_accu: 63.17, contrast_loss: 6.92, contrast_acc: 29.54, gan_train_loss: 0.6447, gan_eval_loss: 0.5821
2022-07-09 06:18:27,218 DEBUG epoch:70, knn_val_accu: 61.68, contrast_loss: 6.90, contrast_acc: 29.78, gan_train_loss: 0.6403, gan_eval_loss: 0.5854
2022-07-09 06:22:12,557 DEBUG epoch:71, knn_val_accu: 63.23, contrast_loss: 6.84, contrast_acc: 30.55, gan_train_loss: 0.6407, gan_eval_loss: 0.5889
2022-07-09 06:25:57,307 DEBUG epoch:72, knn_val_accu: 63.06, contrast_loss: 6.91, contrast_acc: 30.23, gan_train_loss: 0.6449, gan_eval_loss: 0.5794
2022-07-09 06:29:42,828 DEBUG epoch:73, knn_val_accu: 63.38, contrast_loss: 6.81, contrast_acc: 30.64, gan_train_loss: 0.6435, gan_eval_loss: 0.5836
2022-07-09 06:33:27,262 DEBUG epoch:74, knn_val_accu: 62.61, contrast_loss: 6.84, contrast_acc: 32.46, gan_train_loss: 0.6583, gan_eval_loss: 0.5751
2022-07-09 06:37:10,670 DEBUG epoch:75, knn_val_accu: 63.28, contrast_loss: 6.83, contrast_acc: 30.18, gan_train_loss: 0.6459, gan_eval_loss: 0.5850
2022-07-09 06:40:56,528 DEBUG epoch:76, knn_val_accu: 63.49, contrast_loss: 6.80, contrast_acc: 30.40, gan_train_loss: 0.6419, gan_eval_loss: 0.5877
2022-07-09 06:44:42,943 DEBUG epoch:77, knn_val_accu: 62.67, contrast_loss: 6.93, contrast_acc: 30.00, gan_train_loss: 0.6329, gan_eval_loss: 0.5916
2022-07-09 06:48:28,022 DEBUG epoch:78, knn_val_accu: 63.50, contrast_loss: 6.77, contrast_acc: 30.57, gan_train_loss: 0.6443, gan_eval_loss: 0.5838
2022-07-09 06:52:14,926 DEBUG epoch:79, knn_val_accu: 62.73, contrast_loss: 6.79, contrast_acc: 30.22, gan_train_loss: 0.6324, gan_eval_loss: 0.5904
2022-07-09 06:55:59,757 DEBUG epoch:80, knn_val_accu: 62.85, contrast_loss: 6.72, contrast_acc: 31.17, gan_train_loss: 0.6600, gan_eval_loss: 0.5820
2022-07-09 06:59:44,541 DEBUG epoch:81, knn_val_accu: 63.44, contrast_loss: 6.73, contrast_acc: 30.64, gan_train_loss: 0.6498, gan_eval_loss: 0.5876
2022-07-09 07:03:29,071 DEBUG epoch:82, knn_val_accu: 62.75, contrast_loss: 6.71, contrast_acc: 30.95, gan_train_loss: 0.6645, gan_eval_loss: 0.5832
2022-07-09 07:07:14,207 DEBUG epoch:83, knn_val_accu: 60.84, contrast_loss: 6.78, contrast_acc: 31.36, gan_train_loss: 0.6518, gan_eval_loss: 0.5852
2022-07-09 07:10:59,286 DEBUG epoch:84, knn_val_accu: 62.01, contrast_loss: 6.73, contrast_acc: 32.25, gan_train_loss: 0.6584, gan_eval_loss: 0.5791
2022-07-09 07:14:45,871 DEBUG epoch:85, knn_val_accu: 62.63, contrast_loss: 6.72, contrast_acc: 32.91, gan_train_loss: 0.6473, gan_eval_loss: 0.5897
2022-07-09 07:18:30,628 DEBUG epoch:86, knn_val_accu: 63.78, contrast_loss: 6.66, contrast_acc: 31.20, gan_train_loss: 0.6514, gan_eval_loss: 0.5849
2022-07-09 07:22:15,768 DEBUG epoch:87, knn_val_accu: 62.88, contrast_loss: 6.65, contrast_acc: 32.61, gan_train_loss: 0.6641, gan_eval_loss: 0.5850
2022-07-09 07:26:02,211 DEBUG epoch:88, knn_val_accu: 62.91, contrast_loss: 6.74, contrast_acc: 32.07, gan_train_loss: 0.6494, gan_eval_loss: 0.5789
2022-07-09 07:29:46,667 DEBUG epoch:89, knn_val_accu: 63.17, contrast_loss: 6.62, contrast_acc: 31.38, gan_train_loss: 0.6584, gan_eval_loss: 0.5776
2022-07-09 07:33:33,268 DEBUG epoch:90, knn_val_accu: 63.24, contrast_loss: 6.65, contrast_acc: 31.93, gan_train_loss: 0.6717, gan_eval_loss: 0.5751
2022-07-09 07:37:20,120 DEBUG epoch:91, knn_val_accu: 63.73, contrast_loss: 6.87, contrast_acc: 30.58, gan_train_loss: 0.6788, gan_eval_loss: 0.5782
2022-07-09 07:41:06,456 DEBUG epoch:92, knn_val_accu: 62.55, contrast_loss: 6.93, contrast_acc: 30.06, gan_train_loss: 0.6555, gan_eval_loss: 0.5840
2022-07-09 07:44:53,092 DEBUG epoch:93, knn_val_accu: 63.16, contrast_loss: 6.82, contrast_acc: 30.61, gan_train_loss: 0.6465, gan_eval_loss: 0.5875
2022-07-09 07:48:39,712 DEBUG epoch:94, knn_val_accu: 63.01, contrast_loss: 6.72, contrast_acc: 31.74, gan_train_loss: 0.6509, gan_eval_loss: 0.5867
2022-07-09 07:52:29,044 DEBUG epoch:95, knn_val_accu: 63.06, contrast_loss: 6.74, contrast_acc: 30.82, gan_train_loss: 0.6426, gan_eval_loss: 0.5894
2022-07-09 07:56:17,540 DEBUG epoch:96, knn_val_accu: 63.53, contrast_loss: 6.66, contrast_acc: 31.03, gan_train_loss: 0.6474, gan_eval_loss: 0.5926
2022-07-09 08:00:08,296 DEBUG epoch:97, knn_val_accu: 62.69, contrast_loss: 6.68, contrast_acc: 30.92, gan_train_loss: 0.6237, gan_eval_loss: 0.6003
2022-07-09 08:03:59,560 DEBUG epoch:98, knn_val_accu: 63.01, contrast_loss: 6.60, contrast_acc: 31.17, gan_train_loss: 0.6165, gan_eval_loss: 0.6010
2022-07-09 08:07:51,702 DEBUG epoch:99, knn_val_accu: 63.27, contrast_loss: 6.57, contrast_acc: 31.74, gan_train_loss: 0.6241, gan_eval_loss: 0.5985
2022-07-09 08:11:45,168 DEBUG epoch:100, knn_val_accu: 62.68, contrast_loss: 6.61, contrast_acc: 31.45, gan_train_loss: 0.6221, gan_eval_loss: 0.6030
2022-07-09 08:15:40,007 DEBUG epoch:101, knn_val_accu: 63.60, contrast_loss: 6.53, contrast_acc: 31.88, gan_train_loss: 0.6095, gan_eval_loss: 0.6078
2022-07-09 08:19:34,545 DEBUG epoch:102, knn_val_accu: 62.36, contrast_loss: 6.48, contrast_acc: 32.33, gan_train_loss: 0.6083, gan_eval_loss: 0.6070
2022-07-09 08:23:28,859 DEBUG epoch:103, knn_val_accu: 62.59, contrast_loss: 6.47, contrast_acc: 32.55, gan_train_loss: 0.6083, gan_eval_loss: 0.6076
2022-07-09 08:27:22,121 DEBUG epoch:104, knn_val_accu: 63.14, contrast_loss: 6.46, contrast_acc: 32.45, gan_train_loss: 0.6091, gan_eval_loss: 0.6070
2022-07-09 08:31:18,411 DEBUG epoch:105, knn_val_accu: 63.19, contrast_loss: 6.44, contrast_acc: 32.85, gan_train_loss: 0.6110, gan_eval_loss: 0.6087
2022-07-09 08:35:13,454 DEBUG epoch:106, knn_val_accu: 63.08, contrast_loss: 6.41, contrast_acc: 32.79, gan_train_loss: 0.6087, gan_eval_loss: 0.6075
2022-07-09 08:39:08,819 DEBUG epoch:107, knn_val_accu: 63.68, contrast_loss: 6.40, contrast_acc: 32.76, gan_train_loss: 0.6094, gan_eval_loss: 0.6086
2022-07-09 08:43:03,739 DEBUG epoch:108, knn_val_accu: 63.62, contrast_loss: 6.39, contrast_acc: 33.25, gan_train_loss: 0.6077, gan_eval_loss: 0.6071
2022-07-09 08:46:58,870 DEBUG epoch:109, knn_val_accu: 63.43, contrast_loss: 6.37, contrast_acc: 33.41, gan_train_loss: 0.6078, gan_eval_loss: 0.6048
2022-07-09 08:50:53,717 DEBUG epoch:110, knn_val_accu: 63.60, contrast_loss: 6.35, contrast_acc: 33.33, gan_train_loss: 0.6087, gan_eval_loss: 0.6050
2022-07-09 08:54:47,314 DEBUG epoch:111, knn_val_accu: 64.59, contrast_loss: 6.36, contrast_acc: 32.97, gan_train_loss: 0.6084, gan_eval_loss: 0.6043
2022-07-09 08:58:38,965 DEBUG epoch:112, knn_val_accu: 63.58, contrast_loss: 6.40, contrast_acc: 32.73, gan_train_loss: 0.6207, gan_eval_loss: 0.5980
2022-07-09 09:02:28,367 DEBUG epoch:113, knn_val_accu: 63.25, contrast_loss: 6.41, contrast_acc: 32.86, gan_train_loss: 0.6333, gan_eval_loss: 0.5943
2022-07-09 09:06:19,499 DEBUG epoch:114, knn_val_accu: 64.10, contrast_loss: 6.45, contrast_acc: 32.77, gan_train_loss: 0.6353, gan_eval_loss: 0.5941
2022-07-09 09:10:11,905 DEBUG epoch:115, knn_val_accu: 63.73, contrast_loss: 6.43, contrast_acc: 32.12, gan_train_loss: 0.6272, gan_eval_loss: 0.6005
2022-07-09 09:14:03,706 DEBUG epoch:116, knn_val_accu: 63.61, contrast_loss: 6.40, contrast_acc: 32.76, gan_train_loss: 0.6148, gan_eval_loss: 0.6024
2022-07-09 09:17:56,974 DEBUG epoch:117, knn_val_accu: 64.35, contrast_loss: 6.32, contrast_acc: 33.25, gan_train_loss: 0.6091, gan_eval_loss: 0.6036
2022-07-09 09:21:52,868 DEBUG epoch:118, knn_val_accu: 63.50, contrast_loss: 6.26, contrast_acc: 33.60, gan_train_loss: 0.6083, gan_eval_loss: 0.6071
2022-07-09 09:25:47,233 DEBUG epoch:119, knn_val_accu: 63.40, contrast_loss: 6.24, contrast_acc: 33.79, gan_train_loss: 0.6039, gan_eval_loss: 0.6054
2022-07-09 09:29:42,483 DEBUG epoch:120, knn_val_accu: 63.65, contrast_loss: 6.25, contrast_acc: 33.78, gan_train_loss: 0.6082, gan_eval_loss: 0.6074
2022-07-09 09:33:37,670 DEBUG epoch:121, knn_val_accu: 63.47, contrast_loss: 6.22, contrast_acc: 34.24, gan_train_loss: 0.6030, gan_eval_loss: 0.6032
2022-07-09 09:37:30,515 DEBUG epoch:122, knn_val_accu: 63.20, contrast_loss: 6.19, contrast_acc: 34.55, gan_train_loss: 0.6014, gan_eval_loss: 0.6018
2022-07-09 09:41:23,186 DEBUG epoch:123, knn_val_accu: 63.70, contrast_loss: 6.15, contrast_acc: 34.59, gan_train_loss: 0.6010, gan_eval_loss: 0.6015
2022-07-09 09:45:16,329 DEBUG epoch:124, knn_val_accu: 64.16, contrast_loss: 6.15, contrast_acc: 34.83, gan_train_loss: 0.5999, gan_eval_loss: 0.6002
2022-07-09 09:49:06,994 DEBUG epoch:125, knn_val_accu: 63.90, contrast_loss: 6.14, contrast_acc: 34.79, gan_train_loss: 0.5995, gan_eval_loss: 0.5987
2022-07-09 09:52:58,007 DEBUG epoch:126, knn_val_accu: 64.39, contrast_loss: 6.09, contrast_acc: 34.93, gan_train_loss: 0.5969, gan_eval_loss: 0.5971
2022-07-09 09:56:49,600 DEBUG epoch:127, knn_val_accu: 64.50, contrast_loss: 6.08, contrast_acc: 35.19, gan_train_loss: 0.5979, gan_eval_loss: 0.5983
2022-07-09 10:00:41,539 DEBUG epoch:128, knn_val_accu: 63.46, contrast_loss: 6.08, contrast_acc: 35.43, gan_train_loss: 0.5990, gan_eval_loss: 0.5995
2022-07-09 10:04:33,560 DEBUG epoch:129, knn_val_accu: 64.61, contrast_loss: 6.06, contrast_acc: 35.45, gan_train_loss: 0.5990, gan_eval_loss: 0.5993
2022-07-09 10:08:24,908 DEBUG epoch:130, knn_val_accu: 64.51, contrast_loss: 6.07, contrast_acc: 35.54, gan_train_loss: 0.5984, gan_eval_loss: 0.5988
2022-07-09 10:12:13,555 DEBUG epoch:131, knn_val_accu: 63.58, contrast_loss: 6.05, contrast_acc: 35.52, gan_train_loss: 0.5982, gan_eval_loss: 0.5987
2022-07-09 10:16:03,216 DEBUG epoch:132, knn_val_accu: 64.41, contrast_loss: 6.02, contrast_acc: 35.67, gan_train_loss: 0.5969, gan_eval_loss: 0.5971
2022-07-09 10:19:54,168 DEBUG epoch:133, knn_val_accu: 64.00, contrast_loss: 5.99, contrast_acc: 35.83, gan_train_loss: 0.5971, gan_eval_loss: 0.5974
2022-07-09 10:23:41,791 DEBUG epoch:134, knn_val_accu: 64.02, contrast_loss: 6.01, contrast_acc: 35.79, gan_train_loss: 0.5968, gan_eval_loss: 0.5973
2022-07-09 10:27:30,846 DEBUG epoch:135, knn_val_accu: 63.48, contrast_loss: 5.97, contrast_acc: 36.08, gan_train_loss: 0.5964, gan_eval_loss: 0.5969
2022-07-09 10:31:17,843 DEBUG epoch:136, knn_val_accu: 64.63, contrast_loss: 5.95, contrast_acc: 36.05, gan_train_loss: 0.5955, gan_eval_loss: 0.5960
2022-07-09 10:35:05,411 DEBUG epoch:137, knn_val_accu: 64.67, contrast_loss: 5.94, contrast_acc: 36.14, gan_train_loss: 0.5950, gan_eval_loss: 0.5955
2022-07-09 10:38:52,354 DEBUG epoch:138, knn_val_accu: 64.77, contrast_loss: 5.92, contrast_acc: 36.19, gan_train_loss: 0.5954, gan_eval_loss: 0.5960
2022-07-09 10:42:40,025 DEBUG epoch:139, knn_val_accu: 64.74, contrast_loss: 5.92, contrast_acc: 36.29, gan_train_loss: 0.5951, gan_eval_loss: 0.5955
2022-07-09 10:46:28,788 DEBUG epoch:140, knn_val_accu: 65.42, contrast_loss: 5.89, contrast_acc: 36.49, gan_train_loss: 0.5953, gan_eval_loss: 0.5959
2022-07-09 10:50:17,165 DEBUG epoch:141, knn_val_accu: 64.71, contrast_loss: 5.88, contrast_acc: 36.63, gan_train_loss: 0.5952, gan_eval_loss: 0.5959
2022-07-09 10:54:04,271 DEBUG epoch:142, knn_val_accu: 64.62, contrast_loss: 5.87, contrast_acc: 36.67, gan_train_loss: 0.5943, gan_eval_loss: 0.5948
2022-07-09 10:57:51,886 DEBUG epoch:143, knn_val_accu: 65.72, contrast_loss: 5.85, contrast_acc: 36.85, gan_train_loss: 0.5947, gan_eval_loss: 0.5952
2022-07-09 11:01:38,980 DEBUG epoch:144, knn_val_accu: 65.57, contrast_loss: 5.84, contrast_acc: 36.82, gan_train_loss: 0.5947, gan_eval_loss: 0.5954
2022-07-09 11:05:27,517 DEBUG epoch:145, knn_val_accu: 64.95, contrast_loss: 5.83, contrast_acc: 37.11, gan_train_loss: 0.5959, gan_eval_loss: 0.5966
2022-07-09 11:09:16,253 DEBUG epoch:146, knn_val_accu: 63.86, contrast_loss: 5.82, contrast_acc: 36.85, gan_train_loss: 0.5961, gan_eval_loss: 0.5966
2022-07-09 11:13:05,486 DEBUG epoch:147, knn_val_accu: 65.12, contrast_loss: 5.82, contrast_acc: 37.07, gan_train_loss: 0.5963, gan_eval_loss: 0.5968
2022-07-09 11:16:53,617 DEBUG epoch:148, knn_val_accu: 65.33, contrast_loss: 5.78, contrast_acc: 37.10, gan_train_loss: 0.5956, gan_eval_loss: 0.5962
2022-07-09 11:20:40,623 DEBUG epoch:149, knn_val_accu: 65.41, contrast_loss: 5.77, contrast_acc: 37.30, gan_train_loss: 0.5951, gan_eval_loss: 0.5957
2022-07-09 11:24:28,056 DEBUG epoch:150, knn_val_accu: 64.51, contrast_loss: 5.74, contrast_acc: 37.74, gan_train_loss: 0.5959, gan_eval_loss: 0.5965
2022-07-09 11:28:16,439 DEBUG epoch:151, knn_val_accu: 64.60, contrast_loss: 5.74, contrast_acc: 37.78, gan_train_loss: 0.5954, gan_eval_loss: 0.5960
2022-07-09 11:32:05,378 DEBUG epoch:152, knn_val_accu: 65.20, contrast_loss: 5.73, contrast_acc: 37.66, gan_train_loss: 0.5962, gan_eval_loss: 0.5969
2022-07-09 11:35:53,535 DEBUG epoch:153, knn_val_accu: 64.92, contrast_loss: 5.70, contrast_acc: 37.95, gan_train_loss: 0.5953, gan_eval_loss: 0.5959
2022-07-09 11:39:42,253 DEBUG epoch:154, knn_val_accu: 64.74, contrast_loss: 5.73, contrast_acc: 37.43, gan_train_loss: 0.5956, gan_eval_loss: 0.5962
2022-07-09 11:43:31,316 DEBUG epoch:155, knn_val_accu: 64.84, contrast_loss: 5.68, contrast_acc: 38.07, gan_train_loss: 0.5957, gan_eval_loss: 0.5961
2022-07-09 11:47:19,792 DEBUG epoch:156, knn_val_accu: 65.14, contrast_loss: 5.69, contrast_acc: 37.74, gan_train_loss: 0.5955, gan_eval_loss: 0.5959
2022-07-09 11:51:09,231 DEBUG epoch:157, knn_val_accu: 65.31, contrast_loss: 5.69, contrast_acc: 37.80, gan_train_loss: 0.5965, gan_eval_loss: 0.5968
2022-07-09 11:54:57,055 DEBUG epoch:158, knn_val_accu: 64.84, contrast_loss: 5.65, contrast_acc: 38.13, gan_train_loss: 0.5954, gan_eval_loss: 0.5957
2022-07-09 11:58:45,174 DEBUG epoch:159, knn_val_accu: 65.16, contrast_loss: 5.63, contrast_acc: 38.20, gan_train_loss: 0.5949, gan_eval_loss: 0.5950
2022-07-09 12:02:34,525 DEBUG epoch:160, knn_val_accu: 64.75, contrast_loss: 5.62, contrast_acc: 38.25, gan_train_loss: 0.5953, gan_eval_loss: 0.5953
2022-07-09 12:06:21,128 DEBUG epoch:161, knn_val_accu: 64.95, contrast_loss: 5.58, contrast_acc: 38.56, gan_train_loss: 0.5937, gan_eval_loss: 0.5941
2022-07-09 12:10:09,345 DEBUG epoch:162, knn_val_accu: 65.71, contrast_loss: 5.58, contrast_acc: 38.66, gan_train_loss: 0.5917, gan_eval_loss: 0.5922
2022-07-09 12:13:57,541 DEBUG epoch:163, knn_val_accu: 66.12, contrast_loss: 5.53, contrast_acc: 38.84, gan_train_loss: 0.5926, gan_eval_loss: 0.5929
2022-07-09 12:17:43,929 DEBUG epoch:164, knn_val_accu: 65.83, contrast_loss: 5.55, contrast_acc: 38.76, gan_train_loss: 0.5935, gan_eval_loss: 0.5940
2022-07-09 12:21:30,872 DEBUG epoch:165, knn_val_accu: 66.25, contrast_loss: 5.55, contrast_acc: 38.55, gan_train_loss: 0.5942, gan_eval_loss: 0.5946
2022-07-09 12:25:20,133 DEBUG epoch:166, knn_val_accu: 65.82, contrast_loss: 5.53, contrast_acc: 38.80, gan_train_loss: 0.5926, gan_eval_loss: 0.5932
2022-07-09 12:29:09,158 DEBUG epoch:167, knn_val_accu: 65.84, contrast_loss: 5.51, contrast_acc: 38.95, gan_train_loss: 0.5942, gan_eval_loss: 0.5947
2022-07-09 12:32:55,986 DEBUG epoch:168, knn_val_accu: 65.82, contrast_loss: 5.48, contrast_acc: 39.11, gan_train_loss: 0.5938, gan_eval_loss: 0.5944
2022-07-09 12:36:43,645 DEBUG epoch:169, knn_val_accu: 66.10, contrast_loss: 5.47, contrast_acc: 39.17, gan_train_loss: 0.5939, gan_eval_loss: 0.5944
2022-07-09 12:40:30,334 DEBUG epoch:170, knn_val_accu: 65.83, contrast_loss: 5.44, contrast_acc: 39.38, gan_train_loss: 0.5920, gan_eval_loss: 0.5924
2022-07-09 12:44:15,610 DEBUG epoch:171, knn_val_accu: 65.69, contrast_loss: 5.44, contrast_acc: 39.53, gan_train_loss: 0.5940, gan_eval_loss: 0.5945
2022-07-09 12:48:02,170 DEBUG epoch:172, knn_val_accu: 66.19, contrast_loss: 5.43, contrast_acc: 39.42, gan_train_loss: 0.5934, gan_eval_loss: 0.5940
2022-07-09 12:51:48,114 DEBUG epoch:173, knn_val_accu: 66.09, contrast_loss: 5.43, contrast_acc: 39.38, gan_train_loss: 0.5924, gan_eval_loss: 0.5930
2022-07-09 12:55:34,162 DEBUG epoch:174, knn_val_accu: 65.37, contrast_loss: 5.40, contrast_acc: 39.67, gan_train_loss: 0.5919, gan_eval_loss: 0.5925
2022-07-09 12:59:21,815 DEBUG epoch:175, knn_val_accu: 65.74, contrast_loss: 5.40, contrast_acc: 39.70, gan_train_loss: 0.5917, gan_eval_loss: 0.5922
2022-07-09 13:03:07,965 DEBUG epoch:176, knn_val_accu: 65.75, contrast_loss: 5.39, contrast_acc: 39.54, gan_train_loss: 0.5921, gan_eval_loss: 0.5926
2022-07-09 13:06:54,444 DEBUG epoch:177, knn_val_accu: 65.44, contrast_loss: 5.38, contrast_acc: 39.63, gan_train_loss: 0.5925, gan_eval_loss: 0.5930
2022-07-09 13:10:42,659 DEBUG epoch:178, knn_val_accu: 65.47, contrast_loss: 5.36, contrast_acc: 39.62, gan_train_loss: 0.5916, gan_eval_loss: 0.5922
2022-07-09 13:14:30,147 DEBUG epoch:179, knn_val_accu: 65.64, contrast_loss: 5.35, contrast_acc: 39.68, gan_train_loss: 0.5916, gan_eval_loss: 0.5922
2022-07-09 13:18:19,629 DEBUG epoch:180, knn_val_accu: 65.42, contrast_loss: 5.35, contrast_acc: 39.75, gan_train_loss: 0.5909, gan_eval_loss: 0.5914
2022-07-09 13:22:09,947 DEBUG epoch:181, knn_val_accu: 65.81, contrast_loss: 5.33, contrast_acc: 39.67, gan_train_loss: 0.5903, gan_eval_loss: 0.5910
2022-07-09 13:25:57,747 DEBUG epoch:182, knn_val_accu: 65.81, contrast_loss: 5.32, contrast_acc: 39.83, gan_train_loss: 0.5913, gan_eval_loss: 0.5920
2022-07-09 13:29:45,847 DEBUG epoch:183, knn_val_accu: 65.75, contrast_loss: 5.31, contrast_acc: 39.76, gan_train_loss: 0.5907, gan_eval_loss: 0.5914
2022-07-09 13:33:34,982 DEBUG epoch:184, knn_val_accu: 64.99, contrast_loss: 5.30, contrast_acc: 39.80, gan_train_loss: 0.5902, gan_eval_loss: 0.5907
2022-07-09 13:37:23,754 DEBUG epoch:185, knn_val_accu: 64.98, contrast_loss: 5.30, contrast_acc: 39.62, gan_train_loss: 0.5909, gan_eval_loss: 0.5916
2022-07-09 13:41:11,504 DEBUG epoch:186, knn_val_accu: 65.73, contrast_loss: 5.30, contrast_acc: 39.85, gan_train_loss: 0.5907, gan_eval_loss: 0.5913
2022-07-09 13:45:00,638 DEBUG epoch:187, knn_val_accu: 65.51, contrast_loss: 5.28, contrast_acc: 39.74, gan_train_loss: 0.5915, gan_eval_loss: 0.5921
2022-07-09 13:48:49,431 DEBUG epoch:188, knn_val_accu: 65.85, contrast_loss: 5.27, contrast_acc: 39.63, gan_train_loss: 0.5912, gan_eval_loss: 0.5918
2022-07-09 13:52:37,021 DEBUG epoch:189, knn_val_accu: 65.56, contrast_loss: 5.26, contrast_acc: 39.57, gan_train_loss: 0.5922, gan_eval_loss: 0.5928
2022-07-09 13:56:24,094 DEBUG epoch:190, knn_val_accu: 65.87, contrast_loss: 5.26, contrast_acc: 39.89, gan_train_loss: 0.5910, gan_eval_loss: 0.5916
2022-07-09 14:00:12,485 DEBUG epoch:191, knn_val_accu: 65.59, contrast_loss: 5.25, contrast_acc: 39.65, gan_train_loss: 0.5914, gan_eval_loss: 0.5921
2022-07-09 14:04:01,902 DEBUG epoch:192, knn_val_accu: 65.58, contrast_loss: 5.25, contrast_acc: 39.72, gan_train_loss: 0.5920, gan_eval_loss: 0.5927
2022-07-09 14:07:51,227 DEBUG epoch:193, knn_val_accu: 65.74, contrast_loss: 5.28, contrast_acc: 39.41, gan_train_loss: 0.5912, gan_eval_loss: 0.5919
2022-07-09 14:11:40,592 DEBUG epoch:194, knn_val_accu: 65.82, contrast_loss: 5.25, contrast_acc: 39.62, gan_train_loss: 0.5923, gan_eval_loss: 0.5929
2022-07-09 14:15:29,301 DEBUG epoch:195, knn_val_accu: 65.60, contrast_loss: 5.24, contrast_acc: 39.72, gan_train_loss: 0.5924, gan_eval_loss: 0.5931
2022-07-09 14:19:18,584 DEBUG epoch:196, knn_val_accu: 65.60, contrast_loss: 5.26, contrast_acc: 39.45, gan_train_loss: 0.5919, gan_eval_loss: 0.5927
2022-07-09 14:23:06,983 DEBUG epoch:197, knn_val_accu: 65.63, contrast_loss: 5.23, contrast_acc: 39.63, gan_train_loss: 0.5930, gan_eval_loss: 0.5936
2022-07-09 14:26:56,191 DEBUG epoch:198, knn_val_accu: 65.59, contrast_loss: 5.23, contrast_acc: 39.46, gan_train_loss: 0.5932, gan_eval_loss: 0.5939
2022-07-09 14:30:45,326 DEBUG epoch:199, knn_val_accu: 65.57, contrast_loss: 5.26, contrast_acc: 39.41, gan_train_loss: 0.5940, gan_eval_loss: 0.5946
2022-07-09 14:34:34,182 DEBUG epoch:200, knn_val_accu: 65.52, contrast_loss: 5.25, contrast_acc: 39.52, gan_train_loss: 0.5950, gan_eval_loss: 0.5958
2022-07-09 14:34:43,651 DEBUG final knn evaluation accuracy is 65.52
2022-07-09 14:49:44,265 DEBUG final linear-probe evaluation accuracy is 68.71
2022-07-09 14:55:14,215 DEBUG final semi-supervised evaluation accuracy with 10% data is 66.96
2022-07-09 14:59:38,114 DEBUG final semi-supervised evaluation accuracy with 1% data is 54.82
2022-07-10 19:49:27,394 DEBUG Enable ResSFL fine-tuning: arch-res_normN4C64-alpha-2.0-ssim-0.6, using cifar100 as auxiliary data
2022-07-10 19:49:37,088 DEBUG final knn evaluation accuracy is 66.25
